[2025-03-19T19:21:59.525Z] [INFO] Starting migration...
[2025-03-19T19:21:59.526Z] [INFO] Ensuring database schema has required columns...
[2025-03-19T19:21:59.666Z] [WARN] Warning: Could not verify schema columns. If they do not exist, the migration may fail.
[2025-03-19T19:21:59.666Z] [WARN] Error details: Could not find the function public.execute_sql(sql_query) in the schema cache
[2025-03-19T19:21:59.667Z] [INFO] Inserting categories...
[2025-03-19T19:21:59.867Z] [INFO] Inserted 18 categories
[2025-03-19T19:21:59.868Z] [INFO] Found 1 chapter directories to process
[2025-03-19T19:21:59.869Z] [INFO] Processing chapter: Ch13_Confusion
[2025-03-19T19:21:59.979Z] [INFO] Inserted/updated chapter: Confusion (ID: 1)
[2025-03-19T19:21:59.981Z] [INFO] Processing file: history.md
[2025-03-19T19:21:59.981Z] [INFO] Preprocessing file: history.md
[2025-03-19T19:22:00.159Z] [ERROR] Error inserting batch of items: null value in column "section_id" of relation "checklist_items" violates not-null constraint
[2025-03-19T19:22:00.210Z] [ERROR] Error processing file /Users/lucas/Documents/markdown_1-185/1-18/Ch13_Confusion/history.md: null value in column "section_id" of relation "checklist_items" violates not-null constraint
[2025-03-19T19:22:00.211Z] [INFO] Processing file: alarm-features.md
[2025-03-19T19:22:00.211Z] [INFO] Preprocessing file: alarm-features.md
[2025-03-19T19:22:00.330Z] [ERROR] Error inserting batch of items: null value in column "section_id" of relation "checklist_items" violates not-null constraint
[2025-03-19T19:22:00.379Z] [ERROR] Error processing file /Users/lucas/Documents/markdown_1-185/1-18/Ch13_Confusion/alarm-features.md: null value in column "section_id" of relation "checklist_items" violates not-null constraint
[2025-03-19T19:22:00.379Z] [INFO] Processing file: medications.md
[2025-03-19T19:22:00.379Z] [INFO] Preprocessing file: medications.md
[2025-03-19T19:22:00.482Z] [ERROR] Error inserting batch of items: null value in column "section_id" of relation "checklist_items" violates not-null constraint
[2025-03-19T19:22:00.532Z] [ERROR] Error processing file /Users/lucas/Documents/markdown_1-185/1-18/Ch13_Confusion/medications.md: null value in column "section_id" of relation "checklist_items" violates not-null constraint
[2025-03-19T19:22:00.533Z] [INFO] Processing file: diet.md
[2025-03-19T19:22:00.533Z] [INFO] Preprocessing file: diet.md
[2025-03-19T19:22:00.640Z] [ERROR] Error inserting batch of items: null value in column "section_id" of relation "checklist_items" violates not-null constraint
[2025-03-19T19:22:00.700Z] [ERROR] Error processing file /Users/lucas/Documents/markdown_1-185/1-18/Ch13_Confusion/diet.md: null value in column "section_id" of relation "checklist_items" violates not-null constraint
[2025-03-19T19:22:00.700Z] [INFO] Processing file: review-systems.md
[2025-03-19T19:22:00.701Z] [INFO] Preprocessing file: review-systems.md
[2025-03-19T19:22:00.835Z] [ERROR] Error inserting batch of items: null value in column "section_id" of relation "checklist_items" violates not-null constraint
[2025-03-19T19:22:00.888Z] [ERROR] Error processing file /Users/lucas/Documents/markdown_1-185/1-18/Ch13_Confusion/review-systems.md: null value in column "section_id" of relation "checklist_items" violates not-null constraint
[2025-03-19T19:22:00.889Z] [INFO] Processing file: collateral-history.md
[2025-03-19T19:22:00.889Z] [INFO] Preprocessing file: collateral-history.md
[2025-03-19T19:22:01.005Z] [ERROR] Error inserting batch of items: null value in column "section_id" of relation "checklist_items" violates not-null constraint
[2025-03-19T19:22:01.055Z] [ERROR] Error processing file /Users/lucas/Documents/markdown_1-185/1-18/Ch13_Confusion/collateral-history.md: null value in column "section_id" of relation "checklist_items" violates not-null constraint
[2025-03-19T19:22:01.056Z] [INFO] Processing file: risk-factors.md
[2025-03-19T19:22:01.056Z] [INFO] Preprocessing file: risk-factors.md
[2025-03-19T19:22:01.162Z] [ERROR] Error inserting batch of items: null value in column "section_id" of relation "checklist_items" violates not-null constraint
[2025-03-19T19:22:01.236Z] [ERROR] Error processing file /Users/lucas/Documents/markdown_1-185/1-18/Ch13_Confusion/risk-factors.md: null value in column "section_id" of relation "checklist_items" violates not-null constraint
[2025-03-19T19:22:01.237Z] [INFO] Processing file: differential-diagnosis.md
[2025-03-19T19:22:01.238Z] [INFO] Preprocessing file: differential-diagnosis.md
[2025-03-19T19:22:01.337Z] [ERROR] Error inserting batch of items: null value in column "section_id" of relation "checklist_items" violates not-null constraint
[2025-03-19T19:22:01.389Z] [ERROR] Error processing file /Users/lucas/Documents/markdown_1-185/1-18/Ch13_Confusion/differential-diagnosis.md: null value in column "section_id" of relation "checklist_items" violates not-null constraint
[2025-03-19T19:22:01.390Z] [INFO] Processing file: past-medical.md
[2025-03-19T19:22:01.390Z] [INFO] Preprocessing file: past-medical.md
[2025-03-19T19:22:01.500Z] [ERROR] Error inserting batch of items: null value in column "section_id" of relation "checklist_items" violates not-null constraint
[2025-03-19T19:22:01.546Z] [ERROR] Error processing file /Users/lucas/Documents/markdown_1-185/1-18/Ch13_Confusion/past-medical.md: null value in column "section_id" of relation "checklist_items" violates not-null constraint
[2025-03-19T19:22:01.547Z] [INFO] Processing file: physical-exam.md
[2025-03-19T19:22:01.547Z] [INFO] Preprocessing file: physical-exam.md
[2025-03-19T19:22:01.654Z] [ERROR] Error inserting batch of items: null value in column "section_id" of relation "checklist_items" violates not-null constraint
[2025-03-19T19:22:01.705Z] [ERROR] Error processing file /Users/lucas/Documents/markdown_1-185/1-18/Ch13_Confusion/physical-exam.md: null value in column "section_id" of relation "checklist_items" violates not-null constraint
[2025-03-19T19:22:01.705Z] [INFO] Processing file: lab-studies.md
[2025-03-19T19:22:01.706Z] [INFO] Preprocessing file: lab-studies.md
[2025-03-19T19:22:01.830Z] [ERROR] Error inserting batch of items: null value in column "section_id" of relation "checklist_items" violates not-null constraint
[2025-03-19T19:22:01.884Z] [ERROR] Error processing file /Users/lucas/Documents/markdown_1-185/1-18/Ch13_Confusion/lab-studies.md: null value in column "section_id" of relation "checklist_items" violates not-null constraint
[2025-03-19T19:22:01.885Z] [INFO] Processing file: imaging.md
[2025-03-19T19:22:01.885Z] [INFO] Preprocessing file: imaging.md
[2025-03-19T19:22:02.021Z] [ERROR] Error inserting batch of items: null value in column "section_id" of relation "checklist_items" violates not-null constraint
[2025-03-19T19:22:02.101Z] [ERROR] Error processing file /Users/lucas/Documents/markdown_1-185/1-18/Ch13_Confusion/imaging.md: null value in column "section_id" of relation "checklist_items" violates not-null constraint
[2025-03-19T19:22:02.101Z] [INFO] Processing file: special-tests.md
[2025-03-19T19:22:02.102Z] [INFO] Preprocessing file: special-tests.md
[2025-03-19T19:22:02.210Z] [ERROR] Error inserting batch of items: null value in column "section_id" of relation "checklist_items" violates not-null constraint
[2025-03-19T19:22:02.272Z] [ERROR] Error processing file /Users/lucas/Documents/markdown_1-185/1-18/Ch13_Confusion/special-tests.md: null value in column "section_id" of relation "checklist_items" violates not-null constraint
[2025-03-19T19:22:02.273Z] [INFO] Processing file: ecg.md
[2025-03-19T19:22:02.273Z] [INFO] Preprocessing file: ecg.md
[2025-03-19T19:22:02.381Z] [ERROR] Error inserting batch of items: null value in column "section_id" of relation "checklist_items" violates not-null constraint
[2025-03-19T19:22:02.433Z] [ERROR] Error processing file /Users/lucas/Documents/markdown_1-185/1-18/Ch13_Confusion/ecg.md: null value in column "section_id" of relation "checklist_items" violates not-null constraint
[2025-03-19T19:22:02.434Z] [INFO] Processing file: assessment.md
[2025-03-19T19:22:02.434Z] [INFO] Preprocessing file: assessment.md
[2025-03-19T19:22:02.546Z] [ERROR] Error inserting batch of items: null value in column "section_id" of relation "checklist_items" violates not-null constraint
[2025-03-19T19:22:02.743Z] [ERROR] Error processing file /Users/lucas/Documents/markdown_1-185/1-18/Ch13_Confusion/assessment.md: null value in column "section_id" of relation "checklist_items" violates not-null constraint
[2025-03-19T19:22:02.744Z] [INFO] Processing file: plan.md
[2025-03-19T19:22:02.744Z] [INFO] Preprocessing file: plan.md
[2025-03-19T19:22:02.847Z] [ERROR] Error inserting batch of items: null value in column "section_id" of relation "checklist_items" violates not-null constraint
[2025-03-19T19:22:02.900Z] [ERROR] Error processing file /Users/lucas/Documents/markdown_1-185/1-18/Ch13_Confusion/plan.md: null value in column "section_id" of relation "checklist_items" violates not-null constraint
[2025-03-19T19:22:02.901Z] [INFO] Processing file: disposition.md
[2025-03-19T19:22:02.901Z] [INFO] Preprocessing file: disposition.md
[2025-03-19T19:22:03.024Z] [ERROR] Error inserting batch of items: null value in column "section_id" of relation "checklist_items" violates not-null constraint
[2025-03-19T19:22:03.069Z] [ERROR] Error processing file /Users/lucas/Documents/markdown_1-185/1-18/Ch13_Confusion/disposition.md: null value in column "section_id" of relation "checklist_items" violates not-null constraint
[2025-03-19T19:22:03.070Z] [INFO] Processing file: patient-education.md
[2025-03-19T19:22:03.070Z] [INFO] Preprocessing file: patient-education.md
[2025-03-19T19:22:03.180Z] [ERROR] Error inserting batch of items: null value in column "section_id" of relation "checklist_items" violates not-null constraint
[2025-03-19T19:22:03.242Z] [ERROR] Error processing file /Users/lucas/Documents/markdown_1-185/1-18/Ch13_Confusion/patient-education.md: null value in column "section_id" of relation "checklist_items" violates not-null constraint
[2025-03-19T19:22:03.242Z] [INFO] Completed processing chapter Ch13_Confusion: 0 files processed, 18 files had errors
[2025-03-19T19:22:03.243Z] [INFO] Migration completed: 1 chapters processed successfully, 0 chapters had errors
[2025-03-19T19:22:03.244Z] [INFO] Migration completed in 3.719 seconds
