[2025-03-15T01:19:36.151Z] [INFO] Starting migration...
[2025-03-15T01:19:36.152Z] [INFO] Inserting categories...
[2025-03-15T01:19:36.309Z] [INFO] All categories already exist, skipping insertion
[2025-03-15T01:19:36.309Z] [INFO] Found 1 chapter directories to process
[2025-03-15T01:19:36.309Z] [INFO] Processing chapter: Ch11_Syncope
[2025-03-15T01:19:36.364Z] [INFO] Inserted/updated chapter: Syncope (ID: 182)
[2025-03-15T01:19:36.419Z] [INFO] Processing file: alarm-features.md
[2025-03-15T01:19:36.469Z] [INFO] Inserted/updated section: High-Risk Features (ID: 481)
[2025-03-15T01:19:36.469Z] [INFO] Inserting 8 checklist items for section 481
[2025-03-15T01:19:36.527Z] [INFO] Successfully inserted 8 checklist items
[2025-03-15T01:19:36.581Z] [INFO] Inserted/updated section: Critical Diagnoses To Consider (ID: 482)
[2025-03-15T01:19:36.581Z] [INFO] Inserting 13 checklist items for section 482
[2025-03-15T01:19:36.635Z] [INFO] Successfully inserted 13 checklist items
[2025-03-15T01:19:36.683Z] [INFO] Inserted/updated section: Emergent Diagnostic Factors (ID: 483)
[2025-03-15T01:19:36.683Z] [INFO] Inserting 11 checklist items for section 483
[2025-03-15T01:19:36.735Z] [INFO] Successfully inserted 11 checklist items
[2025-03-15T01:19:36.787Z] [INFO] Inserted/updated section: Concerning Cardiac Symptoms (ID: 484)
[2025-03-15T01:19:36.788Z] [INFO] Inserting 4 checklist items for section 484
[2025-03-15T01:19:36.837Z] [INFO] Successfully inserted 4 checklist items
[2025-03-15T01:19:36.904Z] [INFO] Inserted/updated section: Concerning Neurological Symptoms (ID: 485)
[2025-03-15T01:19:36.905Z] [INFO] Inserting 4 checklist items for section 485
[2025-03-15T01:19:36.964Z] [INFO] Successfully inserted 4 checklist items
[2025-03-15T01:19:37.016Z] [INFO] Inserted/updated section: Concerning Abdominal/GI Symptoms (ID: 486)
[2025-03-15T01:19:37.016Z] [INFO] Inserting 3 checklist items for section 486
[2025-03-15T01:19:37.073Z] [INFO] Successfully inserted 3 checklist items
[2025-03-15T01:19:37.073Z] [INFO] Completed processing file: alarm-features.md
[2025-03-15T01:19:37.073Z] [INFO] Processing file: assessment.md
[2025-03-15T01:19:37.125Z] [INFO] Inserted/updated section: Syncope Classification (ID: 487)
[2025-03-15T01:19:37.125Z] [INFO] Inserting 17 checklist items for section 487
[2025-03-15T01:19:37.227Z] [ERROR] Error inserting checklist items for section 487: null value in column "display_order" of relation "checklist_items" violates not-null constraint
[2025-03-15T01:19:37.227Z] [ERROR] Error processing file /Users/lucas/Documents/markdown_1-185/1-18/Ch11_Syncope/assessment.md: null value in column "display_order" of relation "checklist_items" violates not-null constraint
[2025-03-15T01:19:37.227Z] [INFO] Processing file: collateral-history.md
[2025-03-15T01:19:37.281Z] [INFO] Inserted/updated section: Witness Account (ID: 488)
[2025-03-15T01:19:37.281Z] [INFO] Inserting 4 checklist items for section 488
[2025-03-15T01:19:37.329Z] [INFO] Successfully inserted 4 checklist items
[2025-03-15T01:19:37.379Z] [INFO] Inserted/updated section: Description of Episode (From Observer) (ID: 489)
[2025-03-15T01:19:37.379Z] [INFO] Inserting 5 checklist items for section 489
[2025-03-15T01:19:37.433Z] [INFO] Successfully inserted 5 checklist items
[2025-03-15T01:19:37.489Z] [INFO] Inserted/updated section: Pre-Episode Observations (ID: 490)
[2025-03-15T01:19:37.489Z] [INFO] Inserting 5 checklist items for section 490
[2025-03-15T01:19:37.538Z] [INFO] Successfully inserted 5 checklist items
[2025-03-15T01:19:37.590Z] [INFO] Inserted/updated section: Episode Characteristics (ID: 491)
[2025-03-15T01:19:37.590Z] [INFO] Inserting 8 checklist items for section 491
[2025-03-15T01:19:37.644Z] [INFO] Successfully inserted 8 checklist items
[2025-03-15T01:19:37.690Z] [INFO] Inserted/updated section: Movement During Episode (ID: 492)
[2025-03-15T01:19:37.690Z] [INFO] Inserting 9 checklist items for section 492
[2025-03-15T01:19:37.738Z] [INFO] Successfully inserted 9 checklist items
[2025-03-15T01:19:37.801Z] [INFO] Inserted/updated section: Autonomic Features (ID: 493)
[2025-03-15T01:19:37.801Z] [INFO] Inserting 4 checklist items for section 493
[2025-03-15T01:19:37.852Z] [INFO] Successfully inserted 4 checklist items
[2025-03-15T01:19:37.938Z] [INFO] Inserted/updated section: Recovery Characteristics (ID: 494)
[2025-03-15T01:19:37.938Z] [INFO] Inserting 11 checklist items for section 494
[2025-03-15T01:19:37.993Z] [INFO] Successfully inserted 11 checklist items
[2025-03-15T01:19:38.045Z] [INFO] Inserted/updated section: EMS/First Responder Report (ID: 495)
[2025-03-15T01:19:38.045Z] [INFO] Inserting 4 checklist items for section 495
[2025-03-15T01:19:38.114Z] [INFO] Successfully inserted 4 checklist items
[2025-03-15T01:19:38.114Z] [INFO] Completed processing file: collateral-history.md
[2025-03-15T01:19:38.114Z] [INFO] Processing file: diet.md
[2025-03-15T01:19:38.167Z] [INFO] Inserted/updated section: Oral Intake (ID: 496)
[2025-03-15T01:19:38.167Z] [INFO] Inserting 5 checklist items for section 496
[2025-03-15T01:19:38.232Z] [INFO] Successfully inserted 5 checklist items
[2025-03-15T01:19:38.283Z] [INFO] Inserted/updated section: Dietary Triggers (ID: 497)
[2025-03-15T01:19:38.283Z] [INFO] Inserting 4 checklist items for section 497
[2025-03-15T01:19:38.333Z] [INFO] Successfully inserted 4 checklist items
[2025-03-15T01:19:38.380Z] [INFO] Inserted/updated section: Specialized Diets (ID: 498)
[2025-03-15T01:19:38.380Z] [INFO] Inserting 5 checklist items for section 498
[2025-03-15T01:19:38.436Z] [INFO] Successfully inserted 5 checklist items
[2025-03-15T01:19:38.516Z] [INFO] Inserted/updated section: Hydration Status (ID: 499)
[2025-03-15T01:19:38.516Z] [INFO] Inserting 4 checklist items for section 499
[2025-03-15T01:19:38.567Z] [INFO] Successfully inserted 4 checklist items
[2025-03-15T01:19:38.616Z] [INFO] Inserted/updated section: Recent Dietary Changes (ID: 500)
[2025-03-15T01:19:38.616Z] [INFO] Inserting 7 checklist items for section 500
[2025-03-15T01:19:38.664Z] [INFO] Successfully inserted 7 checklist items
[2025-03-15T01:19:38.715Z] [INFO] Inserted/updated section: Dietary Supplements (ID: 501)
[2025-03-15T01:19:38.716Z] [INFO] Inserting 6 checklist items for section 501
[2025-03-15T01:19:38.792Z] [INFO] Successfully inserted 6 checklist items
[2025-03-15T01:19:38.842Z] [INFO] Inserted/updated section: Appetite (ID: 502)
[2025-03-15T01:19:38.842Z] [INFO] Inserting 4 checklist items for section 502
[2025-03-15T01:19:38.893Z] [INFO] Successfully inserted 4 checklist items
[2025-03-15T01:19:38.893Z] [INFO] Completed processing file: diet.md
[2025-03-15T01:19:38.894Z] [INFO] Processing file: differential-diagnosis.md
[2025-03-15T01:19:38.939Z] [INFO] Inserted/updated section: Reflex (Neurally Mediated) Syncope (ID: 503)
[2025-03-15T01:19:38.939Z] [INFO] Inserting 12 checklist items for section 503
[2025-03-15T01:19:39.046Z] [ERROR] Error inserting checklist items for section 503: null value in column "display_order" of relation "checklist_items" violates not-null constraint
[2025-03-15T01:19:39.047Z] [ERROR] Error processing file /Users/lucas/Documents/markdown_1-185/1-18/Ch11_Syncope/differential-diagnosis.md: null value in column "display_order" of relation "checklist_items" violates not-null constraint
[2025-03-15T01:19:39.047Z] [INFO] Processing file: disposition.md
[2025-03-15T01:19:39.096Z] [INFO] Inserted/updated section: Primary Disposition Decision (ID: 504)
[2025-03-15T01:19:39.097Z] [INFO] Inserting 8 checklist items for section 504
[2025-03-15T01:19:39.244Z] [ERROR] Error inserting checklist items for section 504: null value in column "display_order" of relation "checklist_items" violates not-null constraint
[2025-03-15T01:19:39.244Z] [ERROR] Error processing file /Users/lucas/Documents/markdown_1-185/1-18/Ch11_Syncope/disposition.md: null value in column "display_order" of relation "checklist_items" violates not-null constraint
[2025-03-15T01:19:39.244Z] [INFO] Processing file: ecg.md
[2025-03-15T01:19:39.289Z] [INFO] Inserted/updated section: Basic ECG Parameters (ID: 505)
[2025-03-15T01:19:39.290Z] [INFO] Inserting 7 checklist items for section 505
[2025-03-15T01:19:39.338Z] [INFO] Successfully inserted 7 checklist items
[2025-03-15T01:19:39.395Z] [INFO] Inserted/updated section: Rhythm (ID: 506)
[2025-03-15T01:19:39.396Z] [INFO] Inserting 9 checklist items for section 506
[2025-03-15T01:19:39.446Z] [INFO] Successfully inserted 9 checklist items
[2025-03-15T01:19:39.506Z] [INFO] Inserted/updated section: Conduction Abnormalities (ID: 507)
[2025-03-15T01:19:39.506Z] [INFO] Inserting 11 checklist items for section 507
[2025-03-15T01:19:39.556Z] [INFO] Successfully inserted 11 checklist items
[2025-03-15T01:19:39.603Z] [INFO] Inserted/updated section: Tachyarrhythmias (ID: 508)
[2025-03-15T01:19:39.603Z] [INFO] Inserting 7 checklist items for section 508
[2025-03-15T01:19:39.658Z] [INFO] Successfully inserted 7 checklist items
[2025-03-15T01:19:39.709Z] [INFO] Inserted/updated section: Ischemia/Infarction (ID: 509)
[2025-03-15T01:19:39.709Z] [INFO] Inserting 6 checklist items for section 509
[2025-03-15T01:19:39.756Z] [INFO] Successfully inserted 6 checklist items
[2025-03-15T01:19:39.804Z] [INFO] Inserted/updated section: Other ECG Findings (ID: 510)
[2025-03-15T01:19:39.804Z] [INFO] Inserting 14 checklist items for section 510
[2025-03-15T01:19:39.852Z] [INFO] Successfully inserted 14 checklist items
[2025-03-15T01:19:39.904Z] [INFO] Inserted/updated section: Serial ECG Changes (ID: 511)
[2025-03-15T01:19:39.904Z] [INFO] Inserting 4 checklist items for section 511
[2025-03-15T01:19:39.955Z] [INFO] Successfully inserted 4 checklist items
[2025-03-15T01:19:40.018Z] [INFO] Inserted/updated section: Cardiac Monitor Findings (if available) (ID: 512)
[2025-03-15T01:19:40.018Z] [INFO] Inserting 2 checklist items for section 512
[2025-03-15T01:19:40.072Z] [INFO] Successfully inserted 2 checklist items
[2025-03-15T01:19:40.072Z] [INFO] Completed processing file: ecg.md
[2025-03-15T01:19:40.072Z] [INFO] Processing file: history.md
[2025-03-15T01:19:40.121Z] [INFO] Inserted/updated section: Chief Complaint (ID: 513)
[2025-03-15T01:19:40.121Z] [INFO] Inserting 3 checklist items for section 513
[2025-03-15T01:19:40.168Z] [INFO] Successfully inserted 3 checklist items
[2025-03-15T01:19:40.215Z] [INFO] Inserted/updated section: Episode Details (ID: 514)
[2025-03-15T01:19:40.215Z] [INFO] Inserting 4 checklist items for section 514
[2025-03-15T01:19:40.269Z] [INFO] Successfully inserted 4 checklist items
[2025-03-15T01:19:40.323Z] [INFO] Inserted/updated section: Position During Episode (ID: 515)
[2025-03-15T01:19:40.323Z] [INFO] Inserting 4 checklist items for section 515
[2025-03-15T01:19:40.372Z] [INFO] Successfully inserted 4 checklist items
[2025-03-15T01:19:40.420Z] [INFO] Inserted/updated section: Activity During Episode (ID: 516)
[2025-03-15T01:19:40.420Z] [INFO] Inserting 5 checklist items for section 516
[2025-03-15T01:19:40.470Z] [INFO] Successfully inserted 5 checklist items
[2025-03-15T01:19:40.524Z] [INFO] Inserted/updated section: Setting (ID: 517)
[2025-03-15T01:19:40.524Z] [INFO] Inserting 11 checklist items for section 517
[2025-03-15T01:19:40.574Z] [INFO] Successfully inserted 11 checklist items
[2025-03-15T01:19:40.622Z] [INFO] Inserted/updated section: Precipitating Factors (ID: 518)
[2025-03-15T01:19:40.622Z] [INFO] Inserting 12 checklist items for section 518
[2025-03-15T01:19:40.671Z] [INFO] Successfully inserted 12 checklist items
[2025-03-15T01:19:40.720Z] [INFO] Inserted/updated section: Associated Prodromal Symptoms (ID: 519)
[2025-03-15T01:19:40.720Z] [INFO] Inserting 10 checklist items for section 519
[2025-03-15T01:19:40.776Z] [INFO] Successfully inserted 10 checklist items
[2025-03-15T01:19:40.823Z] [INFO] Inserted/updated section: Associated Symptoms During/After Episode (ID: 520)
[2025-03-15T01:19:40.823Z] [INFO] Inserting 13 checklist items for section 520
[2025-03-15T01:19:40.874Z] [INFO] Successfully inserted 13 checklist items
[2025-03-15T01:19:40.940Z] [INFO] Inserted/updated section: Post-Episode Status (ID: 521)
[2025-03-15T01:19:40.940Z] [INFO] Inserting 6 checklist items for section 521
[2025-03-15T01:19:40.991Z] [INFO] Successfully inserted 6 checklist items
[2025-03-15T01:19:40.991Z] [INFO] Completed processing file: history.md
[2025-03-15T01:19:40.991Z] [INFO] Processing file: imaging.md
[2025-03-15T01:19:41.041Z] [INFO] Inserted/updated section: Chest X-ray (ID: 522)
[2025-03-15T01:19:41.041Z] [INFO] Inserting 11 checklist items for section 522
[2025-03-15T01:19:41.086Z] [INFO] Successfully inserted 11 checklist items
[2025-03-15T01:19:41.131Z] [INFO] Inserted/updated section: Head CT (ID: 523)
[2025-03-15T01:19:41.131Z] [INFO] Inserting 9 checklist items for section 523
[2025-03-15T01:19:41.178Z] [INFO] Successfully inserted 9 checklist items
[2025-03-15T01:19:41.234Z] [INFO] Inserted/updated section: CT Pulmonary Angiogram (ID: 524)
[2025-03-15T01:19:41.234Z] [INFO] Inserting 10 checklist items for section 524
[2025-03-15T01:19:41.393Z] [ERROR] Error inserting checklist items for section 524: null value in column "display_order" of relation "checklist_items" violates not-null constraint
[2025-03-15T01:19:41.393Z] [ERROR] Error processing file /Users/lucas/Documents/markdown_1-185/1-18/Ch11_Syncope/imaging.md: null value in column "display_order" of relation "checklist_items" violates not-null constraint
[2025-03-15T01:19:41.393Z] [INFO] Processing file: lab-studies.md
[2025-03-15T01:19:41.439Z] [INFO] Inserted/updated section: Complete Blood Count (ID: 525)
[2025-03-15T01:19:41.439Z] [INFO] Inserting 6 checklist items for section 525
[2025-03-15T01:19:41.489Z] [INFO] Successfully inserted 6 checklist items
[2025-03-15T01:19:41.540Z] [INFO] Inserted/updated section: Basic Metabolic Panel (ID: 526)
[2025-03-15T01:19:41.540Z] [INFO] Inserting 10 checklist items for section 526
[2025-03-15T01:19:41.586Z] [INFO] Successfully inserted 10 checklist items
[2025-03-15T01:19:41.635Z] [INFO] Inserted/updated section: Cardiac Biomarkers (ID: 527)
[2025-03-15T01:19:41.636Z] [INFO] Inserting 7 checklist items for section 527
[2025-03-15T01:19:41.691Z] [INFO] Successfully inserted 7 checklist items
[2025-03-15T01:19:41.755Z] [INFO] Inserted/updated section: Coagulation Studies (ID: 528)
[2025-03-15T01:19:41.755Z] [INFO] Inserting 5 checklist items for section 528
[2025-03-15T01:19:41.808Z] [INFO] Successfully inserted 5 checklist items
[2025-03-15T01:19:41.896Z] [INFO] Inserted/updated section: Additional Electrolytes (ID: 529)
[2025-03-15T01:19:41.896Z] [INFO] Inserting 2 checklist items for section 529
[2025-03-15T01:19:41.959Z] [INFO] Successfully inserted 2 checklist items
[2025-03-15T01:19:42.027Z] [INFO] Inserted/updated section: Liver Function Tests (ID: 530)
[2025-03-15T01:19:42.027Z] [INFO] Inserting 7 checklist items for section 530
[2025-03-15T01:19:42.084Z] [INFO] Successfully inserted 7 checklist items
[2025-03-15T01:19:42.133Z] [INFO] Inserted/updated section: Toxicology Screen (ID: 531)
[2025-03-15T01:19:42.133Z] [INFO] Inserting 4 checklist items for section 531
[2025-03-15T01:19:42.183Z] [INFO] Successfully inserted 4 checklist items
[2025-03-15T01:19:42.232Z] [INFO] Inserted/updated section: Pregnancy Test (ID: 532)
[2025-03-15T01:19:42.232Z] [INFO] Inserting 3 checklist items for section 532
[2025-03-15T01:19:42.280Z] [INFO] Successfully inserted 3 checklist items
[2025-03-15T01:19:42.330Z] [INFO] Inserted/updated section: Thyroid Function Tests (ID: 533)
[2025-03-15T01:19:42.330Z] [INFO] Inserting 4 checklist items for section 533
[2025-03-15T01:19:42.383Z] [INFO] Successfully inserted 4 checklist items
[2025-03-15T01:19:42.431Z] [INFO] Inserted/updated section: Arterial Blood Gas (ID: 534)
[2025-03-15T01:19:42.432Z] [INFO] Inserting 8 checklist items for section 534
[2025-03-15T01:19:42.478Z] [INFO] Successfully inserted 8 checklist items
[2025-03-15T01:19:42.524Z] [INFO] Inserted/updated section: Urinalysis (ID: 535)
[2025-03-15T01:19:42.524Z] [INFO] Inserting 10 checklist items for section 535
[2025-03-15T01:19:42.575Z] [INFO] Successfully inserted 10 checklist items
[2025-03-15T01:19:42.632Z] [INFO] Inserted/updated section: Other Laboratory Tests (ID: 536)
[2025-03-15T01:19:42.632Z] [INFO] Inserting 4 checklist items for section 536
[2025-03-15T01:19:42.688Z] [INFO] Successfully inserted 4 checklist items
[2025-03-15T01:19:42.688Z] [INFO] Completed processing file: lab-studies.md
[2025-03-15T01:19:42.688Z] [INFO] Processing file: medications.md
[2025-03-15T01:19:42.736Z] [INFO] Inserted/updated section: Vasodilators (ID: 537)
[2025-03-15T01:19:42.736Z] [INFO] Inserting 8 checklist items for section 537
[2025-03-15T01:19:42.783Z] [INFO] Successfully inserted 8 checklist items
[2025-03-15T01:19:42.835Z] [INFO] Inserted/updated section: Diuretics (ID: 538)
[2025-03-15T01:19:42.835Z] [INFO] Inserting 3 checklist items for section 538
[2025-03-15T01:19:42.881Z] [INFO] Successfully inserted 3 checklist items
[2025-03-15T01:19:42.929Z] [INFO] Inserted/updated section: Central Antihypertensives (ID: 539)
[2025-03-15T01:19:42.929Z] [INFO] Inserting 2 checklist items for section 539
[2025-03-15T01:19:42.975Z] [INFO] Successfully inserted 2 checklist items
[2025-03-15T01:19:43.022Z] [INFO] Inserted/updated section: QT-Prolonging Agents (ID: 540)
[2025-03-15T01:19:43.023Z] [INFO] Inserting 5 checklist items for section 540
[2025-03-15T01:19:43.088Z] [INFO] Successfully inserted 5 checklist items
[2025-03-15T01:19:43.135Z] [INFO] Inserted/updated section: Psychoactive Agents (ID: 541)
[2025-03-15T01:19:43.135Z] [INFO] Inserting 12 checklist items for section 541
[2025-03-15T01:19:43.188Z] [INFO] Successfully inserted 12 checklist items
[2025-03-15T01:19:43.238Z] [INFO] Inserted/updated section: Other Medications (ID: 542)
[2025-03-15T01:19:43.238Z] [INFO] Inserting 7 checklist items for section 542
[2025-03-15T01:19:43.293Z] [INFO] Successfully inserted 7 checklist items
[2025-03-15T01:19:43.341Z] [INFO] Inserted/updated section: Recent Medication Changes (ID: 543)
[2025-03-15T01:19:43.342Z] [INFO] Inserting 5 checklist items for section 543
[2025-03-15T01:19:43.388Z] [INFO] Successfully inserted 5 checklist items
[2025-03-15T01:19:43.437Z] [INFO] Inserted/updated section: Medication Compliance (ID: 544)
[2025-03-15T01:19:43.437Z] [INFO] Inserting 5 checklist items for section 544
[2025-03-15T01:19:43.491Z] [INFO] Successfully inserted 5 checklist items
[2025-03-15T01:19:43.492Z] [INFO] Completed processing file: medications.md
[2025-03-15T01:19:43.492Z] [INFO] Processing file: past-medical.md
[2025-03-15T01:19:43.553Z] [INFO] Inserted/updated section: Cardiac History (ID: 545)
[2025-03-15T01:19:43.554Z] [INFO] Inserting 28 checklist items for section 545
[2025-03-15T01:19:43.668Z] [ERROR] Error inserting checklist items for section 545: null value in column "display_order" of relation "checklist_items" violates not-null constraint
[2025-03-15T01:19:43.669Z] [ERROR] Error processing file /Users/lucas/Documents/markdown_1-185/1-18/Ch11_Syncope/past-medical.md: null value in column "display_order" of relation "checklist_items" violates not-null constraint
[2025-03-15T01:19:43.669Z] [INFO] Processing file: patient-education.md
[2025-03-15T01:19:43.726Z] [INFO] Inserted/updated section: General Syncope Information (ID: 546)
[2025-03-15T01:19:43.726Z] [INFO] Inserting 6 checklist items for section 546
[2025-03-15T01:19:43.811Z] [INFO] Successfully inserted 6 checklist items
[2025-03-15T01:19:43.863Z] [INFO] Inserted/updated section: Safety Considerations (ID: 547)
[2025-03-15T01:19:43.864Z] [INFO] Inserting 8 checklist items for section 547
[2025-03-15T01:19:43.921Z] [INFO] Successfully inserted 8 checklist items
[2025-03-15T01:19:44.011Z] [INFO] Inserted/updated section: Specific Cause Education (if identified) (ID: 548)
[2025-03-15T01:19:44.011Z] [INFO] Inserting 7 checklist items for section 548
[2025-03-15T01:19:44.088Z] [INFO] Successfully inserted 7 checklist items
[2025-03-15T01:19:44.143Z] [INFO] Inserted/updated section: Prodromal Symptom Recognition (ID: 549)
[2025-03-15T01:19:44.143Z] [INFO] Inserting 5 checklist items for section 549
[2025-03-15T01:19:44.193Z] [INFO] Successfully inserted 5 checklist items
[2025-03-15T01:19:44.246Z] [INFO] Inserted/updated section: Physical Counterpressure Maneuvers (ID: 550)
[2025-03-15T01:19:44.246Z] [INFO] Inserting 5 checklist items for section 550
[2025-03-15T01:19:44.299Z] [INFO] Successfully inserted 5 checklist items
[2025-03-15T01:19:44.344Z] [INFO] Inserted/updated section: Lifestyle Modifications (ID: 551)
[2025-03-15T01:19:44.345Z] [INFO] Inserting 8 checklist items for section 551
[2025-03-15T01:19:44.393Z] [INFO] Successfully inserted 8 checklist items
[2025-03-15T01:19:44.445Z] [INFO] Inserted/updated section: Medication Education (ID: 552)
[2025-03-15T01:19:44.445Z] [INFO] Inserting 6 checklist items for section 552
[2025-03-15T01:19:44.492Z] [INFO] Successfully inserted 6 checklist items
[2025-03-15T01:19:44.537Z] [INFO] Inserted/updated section: Follow-up Care (ID: 553)
[2025-03-15T01:19:44.537Z] [INFO] Inserting 7 checklist items for section 553
[2025-03-15T01:19:44.582Z] [INFO] Successfully inserted 7 checklist items
[2025-03-15T01:19:44.626Z] [INFO] Inserted/updated section: Warning Signs Requiring Immediate Attention (ID: 554)
[2025-03-15T01:19:44.626Z] [INFO] Inserting 8 checklist items for section 554
[2025-03-15T01:19:44.677Z] [INFO] Successfully inserted 8 checklist items
[2025-03-15T01:19:44.723Z] [INFO] Inserted/updated section: Family Education (ID: 555)
[2025-03-15T01:19:44.723Z] [INFO] Inserting 6 checklist items for section 555
[2025-03-15T01:19:44.775Z] [INFO] Successfully inserted 6 checklist items
[2025-03-15T01:19:44.775Z] [INFO] Completed processing file: patient-education.md
[2025-03-15T01:19:44.775Z] [INFO] Processing file: physical-exam.md
[2025-03-15T01:19:44.825Z] [INFO] Inserted/updated section: Vital Signs (ID: 556)
[2025-03-15T01:19:44.825Z] [INFO] Inserting 6 checklist items for section 556
[2025-03-15T01:19:44.879Z] [INFO] Successfully inserted 6 checklist items
[2025-03-15T01:19:44.924Z] [INFO] Inserted/updated section: Orthostatic Vital Signs (ID: 557)
[2025-03-15T01:19:44.924Z] [INFO] Inserting 10 checklist items for section 557
[2025-03-15T01:19:45.025Z] [ERROR] Error inserting checklist items for section 557: null value in column "display_order" of relation "checklist_items" violates not-null constraint
[2025-03-15T01:19:45.025Z] [ERROR] Error processing file /Users/lucas/Documents/markdown_1-185/1-18/Ch11_Syncope/physical-exam.md: null value in column "display_order" of relation "checklist_items" violates not-null constraint
[2025-03-15T01:19:45.025Z] [INFO] Processing file: plan.md
[2025-03-15T01:19:45.080Z] [INFO] Inserted/updated section: Immediate Management (ID: 558)
[2025-03-15T01:19:45.080Z] [INFO] Inserting 9 checklist items for section 558
[2025-03-15T01:19:45.129Z] [INFO] Successfully inserted 9 checklist items
[2025-03-15T01:19:45.180Z] [INFO] Inserted/updated section: Additional Testing (ID: 559)
[2025-03-15T01:19:45.181Z] [INFO] Inserting 12 checklist items for section 559
[2025-03-15T01:19:45.236Z] [INFO] Successfully inserted 12 checklist items
[2025-03-15T01:19:45.292Z] [INFO] Inserted/updated section: Medication Recommendations (ID: 560)
[2025-03-15T01:19:45.292Z] [INFO] Inserting 6 checklist items for section 560
[2025-03-15T01:19:45.341Z] [INFO] Successfully inserted 6 checklist items
[2025-03-15T01:19:45.390Z] [INFO] Inserted/updated section: Lifestyle Modifications (ID: 561)
[2025-03-15T01:19:45.390Z] [INFO] Inserting 8 checklist items for section 561
[2025-03-15T01:19:45.444Z] [INFO] Successfully inserted 8 checklist items
[2025-03-15T01:19:45.492Z] [INFO] Inserted/updated section: Cardiac Intervention Considerations (ID: 562)
[2025-03-15T01:19:45.492Z] [INFO] Inserting 6 checklist items for section 562
[2025-03-15T01:19:45.537Z] [INFO] Successfully inserted 6 checklist items
[2025-03-15T01:19:45.586Z] [INFO] Inserted/updated section: Follow-up Care (ID: 563)
[2025-03-15T01:19:45.586Z] [INFO] Inserting 10 checklist items for section 563
[2025-03-15T01:19:45.638Z] [INFO] Successfully inserted 10 checklist items
[2025-03-15T01:19:45.688Z] [INFO] Inserted/updated section: Preventive Measures (ID: 564)
[2025-03-15T01:19:45.688Z] [INFO] Inserting 7 checklist items for section 564
[2025-03-15T01:19:45.738Z] [INFO] Successfully inserted 7 checklist items
[2025-03-15T01:19:45.784Z] [INFO] Inserted/updated section: Special Considerations (ID: 565)
[2025-03-15T01:19:45.785Z] [INFO] Inserting 5 checklist items for section 565
[2025-03-15T01:19:45.834Z] [INFO] Successfully inserted 5 checklist items
[2025-03-15T01:19:45.834Z] [INFO] Completed processing file: plan.md
[2025-03-15T01:19:45.834Z] [INFO] Processing file: review-systems.md
[2025-03-15T01:19:45.887Z] [INFO] Inserted/updated section: Constitutional (ID: 566)
[2025-03-15T01:19:45.887Z] [INFO] Inserting 4 checklist items for section 566
[2025-03-15T01:19:45.936Z] [INFO] Successfully inserted 4 checklist items
[2025-03-15T01:19:45.981Z] [INFO] Inserted/updated section: Cardiovascular (ID: 567)
[2025-03-15T01:19:45.982Z] [INFO] Inserting 8 checklist items for section 567
[2025-03-15T01:19:46.029Z] [INFO] Successfully inserted 8 checklist items
[2025-03-15T01:19:46.076Z] [INFO] Inserted/updated section: Respiratory (ID: 568)
[2025-03-15T01:19:46.076Z] [INFO] Inserting 5 checklist items for section 568
[2025-03-15T01:19:46.136Z] [INFO] Successfully inserted 5 checklist items
[2025-03-15T01:19:46.184Z] [INFO] Inserted/updated section: Neurological (ID: 569)
[2025-03-15T01:19:46.184Z] [INFO] Inserting 11 checklist items for section 569
[2025-03-15T01:19:46.242Z] [INFO] Successfully inserted 11 checklist items
[2025-03-15T01:19:46.289Z] [INFO] Inserted/updated section: Gastrointestinal (ID: 570)
[2025-03-15T01:19:46.291Z] [INFO] Inserting 8 checklist items for section 570
[2025-03-15T01:19:46.346Z] [INFO] Successfully inserted 8 checklist items
[2025-03-15T01:19:46.397Z] [INFO] Inserted/updated section: Genitourinary (ID: 571)
[2025-03-15T01:19:46.397Z] [INFO] Inserting 7 checklist items for section 571
[2025-03-15T01:19:46.446Z] [INFO] Successfully inserted 7 checklist items
[2025-03-15T01:19:46.502Z] [INFO] Inserted/updated section: Psychiatric (ID: 572)
[2025-03-15T01:19:46.502Z] [INFO] Inserting 6 checklist items for section 572
[2025-03-15T01:19:46.553Z] [INFO] Successfully inserted 6 checklist items
[2025-03-15T01:19:46.604Z] [INFO] Inserted/updated section: Endocrine (ID: 573)
[2025-03-15T01:19:46.605Z] [INFO] Inserting 4 checklist items for section 573
[2025-03-15T01:19:46.660Z] [INFO] Successfully inserted 4 checklist items
[2025-03-15T01:19:46.710Z] [INFO] Inserted/updated section: Hematologic (ID: 574)
[2025-03-15T01:19:46.710Z] [INFO] Inserting 3 checklist items for section 574
[2025-03-15T01:19:46.757Z] [INFO] Successfully inserted 3 checklist items
[2025-03-15T01:19:46.815Z] [INFO] Inserted/updated section: Musculoskeletal (ID: 575)
[2025-03-15T01:19:46.815Z] [INFO] Inserting 3 checklist items for section 575
[2025-03-15T01:19:46.863Z] [INFO] Successfully inserted 3 checklist items
[2025-03-15T01:19:46.914Z] [INFO] Inserted/updated section: Ear, Nose, Throat (ID: 576)
[2025-03-15T01:19:46.914Z] [INFO] Inserting 4 checklist items for section 576
[2025-03-15T01:19:46.960Z] [INFO] Successfully inserted 4 checklist items
[2025-03-15T01:19:47.016Z] [INFO] Inserted/updated section: Eyes (ID: 577)
[2025-03-15T01:19:47.016Z] [INFO] Inserting 4 checklist items for section 577
[2025-03-15T01:19:47.077Z] [INFO] Successfully inserted 4 checklist items
[2025-03-15T01:19:47.077Z] [INFO] Completed processing file: review-systems.md
[2025-03-15T01:19:47.077Z] [INFO] Processing file: risk-factors.md
[2025-03-15T01:19:47.143Z] [INFO] Inserted/updated section: Demographic Risk Factors (ID: 578)
[2025-03-15T01:19:47.143Z] [INFO] Inserting 3 checklist items for section 578
[2025-03-15T01:19:47.191Z] [INFO] Successfully inserted 3 checklist items
[2025-03-15T01:19:47.238Z] [INFO] Inserted/updated section: Cardiac Risk Factors (ID: 579)
[2025-03-15T01:19:47.239Z] [INFO] Inserting 15 checklist items for section 579
[2025-03-15T01:19:47.293Z] [INFO] Successfully inserted 15 checklist items
[2025-03-15T01:19:47.347Z] [INFO] Inserted/updated section: Vascular Risk Factors (ID: 580)
[2025-03-15T01:19:47.347Z] [INFO] Inserting 9 checklist items for section 580
[2025-03-15T01:19:47.494Z] [INFO] Successfully inserted 9 checklist items
[2025-03-15T01:19:47.542Z] [INFO] Inserted/updated section: Pulmonary Embolism Risk Factors (ID: 581)
[2025-03-15T01:19:47.542Z] [INFO] Inserting 10 checklist items for section 581
[2025-03-15T01:19:47.603Z] [INFO] Successfully inserted 10 checklist items
[2025-03-15T01:19:47.655Z] [INFO] Inserted/updated section: Orthostatic Hypotension Risk Factors (ID: 582)
[2025-03-15T01:19:47.655Z] [INFO] Inserting 7 checklist items for section 582
[2025-03-15T01:19:47.708Z] [INFO] Successfully inserted 7 checklist items
[2025-03-15T01:19:47.758Z] [INFO] Inserted/updated section: Canadian Syncope Risk Score Factors (ID: 583)
[2025-03-15T01:19:47.758Z] [INFO] Inserting 9 checklist items for section 583
[2025-03-15T01:19:47.808Z] [INFO] Successfully inserted 9 checklist items
[2025-03-15T01:19:47.859Z] [INFO] Inserted/updated section: San Francisco Syncope Rule Factors (ID: 584)
[2025-03-15T01:19:47.859Z] [INFO] Inserting 5 checklist items for section 584
[2025-03-15T01:19:47.910Z] [INFO] Successfully inserted 5 checklist items
[2025-03-15T01:19:47.961Z] [INFO] Inserted/updated section: FAINT Score Factors (ID: 585)
[2025-03-15T01:19:47.961Z] [INFO] Inserting 5 checklist items for section 585
[2025-03-15T01:19:48.011Z] [INFO] Successfully inserted 5 checklist items
[2025-03-15T01:19:48.012Z] [INFO] Completed processing file: risk-factors.md
[2025-03-15T01:19:48.012Z] [INFO] Processing file: special-tests.md
[2025-03-15T01:19:48.061Z] [INFO] Inserted/updated section: Bedside Ultrasonography (ID: 586)
[2025-03-15T01:19:48.061Z] [INFO] Inserting 19 checklist items for section 586
[2025-03-15T01:19:48.154Z] [ERROR] Error inserting checklist items for section 586: null value in column "display_order" of relation "checklist_items" violates not-null constraint
[2025-03-15T01:19:48.154Z] [ERROR] Error processing file /Users/lucas/Documents/markdown_1-185/1-18/Ch11_Syncope/special-tests.md: null value in column "display_order" of relation "checklist_items" violates not-null constraint
[2025-03-15T01:19:48.154Z] [INFO] Completed processing chapter: Ch11_Syncope
[2025-03-15T01:19:48.154Z] [INFO] Migration completed: 1 chapters processed successfully, 0 chapters had errors
