[2025-03-19T21:59:08.439Z] [INFO] Starting migration...
[2025-03-19T21:59:08.440Z] [INFO] Ensuring database schema has required columns...
[2025-03-19T21:59:08.577Z] [WARN] Warning: Could not verify schema columns. If they do not exist, the migration may fail.
[2025-03-19T21:59:08.577Z] [WARN] Error details: Could not find the function public.execute_sql(sql_query) in the schema cache
[2025-03-19T21:59:08.577Z] [INFO] Inserting categories...
[2025-03-19T21:59:08.673Z] [INFO] All categories already exist, skipping insertion
[2025-03-19T21:59:08.674Z] [INFO] Found 1 chapter directories to process
[2025-03-19T21:59:08.674Z] [INFO] Processing chapter: Ch13_Confusion
[2025-03-19T21:59:08.674Z] [INFO] Checking if chapter 13 exists...
[2025-03-19T21:59:08.928Z] [INFO] Inserted new chapter: Confusion (ID: 8)
[2025-03-19T21:59:08.930Z] [INFO] Processing file: history.md
[2025-03-19T21:59:08.932Z] [INFO] Preprocessing file: history.md
[2025-03-19T21:59:08.933Z] [INFO] Using title as initial section: "Main" at line 0
[2025-03-19T21:59:08.934Z] [INFO] Found section: "Chief Complaint" at line 2
[2025-03-19T21:59:08.935Z] [INFO] Found section: "Duration/Onset" at line 8
[2025-03-19T21:59:08.935Z] [INFO] Found section: "Onset" at line 14
[2025-03-19T21:59:08.935Z] [INFO] Found section: "Provocation/Palliation" at line 18
[2025-03-19T21:59:08.935Z] [INFO] Found section: "Quality" at line 23
[2025-03-19T21:59:08.935Z] [INFO] Found section: "Region/Radiation" at line 30
[2025-03-19T21:59:08.935Z] [INFO] Found section: "Severity" at line 36
[2025-03-19T21:59:08.936Z] [INFO] Found section: "Timing" at line 41
[2025-03-19T21:59:08.936Z] [INFO] Found section: "Associated Symptoms" at line 45
[2025-03-19T21:59:08.936Z] [INFO] Found 9 sections in file: Chief Complaint, Duration/Onset, Onset, Provocation/Palliation, Quality, Region/Radiation, Severity, Timing, Associated Symptoms
[2025-03-19T21:59:08.936Z] [INFO] Detected sections: ["Chief Complaint","Duration/Onset","Onset","Provocation/Palliation","Quality","Region/Radiation","Severity","Timing","Associated Symptoms"]
[2025-03-19T21:59:08.936Z] [INFO] Attempting to insert section: "Chief Complaint"
[2025-03-19T21:59:08.998Z] [INFO] Inserted/updated section: Chief Complaint (ID: 265)
[2025-03-19T21:59:08.998Z] [INFO] Attempting to insert section: "Duration/Onset"
[2025-03-19T21:59:09.052Z] [INFO] Inserted/updated section: Duration/Onset (ID: 266)
[2025-03-19T21:59:09.052Z] [INFO] Attempting to insert section: "Onset"
[2025-03-19T21:59:09.104Z] [INFO] Inserted/updated section: Onset (ID: 267)
[2025-03-19T21:59:09.104Z] [INFO] Attempting to insert section: "Provocation/Palliation"
[2025-03-19T21:59:09.154Z] [INFO] Inserted/updated section: Provocation/Palliation (ID: 268)
[2025-03-19T21:59:09.154Z] [INFO] Attempting to insert section: "Quality"
[2025-03-19T21:59:09.205Z] [INFO] Inserted/updated section: Quality (ID: 269)
[2025-03-19T21:59:09.205Z] [INFO] Attempting to insert section: "Region/Radiation"
[2025-03-19T21:59:09.260Z] [INFO] Inserted/updated section: Region/Radiation (ID: 270)
[2025-03-19T21:59:09.260Z] [INFO] Attempting to insert section: "Severity"
[2025-03-19T21:59:09.319Z] [INFO] Inserted/updated section: Severity (ID: 271)
[2025-03-19T21:59:09.319Z] [INFO] Attempting to insert section: "Timing"
[2025-03-19T21:59:09.381Z] [INFO] Inserted/updated section: Timing (ID: 272)
[2025-03-19T21:59:09.382Z] [INFO] Attempting to insert section: "Associated Symptoms"
[2025-03-19T21:59:09.434Z] [INFO] Inserted/updated section: Associated Symptoms (ID: 273)
[2025-03-19T21:59:09.435Z] [INFO] Section ID map: {"Chief Complaint":265,"Duration/Onset":266,"Onset":267,"Provocation/Palliation":268,"Quality":269,"Region/Radiation":270,"Severity":271,"Timing":272,"Associated Symptoms":273}
[2025-03-19T21:59:09.435Z] [INFO] Prepared 34 items for insertion (filtered from 34 total items)
[2025-03-19T21:59:09.494Z] [INFO] Inserted batch of 34 items (total: 34/34)
[2025-03-19T21:59:09.495Z] [INFO] Updating parent-child relationships...
[2025-03-19T21:59:09.628Z] [INFO] Completed parent-child relationship updates: 2 successful, 0 failed
[2025-03-19T21:59:09.629Z] [INFO] Successfully processed file history.md: inserted 34 items
[2025-03-19T21:59:09.630Z] [INFO] Processing file: alarm-features.md
[2025-03-19T21:59:09.631Z] [INFO] Preprocessing file: alarm-features.md
[2025-03-19T21:59:09.632Z] [INFO] Using title as initial section: "Main" at line 0
[2025-03-19T21:59:09.633Z] [INFO] Found section: "Critical Causes (Require Immediate Intervention)" at line 2
[2025-03-19T21:59:09.634Z] [INFO] Found section: "Emergent Causes (Primary Intracranial Disease)" at line 8
[2025-03-19T21:59:09.634Z] [INFO] Found section: "Emergent Causes (Systemic Diseases)" at line 14
[2025-03-19T21:59:09.635Z] [INFO] Found section: "Emergent Causes (Exogenous Toxins)" at line 23
[2025-03-19T21:59:09.635Z] [INFO] Found section: "Emergent Causes (Drug Withdrawal)" at line 29
[2025-03-19T21:59:09.636Z] [INFO] Found section: "Neurological Red Flags" at line 33
[2025-03-19T21:59:09.636Z] [INFO] Found 6 sections in file: Critical Causes (Require Immediate Intervention), Emergent Causes (Primary Intracranial Disease), Emergent Causes (Systemic Diseases), Emergent Causes (Exogenous Toxins), Emergent Causes (Drug Withdrawal), Neurological Red Flags
[2025-03-19T21:59:09.637Z] [INFO] Detected sections: ["Critical Causes (Require Immediate Intervention)","Emergent Causes (Primary Intracranial Disease)","Emergent Causes (Systemic Diseases)","Emergent Causes (Exogenous Toxins)","Emergent Causes (Drug Withdrawal)","Neurological Red Flags"]
[2025-03-19T21:59:09.637Z] [INFO] Attempting to insert section: "Critical Causes (Require Immediate Intervention)"
[2025-03-19T21:59:09.701Z] [INFO] Inserted/updated section: Critical Causes (Require Immediate Intervention) (ID: 274)
[2025-03-19T21:59:09.702Z] [INFO] Attempting to insert section: "Emergent Causes (Primary Intracranial Disease)"
[2025-03-19T21:59:09.755Z] [INFO] Inserted/updated section: Emergent Causes (Primary Intracranial Disease) (ID: 275)
[2025-03-19T21:59:09.756Z] [INFO] Attempting to insert section: "Emergent Causes (Systemic Diseases)"
[2025-03-19T21:59:09.809Z] [INFO] Inserted/updated section: Emergent Causes (Systemic Diseases) (ID: 276)
[2025-03-19T21:59:09.809Z] [INFO] Attempting to insert section: "Emergent Causes (Exogenous Toxins)"
[2025-03-19T21:59:09.862Z] [INFO] Inserted/updated section: Emergent Causes (Exogenous Toxins) (ID: 277)
[2025-03-19T21:59:09.863Z] [INFO] Attempting to insert section: "Emergent Causes (Drug Withdrawal)"
[2025-03-19T21:59:09.915Z] [INFO] Inserted/updated section: Emergent Causes (Drug Withdrawal) (ID: 278)
[2025-03-19T21:59:09.916Z] [INFO] Attempting to insert section: "Neurological Red Flags"
[2025-03-19T21:59:09.968Z] [INFO] Inserted/updated section: Neurological Red Flags (ID: 279)
[2025-03-19T21:59:09.969Z] [INFO] Section ID map: {"Critical Causes (Require Immediate Intervention)":274,"Emergent Causes (Primary Intracranial Disease)":275,"Emergent Causes (Systemic Diseases)":276,"Emergent Causes (Exogenous Toxins)":277,"Emergent Causes (Drug Withdrawal)":278,"Neurological Red Flags":279}
[2025-03-19T21:59:09.970Z] [INFO] Prepared 24 items for insertion (filtered from 24 total items)
[2025-03-19T21:59:10.070Z] [INFO] Inserted batch of 24 items (total: 24/24)
[2025-03-19T21:59:10.071Z] [INFO] Updating parent-child relationships...
[2025-03-19T21:59:10.072Z] [INFO] Completed parent-child relationship updates: 0 successful, 0 failed
[2025-03-19T21:59:10.072Z] [INFO] Successfully processed file alarm-features.md: inserted 24 items
[2025-03-19T21:59:10.073Z] [INFO] Processing file: medications.md
[2025-03-19T21:59:10.073Z] [INFO] Preprocessing file: medications.md
[2025-03-19T21:59:10.074Z] [INFO] Using title as initial section: "Main" at line 0
[2025-03-19T21:59:10.074Z] [INFO] Found section: "Medication History" at line 2
[2025-03-19T21:59:10.074Z] [INFO] Found section: "Medications Potentially Causing Confusion" at line 7
[2025-03-19T21:59:10.075Z] [INFO] Found section: "Medication For Management" at line 14
[2025-03-19T21:59:10.075Z] [INFO] Found section: "Other Treatment Medications" at line 26
[2025-03-19T21:59:10.076Z] [INFO] Found 4 sections in file: Medication History, Medications Potentially Causing Confusion, Medication For Management, Other Treatment Medications
[2025-03-19T21:59:10.077Z] [INFO] Detected sections: ["Medication History","Medications Potentially Causing Confusion","Medication For Management","Other Treatment Medications"]
[2025-03-19T21:59:10.077Z] [INFO] Attempting to insert section: "Medication History"
[2025-03-19T21:59:10.132Z] [INFO] Inserted/updated section: Medication History (ID: 280)
[2025-03-19T21:59:10.133Z] [INFO] Attempting to insert section: "Medications Potentially Causing Confusion"
[2025-03-19T21:59:10.182Z] [INFO] Inserted/updated section: Medications Potentially Causing Confusion (ID: 281)
[2025-03-19T21:59:10.183Z] [INFO] Attempting to insert section: "Medication For Management"
[2025-03-19T21:59:10.236Z] [INFO] Inserted/updated section: Medication For Management (ID: 282)
[2025-03-19T21:59:10.237Z] [INFO] Attempting to insert section: "Other Treatment Medications"
[2025-03-19T21:59:10.288Z] [INFO] Inserted/updated section: Other Treatment Medications (ID: 283)
[2025-03-19T21:59:10.289Z] [INFO] Section ID map: {"Medication History":280,"Medications Potentially Causing Confusion":281,"Medication For Management":282,"Other Treatment Medications":283}
[2025-03-19T21:59:10.290Z] [INFO] Prepared 33 items for insertion (filtered from 33 total items)
[2025-03-19T21:59:10.350Z] [INFO] Inserted batch of 33 items (total: 33/33)
[2025-03-19T21:59:10.351Z] [INFO] Updating parent-child relationships...
[2025-03-19T21:59:11.158Z] [INFO] Completed parent-child relationship updates: 15 successful, 0 failed
[2025-03-19T21:59:11.159Z] [INFO] Successfully processed file medications.md: inserted 33 items
[2025-03-19T21:59:11.160Z] [INFO] Processing file: diet.md
[2025-03-19T21:59:11.160Z] [INFO] Preprocessing file: diet.md
[2025-03-19T21:59:11.161Z] [INFO] Using title as initial section: "Main" at line 0
[2025-03-19T21:59:11.161Z] [INFO] Found section: "Nutrition Status" at line 2
[2025-03-19T21:59:11.162Z] [INFO] Found section: "Dietary Considerations" at line 7
[2025-03-19T21:59:11.162Z] [INFO] Found 2 sections in file: Nutrition Status, Dietary Considerations
[2025-03-19T21:59:11.162Z] [INFO] Detected sections: ["Nutrition Status","Dietary Considerations"]
[2025-03-19T21:59:11.163Z] [INFO] Attempting to insert section: "Nutrition Status"
[2025-03-19T21:59:11.219Z] [INFO] Inserted/updated section: Nutrition Status (ID: 284)
[2025-03-19T21:59:11.220Z] [INFO] Attempting to insert section: "Dietary Considerations"
[2025-03-19T21:59:11.286Z] [INFO] Inserted/updated section: Dietary Considerations (ID: 285)
[2025-03-19T21:59:11.286Z] [INFO] Section ID map: {"Nutrition Status":284,"Dietary Considerations":285}
[2025-03-19T21:59:11.287Z] [INFO] Prepared 6 items for insertion (filtered from 6 total items)
[2025-03-19T21:59:11.342Z] [INFO] Inserted batch of 6 items (total: 6/6)
[2025-03-19T21:59:11.343Z] [INFO] Updating parent-child relationships...
[2025-03-19T21:59:11.343Z] [INFO] Completed parent-child relationship updates: 0 successful, 0 failed
[2025-03-19T21:59:11.343Z] [INFO] Successfully processed file diet.md: inserted 6 items
[2025-03-19T21:59:11.343Z] [INFO] Processing file: review-systems.md
[2025-03-19T21:59:11.343Z] [INFO] Preprocessing file: review-systems.md
[2025-03-19T21:59:11.344Z] [INFO] Using title as initial section: "Main" at line 0
[2025-03-19T21:59:11.344Z] [INFO] Found section: "Neurological" at line 2
[2025-03-19T21:59:11.344Z] [INFO] Found section: "Psychiatric" at line 15
[2025-03-19T21:59:11.344Z] [INFO] Found section: "Respiratory" at line 22
[2025-03-19T21:59:11.344Z] [INFO] Found section: "Cardiovascular" at line 27
[2025-03-19T21:59:11.344Z] [INFO] Found section: "Gastrointestinal" at line 31
[2025-03-19T21:59:11.344Z] [INFO] Found section: "Genitourinary" at line 36
[2025-03-19T21:59:11.344Z] [INFO] Found section: "Infectious" at line 40
[2025-03-19T21:59:11.345Z] [INFO] Found 7 sections in file: Neurological, Psychiatric, Respiratory, Cardiovascular, Gastrointestinal, Genitourinary, Infectious
[2025-03-19T21:59:11.345Z] [INFO] Detected sections: ["Neurological","Psychiatric","Respiratory","Cardiovascular","Gastrointestinal","Genitourinary","Infectious"]
[2025-03-19T21:59:11.345Z] [INFO] Attempting to insert section: "Neurological"
[2025-03-19T21:59:11.400Z] [INFO] Inserted/updated section: Neurological (ID: 286)
[2025-03-19T21:59:11.401Z] [INFO] Attempting to insert section: "Psychiatric"
[2025-03-19T21:59:11.454Z] [INFO] Inserted/updated section: Psychiatric (ID: 287)
[2025-03-19T21:59:11.455Z] [INFO] Attempting to insert section: "Respiratory"
[2025-03-19T21:59:11.511Z] [INFO] Inserted/updated section: Respiratory (ID: 288)
[2025-03-19T21:59:11.512Z] [INFO] Attempting to insert section: "Cardiovascular"
[2025-03-19T21:59:11.572Z] [INFO] Inserted/updated section: Cardiovascular (ID: 289)
[2025-03-19T21:59:11.573Z] [INFO] Attempting to insert section: "Gastrointestinal"
[2025-03-19T21:59:11.624Z] [INFO] Inserted/updated section: Gastrointestinal (ID: 290)
[2025-03-19T21:59:11.624Z] [INFO] Attempting to insert section: "Genitourinary"
[2025-03-19T21:59:11.677Z] [INFO] Inserted/updated section: Genitourinary (ID: 291)
[2025-03-19T21:59:11.678Z] [INFO] Attempting to insert section: "Infectious"
[2025-03-19T21:59:11.729Z] [INFO] Inserted/updated section: Infectious (ID: 292)
[2025-03-19T21:59:11.730Z] [INFO] Section ID map: {"Neurological":286,"Psychiatric":287,"Respiratory":288,"Cardiovascular":289,"Gastrointestinal":290,"Genitourinary":291,"Infectious":292}
[2025-03-19T21:59:11.730Z] [INFO] Prepared 28 items for insertion (filtered from 28 total items)
[2025-03-19T21:59:11.786Z] [INFO] Inserted batch of 28 items (total: 28/28)
[2025-03-19T21:59:11.787Z] [INFO] Updating parent-child relationships...
[2025-03-19T21:59:11.938Z] [INFO] Completed parent-child relationship updates: 3 successful, 0 failed
[2025-03-19T21:59:11.938Z] [INFO] Successfully processed file review-systems.md: inserted 28 items
[2025-03-19T21:59:11.939Z] [INFO] Processing file: collateral-history.md
[2025-03-19T21:59:11.939Z] [INFO] Preprocessing file: collateral-history.md
[2025-03-19T21:59:11.940Z] [INFO] Using title as initial section: "Main" at line 0
[2025-03-19T21:59:11.940Z] [INFO] Found section: "Sources of Collateral Information" at line 2
[2025-03-19T21:59:11.940Z] [INFO] Found section: "Key Collateral Information" at line 8
[2025-03-19T21:59:11.940Z] [INFO] Found section: "Behavior Patterns Reported" at line 20
[2025-03-19T21:59:11.940Z] [INFO] Found 3 sections in file: Sources of Collateral Information, Key Collateral Information, Behavior Patterns Reported
[2025-03-19T21:59:11.940Z] [INFO] Detected sections: ["Sources of Collateral Information","Key Collateral Information","Behavior Patterns Reported"]
[2025-03-19T21:59:11.940Z] [INFO] Attempting to insert section: "Sources of Collateral Information"
[2025-03-19T21:59:11.989Z] [INFO] Inserted/updated section: Sources of Collateral Information (ID: 293)
[2025-03-19T21:59:11.990Z] [INFO] Attempting to insert section: "Key Collateral Information"
[2025-03-19T21:59:12.041Z] [INFO] Inserted/updated section: Key Collateral Information (ID: 294)
[2025-03-19T21:59:12.042Z] [INFO] Attempting to insert section: "Behavior Patterns Reported"
[2025-03-19T21:59:12.092Z] [INFO] Inserted/updated section: Behavior Patterns Reported (ID: 295)
[2025-03-19T21:59:12.093Z] [INFO] Section ID map: {"Sources of Collateral Information":293,"Key Collateral Information":294,"Behavior Patterns Reported":295}
[2025-03-19T21:59:12.094Z] [INFO] Prepared 21 items for insertion (filtered from 21 total items)
[2025-03-19T21:59:12.149Z] [INFO] Inserted batch of 21 items (total: 21/21)
[2025-03-19T21:59:12.150Z] [INFO] Updating parent-child relationships...
[2025-03-19T21:59:12.150Z] [INFO] Completed parent-child relationship updates: 0 successful, 0 failed
[2025-03-19T21:59:12.151Z] [INFO] Successfully processed file collateral-history.md: inserted 21 items
[2025-03-19T21:59:12.151Z] [INFO] Processing file: risk-factors.md
[2025-03-19T21:59:12.152Z] [INFO] Preprocessing file: risk-factors.md
[2025-03-19T21:59:12.153Z] [INFO] Using title as initial section: "Main" at line 0
[2025-03-19T21:59:12.154Z] [INFO] Found section: "Patient Characteristics" at line 2
[2025-03-19T21:59:12.154Z] [INFO] Found section: "Medication and Substance Related" at line 9
[2025-03-19T21:59:12.154Z] [INFO] Found section: "Medical Conditions" at line 19
[2025-03-19T21:59:12.155Z] [INFO] Found 3 sections in file: Patient Characteristics, Medication and Substance Related, Medical Conditions
[2025-03-19T21:59:12.155Z] [INFO] Detected sections: ["Patient Characteristics","Medication and Substance Related","Medical Conditions"]
[2025-03-19T21:59:12.156Z] [INFO] Attempting to insert section: "Patient Characteristics"
[2025-03-19T21:59:12.210Z] [INFO] Inserted/updated section: Patient Characteristics (ID: 296)
[2025-03-19T21:59:12.210Z] [INFO] Attempting to insert section: "Medication and Substance Related"
[2025-03-19T21:59:12.262Z] [INFO] Inserted/updated section: Medication and Substance Related (ID: 297)
[2025-03-19T21:59:12.262Z] [INFO] Attempting to insert section: "Medical Conditions"
[2025-03-19T21:59:12.317Z] [INFO] Inserted/updated section: Medical Conditions (ID: 298)
[2025-03-19T21:59:12.318Z] [INFO] Section ID map: {"Patient Characteristics":296,"Medication and Substance Related":297,"Medical Conditions":298}
[2025-03-19T21:59:12.318Z] [INFO] Prepared 16 items for insertion (filtered from 16 total items)
[2025-03-19T21:59:12.380Z] [INFO] Inserted batch of 16 items (total: 16/16)
[2025-03-19T21:59:12.381Z] [INFO] Updating parent-child relationships...
[2025-03-19T21:59:12.381Z] [INFO] Completed parent-child relationship updates: 0 successful, 0 failed
[2025-03-19T21:59:12.382Z] [INFO] Successfully processed file risk-factors.md: inserted 16 items
[2025-03-19T21:59:12.382Z] [INFO] Processing file: differential-diagnosis.md
[2025-03-19T21:59:12.382Z] [INFO] Preprocessing file: differential-diagnosis.md
[2025-03-19T21:59:12.383Z] [INFO] Using title as initial section: "Main" at line 0
[2025-03-19T21:59:12.383Z] [INFO] Found section: "Systemic Diseases Secondarily Affecting CNS" at line 2
[2025-03-19T21:59:12.383Z] [INFO] Found section: "Primary Intracranial Disease" at line 16
[2025-03-19T21:59:12.384Z] [INFO] Found section: "Exogenous Toxins" at line 27
[2025-03-19T21:59:12.384Z] [INFO] Found section: "Drug Withdrawal States" at line 33
[2025-03-19T21:59:12.384Z] [INFO] Found section: "Psychiatric Considerations" at line 38
[2025-03-19T21:59:12.384Z] [INFO] Found section: "Other Causes" at line 43
[2025-03-19T21:59:12.385Z] [INFO] Found 6 sections in file: Systemic Diseases Secondarily Affecting CNS, Primary Intracranial Disease, Exogenous Toxins, Drug Withdrawal States, Psychiatric Considerations, Other Causes
[2025-03-19T21:59:12.385Z] [INFO] Detected sections: ["Systemic Diseases Secondarily Affecting CNS","Primary Intracranial Disease","Exogenous Toxins","Drug Withdrawal States","Psychiatric Considerations","Other Causes"]
[2025-03-19T21:59:12.385Z] [INFO] Attempting to insert section: "Systemic Diseases Secondarily Affecting CNS"
[2025-03-19T21:59:12.434Z] [INFO] Inserted/updated section: Systemic Diseases Secondarily Affecting CNS (ID: 299)
[2025-03-19T21:59:12.435Z] [INFO] Attempting to insert section: "Primary Intracranial Disease"
[2025-03-19T21:59:12.482Z] [INFO] Inserted/updated section: Primary Intracranial Disease (ID: 300)
[2025-03-19T21:59:12.483Z] [INFO] Attempting to insert section: "Exogenous Toxins"
[2025-03-19T21:59:12.532Z] [INFO] Inserted/updated section: Exogenous Toxins (ID: 301)
[2025-03-19T21:59:12.533Z] [INFO] Attempting to insert section: "Drug Withdrawal States"
[2025-03-19T21:59:12.584Z] [INFO] Inserted/updated section: Drug Withdrawal States (ID: 302)
[2025-03-19T21:59:12.585Z] [INFO] Attempting to insert section: "Psychiatric Considerations"
[2025-03-19T21:59:12.640Z] [INFO] Inserted/updated section: Psychiatric Considerations (ID: 303)
[2025-03-19T21:59:12.640Z] [INFO] Attempting to insert section: "Other Causes"
[2025-03-19T21:59:12.693Z] [INFO] Inserted/updated section: Other Causes (ID: 304)
[2025-03-19T21:59:12.694Z] [INFO] Section ID map: {"Systemic Diseases Secondarily Affecting CNS":299,"Primary Intracranial Disease":300,"Exogenous Toxins":301,"Drug Withdrawal States":302,"Psychiatric Considerations":303,"Other Causes":304}
[2025-03-19T21:59:12.694Z] [INFO] Prepared 33 items for insertion (filtered from 33 total items)
[2025-03-19T21:59:12.751Z] [INFO] Inserted batch of 33 items (total: 33/33)
[2025-03-19T21:59:12.752Z] [INFO] Updating parent-child relationships...
[2025-03-19T21:59:12.753Z] [INFO] Completed parent-child relationship updates: 0 successful, 0 failed
[2025-03-19T21:59:12.754Z] [INFO] Successfully processed file differential-diagnosis.md: inserted 33 items
[2025-03-19T21:59:12.754Z] [INFO] Processing file: past-medical.md
[2025-03-19T21:59:12.754Z] [INFO] Preprocessing file: past-medical.md
[2025-03-19T21:59:12.755Z] [INFO] Using title as initial section: "Main" at line 0
[2025-03-19T21:59:12.755Z] [INFO] Found section: "Neurological History" at line 2
[2025-03-19T21:59:12.756Z] [INFO] Found section: "Psychiatric History" at line 11
[2025-03-19T21:59:12.756Z] [INFO] Found section: "Medical Conditions" at line 16
[2025-03-19T21:59:12.756Z] [INFO] Found section: "Substance Use History" at line 25
[2025-03-19T21:59:12.756Z] [INFO] Found 4 sections in file: Neurological History, Psychiatric History, Medical Conditions, Substance Use History
[2025-03-19T21:59:12.757Z] [INFO] Detected sections: ["Neurological History","Psychiatric History","Medical Conditions","Substance Use History"]
[2025-03-19T21:59:12.757Z] [INFO] Attempting to insert section: "Neurological History"
[2025-03-19T21:59:12.808Z] [INFO] Inserted/updated section: Neurological History (ID: 305)
[2025-03-19T21:59:12.809Z] [INFO] Attempting to insert section: "Psychiatric History"
[2025-03-19T21:59:12.862Z] [INFO] Inserted/updated section: Psychiatric History (ID: 306)
[2025-03-19T21:59:12.863Z] [INFO] Attempting to insert section: "Medical Conditions"
[2025-03-19T21:59:12.915Z] [INFO] Inserted/updated section: Medical Conditions (ID: 307)
[2025-03-19T21:59:12.916Z] [INFO] Attempting to insert section: "Substance Use History"
[2025-03-19T21:59:12.971Z] [INFO] Inserted/updated section: Substance Use History (ID: 308)
[2025-03-19T21:59:12.972Z] [INFO] Section ID map: {"Neurological History":305,"Psychiatric History":306,"Medical Conditions":307,"Substance Use History":308}
[2025-03-19T21:59:12.972Z] [INFO] Prepared 20 items for insertion (filtered from 20 total items)
[2025-03-19T21:59:13.031Z] [INFO] Inserted batch of 20 items (total: 20/20)
[2025-03-19T21:59:13.032Z] [INFO] Updating parent-child relationships...
[2025-03-19T21:59:13.032Z] [INFO] Completed parent-child relationship updates: 0 successful, 0 failed
[2025-03-19T21:59:13.033Z] [INFO] Successfully processed file past-medical.md: inserted 20 items
[2025-03-19T21:59:13.033Z] [INFO] Processing file: physical-exam.md
[2025-03-19T21:59:13.033Z] [INFO] Preprocessing file: physical-exam.md
[2025-03-19T21:59:13.034Z] [INFO] Using title as initial section: "Main" at line 0
[2025-03-19T21:59:13.034Z] [INFO] Found section: "Vital Signs" at line 2
[2025-03-19T21:59:13.035Z] [INFO] Found section: "General Appearance" at line 9
[2025-03-19T21:59:13.035Z] [INFO] Found section: "Neurological Exam" at line 14
[2025-03-19T21:59:13.035Z] [INFO] Found section: "Delirium Assessment Tools" at line 38
[2025-03-19T21:59:13.035Z] [INFO] Found section: "HEENT" at line 42
[2025-03-19T21:59:13.035Z] [INFO] Found section: "Cardiovascular" at line 45
[2025-03-19T21:59:13.035Z] [INFO] Found section: "Respiratory" at line 49
[2025-03-19T21:59:13.035Z] [INFO] Found section: "Abdominal" at line 53
[2025-03-19T21:59:13.035Z] [INFO] Found section: "Skin" at line 58
[2025-03-19T21:59:13.035Z] [INFO] Found section: "Toxidrome Assessment" at line 64
[2025-03-19T21:59:13.036Z] [INFO] Found 10 sections in file: Vital Signs, General Appearance, Neurological Exam, Delirium Assessment Tools, HEENT, Cardiovascular, Respiratory, Abdominal, Skin, Toxidrome Assessment
[2025-03-19T21:59:13.036Z] [INFO] Detected sections: ["Vital Signs","General Appearance","Neurological Exam","Delirium Assessment Tools","HEENT","Cardiovascular","Respiratory","Abdominal","Skin","Toxidrome Assessment"]
[2025-03-19T21:59:13.036Z] [INFO] Attempting to insert section: "Vital Signs"
[2025-03-19T21:59:13.089Z] [INFO] Inserted/updated section: Vital Signs (ID: 309)
[2025-03-19T21:59:13.090Z] [INFO] Attempting to insert section: "General Appearance"
[2025-03-19T21:59:13.153Z] [INFO] Inserted/updated section: General Appearance (ID: 310)
[2025-03-19T21:59:13.154Z] [INFO] Attempting to insert section: "Neurological Exam"
[2025-03-19T21:59:13.205Z] [INFO] Inserted/updated section: Neurological Exam (ID: 311)
[2025-03-19T21:59:13.205Z] [INFO] Attempting to insert section: "Delirium Assessment Tools"
[2025-03-19T21:59:13.251Z] [INFO] Inserted/updated section: Delirium Assessment Tools (ID: 312)
[2025-03-19T21:59:13.251Z] [INFO] Attempting to insert section: "HEENT"
[2025-03-19T21:59:13.298Z] [INFO] Inserted/updated section: HEENT (ID: 313)
[2025-03-19T21:59:13.298Z] [INFO] Attempting to insert section: "Cardiovascular"
[2025-03-19T21:59:13.350Z] [INFO] Inserted/updated section: Cardiovascular (ID: 314)
[2025-03-19T21:59:13.350Z] [INFO] Attempting to insert section: "Respiratory"
[2025-03-19T21:59:13.401Z] [INFO] Inserted/updated section: Respiratory (ID: 315)
[2025-03-19T21:59:13.402Z] [INFO] Attempting to insert section: "Abdominal"
[2025-03-19T21:59:13.454Z] [INFO] Inserted/updated section: Abdominal (ID: 316)
[2025-03-19T21:59:13.455Z] [INFO] Attempting to insert section: "Skin"
[2025-03-19T21:59:13.506Z] [INFO] Inserted/updated section: Skin (ID: 317)
[2025-03-19T21:59:13.507Z] [INFO] Attempting to insert section: "Toxidrome Assessment"
[2025-03-19T21:59:13.572Z] [INFO] Inserted/updated section: Toxidrome Assessment (ID: 318)
[2025-03-19T21:59:13.573Z] [INFO] Section ID map: {"Vital Signs":309,"General Appearance":310,"Neurological Exam":311,"Delirium Assessment Tools":312,"HEENT":313,"Cardiovascular":314,"Respiratory":315,"Abdominal":316,"Skin":317,"Toxidrome Assessment":318}
[2025-03-19T21:59:13.574Z] [INFO] Prepared 46 items for insertion (filtered from 46 total items)
[2025-03-19T21:59:13.632Z] [INFO] Inserted batch of 46 items (total: 46/46)
[2025-03-19T21:59:13.633Z] [INFO] Updating parent-child relationships...
[2025-03-19T21:59:14.485Z] [INFO] Completed parent-child relationship updates: 15 successful, 0 failed
[2025-03-19T21:59:14.486Z] [INFO] Successfully processed file physical-exam.md: inserted 46 items
[2025-03-19T21:59:14.487Z] [INFO] Processing file: lab-studies.md
[2025-03-19T21:59:14.487Z] [INFO] Preprocessing file: lab-studies.md
[2025-03-19T21:59:14.488Z] [INFO] Using title as initial section: "Main" at line 0
[2025-03-19T21:59:14.488Z] [INFO] Found section: "Point of Care Testing" at line 2
[2025-03-19T21:59:14.488Z] [INFO] Found section: "Basic Studies" at line 6
[2025-03-19T21:59:14.489Z] [INFO] Found section: "Extended Studies" at line 21
[2025-03-19T21:59:14.489Z] [INFO] Found section: "Blood Gas Analysis" at line 31
[2025-03-19T21:59:14.489Z] [INFO] Found section: "Microbiology" at line 42
[2025-03-19T21:59:14.490Z] [INFO] Found section: "Toxicology" at line 46
[2025-03-19T21:59:14.490Z] [INFO] Found section: "Cerebrospinal Fluid Analysis (if performed)" at line 51
[2025-03-19T21:59:14.491Z] [INFO] Found 7 sections in file: Point of Care Testing, Basic Studies, Extended Studies, Blood Gas Analysis, Microbiology, Toxicology, Cerebrospinal Fluid Analysis (if performed)
[2025-03-19T21:59:14.491Z] [INFO] Detected sections: ["Point of Care Testing","Basic Studies","Extended Studies","Blood Gas Analysis","Microbiology","Toxicology","Cerebrospinal Fluid Analysis (if performed)"]
[2025-03-19T21:59:14.492Z] [INFO] Attempting to insert section: "Point of Care Testing"
[2025-03-19T21:59:14.553Z] [INFO] Inserted/updated section: Point of Care Testing (ID: 319)
[2025-03-19T21:59:14.554Z] [INFO] Attempting to insert section: "Basic Studies"
[2025-03-19T21:59:14.617Z] [INFO] Inserted/updated section: Basic Studies (ID: 320)
[2025-03-19T21:59:14.618Z] [INFO] Attempting to insert section: "Extended Studies"
[2025-03-19T21:59:14.676Z] [INFO] Inserted/updated section: Extended Studies (ID: 321)
[2025-03-19T21:59:14.676Z] [INFO] Attempting to insert section: "Blood Gas Analysis"
[2025-03-19T21:59:14.731Z] [INFO] Inserted/updated section: Blood Gas Analysis (ID: 322)
[2025-03-19T21:59:14.732Z] [INFO] Attempting to insert section: "Microbiology"
[2025-03-19T21:59:14.785Z] [INFO] Inserted/updated section: Microbiology (ID: 323)
[2025-03-19T21:59:14.786Z] [INFO] Attempting to insert section: "Toxicology"
[2025-03-19T21:59:14.835Z] [INFO] Inserted/updated section: Toxicology (ID: 324)
[2025-03-19T21:59:14.835Z] [INFO] Attempting to insert section: "Cerebrospinal Fluid Analysis (if performed)"
[2025-03-19T21:59:14.896Z] [INFO] Inserted/updated section: Cerebrospinal Fluid Analysis (if performed) (ID: 325)
[2025-03-19T21:59:14.896Z] [INFO] Section ID map: {"Point of Care Testing":319,"Basic Studies":320,"Extended Studies":321,"Blood Gas Analysis":322,"Microbiology":323,"Toxicology":324,"Cerebrospinal Fluid Analysis (if performed)":325}
[2025-03-19T21:59:14.897Z] [INFO] Prepared 44 items for insertion (filtered from 44 total items)
[2025-03-19T21:59:14.959Z] [INFO] Inserted batch of 44 items (total: 44/44)
[2025-03-19T21:59:14.960Z] [INFO] Updating parent-child relationships...
[2025-03-19T21:59:15.805Z] [INFO] Completed parent-child relationship updates: 16 successful, 0 failed
[2025-03-19T21:59:15.806Z] [INFO] Successfully processed file lab-studies.md: inserted 44 items
[2025-03-19T21:59:15.806Z] [INFO] Processing file: imaging.md
[2025-03-19T21:59:15.807Z] [INFO] Preprocessing file: imaging.md
[2025-03-19T21:59:15.807Z] [INFO] Using title as initial section: "Main" at line 0
[2025-03-19T21:59:15.807Z] [INFO] Found section: "Cranial Imaging" at line 2
[2025-03-19T21:59:15.807Z] [INFO] Found section: "Chest Imaging" at line 12
[2025-03-19T21:59:15.807Z] [INFO] Found section: "Other Imaging" at line 17
[2025-03-19T21:59:15.807Z] [INFO] Found 3 sections in file: Cranial Imaging, Chest Imaging, Other Imaging
[2025-03-19T21:59:15.807Z] [INFO] Detected sections: ["Cranial Imaging","Chest Imaging","Other Imaging"]
[2025-03-19T21:59:15.807Z] [INFO] Attempting to insert section: "Cranial Imaging"
[2025-03-19T21:59:15.859Z] [INFO] Inserted/updated section: Cranial Imaging (ID: 326)
[2025-03-19T21:59:15.859Z] [INFO] Attempting to insert section: "Chest Imaging"
[2025-03-19T21:59:15.919Z] [INFO] Inserted/updated section: Chest Imaging (ID: 327)
[2025-03-19T21:59:15.920Z] [INFO] Attempting to insert section: "Other Imaging"
[2025-03-19T21:59:15.975Z] [INFO] Inserted/updated section: Other Imaging (ID: 328)
[2025-03-19T21:59:15.975Z] [INFO] Section ID map: {"Cranial Imaging":326,"Chest Imaging":327,"Other Imaging":328}
[2025-03-19T21:59:15.976Z] [INFO] Prepared 12 items for insertion (filtered from 12 total items)
[2025-03-19T21:59:16.035Z] [INFO] Inserted batch of 12 items (total: 12/12)
[2025-03-19T21:59:16.036Z] [INFO] Updating parent-child relationships...
[2025-03-19T21:59:16.337Z] [INFO] Completed parent-child relationship updates: 6 successful, 0 failed
[2025-03-19T21:59:16.337Z] [INFO] Successfully processed file imaging.md: inserted 12 items
[2025-03-19T21:59:16.338Z] [INFO] Processing file: special-tests.md
[2025-03-19T21:59:16.338Z] [INFO] Preprocessing file: special-tests.md
[2025-03-19T21:59:16.338Z] [INFO] Using title as initial section: "Main" at line 0
[2025-03-19T21:59:16.338Z] [INFO] Found section: "Neurological Tests" at line 2
[2025-03-19T21:59:16.338Z] [INFO] Found section: "Paracentesis (if applicable)" at line 8
[2025-03-19T21:59:16.339Z] [INFO] Found section: "Thoracentesis (if applicable)" at line 12
[2025-03-19T21:59:16.339Z] [INFO] Found section: "Lumbar Puncture" at line 16
[2025-03-19T21:59:16.339Z] [INFO] Found section: "Cognitive Assessment Tools" at line 20
[2025-03-19T21:59:16.339Z] [INFO] Found 5 sections in file: Neurological Tests, Paracentesis (if applicable), Thoracentesis (if applicable), Lumbar Puncture, Cognitive Assessment Tools
[2025-03-19T21:59:16.339Z] [INFO] Detected sections: ["Neurological Tests","Paracentesis (if applicable)","Thoracentesis (if applicable)","Lumbar Puncture","Cognitive Assessment Tools"]
[2025-03-19T21:59:16.339Z] [INFO] Attempting to insert section: "Neurological Tests"
[2025-03-19T21:59:16.392Z] [INFO] Inserted/updated section: Neurological Tests (ID: 329)
[2025-03-19T21:59:16.393Z] [INFO] Attempting to insert section: "Paracentesis (if applicable)"
[2025-03-19T21:59:16.441Z] [INFO] Inserted/updated section: Paracentesis (if applicable) (ID: 330)
[2025-03-19T21:59:16.441Z] [INFO] Attempting to insert section: "Thoracentesis (if applicable)"
[2025-03-19T21:59:16.497Z] [INFO] Inserted/updated section: Thoracentesis (if applicable) (ID: 331)
[2025-03-19T21:59:16.497Z] [INFO] Attempting to insert section: "Lumbar Puncture"
[2025-03-19T21:59:16.546Z] [INFO] Inserted/updated section: Lumbar Puncture (ID: 332)
[2025-03-19T21:59:16.547Z] [INFO] Attempting to insert section: "Cognitive Assessment Tools"
[2025-03-19T21:59:16.597Z] [INFO] Inserted/updated section: Cognitive Assessment Tools (ID: 333)
[2025-03-19T21:59:16.597Z] [INFO] Section ID map: {"Neurological Tests":329,"Paracentesis (if applicable)":330,"Thoracentesis (if applicable)":331,"Lumbar Puncture":332,"Cognitive Assessment Tools":333}
[2025-03-19T21:59:16.597Z] [INFO] Prepared 14 items for insertion (filtered from 14 total items)
[2025-03-19T21:59:16.649Z] [INFO] Inserted batch of 14 items (total: 14/14)
[2025-03-19T21:59:16.649Z] [INFO] Updating parent-child relationships...
[2025-03-19T21:59:16.808Z] [INFO] Completed parent-child relationship updates: 3 successful, 0 failed
[2025-03-19T21:59:16.808Z] [INFO] Successfully processed file special-tests.md: inserted 14 items
[2025-03-19T21:59:16.809Z] [INFO] Processing file: ecg.md
[2025-03-19T21:59:16.810Z] [INFO] Preprocessing file: ecg.md
[2025-03-19T21:59:16.810Z] [INFO] Using title as initial section: "Main" at line 0
[2025-03-19T21:59:16.811Z] [INFO] Found section: "ECG Findings" at line 2
[2025-03-19T21:59:16.811Z] [INFO] Found section: "Interpretation" at line 9
[2025-03-19T21:59:16.811Z] [INFO] Found 2 sections in file: ECG Findings, Interpretation
[2025-03-19T21:59:16.811Z] [INFO] Detected sections: ["ECG Findings","Interpretation"]
[2025-03-19T21:59:16.812Z] [INFO] Attempting to insert section: "ECG Findings"
[2025-03-19T21:59:16.859Z] [INFO] Inserted/updated section: ECG Findings (ID: 334)
[2025-03-19T21:59:16.859Z] [INFO] Attempting to insert section: "Interpretation"
[2025-03-19T21:59:16.925Z] [INFO] Inserted/updated section: Interpretation (ID: 335)
[2025-03-19T21:59:16.926Z] [INFO] Section ID map: {"ECG Findings":334,"Interpretation":335}
[2025-03-19T21:59:16.927Z] [INFO] Prepared 8 items for insertion (filtered from 8 total items)
[2025-03-19T21:59:16.976Z] [INFO] Inserted batch of 8 items (total: 8/8)
[2025-03-19T21:59:16.976Z] [INFO] Updating parent-child relationships...
[2025-03-19T21:59:16.976Z] [INFO] Completed parent-child relationship updates: 0 successful, 0 failed
[2025-03-19T21:59:16.976Z] [INFO] Successfully processed file ecg.md: inserted 8 items
[2025-03-19T21:59:16.976Z] [INFO] Processing file: assessment.md
[2025-03-19T21:59:16.976Z] [INFO] Preprocessing file: assessment.md
[2025-03-19T21:59:16.976Z] [INFO] Using title as initial section: "Main" at line 0
[2025-03-19T21:59:16.977Z] [INFO] Found section: "Primary Diagnosis" at line 2
[2025-03-19T21:59:16.977Z] [INFO] Found section: "Underlying Etiology (if identified)" at line 8
[2025-03-19T21:59:16.977Z] [INFO] Found section: "Severity Assessment" at line 15
[2025-03-19T21:59:16.977Z] [INFO] Found section: "Contributing Factors" at line 21
[2025-03-19T21:59:16.977Z] [INFO] Found section: "Prognostic Indicators" at line 29
[2025-03-19T21:59:16.977Z] [INFO] Found 5 sections in file: Primary Diagnosis, Underlying Etiology (if identified), Severity Assessment, Contributing Factors, Prognostic Indicators
[2025-03-19T21:59:16.977Z] [INFO] Detected sections: ["Primary Diagnosis","Underlying Etiology (if identified)","Severity Assessment","Contributing Factors","Prognostic Indicators"]
[2025-03-19T21:59:16.977Z] [INFO] Attempting to insert section: "Primary Diagnosis"
[2025-03-19T21:59:17.027Z] [INFO] Inserted/updated section: Primary Diagnosis (ID: 336)
[2025-03-19T21:59:17.027Z] [INFO] Attempting to insert section: "Underlying Etiology (if identified)"
[2025-03-19T21:59:17.093Z] [INFO] Inserted/updated section: Underlying Etiology (if identified) (ID: 337)
[2025-03-19T21:59:17.094Z] [INFO] Attempting to insert section: "Severity Assessment"
[2025-03-19T21:59:17.145Z] [INFO] Inserted/updated section: Severity Assessment (ID: 338)
[2025-03-19T21:59:17.146Z] [INFO] Attempting to insert section: "Contributing Factors"
[2025-03-19T21:59:17.196Z] [INFO] Inserted/updated section: Contributing Factors (ID: 339)
[2025-03-19T21:59:17.196Z] [INFO] Attempting to insert section: "Prognostic Indicators"
[2025-03-19T21:59:17.248Z] [INFO] Inserted/updated section: Prognostic Indicators (ID: 340)
[2025-03-19T21:59:17.249Z] [INFO] Section ID map: {"Primary Diagnosis":336,"Underlying Etiology (if identified)":337,"Severity Assessment":338,"Contributing Factors":339,"Prognostic Indicators":340}
[2025-03-19T21:59:17.249Z] [INFO] Prepared 22 items for insertion (filtered from 22 total items)
[2025-03-19T21:59:17.310Z] [INFO] Inserted batch of 22 items (total: 22/22)
[2025-03-19T21:59:17.310Z] [INFO] Updating parent-child relationships...
[2025-03-19T21:59:17.465Z] [INFO] Completed parent-child relationship updates: 3 successful, 0 failed
[2025-03-19T21:59:17.466Z] [INFO] Successfully processed file assessment.md: inserted 22 items
[2025-03-19T21:59:17.466Z] [INFO] Processing file: plan.md
[2025-03-19T21:59:17.467Z] [INFO] Preprocessing file: plan.md
[2025-03-19T21:59:17.467Z] [INFO] Using title as initial section: "Main" at line 0
[2025-03-19T21:59:17.467Z] [INFO] Found section: "Immediate Interventions" at line 2
[2025-03-19T21:59:17.468Z] [INFO] Found section: "Empirical Treatment" at line 14
[2025-03-19T21:59:17.468Z] [INFO] Found section: "Supportive Care" at line 19
[2025-03-19T21:59:17.468Z] [INFO] Found section: "Diagnostic Plan" at line 29
[2025-03-19T21:59:17.468Z] [INFO] Found section: "Treatment of Underlying Cause" at line 34
[2025-03-19T21:59:17.468Z] [INFO] Found 5 sections in file: Immediate Interventions, Empirical Treatment, Supportive Care, Diagnostic Plan, Treatment of Underlying Cause
[2025-03-19T21:59:17.468Z] [INFO] Detected sections: ["Immediate Interventions","Empirical Treatment","Supportive Care","Diagnostic Plan","Treatment of Underlying Cause"]
[2025-03-19T21:59:17.468Z] [INFO] Attempting to insert section: "Immediate Interventions"
[2025-03-19T21:59:17.523Z] [INFO] Inserted/updated section: Immediate Interventions (ID: 341)
[2025-03-19T21:59:17.523Z] [INFO] Attempting to insert section: "Empirical Treatment"
[2025-03-19T21:59:17.576Z] [INFO] Inserted/updated section: Empirical Treatment (ID: 342)
[2025-03-19T21:59:17.577Z] [INFO] Attempting to insert section: "Supportive Care"
[2025-03-19T21:59:17.642Z] [INFO] Inserted/updated section: Supportive Care (ID: 343)
[2025-03-19T21:59:17.643Z] [INFO] Attempting to insert section: "Diagnostic Plan"
[2025-03-19T21:59:17.703Z] [INFO] Inserted/updated section: Diagnostic Plan (ID: 344)
[2025-03-19T21:59:17.703Z] [INFO] Attempting to insert section: "Treatment of Underlying Cause"
[2025-03-19T21:59:17.755Z] [INFO] Inserted/updated section: Treatment of Underlying Cause (ID: 345)
[2025-03-19T21:59:17.756Z] [INFO] Section ID map: {"Immediate Interventions":341,"Empirical Treatment":342,"Supportive Care":343,"Diagnostic Plan":344,"Treatment of Underlying Cause":345}
[2025-03-19T21:59:17.756Z] [INFO] Prepared 25 items for insertion (filtered from 25 total items)
[2025-03-19T21:59:17.815Z] [INFO] Inserted batch of 25 items (total: 25/25)
[2025-03-19T21:59:17.816Z] [INFO] Updating parent-child relationships...
[2025-03-19T21:59:18.336Z] [INFO] Completed parent-child relationship updates: 10 successful, 0 failed
[2025-03-19T21:59:18.336Z] [INFO] Successfully processed file plan.md: inserted 25 items
[2025-03-19T21:59:18.336Z] [INFO] Processing file: disposition.md
[2025-03-19T21:59:18.336Z] [INFO] Preprocessing file: disposition.md
[2025-03-19T21:59:18.336Z] [INFO] Using title as initial section: "Main" at line 0
[2025-03-19T21:59:18.337Z] [INFO] Found section: "Disposition Decision" at line 2
[2025-03-19T21:59:18.337Z] [INFO] Found section: "Consults Obtained/Recommended" at line 10
[2025-03-19T21:59:18.337Z] [INFO] Found section: "Follow-up Recommendations" at line 16
[2025-03-19T21:59:18.337Z] [INFO] Found section: "Special Considerations" at line 21
[2025-03-19T21:59:18.337Z] [INFO] Found 4 sections in file: Disposition Decision, Consults Obtained/Recommended, Follow-up Recommendations, Special Considerations
[2025-03-19T21:59:18.337Z] [INFO] Detected sections: ["Disposition Decision","Consults Obtained/Recommended","Follow-up Recommendations","Special Considerations"]
[2025-03-19T21:59:18.337Z] [INFO] Attempting to insert section: "Disposition Decision"
[2025-03-19T21:59:18.388Z] [INFO] Inserted/updated section: Disposition Decision (ID: 346)
[2025-03-19T21:59:18.389Z] [INFO] Attempting to insert section: "Consults Obtained/Recommended"
[2025-03-19T21:59:18.441Z] [INFO] Inserted/updated section: Consults Obtained/Recommended (ID: 347)
[2025-03-19T21:59:18.442Z] [INFO] Attempting to insert section: "Follow-up Recommendations"
[2025-03-19T21:59:18.497Z] [INFO] Inserted/updated section: Follow-up Recommendations (ID: 348)
[2025-03-19T21:59:18.498Z] [INFO] Attempting to insert section: "Special Considerations"
[2025-03-19T21:59:18.627Z] [INFO] Inserted/updated section: Special Considerations (ID: 349)
[2025-03-19T21:59:18.628Z] [INFO] Section ID map: {"Disposition Decision":346,"Consults Obtained/Recommended":347,"Follow-up Recommendations":348,"Special Considerations":349}
[2025-03-19T21:59:18.628Z] [INFO] Prepared 15 items for insertion (filtered from 15 total items)
[2025-03-19T21:59:18.683Z] [INFO] Inserted batch of 15 items (total: 15/15)
[2025-03-19T21:59:18.684Z] [INFO] Updating parent-child relationships...
[2025-03-19T21:59:18.857Z] [INFO] Completed parent-child relationship updates: 3 successful, 0 failed
[2025-03-19T21:59:18.858Z] [INFO] Successfully processed file disposition.md: inserted 15 items
[2025-03-19T21:59:18.859Z] [INFO] Processing file: patient-education.md
[2025-03-19T21:59:18.859Z] [INFO] Preprocessing file: patient-education.md
[2025-03-19T21:59:18.860Z] [INFO] Using title as initial section: "Main" at line 0
[2025-03-19T21:59:18.860Z] [INFO] Found section: "Explanation to Patient/Family" at line 2
[2025-03-19T21:59:18.861Z] [INFO] Found section: "Education Points for Caregivers" at line 9
[2025-03-19T21:59:18.861Z] [INFO] Found section: "Follow-up Instructions" at line 20
[2025-03-19T21:59:18.861Z] [INFO] Found 3 sections in file: Explanation to Patient/Family, Education Points for Caregivers, Follow-up Instructions
[2025-03-19T21:59:18.862Z] [INFO] Detected sections: ["Explanation to Patient/Family","Education Points for Caregivers","Follow-up Instructions"]
[2025-03-19T21:59:18.862Z] [INFO] Attempting to insert section: "Explanation to Patient/Family"
[2025-03-19T21:59:18.914Z] [INFO] Inserted/updated section: Explanation to Patient/Family (ID: 350)
[2025-03-19T21:59:18.915Z] [INFO] Attempting to insert section: "Education Points for Caregivers"
[2025-03-19T21:59:18.968Z] [INFO] Inserted/updated section: Education Points for Caregivers (ID: 351)
[2025-03-19T21:59:18.969Z] [INFO] Attempting to insert section: "Follow-up Instructions"
[2025-03-19T21:59:19.025Z] [INFO] Inserted/updated section: Follow-up Instructions (ID: 352)
[2025-03-19T21:59:19.025Z] [INFO] Section ID map: {"Explanation to Patient/Family":350,"Education Points for Caregivers":351,"Follow-up Instructions":352}
[2025-03-19T21:59:19.026Z] [INFO] Prepared 17 items for insertion (filtered from 17 total items)
[2025-03-19T21:59:19.083Z] [INFO] Inserted batch of 17 items (total: 17/17)
[2025-03-19T21:59:19.084Z] [INFO] Updating parent-child relationships...
[2025-03-19T21:59:19.288Z] [INFO] Completed parent-child relationship updates: 4 successful, 0 failed
[2025-03-19T21:59:19.289Z] [INFO] Successfully processed file patient-education.md: inserted 17 items
[2025-03-19T21:59:19.289Z] [INFO] Completed processing chapter Ch13_Confusion: 18 files processed, 0 files had errors
[2025-03-19T21:59:19.290Z] [INFO] Migration completed: 1 chapters processed successfully, 0 chapters had errors
[2025-03-19T21:59:19.290Z] [INFO] Migration completed in 10.852 seconds
