[2025-03-19T18:16:26.956Z] [INFO] Starting migration...
[2025-03-19T18:16:26.957Z] [INFO] Ensuring database schema has required columns...
[2025-03-19T18:16:27.058Z] [WARN] Warning: Could not verify schema columns. If they do not exist, the migration may fail.
[2025-03-19T18:16:27.058Z] [WARN] Error details: Could not find the function public.execute_sql(sql_query) in the schema cache
[2025-03-19T18:16:27.058Z] [INFO] Inserting categories...
[2025-03-19T18:16:27.156Z] [INFO] All categories already exist, skipping insertion
[2025-03-19T18:16:27.156Z] [INFO] Found 1 chapter directories to process
[2025-03-19T18:16:27.157Z] [INFO] Processing chapter: Ch14_Seizures
[2025-03-19T18:16:27.260Z] [INFO] Inserted/updated chapter: Seizures (ID: 568)
[2025-03-19T18:16:27.262Z] [INFO] Processing file: history.md
[2025-03-19T18:16:27.319Z] [INFO] Inserted/updated section: Onset (ID: 963)
[2025-03-19T18:16:27.388Z] [INFO] Inserted item: "Abrupt onset..." (ID: 7112, indent: 0)
[2025-03-19T18:16:27.454Z] [INFO] Inserted item: "Preceding events..." (ID: 7113, indent: 0)
[2025-03-19T18:16:27.536Z] [INFO] Inserted item: "Sleep deprivation..." (ID: 7114, indent: 1)
[2025-03-19T18:16:27.607Z] [INFO] Inserted item: "Missed medications..." (ID: 7115, indent: 1)
[2025-03-19T18:16:27.670Z] [INFO] Inserted item: "New medications..." (ID: 7116, indent: 1)
[2025-03-19T18:16:27.734Z] [INFO] Inserted item: "Alcohol use..." (ID: 7117, indent: 1)
[2025-03-19T18:16:27.792Z] [INFO] Inserted item: "Substance use..." (ID: 7118, indent: 1)
[2025-03-19T18:16:27.845Z] [INFO] Inserted item: "Infections..." (ID: 7119, indent: 1)
[2025-03-19T18:16:27.898Z] [INFO] Inserted item: "Other inciting events: _____..." (ID: 7120, indent: 1)
[2025-03-19T18:16:27.954Z] [INFO] Inserted/updated section: Aura (Focal Seizures) (ID: 964)
[2025-03-19T18:16:28.020Z] [INFO] Inserted item: "Perception alterations:..." (ID: 7121, indent: 0)
[2025-03-19T18:16:28.074Z] [INFO] Inserted item: "Visual: _____..." (ID: 7122, indent: 1)
[2025-03-19T18:16:28.129Z] [INFO] Inserted item: "Smell: _____..." (ID: 7123, indent: 1)
[2025-03-19T18:16:28.192Z] [INFO] Inserted item: "Tactile: _____..." (ID: 7124, indent: 1)
[2025-03-19T18:16:28.246Z] [INFO] Inserted item: "Auditory: _____..." (ID: 7125, indent: 1)
[2025-03-19T18:16:28.300Z] [INFO] Inserted item: "Gastric heave: _____..." (ID: 7126, indent: 1)
[2025-03-19T18:16:28.361Z] [INFO] Inserted item: "Impending doom: _____..." (ID: 7127, indent: 1)
[2025-03-19T18:16:28.420Z] [INFO] Inserted item: "Anxiety: _____..." (ID: 7128, indent: 1)
[2025-03-19T18:16:28.473Z] [INFO] Inserted item: "Irrational fear: _____..." (ID: 7129, indent: 1)
[2025-03-19T18:16:28.525Z] [INFO] Inserted/updated section: Duration (ID: 965)
[2025-03-19T18:16:28.587Z] [INFO] Inserted item: "Duration of seizure: _____ sec..." (ID: 7130, indent: 0)
[2025-03-19T18:16:28.643Z] [INFO] Inserted item: "Self-limited (<60-120 seconds)..." (ID: 7131, indent: 0)
[2025-03-19T18:16:28.704Z] [INFO] Inserted item: "Prolonged (>5 minutes, status ..." (ID: 7132, indent: 0)
[2025-03-19T18:16:28.757Z] [INFO] Inserted/updated section: Characteristics (ID: 966)
[2025-03-19T18:16:28.805Z] [INFO] Inserted item: "Alteration of consciousness..." (ID: 7133, indent: 0)
[2025-03-19T18:16:28.856Z] [INFO] Inserted item: "Focal aware (consciousness pre..." (ID: 7134, indent: 1)
[2025-03-19T18:16:28.909Z] [INFO] Inserted item: "Focal impaired awareness..." (ID: 7135, indent: 1)
[2025-03-19T18:16:28.959Z] [INFO] Inserted item: "Generalized (consciousness los..." (ID: 7136, indent: 1)
[2025-03-19T18:16:29.009Z] [INFO] Inserted item: "Purposeless, stereotypic movem..." (ID: 7137, indent: 0)
[2025-03-19T18:16:29.062Z] [INFO] Inserted item: "Non-suppressible movements..." (ID: 7138, indent: 0)
[2025-03-19T18:16:29.112Z] [INFO] Inserted item: "Automatisms..." (ID: 7139, indent: 0)
[2025-03-19T18:16:29.165Z] [INFO] Inserted item: "Oral movements (lip smacking, ..." (ID: 7140, indent: 1)
[2025-03-19T18:16:29.213Z] [INFO] Inserted item: "Repetitive vocalizations..." (ID: 7141, indent: 1)
[2025-03-19T18:16:29.271Z] [INFO] Inserted item: "Finger movements..." (ID: 7142, indent: 1)
[2025-03-19T18:16:29.321Z] [INFO] Inserted item: "Picking at sheets/clothing..." (ID: 7143, indent: 1)
[2025-03-19T18:16:29.378Z] [INFO] Inserted/updated section: Postictal State (ID: 967)
[2025-03-19T18:16:29.435Z] [INFO] Inserted item: "Duration: _____ minutes/hours..." (ID: 7144, indent: 0)
[2025-03-19T18:16:29.491Z] [INFO] Inserted item: "Manifestations:..." (ID: 7145, indent: 0)
[2025-03-19T18:16:29.549Z] [INFO] Inserted item: "Lethargy..." (ID: 7146, indent: 1)
[2025-03-19T18:16:29.602Z] [INFO] Inserted item: "Confusion..." (ID: 7147, indent: 1)
[2025-03-19T18:16:29.671Z] [INFO] Inserted item: "Impaired recollection..." (ID: 7148, indent: 1)
[2025-03-19T18:16:29.725Z] [INFO] Inserted item: "Transient neurologic deficit (..." (ID: 7149, indent: 1)
[2025-03-19T18:16:29.777Z] [INFO] Inserted item: "Sensory deficit..." (ID: 7150, indent: 1)
[2025-03-19T18:16:29.831Z] [INFO] Inserted item: "Motor deficit..." (ID: 7151, indent: 1)
[2025-03-19T18:16:29.885Z] [INFO] Inserted item: "Visual deficit..." (ID: 7152, indent: 1)
[2025-03-19T18:16:29.937Z] [INFO] Inserted item: "Cognitive deficit..." (ID: 7153, indent: 1)
[2025-03-19T18:16:29.998Z] [INFO] Inserted item: "Emotional changes..." (ID: 7154, indent: 1)
[2025-03-19T18:16:30.051Z] [INFO] Inserted/updated section: Recent Events (ID: 968)
[2025-03-19T18:16:30.113Z] [INFO] Inserted item: "Recent illness..." (ID: 7155, indent: 0)
[2025-03-19T18:16:30.173Z] [INFO] Inserted item: "Recent trauma..." (ID: 7156, indent: 0)
[2025-03-19T18:16:30.225Z] [INFO] Inserted item: "Sleep deprivation..." (ID: 7157, indent: 0)
[2025-03-19T18:16:30.281Z] [INFO] Inserted item: "Missed antiseizure medications..." (ID: 7158, indent: 0)
[2025-03-19T18:16:30.338Z] [INFO] Inserted item: "Change in dosing regimen..." (ID: 7159, indent: 0)
[2025-03-19T18:16:30.390Z] [INFO] Inserted item: "Change in ictal pattern..." (ID: 7160, indent: 0)
[2025-03-19T18:16:30.466Z] [INFO] Inserted item: "In women of reproductive age:..." (ID: 7161, indent: 0)
[2025-03-19T18:16:30.551Z] [INFO] Inserted item: "Catamenial exacerbation (seizu..." (ID: 7162, indent: 1)
[2025-03-19T18:16:30.606Z] [INFO] Inserted item: "Pregnancy (affecting drug clea..." (ID: 7163, indent: 1)
[2025-03-19T18:16:30.607Z] [INFO] Completed processing file: history.md
[2025-03-19T18:16:30.608Z] [INFO] Processing file: alarm-features.md
[2025-03-19T18:16:30.670Z] [INFO] Inserted/updated section: Critical Diagnoses (ID: 969)
[2025-03-19T18:16:30.729Z] [INFO] Inserted item: "Status epilepticus..." (ID: 7164, indent: 0)
[2025-03-19T18:16:30.786Z] [INFO] Inserted item: "Convulsive..." (ID: 7165, indent: 1)
[2025-03-19T18:16:30.838Z] [INFO] Inserted item: "Nonconvulsive..." (ID: 7166, indent: 1)
[2025-03-19T18:16:30.891Z] [INFO] Inserted item: "Specialized treatment conditio..." (ID: 7167, indent: 0)
[2025-03-19T18:16:30.958Z] [INFO] Inserted item: "Eclampsia (seizures after 20 w..." (ID: 7168, indent: 1)
[2025-03-19T18:16:31.012Z] [INFO] Inserted item: "Toxic ingestion:..." (ID: 7169, indent: 1)
[2025-03-19T18:16:31.072Z] [INFO] Inserted item: "Isoniazid..." (ID: 7170, indent: 2)
[2025-03-19T18:16:31.131Z] [INFO] Inserted item: "Lithium..." (ID: 7171, indent: 2)
[2025-03-19T18:16:31.197Z] [INFO] Inserted item: "Tricyclic antidepressants..." (ID: 7172, indent: 2)
[2025-03-19T18:16:31.249Z] [INFO] Inserted item: "Hypoglycemia..." (ID: 7173, indent: 1)
[2025-03-19T18:16:31.299Z] [INFO] Inserted item: "Hyponatremia..." (ID: 7174, indent: 1)
[2025-03-19T18:16:31.356Z] [INFO] Inserted item: "Hypocalcemia..." (ID: 7175, indent: 1)
[2025-03-19T18:16:31.414Z] [INFO] Inserted item: "Increased intracranial pressur..." (ID: 7176, indent: 1)
[2025-03-19T18:16:31.466Z] [INFO] Inserted/updated section: Emergent Diagnoses (ID: 970)
[2025-03-19T18:16:31.525Z] [INFO] Inserted item: "Infection..." (ID: 7177, indent: 0)
[2025-03-19T18:16:31.574Z] [INFO] Inserted item: "Acute brain injury:..." (ID: 7178, indent: 0)
[2025-03-19T18:16:31.625Z] [INFO] Inserted item: "Ischemic stroke..." (ID: 7179, indent: 1)
[2025-03-19T18:16:31.687Z] [INFO] Inserted item: "Hemorrhagic stroke..." (ID: 7180, indent: 1)
[2025-03-19T18:16:31.753Z] [INFO] Inserted item: "Traumatic brain injury..." (ID: 7181, indent: 1)
[2025-03-19T18:16:31.803Z] [INFO] Inserted item: "Cerebral venous thrombosis..." (ID: 7182, indent: 1)
[2025-03-19T18:16:31.857Z] [INFO] Inserted/updated section: Warning Signs (ID: 971)
[2025-03-19T18:16:31.920Z] [INFO] Inserted item: "Persistent altered consciousne..." (ID: 7183, indent: 0)
[2025-03-19T18:16:31.979Z] [INFO] Inserted item: "Evidence of ongoing subtle con..." (ID: 7184, indent: 0)
[2025-03-19T18:16:32.028Z] [INFO] Inserted item: "Abnormal eye movements..." (ID: 7185, indent: 1)
[2025-03-19T18:16:32.078Z] [INFO] Inserted item: "Facial myoclonus..." (ID: 7186, indent: 1)
[2025-03-19T18:16:32.134Z] [INFO] Inserted item: "Persistent focal neurologic de..." (ID: 7187, indent: 0)
[2025-03-19T18:16:32.192Z] [INFO] Inserted item: "Severe headache..." (ID: 7188, indent: 0)
[2025-03-19T18:16:32.254Z] [INFO] Inserted item: "Thunderclap headache (maximum ..." (ID: 7189, indent: 0)
[2025-03-19T18:16:32.310Z] [INFO] Inserted item: "Associated neurologic deficits..." (ID: 7190, indent: 0)
[2025-03-19T18:16:32.362Z] [INFO] Inserted item: "Meningismus..." (ID: 7191, indent: 0)
[2025-03-19T18:16:32.422Z] [INFO] Inserted item: "Fever..." (ID: 7192, indent: 0)
[2025-03-19T18:16:32.477Z] [INFO] Inserted/updated section: High-Risk Populations for Nonconvulsive Status Epilepticus (ID: 972)
[2025-03-19T18:16:32.533Z] [INFO] Inserted item: "Acute brain injury..." (ID: 7193, indent: 0)
[2025-03-19T18:16:32.598Z] [INFO] Inserted item: "Remote brain injury..." (ID: 7194, indent: 0)
[2025-03-19T18:16:32.659Z] [INFO] Inserted item: "Prior craniotomy..." (ID: 7195, indent: 0)
[2025-03-19T18:16:32.710Z] [INFO] Inserted item: "Toxic exposure..." (ID: 7196, indent: 0)
[2025-03-19T18:16:32.763Z] [INFO] Inserted item: "Sepsis..." (ID: 7197, indent: 0)
[2025-03-19T18:16:32.815Z] [INFO] Inserted item: "Renal failure..." (ID: 7198, indent: 0)
[2025-03-19T18:16:32.872Z] [INFO] Inserted item: "Liver failure..." (ID: 7199, indent: 0)
[2025-03-19T18:16:32.873Z] [INFO] Completed processing file: alarm-features.md
[2025-03-19T18:16:32.874Z] [INFO] Processing file: medications.md
[2025-03-19T18:16:32.923Z] [INFO] Inserted/updated section: Current Antiseizure Medications (ID: 973)
[2025-03-19T18:16:32.992Z] [INFO] Inserted item: "First-line agents:..." (ID: 7200, indent: 0)
[2025-03-19T18:16:33.052Z] [INFO] Inserted item: "Benzodiazepines:..." (ID: 7201, indent: 1)
[2025-03-19T18:16:33.111Z] [INFO] Inserted item: "Diazepam: _____ mg..." (ID: 7202, indent: 2)
[2025-03-19T18:16:33.170Z] [INFO] Inserted item: "Lorazepam: _____ mg..." (ID: 7203, indent: 2)
[2025-03-19T18:16:33.226Z] [INFO] Inserted item: "Midazolam: _____ mg..." (ID: 7204, indent: 2)
[2025-03-19T18:16:33.280Z] [INFO] Inserted item: "Second-line agents:..." (ID: 7205, indent: 0)
[2025-03-19T18:16:33.332Z] [INFO] Inserted item: "Levetiracetam: _____ mg..." (ID: 7206, indent: 1)
[2025-03-19T18:16:33.383Z] [INFO] Inserted item: "Fosphenytoin: _____ mg..." (ID: 7207, indent: 1)
[2025-03-19T18:16:33.437Z] [INFO] Inserted item: "Lacosamide: _____ mg..." (ID: 7208, indent: 1)
[2025-03-19T18:16:33.491Z] [INFO] Inserted item: "Phenobarbital: _____ mg..." (ID: 7209, indent: 1)
[2025-03-19T18:16:33.547Z] [INFO] Inserted item: "Phenytoin: _____ mg..." (ID: 7210, indent: 1)
[2025-03-19T18:16:33.597Z] [INFO] Inserted item: "Valproic acid: _____ mg..." (ID: 7211, indent: 1)
[2025-03-19T18:16:33.649Z] [INFO] Inserted item: "Other antiseizure drugs:..." (ID: 7212, indent: 0)
[2025-03-19T18:16:33.700Z] [INFO] Inserted item: "Carbamazepine: _____ mg..." (ID: 7213, indent: 1)
[2025-03-19T18:16:33.753Z] [INFO] Inserted item: "Lamotrigine: _____ mg..." (ID: 7214, indent: 1)
[2025-03-19T18:16:33.804Z] [INFO] Inserted item: "Topiramate: _____ mg..." (ID: 7215, indent: 1)
[2025-03-19T18:16:33.855Z] [INFO] Inserted item: "Oxcarbazepine: _____ mg..." (ID: 7216, indent: 1)
[2025-03-19T18:16:33.914Z] [INFO] Inserted item: "Other: _____ mg..." (ID: 7217, indent: 1)
[2025-03-19T18:16:33.966Z] [INFO] Inserted/updated section: Medication Compliance (ID: 974)
[2025-03-19T18:16:34.018Z] [INFO] Inserted item: "Last dose taken: _____..." (ID: 7218, indent: 0)
[2025-03-19T18:16:34.077Z] [INFO] Inserted item: "Missed doses..." (ID: 7219, indent: 0)
[2025-03-19T18:16:34.132Z] [INFO] Inserted item: "Subtherapeutic level documente..." (ID: 7220, indent: 0)
[2025-03-19T18:16:34.182Z] [INFO] Inserted item: "Dose recently changed..." (ID: 7221, indent: 0)
[2025-03-19T18:16:34.234Z] [INFO] Inserted/updated section: Other Medications (ID: 975)
[2025-03-19T18:16:34.285Z] [INFO] Inserted item: "Medications with epileptogenic..." (ID: 7222, indent: 0)
[2025-03-19T18:16:34.337Z] [INFO] Inserted item: "Lithium..." (ID: 7223, indent: 1)
[2025-03-19T18:16:34.390Z] [INFO] Inserted item: "Other: _____..." (ID: 7224, indent: 1)
[2025-03-19T18:16:34.449Z] [INFO] Inserted item: "Medications with potential dru..." (ID: 7225, indent: 0)
[2025-03-19T18:16:34.449Z] [INFO] Completed processing file: medications.md
[2025-03-19T18:16:34.450Z] [INFO] Processing file: diet.md
[2025-03-19T18:16:34.515Z] [INFO] Inserted/updated section: Nutritional Status (ID: 976)
[2025-03-19T18:16:34.569Z] [INFO] Inserted item: "Malnutrition (risk factor for ..." (ID: 7226, indent: 0)
[2025-03-19T18:16:34.623Z] [INFO] Inserted item: "Chronic alcoholism (risk facto..." (ID: 7227, indent: 0)
[2025-03-19T18:16:34.674Z] [INFO] Inserted item: "Water intoxication (risk for h..." (ID: 7228, indent: 0)
[2025-03-19T18:16:34.726Z] [INFO] Inserted item: "Recent dietary changes: _____..." (ID: 7229, indent: 0)
[2025-03-19T18:16:34.778Z] [INFO] Inserted/updated section: Fluid Intake (ID: 977)
[2025-03-19T18:16:34.830Z] [INFO] Inserted item: "Excessive water intake..." (ID: 7230, indent: 0)
[2025-03-19T18:16:34.882Z] [INFO] Inserted item: "Inadequate intake..." (ID: 7231, indent: 0)
[2025-03-19T18:16:34.934Z] [INFO] Inserted item: "Normal intake..." (ID: 7232, indent: 0)
[2025-03-19T18:16:34.984Z] [INFO] Inserted/updated section: Dietary Restrictions (ID: 978)
[2025-03-19T18:16:35.035Z] [INFO] Inserted item: "Specific diet related to seizu..." (ID: 7233, indent: 0)
[2025-03-19T18:16:35.086Z] [INFO] Inserted/updated section: Alcohol Consumption (ID: 979)
[2025-03-19T18:16:35.151Z] [INFO] Inserted item: "Recent alcohol intake..." (ID: 7234, indent: 0)
[2025-03-19T18:16:35.205Z] [INFO] Inserted item: "Chronic alcohol use..." (ID: 7235, indent: 0)
[2025-03-19T18:16:35.206Z] [INFO] Completed processing file: diet.md
[2025-03-19T18:16:35.207Z] [INFO] Processing file: review-systems.md
[2025-03-19T18:16:35.267Z] [INFO] Inserted/updated section: Neurological (ID: 980)
[2025-03-19T18:16:35.320Z] [INFO] Inserted item: "Headache..." (ID: 7236, indent: 0)
[2025-03-19T18:16:35.370Z] [INFO] Inserted item: "Vision changes..." (ID: 7237, indent: 0)
[2025-03-19T18:16:35.420Z] [INFO] Inserted item: "Confusion..." (ID: 7238, indent: 0)
[2025-03-19T18:16:35.472Z] [INFO] Inserted item: "Altered mental status..." (ID: 7239, indent: 0)
[2025-03-19T18:16:35.525Z] [INFO] Inserted item: "Dizziness/vertigo..." (ID: 7240, indent: 0)
[2025-03-19T18:16:35.582Z] [INFO] Inserted item: "Weakness..." (ID: 7241, indent: 0)
[2025-03-19T18:16:35.641Z] [INFO] Inserted item: "Numbness..." (ID: 7242, indent: 0)
[2025-03-19T18:16:35.697Z] [INFO] Inserted item: "Gait disturbances..." (ID: 7243, indent: 0)
[2025-03-19T18:16:35.748Z] [INFO] Inserted/updated section: Cardiovascular (ID: 981)
[2025-03-19T18:16:35.799Z] [INFO] Inserted item: "Palpitations..." (ID: 7244, indent: 0)
[2025-03-19T18:16:35.850Z] [INFO] Inserted item: "Chest pain..." (ID: 7245, indent: 0)
[2025-03-19T18:16:35.907Z] [INFO] Inserted item: "Syncope..." (ID: 7246, indent: 0)
[2025-03-19T18:16:35.958Z] [INFO] Inserted item: "Orthostatic symptoms..." (ID: 7247, indent: 0)
[2025-03-19T18:16:36.014Z] [INFO] Inserted/updated section: Respiratory (ID: 982)
[2025-03-19T18:16:36.070Z] [INFO] Inserted item: "Dyspnea..." (ID: 7248, indent: 0)
[2025-03-19T18:16:36.127Z] [INFO] Inserted item: "Aspiration..." (ID: 7249, indent: 0)
[2025-03-19T18:16:36.177Z] [INFO] Inserted item: "Respiratory changes during eve..." (ID: 7250, indent: 0)
[2025-03-19T18:16:36.231Z] [INFO] Inserted/updated section: Gastrointestinal (ID: 983)
[2025-03-19T18:16:36.285Z] [INFO] Inserted item: "Nausea..." (ID: 7251, indent: 0)
[2025-03-19T18:16:36.338Z] [INFO] Inserted item: "Vomiting..." (ID: 7252, indent: 0)
[2025-03-19T18:16:36.391Z] [INFO] Inserted item: "Epigastric rising sensation..." (ID: 7253, indent: 0)
[2025-03-19T18:16:36.443Z] [INFO] Inserted/updated section: Genitourinary (ID: 984)
[2025-03-19T18:16:36.494Z] [INFO] Inserted item: "Urinary incontinence..." (ID: 7254, indent: 0)
[2025-03-19T18:16:36.546Z] [INFO] Inserted/updated section: Musculoskeletal (ID: 985)
[2025-03-19T18:16:36.598Z] [INFO] Inserted item: "Back pain..." (ID: 7255, indent: 0)
[2025-03-19T18:16:36.647Z] [INFO] Inserted item: "Shoulder pain (potential dislo..." (ID: 7256, indent: 0)
[2025-03-19T18:16:36.702Z] [INFO] Inserted item: "Tongue injury..." (ID: 7257, indent: 0)
[2025-03-19T18:16:36.770Z] [INFO] Inserted item: "Other injury during seizure..." (ID: 7258, indent: 0)
[2025-03-19T18:16:36.828Z] [INFO] Inserted/updated section: Constitutional (ID: 986)
[2025-03-19T18:16:36.879Z] [INFO] Inserted item: "Fever..." (ID: 7259, indent: 0)
[2025-03-19T18:16:36.934Z] [INFO] Inserted item: "Fatigue..." (ID: 7260, indent: 0)
[2025-03-19T18:16:36.987Z] [INFO] Inserted item: "Recent weight changes..." (ID: 7261, indent: 0)
[2025-03-19T18:16:37.037Z] [INFO] Inserted/updated section: Psychiatric (ID: 987)
[2025-03-19T18:16:37.096Z] [INFO] Inserted item: "Emotional changes..." (ID: 7262, indent: 0)
[2025-03-19T18:16:37.144Z] [INFO] Inserted item: "Déjà vu..." (ID: 7263, indent: 0)
[2025-03-19T18:16:37.196Z] [INFO] Inserted item: "Hallucinations..." (ID: 7264, indent: 0)
[2025-03-19T18:16:37.260Z] [INFO] Inserted item: "Illusions..." (ID: 7265, indent: 0)
[2025-03-19T18:16:37.306Z] [INFO] Inserted item: "Perceptual distortions..." (ID: 7266, indent: 0)
[2025-03-19T18:16:37.306Z] [INFO] Completed processing file: review-systems.md
[2025-03-19T18:16:37.306Z] [INFO] Processing file: collateral-history.md
[2025-03-19T18:16:37.355Z] [INFO] Inserted/updated section: Bystander Information (ID: 988)
[2025-03-19T18:16:37.407Z] [INFO] Inserted item: "Event witnessed..." (ID: 7267, indent: 0)
[2025-03-19T18:16:37.457Z] [INFO] Inserted item: "Name of witness: _____..." (ID: 7268, indent: 1)
[2025-03-19T18:16:37.508Z] [INFO] Inserted item: "Relationship to patient: _____..." (ID: 7269, indent: 1)
[2025-03-19T18:16:37.558Z] [INFO] Inserted item: "Detailed description of event ..." (ID: 7270, indent: 0)
[2025-03-19T18:16:37.613Z] [INFO] Inserted item: "Duration of seizure activity o..." (ID: 7271, indent: 0)
[2025-03-19T18:16:37.673Z] [INFO] Inserted item: "Description of movements..." (ID: 7272, indent: 0)
[2025-03-19T18:16:37.726Z] [INFO] Inserted item: "Tonic phase (stiffening)..." (ID: 7273, indent: 1)
[2025-03-19T18:16:37.783Z] [INFO] Inserted item: "Clonic phase (rhythmic jerking..." (ID: 7274, indent: 1)
[2025-03-19T18:16:37.837Z] [INFO] Inserted item: "Automatisms observed..." (ID: 7275, indent: 1)
[2025-03-19T18:16:37.888Z] [INFO] Inserted item: "Loss of consciousness observed..." (ID: 7276, indent: 0)
[2025-03-19T18:16:37.940Z] [INFO] Inserted item: "Preceding aura reported by pat..." (ID: 7277, indent: 0)
[2025-03-19T18:16:37.996Z] [INFO] Inserted item: "Postictal behavior observed..." (ID: 7278, indent: 0)
[2025-03-19T18:16:38.046Z] [INFO] Inserted/updated section: EMS Report (ID: 989)
[2025-03-19T18:16:38.181Z] [INFO] Inserted item: "Seizure ongoing at arrival..." (ID: 7279, indent: 0)
[2025-03-19T18:16:38.240Z] [INFO] Inserted item: "Seizure terminated before arri..." (ID: 7280, indent: 0)
[2025-03-19T18:16:38.294Z] [INFO] Inserted item: "Interventions performed:..." (ID: 7281, indent: 0)
[2025-03-19T18:16:38.347Z] [INFO] Inserted item: "Airway management..." (ID: 7282, indent: 1)
[2025-03-19T18:16:38.403Z] [INFO] Inserted item: "Medications administered: ____..." (ID: 7283, indent: 1)
[2025-03-19T18:16:38.458Z] [INFO] Inserted item: "Vital signs documented: _____..." (ID: 7284, indent: 1)
[2025-03-19T18:16:38.513Z] [INFO] Inserted/updated section: Previous Medical Records (ID: 990)
[2025-03-19T18:16:38.567Z] [INFO] Inserted item: "Previous similar events..." (ID: 7285, indent: 0)
[2025-03-19T18:16:38.620Z] [INFO] Inserted item: "Known epilepsy diagnosis..." (ID: 7286, indent: 0)
[2025-03-19T18:16:38.677Z] [INFO] Inserted item: "Prior EEG findings: _____..." (ID: 7287, indent: 0)
[2025-03-19T18:16:38.727Z] [INFO] Inserted item: "Prior imaging findings: _____..." (ID: 7288, indent: 0)
[2025-03-19T18:16:38.782Z] [INFO] Inserted item: "Previous antiseizure drug regi..." (ID: 7289, indent: 0)
[2025-03-19T18:16:38.783Z] [INFO] Completed processing file: collateral-history.md
[2025-03-19T18:16:38.783Z] [INFO] Processing file: risk-factors.md
[2025-03-19T18:16:38.836Z] [INFO] Inserted/updated section: Demographic Factors (ID: 991)
[2025-03-19T18:16:38.898Z] [INFO] Inserted item: "Age:..." (ID: 7290, indent: 0)
[2025-03-19T18:16:38.974Z] [INFO] Inserted item: "Infant (high risk for febrile ..." (ID: 7291, indent: 1)
[2025-03-19T18:16:39.028Z] [INFO] Inserted item: ">75 years (high risk for struc..." (ID: 7292, indent: 1)
[2025-03-19T18:16:39.093Z] [INFO] Inserted item: "Gender..." (ID: 7293, indent: 0)
[2025-03-19T18:16:39.145Z] [INFO] Inserted/updated section: Neurological Factors (ID: 992)
[2025-03-19T18:16:39.205Z] [INFO] Inserted item: "Known brain lesions..." (ID: 7294, indent: 0)
[2025-03-19T18:16:39.253Z] [INFO] Inserted item: "Structural brain disease..." (ID: 7295, indent: 0)
[2025-03-19T18:16:39.304Z] [INFO] Inserted item: "Neurodegenerative disease..." (ID: 7296, indent: 0)
[2025-03-19T18:16:39.354Z] [INFO] Inserted item: "Previous brain injury..." (ID: 7297, indent: 0)
[2025-03-19T18:16:39.406Z] [INFO] Inserted item: "Prior neuroimaging abnormaliti..." (ID: 7298, indent: 0)
[2025-03-19T18:16:39.461Z] [INFO] Inserted item: "Prior EEG abnormalities..." (ID: 7299, indent: 0)
[2025-03-19T18:16:39.515Z] [INFO] Inserted item: "History of epilepsy..." (ID: 7300, indent: 0)
[2025-03-19T18:16:39.570Z] [INFO] Inserted item: "Nocturnal seizures..." (ID: 7301, indent: 0)
[2025-03-19T18:16:39.623Z] [INFO] Inserted/updated section: Medical Conditions (ID: 993)
[2025-03-19T18:16:39.674Z] [INFO] Inserted item: "HIV-positive status..." (ID: 7302, indent: 0)
[2025-03-19T18:16:39.729Z] [INFO] Inserted item: "Renal disease..." (ID: 7303, indent: 0)
[2025-03-19T18:16:39.783Z] [INFO] Inserted item: "Hepatic disease..." (ID: 7304, indent: 0)
[2025-03-19T18:16:39.834Z] [INFO] Inserted item: "Pregnancy (>20 weeks or <8 wee..." (ID: 7305, indent: 0)
[2025-03-19T18:16:39.886Z] [INFO] Inserted/updated section: Modifiable Factors (ID: 994)
[2025-03-19T18:16:39.933Z] [INFO] Inserted item: "Sleep deprivation..." (ID: 7306, indent: 0)
[2025-03-19T18:16:39.983Z] [INFO] Inserted item: "Alcohol use..." (ID: 7307, indent: 0)
[2025-03-19T18:16:40.032Z] [INFO] Inserted item: "Substance use..." (ID: 7308, indent: 0)
[2025-03-19T18:16:40.081Z] [INFO] Inserted item: "Medication non-compliance..." (ID: 7309, indent: 0)
[2025-03-19T18:16:40.138Z] [INFO] Inserted item: "Recent medication changes with..." (ID: 7310, indent: 0)
[2025-03-19T18:16:40.193Z] [INFO] Inserted/updated section: Exposure Risk (ID: 995)
[2025-03-19T18:16:40.249Z] [INFO] Inserted item: "Toxin exposure..." (ID: 7311, indent: 0)
[2025-03-19T18:16:40.308Z] [INFO] Inserted item: "Medication with seizure-loweri..." (ID: 7312, indent: 0)
[2025-03-19T18:16:40.309Z] [INFO] Completed processing file: risk-factors.md
[2025-03-19T18:16:40.310Z] [INFO] Processing file: differential-diagnosis.md
[2025-03-19T18:16:40.362Z] [INFO] Inserted/updated section: Cardiac (ID: 996)
[2025-03-19T18:16:40.416Z] [INFO] Inserted item: "Vasodepressive (vagal) syncope..." (ID: 7313, indent: 0)
[2025-03-19T18:16:40.465Z] [INFO] Inserted item: "Orthostatic syncope..." (ID: 7314, indent: 0)
[2025-03-19T18:16:40.516Z] [INFO] Inserted item: "Cardiogenic syncope..." (ID: 7315, indent: 0)
[2025-03-19T18:16:40.577Z] [INFO] Inserted/updated section: Neurologic (ID: 997)
[2025-03-19T18:16:40.639Z] [INFO] Inserted item: "Stroke..." (ID: 7316, indent: 0)
[2025-03-19T18:16:40.692Z] [INFO] Inserted item: "Transient ischemic attack..." (ID: 7317, indent: 0)
[2025-03-19T18:16:40.743Z] [INFO] Inserted item: "Limb-shaking TIA..." (ID: 7318, indent: 1)
[2025-03-19T18:16:40.794Z] [INFO] Inserted item: "Complicated migraine..." (ID: 7319, indent: 0)
[2025-03-19T18:16:40.849Z] [INFO] Inserted item: "Movement disorders:..." (ID: 7320, indent: 0)
[2025-03-19T18:16:40.899Z] [INFO] Inserted item: "Chorea..." (ID: 7321, indent: 1)
[2025-03-19T18:16:40.963Z] [INFO] Inserted item: "Dystonia..." (ID: 7322, indent: 1)
[2025-03-19T18:16:41.012Z] [INFO] Inserted item: "Subcortical myoclonus..." (ID: 7323, indent: 1)
[2025-03-19T18:16:41.067Z] [INFO] Inserted item: "Tremors..." (ID: 7324, indent: 1)
[2025-03-19T18:16:41.121Z] [INFO] Inserted item: "Parasomnias..." (ID: 7325, indent: 0)
[2025-03-19T18:16:41.187Z] [INFO] Inserted item: "Extensor or flexor posturing f..." (ID: 7326, indent: 0)
[2025-03-19T18:16:41.237Z] [INFO] Inserted/updated section: Toxicologic (ID: 998)
[2025-03-19T18:16:41.287Z] [INFO] Inserted item: "Intoxication/inebriation..." (ID: 7327, indent: 0)
[2025-03-19T18:16:41.341Z] [INFO] Inserted item: "Over sedation/over analgesia..." (ID: 7328, indent: 0)
[2025-03-19T18:16:41.390Z] [INFO] Inserted item: "Extrapyramidal symptoms..." (ID: 7329, indent: 0)
[2025-03-19T18:16:41.444Z] [INFO] Inserted/updated section: Metabolic (ID: 999)
[2025-03-19T18:16:41.497Z] [INFO] Inserted item: "Hypoglycemia..." (ID: 7330, indent: 0)
[2025-03-19T18:16:41.548Z] [INFO] Inserted item: "Hyperglycemia..." (ID: 7331, indent: 0)
[2025-03-19T18:16:41.607Z] [INFO] Inserted item: "Thyrotoxicosis..." (ID: 7332, indent: 0)
[2025-03-19T18:16:41.661Z] [INFO] Inserted item: "Delirium tremens..." (ID: 7333, indent: 0)
[2025-03-19T18:16:41.714Z] [INFO] Inserted/updated section: Infectious (ID: 1000)
[2025-03-19T18:16:41.775Z] [INFO] Inserted item: "Meningoencephalitis..." (ID: 7334, indent: 0)
[2025-03-19T18:16:41.849Z] [INFO] Inserted item: "Tetanus..." (ID: 7335, indent: 0)
[2025-03-19T18:16:41.907Z] [INFO] Inserted/updated section: Psychiatric (ID: 1001)
[2025-03-19T18:16:41.968Z] [INFO] Inserted item: "Nonepileptic spells/pseudoseiz..." (ID: 7336, indent: 0)
[2025-03-19T18:16:42.018Z] [INFO] Inserted item: "Prolonged duration (>20 minute..." (ID: 7337, indent: 1)
[2025-03-19T18:16:42.074Z] [INFO] Inserted item: ""Stop-and-go" pattern..." (ID: 7338, indent: 1)
[2025-03-19T18:16:42.127Z] [INFO] Inserted item: "Forward pelvic thrusting..." (ID: 7339, indent: 1)
[2025-03-19T18:16:42.187Z] [INFO] Inserted item: "Horizontal head shaking..." (ID: 7340, indent: 1)
[2025-03-19T18:16:42.241Z] [INFO] Inserted item: "Bilateral asynchronous convuls..." (ID: 7341, indent: 1)
[2025-03-19T18:16:42.302Z] [INFO] Inserted item: "Shorter postictal period relat..." (ID: 7342, indent: 1)
[2025-03-19T18:16:42.361Z] [INFO] Inserted item: "Avoidance of noxious stimuli..." (ID: 7343, indent: 1)
[2025-03-19T18:16:42.430Z] [INFO] Inserted item: "Preserved recollection of even..." (ID: 7344, indent: 1)
[2025-03-19T18:16:42.487Z] [INFO] Inserted item: "Lack of reactive leukocytosis..." (ID: 7345, indent: 1)
[2025-03-19T18:16:42.548Z] [INFO] Inserted item: "Lack of lactic acidosis..." (ID: 7346, indent: 1)
[2025-03-19T18:16:42.600Z] [INFO] Inserted item: "Conversion disorder..." (ID: 7347, indent: 0)
[2025-03-19T18:16:42.654Z] [INFO] Inserted item: "Panic attacks..." (ID: 7348, indent: 0)
[2025-03-19T18:16:42.705Z] [INFO] Inserted item: "Cataplexy..." (ID: 7349, indent: 0)
[2025-03-19T18:16:42.705Z] [INFO] Completed processing file: differential-diagnosis.md
[2025-03-19T18:16:42.706Z] [INFO] Processing file: past-medical.md
[2025-03-19T18:16:42.757Z] [INFO] Inserted/updated section: Neurologic History (ID: 1002)
[2025-03-19T18:16:42.807Z] [INFO] Inserted item: "Epilepsy..." (ID: 7350, indent: 0)
[2025-03-19T18:16:42.869Z] [INFO] Inserted item: "Type: _____..." (ID: 7351, indent: 1)
[2025-03-19T18:16:42.922Z] [INFO] Inserted item: "Age of onset: _____..." (ID: 7352, indent: 1)
[2025-03-19T18:16:42.977Z] [INFO] Inserted item: "Seizure frequency: _____..." (ID: 7353, indent: 1)
[2025-03-19T18:16:43.030Z] [INFO] Inserted item: "Previous seizures..." (ID: 7354, indent: 0)
[2025-03-19T18:16:43.085Z] [INFO] Inserted item: "First seizure within past 2 ye..." (ID: 7355, indent: 1)
[2025-03-19T18:16:43.142Z] [INFO] Inserted item: "Prior brain injury:..." (ID: 7356, indent: 0)
[2025-03-19T18:16:43.194Z] [INFO] Inserted item: "Traumatic..." (ID: 7357, indent: 1)
[2025-03-19T18:16:43.249Z] [INFO] Inserted item: "Vascular..." (ID: 7358, indent: 1)
[2025-03-19T18:16:43.301Z] [INFO] Inserted item: "Infectious..." (ID: 7359, indent: 1)
[2025-03-19T18:16:43.356Z] [INFO] Inserted item: "Neoplastic..." (ID: 7360, indent: 1)
[2025-03-19T18:16:43.407Z] [INFO] Inserted item: "Neurodegenerative disease..." (ID: 7361, indent: 0)
[2025-03-19T18:16:43.458Z] [INFO] Inserted item: "Previous intracranial hemorrha..." (ID: 7362, indent: 0)
[2025-03-19T18:16:43.509Z] [INFO] Inserted item: "History of malignancy..." (ID: 7363, indent: 0)
[2025-03-19T18:16:43.573Z] [INFO] Inserted item: "History of neurosurgical proce..." (ID: 7364, indent: 0)
[2025-03-19T18:16:43.629Z] [INFO] Inserted item: "Prior EEG abnormalities..." (ID: 7365, indent: 0)
[2025-03-19T18:16:43.687Z] [INFO] Inserted item: "Prior neuroimaging abnormaliti..." (ID: 7366, indent: 0)
[2025-03-19T18:16:43.739Z] [INFO] Inserted/updated section: Medical Comorbidities (ID: 1003)
[2025-03-19T18:16:43.789Z] [INFO] Inserted item: "Renal disease..." (ID: 7367, indent: 0)
[2025-03-19T18:16:43.840Z] [INFO] Inserted item: "Hepatic disease..." (ID: 7368, indent: 0)
[2025-03-19T18:16:43.911Z] [INFO] Inserted item: "HIV/AIDS..." (ID: 7369, indent: 0)
[2025-03-19T18:16:43.962Z] [INFO] Inserted item: "Cardiac disease..." (ID: 7370, indent: 0)
[2025-03-19T18:16:44.022Z] [INFO] Inserted item: "Hypertension (I10)..." (ID: 7371, indent: 0)
[2025-03-19T18:16:44.104Z] [INFO] Inserted item: "Diabetes mellitus (E11.9)..." (ID: 7372, indent: 0)
[2025-03-19T18:16:44.193Z] [INFO] Inserted item: "Clotting disorder..." (ID: 7373, indent: 0)
[2025-03-19T18:16:44.275Z] [INFO] Inserted item: "Hypercoagulability..." (ID: 7374, indent: 1)
[2025-03-19T18:16:44.337Z] [INFO] Inserted item: "Hypocoagulability..." (ID: 7375, indent: 1)
[2025-03-19T18:16:44.407Z] [INFO] Inserted item: "Immunocompromised state..." (ID: 7376, indent: 0)
[2025-03-19T18:16:44.461Z] [INFO] Inserted item: "Pregnancy..." (ID: 7377, indent: 0)
[2025-03-19T18:16:44.462Z] [INFO] Completed processing file: past-medical.md
[2025-03-19T18:16:44.462Z] [INFO] Processing file: physical-exam.md
[2025-03-19T18:16:44.517Z] [INFO] Inserted/updated section: Vital Signs (ID: 1004)
[2025-03-19T18:16:44.569Z] [INFO] Inserted item: "Temperature: _____ °F/°C..." (ID: 7378, indent: 0)
[2025-03-19T18:16:44.620Z] [INFO] Inserted item: "Fever..." (ID: 7379, indent: 1)
[2025-03-19T18:16:44.690Z] [INFO] Inserted item: "Post-ictal low-grade temperatu..." (ID: 7380, indent: 1)
[2025-03-19T18:16:44.745Z] [INFO] Inserted item: "Blood pressure: _____ mmHg..." (ID: 7381, indent: 0)
[2025-03-19T18:16:44.803Z] [INFO] Inserted item: "Heart rate: _____ bpm..." (ID: 7382, indent: 0)
[2025-03-19T18:16:44.856Z] [INFO] Inserted item: "Respiratory rate: _____ breath..." (ID: 7383, indent: 0)
[2025-03-19T18:16:44.907Z] [INFO] Inserted item: "Oxygen saturation: _____ %..." (ID: 7384, indent: 0)
[2025-03-19T18:16:44.957Z] [INFO] Inserted item: "Orthostatic vitals:..." (ID: 7385, indent: 0)
[2025-03-19T18:16:45.012Z] [INFO] Inserted item: "Supine position:..." (ID: 7386, indent: 1)
[2025-03-19T18:16:45.070Z] [INFO] Inserted item: "BP: _____ mmHg..." (ID: 7387, indent: 2)
[2025-03-19T18:16:45.127Z] [INFO] Inserted item: "HR: _____ bpm..." (ID: 7388, indent: 2)
[2025-03-19T18:16:45.186Z] [INFO] Inserted item: "Standing position:..." (ID: 7389, indent: 1)
[2025-03-19T18:16:45.239Z] [INFO] Inserted item: "BP: _____ mmHg..." (ID: 7390, indent: 2)
[2025-03-19T18:16:45.300Z] [INFO] Inserted item: "HR: _____ bpm..." (ID: 7391, indent: 2)
[2025-03-19T18:16:45.358Z] [INFO] Inserted/updated section: General (ID: 1005)
[2025-03-19T18:16:45.409Z] [INFO] Inserted item: "Level of consciousness..." (ID: 7392, indent: 0)
[2025-03-19T18:16:45.464Z] [INFO] Inserted item: "Alert..." (ID: 7393, indent: 1)
[2025-03-19T18:16:45.531Z] [INFO] Inserted item: "Confused..." (ID: 7394, indent: 1)
[2025-03-19T18:16:45.584Z] [INFO] Inserted item: "Lethargic..." (ID: 7395, indent: 1)
[2025-03-19T18:16:45.637Z] [INFO] Inserted item: "Obtunded..." (ID: 7396, indent: 1)
[2025-03-19T18:16:45.686Z] [INFO] Inserted item: "Comatose..." (ID: 7397, indent: 1)
[2025-03-19T18:16:45.738Z] [INFO] Inserted item: "Glasgow Coma Scale: _____..." (ID: 7398, indent: 0)
[2025-03-19T18:16:45.805Z] [INFO] Inserted/updated section: HEENT (ID: 1006)
[2025-03-19T18:16:45.854Z] [INFO] Inserted item: "Pupils:..." (ID: 7399, indent: 0)
[2025-03-19T18:16:45.903Z] [INFO] Inserted item: "Size: _____..." (ID: 7400, indent: 1)
[2025-03-19T18:16:45.952Z] [INFO] Inserted item: "Reactivity: _____..." (ID: 7401, indent: 1)
[2025-03-19T18:16:46.006Z] [INFO] Inserted item: "Symmetry: _____..." (ID: 7402, indent: 1)
[2025-03-19T18:16:46.058Z] [INFO] Inserted item: "Nystagmus..." (ID: 7403, indent: 0)
[2025-03-19T18:16:46.115Z] [INFO] Inserted item: "Tongue injury..." (ID: 7404, indent: 0)
[2025-03-19T18:16:46.170Z] [INFO] Inserted item: "Oral trauma..." (ID: 7405, indent: 0)
[2025-03-19T18:16:46.222Z] [INFO] Inserted item: "Facial trauma..." (ID: 7406, indent: 0)
[2025-03-19T18:16:46.276Z] [INFO] Inserted item: "Nuchal rigidity..." (ID: 7407, indent: 0)
[2025-03-19T18:16:46.329Z] [INFO] Inserted/updated section: Cardiovascular (ID: 1007)
[2025-03-19T18:16:46.400Z] [INFO] Inserted item: "Heart rhythm:..." (ID: 7408, indent: 0)
[2025-03-19T18:16:46.453Z] [INFO] Inserted item: "Regular..." (ID: 7409, indent: 1)
[2025-03-19T18:16:46.505Z] [INFO] Inserted item: "Irregular..." (ID: 7410, indent: 1)
[2025-03-19T18:16:46.566Z] [INFO] Inserted item: "Murmurs/gallops/rubs..." (ID: 7411, indent: 0)
[2025-03-19T18:16:46.620Z] [INFO] Inserted/updated section: Respiratory (ID: 1008)
[2025-03-19T18:16:46.678Z] [INFO] Inserted item: "Airway patency..." (ID: 7412, indent: 0)
[2025-03-19T18:16:46.738Z] [INFO] Inserted item: "Breathing pattern..." (ID: 7413, indent: 0)
[2025-03-19T18:16:46.794Z] [INFO] Inserted item: "Adventitious sounds..." (ID: 7414, indent: 0)
[2025-03-19T18:16:46.849Z] [INFO] Inserted/updated section: Neurological (ID: 1009)
[2025-03-19T18:16:46.899Z] [INFO] Inserted item: "Mental status:..." (ID: 7415, indent: 0)
[2025-03-19T18:16:46.956Z] [INFO] Inserted item: "Orientation: _____..." (ID: 7416, indent: 1)
[2025-03-19T18:16:47.010Z] [INFO] Inserted item: "Attention: _____..." (ID: 7417, indent: 1)
[2025-03-19T18:16:47.068Z] [INFO] Inserted item: "Memory: _____..." (ID: 7418, indent: 1)
[2025-03-19T18:16:47.120Z] [INFO] Inserted item: "Cranial nerves: _____..." (ID: 7419, indent: 0)
[2025-03-19T18:16:47.178Z] [INFO] Inserted item: "Sensory exam:..." (ID: 7420, indent: 0)
[2025-03-19T18:16:47.233Z] [INFO] Inserted item: "Upper extremities:..." (ID: 7421, indent: 1)
[2025-03-19T18:16:47.294Z] [INFO] Inserted item: "Right: _____..." (ID: 7422, indent: 2)
[2025-03-19T18:16:47.368Z] [INFO] Inserted item: "Left: _____..." (ID: 7423, indent: 2)
[2025-03-19T18:16:47.422Z] [INFO] Inserted item: "Lower extremities:..." (ID: 7424, indent: 1)
[2025-03-19T18:16:47.490Z] [INFO] Inserted item: "Right: _____..." (ID: 7425, indent: 2)
[2025-03-19T18:16:47.543Z] [INFO] Inserted item: "Left: _____..." (ID: 7426, indent: 2)
[2025-03-19T18:16:47.633Z] [INFO] Inserted item: "Reflexes (0-4+):..." (ID: 7427, indent: 0)
[2025-03-19T18:16:47.691Z] [INFO] Inserted item: "Biceps:..." (ID: 7428, indent: 1)
[2025-03-19T18:16:47.744Z] [INFO] Inserted item: "Right: _____..." (ID: 7429, indent: 2)
[2025-03-19T18:16:47.801Z] [INFO] Inserted item: "Left: _____..." (ID: 7430, indent: 2)
[2025-03-19T18:16:47.865Z] [INFO] Inserted item: "Triceps:..." (ID: 7431, indent: 1)
[2025-03-19T18:16:47.918Z] [INFO] Inserted item: "Right: _____..." (ID: 7432, indent: 2)
[2025-03-19T18:16:47.975Z] [INFO] Inserted item: "Left: _____..." (ID: 7433, indent: 2)
[2025-03-19T18:16:48.031Z] [INFO] Inserted item: "Brachioradialis:..." (ID: 7434, indent: 1)
[2025-03-19T18:16:48.119Z] [INFO] Inserted item: "Right: _____..." (ID: 7435, indent: 2)
[2025-03-19T18:16:48.192Z] [INFO] Inserted item: "Left: _____..." (ID: 7436, indent: 2)
[2025-03-19T18:16:48.263Z] [INFO] Inserted item: "Patellar:..." (ID: 7437, indent: 1)
[2025-03-19T18:16:48.321Z] [INFO] Inserted item: "Right: _____..." (ID: 7438, indent: 2)
[2025-03-19T18:16:48.377Z] [INFO] Inserted item: "Left: _____..." (ID: 7439, indent: 2)
[2025-03-19T18:16:48.431Z] [INFO] Inserted item: "Achilles:..." (ID: 7440, indent: 1)
[2025-03-19T18:16:48.484Z] [INFO] Inserted item: "Right: _____..." (ID: 7441, indent: 2)
[2025-03-19T18:16:48.545Z] [INFO] Inserted item: "Left: _____..." (ID: 7442, indent: 2)
[2025-03-19T18:16:48.595Z] [INFO] Inserted item: "Plantar reflex:..." (ID: 7443, indent: 0)
[2025-03-19T18:16:48.661Z] [INFO] Inserted item: "Right: _____..." (ID: 7444, indent: 1)
[2025-03-19T18:16:48.717Z] [INFO] Inserted item: "Left: _____..." (ID: 7445, indent: 1)
[2025-03-19T18:16:48.773Z] [INFO] Inserted item: "Coordination: _____..." (ID: 7446, indent: 0)
[2025-03-19T18:16:48.823Z] [INFO] Inserted item: "Gait: _____..." (ID: 7447, indent: 0)
[2025-03-19T18:16:48.881Z] [INFO] Inserted item: "Persistent focal deficit (Todd..." (ID: 7448, indent: 0)
[2025-03-19T18:16:48.934Z] [INFO] Inserted header: Motor: (level 3, ID: 7449)
[2025-03-19T18:16:48.986Z] [INFO] Inserted item: "Strength:..." (ID: 7450, indent: 1)
[2025-03-19T18:16:49.037Z] [INFO] Inserted item: "Upper extremities:..." (ID: 7451, indent: 2)
[2025-03-19T18:16:49.095Z] [INFO] Inserted item: "Right: _____..." (ID: 7452, indent: 3)
[2025-03-19T18:16:49.152Z] [INFO] Inserted item: "Left: _____..." (ID: 7453, indent: 3)
[2025-03-19T18:16:49.213Z] [INFO] Inserted item: "Lower extremities:..." (ID: 7454, indent: 2)
[2025-03-19T18:16:49.271Z] [INFO] Inserted item: "Right: _____..." (ID: 7455, indent: 3)
[2025-03-19T18:16:49.323Z] [INFO] Inserted item: "Left: _____..." (ID: 7456, indent: 3)
[2025-03-19T18:16:49.393Z] [INFO] Inserted item: "Tone:..." (ID: 7457, indent: 1)
[2025-03-19T18:16:49.455Z] [INFO] Inserted item: "Normal..." (ID: 7458, indent: 2)
[2025-03-19T18:16:49.510Z] [INFO] Inserted item: "Increased..." (ID: 7459, indent: 2)
[2025-03-19T18:16:49.562Z] [INFO] Inserted item: "Decreased..." (ID: 7460, indent: 2)
[2025-03-19T18:16:49.623Z] [INFO] Inserted/updated section: Skin (ID: 1010)
[2025-03-19T18:16:49.679Z] [INFO] Inserted item: "Evidence of trauma..." (ID: 7461, indent: 0)
[2025-03-19T18:16:49.732Z] [INFO] Inserted item: "Stigmata of substance abuse..." (ID: 7462, indent: 0)
[2025-03-19T18:16:49.786Z] [INFO] Inserted item: "Neurocutaneous syndromes..." (ID: 7463, indent: 0)
[2025-03-19T18:16:49.849Z] [INFO] Inserted item: "Rash..." (ID: 7464, indent: 0)
[2025-03-19T18:16:49.902Z] [INFO] Inserted/updated section: Evidence of Seizure Complications (ID: 1011)
[2025-03-19T18:16:49.953Z] [INFO] Inserted item: "Head trauma..." (ID: 7465, indent: 0)
[2025-03-19T18:16:50.009Z] [INFO] Inserted item: "Tongue/oral injury..." (ID: 7466, indent: 0)
[2025-03-19T18:16:50.066Z] [INFO] Inserted item: "Posterior shoulder dislocation..." (ID: 7467, indent: 0)
[2025-03-19T18:16:50.126Z] [INFO] Inserted item: "Back pain..." (ID: 7468, indent: 0)
[2025-03-19T18:16:50.187Z] [INFO] Inserted item: "Other injuries: _____..." (ID: 7469, indent: 0)
[2025-03-19T18:16:50.188Z] [INFO] Completed processing file: physical-exam.md
[2025-03-19T18:16:50.188Z] [INFO] Processing file: lab-studies.md
[2025-03-19T18:16:50.246Z] [INFO] Inserted/updated section: Essential Studies (ID: 1012)
[2025-03-19T18:16:50.298Z] [INFO] Inserted item: "Serum glucose: _____ mg/dL..." (ID: 7470, indent: 0)
[2025-03-19T18:16:50.362Z] [INFO] Inserted item: "Hypoglycemia (<45 mg/dL)..." (ID: 7471, indent: 1)
[2025-03-19T18:16:50.414Z] [INFO] Inserted item: "Sodium: _____ mmol/L..." (ID: 7472, indent: 0)
[2025-03-19T18:16:50.465Z] [INFO] Inserted item: "Pregnancy test (in women of re..." (ID: 7473, indent: 0)
[2025-03-19T18:16:50.520Z] [INFO] Inserted/updated section: Extended Metabolic Assessment (ID: 1013)
[2025-03-19T18:16:50.582Z] [INFO] Inserted item: "Basic metabolic panel:..." (ID: 7474, indent: 0)
[2025-03-19T18:16:50.634Z] [INFO] Inserted item: "Potassium: _____ mmol/L..." (ID: 7475, indent: 1)
[2025-03-19T18:16:50.695Z] [INFO] Inserted item: "Chloride: _____ mmol/L..." (ID: 7476, indent: 1)
[2025-03-19T18:16:50.750Z] [INFO] Inserted item: "Bicarbonate: _____ mmol/L..." (ID: 7477, indent: 1)
[2025-03-19T18:16:50.801Z] [INFO] Inserted item: "BUN: _____ mg/dL..." (ID: 7478, indent: 1)
[2025-03-19T18:16:50.858Z] [INFO] Inserted item: "Creatinine: _____ mg/dL..." (ID: 7479, indent: 1)
[2025-03-19T18:16:50.913Z] [INFO] Inserted item: "Calcium: _____ mg/dL..." (ID: 7480, indent: 0)
[2025-03-19T18:16:50.981Z] [INFO] Inserted item: "Magnesium: _____ mg/dL..." (ID: 7481, indent: 0)
[2025-03-19T18:16:51.039Z] [INFO] Inserted item: "Phosphorus: _____ mg/dL..." (ID: 7482, indent: 0)
[2025-03-19T18:16:51.094Z] [INFO] Inserted item: "Liver function tests:..." (ID: 7483, indent: 0)
[2025-03-19T18:16:51.146Z] [INFO] Inserted item: "AST: _____ U/L..." (ID: 7484, indent: 1)
[2025-03-19T18:16:51.196Z] [INFO] Inserted item: "ALT: _____ U/L..." (ID: 7485, indent: 1)
[2025-03-19T18:16:51.246Z] [INFO] Inserted item: "Ammonia: _____ μmol/L..." (ID: 7486, indent: 0)
[2025-03-19T18:16:51.314Z] [INFO] Inserted/updated section: Post-Convulsion Studies (ID: 1014)
[2025-03-19T18:16:51.379Z] [INFO] Inserted item: "Creatine kinase: _____ U/L..." (ID: 7487, indent: 0)
[2025-03-19T18:16:51.430Z] [INFO] Inserted item: "Lactic acid: _____ mmol/L..." (ID: 7488, indent: 0)
[2025-03-19T18:16:51.495Z] [INFO] Inserted item: "Blood gas analysis:..." (ID: 7489, indent: 0)
[2025-03-19T18:16:51.547Z] [INFO] Inserted item: "pH: _____..." (ID: 7490, indent: 1)
[2025-03-19T18:16:51.602Z] [INFO] Inserted item: "pCO₂: _____ mmHg..." (ID: 7491, indent: 1)
[2025-03-19T18:16:51.653Z] [INFO] Inserted item: "pO₂: _____ mmHg..." (ID: 7492, indent: 1)
[2025-03-19T18:16:51.703Z] [INFO] Inserted item: "HCO₃: _____ mmol/L..." (ID: 7493, indent: 1)
[2025-03-19T18:16:51.764Z] [INFO] Inserted item: "Base excess: _____ mmol/L..." (ID: 7494, indent: 1)
[2025-03-19T18:16:51.821Z] [INFO] Inserted item: "Anion gap: _____ mmol/L..." (ID: 7495, indent: 0)
[2025-03-19T18:16:51.876Z] [INFO] Inserted/updated section: Hematology (ID: 1015)
[2025-03-19T18:16:51.934Z] [INFO] Inserted item: "Complete blood count:..." (ID: 7496, indent: 0)
[2025-03-19T18:16:51.984Z] [INFO] Inserted item: "WBC: _____ K/μL..." (ID: 7497, indent: 1)
[2025-03-19T18:16:52.035Z] [INFO] Inserted item: "Reactive leukocytosis (common ..." (ID: 7498, indent: 2)
[2025-03-19T18:16:52.088Z] [INFO] Inserted item: "Hemoglobin: _____ g/dL..." (ID: 7499, indent: 1)
[2025-03-19T18:16:52.135Z] [INFO] Inserted item: "Hematocrit: _____ %..." (ID: 7500, indent: 1)
[2025-03-19T18:16:52.195Z] [INFO] Inserted item: "Platelets: _____ K/μL..." (ID: 7501, indent: 1)
[2025-03-19T18:16:52.248Z] [INFO] Inserted/updated section: Infectious Disease Workup (ID: 1016)
[2025-03-19T18:16:52.308Z] [INFO] Inserted item: "Lumbar puncture (if indicated)..." (ID: 7502, indent: 0)
[2025-03-19T18:16:52.362Z] [INFO] Inserted item: "Opening pressure: _____ cmH₂O..." (ID: 7503, indent: 1)
[2025-03-19T18:16:52.415Z] [INFO] Inserted item: "Cell count: _____..." (ID: 7504, indent: 1)
[2025-03-19T18:16:52.465Z] [INFO] Inserted item: "Protein: _____ mg/dL..." (ID: 7505, indent: 1)
[2025-03-19T18:16:52.521Z] [INFO] Inserted item: "Glucose: _____ mg/dL..." (ID: 7506, indent: 1)
[2025-03-19T18:16:52.574Z] [INFO] Inserted item: "Culture results: _____..." (ID: 7507, indent: 1)
[2025-03-19T18:16:52.629Z] [INFO] Inserted item: "Respiratory viral testing:..." (ID: 7508, indent: 0)
[2025-03-19T18:16:52.681Z] [INFO] Inserted item: "Influenza: _____..." (ID: 7509, indent: 1)
[2025-03-19T18:16:52.739Z] [INFO] Inserted item: "RSV: _____..." (ID: 7510, indent: 1)
[2025-03-19T18:16:52.788Z] [INFO] Inserted/updated section: Toxicology (ID: 1017)
[2025-03-19T18:16:52.842Z] [INFO] Inserted item: "Blood alcohol level: _____ mg/..." (ID: 7511, indent: 0)
[2025-03-19T18:16:52.892Z] [INFO] Inserted item: "Urine drug screen: _____..." (ID: 7512, indent: 0)
[2025-03-19T18:16:52.951Z] [INFO] Inserted item: "Specific drug levels (if indic..." (ID: 7513, indent: 0)
[2025-03-19T18:16:53.010Z] [INFO] Inserted item: "Salicylates: _____ mg/dL..." (ID: 7514, indent: 1)
[2025-03-19T18:16:53.062Z] [INFO] Inserted item: "Acetaminophen: _____ μg/mL..." (ID: 7515, indent: 1)
[2025-03-19T18:16:53.120Z] [INFO] Inserted item: "Lithium: _____ mmol/L..." (ID: 7516, indent: 1)
[2025-03-19T18:16:53.185Z] [INFO] Inserted/updated section: Antiseizure Drug Levels (ID: 1018)
[2025-03-19T18:16:53.238Z] [INFO] Inserted item: "Phenytoin: _____ μg/mL..." (ID: 7517, indent: 0)
[2025-03-19T18:16:53.292Z] [INFO] Inserted item: "Carbamazepine: _____ μg/mL..." (ID: 7518, indent: 0)
[2025-03-19T18:16:53.350Z] [INFO] Inserted item: "Valproic acid: _____ μg/mL..." (ID: 7519, indent: 0)
[2025-03-19T18:16:53.411Z] [INFO] Inserted item: "Phenobarbital: _____ μg/mL..." (ID: 7520, indent: 0)
[2025-03-19T18:16:53.463Z] [INFO] Inserted item: "Lamotrigine: _____ μg/mL..." (ID: 7521, indent: 0)
[2025-03-19T18:16:53.521Z] [INFO] Inserted item: "Levetiracetam: _____ μg/mL..." (ID: 7522, indent: 0)
[2025-03-19T18:16:53.576Z] [INFO] Inserted item: "Topiramate: _____ μg/mL..." (ID: 7523, indent: 0)
[2025-03-19T18:16:53.630Z] [INFO] Inserted item: "Oxcarbazepine: _____ μg/mL..." (ID: 7524, indent: 0)
[2025-03-19T18:16:53.631Z] [INFO] Completed processing file: lab-studies.md
[2025-03-19T18:16:53.631Z] [INFO] Processing file: imaging.md
[2025-03-19T18:16:53.684Z] [INFO] Inserted/updated section: Head CT (ID: 1019)
[2025-03-19T18:16:53.751Z] [INFO] Inserted item: "Non-contrast head CT..." (ID: 7525, indent: 0)
[2025-03-19T18:16:53.812Z] [INFO] Inserted item: "Indicated for:..." (ID: 7526, indent: 1)
[2025-03-19T18:16:53.865Z] [INFO] Inserted item: "New-onset seizure..." (ID: 7527, indent: 2)
[2025-03-19T18:16:53.926Z] [INFO] Inserted item: "Age >40 years..." (ID: 7528, indent: 2)
[2025-03-19T18:16:53.985Z] [INFO] Inserted item: "Coma..." (ID: 7529, indent: 2)
[2025-03-19T18:16:54.038Z] [INFO] Inserted item: "Immunocompromised state..." (ID: 7530, indent: 2)
[2025-03-19T18:16:54.110Z] [INFO] Inserted item: "Clotting disorder..." (ID: 7531, indent: 2)
[2025-03-19T18:16:54.169Z] [INFO] Inserted item: "History of intracranial hemorr..." (ID: 7532, indent: 2)
[2025-03-19T18:16:54.221Z] [INFO] Inserted item: "History of malignancy..." (ID: 7533, indent: 2)
[2025-03-19T18:16:54.278Z] [INFO] Inserted item: "Severe/thunderclap headache..." (ID: 7534, indent: 2)
[2025-03-19T18:16:54.332Z] [INFO] Inserted item: "Status epilepticus of unclear ..." (ID: 7535, indent: 2)
[2025-03-19T18:16:54.389Z] [INFO] Inserted item: "Suspected trauma..." (ID: 7536, indent: 2)
[2025-03-19T18:16:54.464Z] [INFO] Inserted item: "Persistent altered mental stat..." (ID: 7537, indent: 2)
[2025-03-19T18:16:54.520Z] [INFO] Inserted item: "CT perfusion..." (ID: 7538, indent: 0)
[2025-03-19T18:16:54.570Z] [INFO] Inserted item: "Indicated for:..." (ID: 7539, indent: 1)
[2025-03-19T18:16:54.623Z] [INFO] Inserted item: "Evaluation of transient neurol..." (ID: 7540, indent: 2)
[2025-03-19T18:16:54.684Z] [INFO] Inserted item: "Suspected acute ischemic strok..." (ID: 7541, indent: 2)
[2025-03-19T18:16:54.742Z] [INFO] Inserted/updated section: MRI (ID: 1020)
[2025-03-19T18:16:54.793Z] [INFO] Inserted item: "Brain MRI..." (ID: 7542, indent: 0)
[2025-03-19T18:16:54.844Z] [INFO] Inserted item: "Higher sensitivity for subtle ..." (ID: 7543, indent: 1)
[2025-03-19T18:16:54.908Z] [INFO] Inserted item: "Increased diagnostic yield in ..." (ID: 7544, indent: 1)
[2025-03-19T18:16:54.960Z] [INFO] Inserted item: "Indicated for patients with:..." (ID: 7545, indent: 1)
[2025-03-19T18:16:55.017Z] [INFO] Inserted item: "Focal abnormal EEG..." (ID: 7546, indent: 2)
[2025-03-19T18:16:55.081Z] [INFO] Inserted item: "Persistent neurologic deficits..." (ID: 7547, indent: 2)
[2025-03-19T18:16:55.132Z] [INFO] Inserted item: "MRI with gadolinium..." (ID: 7548, indent: 0)
[2025-03-19T18:16:55.182Z] [INFO] Inserted item: "T2 thin coronal views (through..." (ID: 7549, indent: 0)
[2025-03-19T18:16:55.237Z] [INFO] Inserted/updated section: Other Imaging (ID: 1021)
[2025-03-19T18:16:55.303Z] [INFO] Inserted item: "Chest X-ray: _____..." (ID: 7550, indent: 0)
[2025-03-19T18:16:55.304Z] [INFO] Completed processing file: imaging.md
[2025-03-19T18:16:55.305Z] [INFO] Processing file: special-tests.md
[2025-03-19T18:16:55.359Z] [INFO] Inserted/updated section: Electroencephalography (EEG) (ID: 1022)
[2025-03-19T18:16:55.409Z] [INFO] Inserted item: "Standard EEG..." (ID: 7551, indent: 0)
[2025-03-19T18:16:55.469Z] [INFO] Inserted item: "Diagnosis of epilepsy in new-o..." (ID: 7552, indent: 1)
[2025-03-19T18:16:55.526Z] [INFO] Inserted item: "Guiding decision on secondary ..." (ID: 7553, indent: 1)
[2025-03-19T18:16:55.579Z] [INFO] Inserted item: "Continuous EEG monitoring..." (ID: 7554, indent: 0)
[2025-03-19T18:16:55.631Z] [INFO] Inserted item: "Indicated for:..." (ID: 7555, indent: 1)
[2025-03-19T18:16:55.679Z] [INFO] Inserted item: "Suspected nonconvulsive status..." (ID: 7556, indent: 2)
[2025-03-19T18:16:55.726Z] [INFO] Inserted item: "Monitoring seizure activity..." (ID: 7557, indent: 2)
[2025-03-19T18:16:55.786Z] [INFO] Inserted item: "Guiding third-line therapies a..." (ID: 7558, indent: 2)
[2025-03-19T18:16:55.836Z] [INFO] Inserted item: "Differentiating seizures from ..." (ID: 7559, indent: 2)
[2025-03-19T18:16:55.895Z] [INFO] Inserted item: "Limited montage or point-of-ca..." (ID: 7560, indent: 0)
[2025-03-19T18:16:55.962Z] [INFO] Inserted item: "EEG findings:..." (ID: 7561, indent: 0)
[2025-03-19T18:16:56.015Z] [INFO] Inserted item: "Normal..." (ID: 7562, indent: 1)
[2025-03-19T18:16:56.065Z] [INFO] Inserted item: "Focal abnormalities..." (ID: 7563, indent: 1)
[2025-03-19T18:16:56.120Z] [INFO] Inserted item: "Generalized abnormalities..." (ID: 7564, indent: 1)
[2025-03-19T18:16:56.175Z] [INFO] Inserted item: "Epileptiform discharges..." (ID: 7565, indent: 1)
[2025-03-19T18:16:56.228Z] [INFO] Inserted item: "Status epilepticus pattern..." (ID: 7566, indent: 1)
[2025-03-19T18:16:56.290Z] [INFO] Inserted/updated section: Cerebrospinal Fluid Analysis (ID: 1023)
[2025-03-19T18:16:56.345Z] [INFO] Inserted item: "Indicated for:..." (ID: 7567, indent: 0)
[2025-03-19T18:16:56.403Z] [INFO] Inserted item: "Immunocompromised patients..." (ID: 7568, indent: 1)
[2025-03-19T18:16:56.458Z] [INFO] Inserted item: "Acute headache concerning for ..." (ID: 7569, indent: 1)
[2025-03-19T18:16:56.510Z] [INFO] Inserted item: "Meningismus..." (ID: 7570, indent: 1)
[2025-03-19T18:16:56.559Z] [INFO] Inserted item: "Persistent altered mental stat..." (ID: 7571, indent: 1)
[2025-03-19T18:16:56.611Z] [INFO] Inserted item: "Fever without obvious source..." (ID: 7572, indent: 1)
[2025-03-19T18:16:56.662Z] [INFO] Inserted/updated section: Other Neurophysiologic Testing (ID: 1024)
[2025-03-19T18:16:56.711Z] [INFO] Inserted item: "Video EEG monitoring..." (ID: 7573, indent: 0)
[2025-03-19T18:16:56.768Z] [INFO] Inserted item: "Evoked potentials..." (ID: 7574, indent: 0)
[2025-03-19T18:16:56.769Z] [INFO] Completed processing file: special-tests.md
[2025-03-19T18:16:56.769Z] [INFO] Processing file: ecg.md
[2025-03-19T18:16:56.824Z] [INFO] Inserted/updated section: ECG Findings (ID: 1025)
[2025-03-19T18:16:56.876Z] [INFO] Inserted item: "Rate: _____ bpm..." (ID: 7575, indent: 0)
[2025-03-19T18:16:56.936Z] [INFO] Inserted item: "Rhythm:..." (ID: 7576, indent: 0)
[2025-03-19T18:16:56.988Z] [INFO] Inserted item: "Sinus rhythm..." (ID: 7577, indent: 1)
[2025-03-19T18:16:57.036Z] [INFO] Inserted item: "Sinus tachycardia (common in p..." (ID: 7578, indent: 1)
[2025-03-19T18:16:57.088Z] [INFO] Inserted item: "Other: _____..." (ID: 7579, indent: 1)
[2025-03-19T18:16:57.137Z] [INFO] Inserted item: "QRS duration: _____ ms..." (ID: 7580, indent: 0)
[2025-03-19T18:16:57.185Z] [INFO] Inserted item: "QRS >0.1 second (possible tric..." (ID: 7581, indent: 1)
[2025-03-19T18:16:57.242Z] [INFO] Inserted item: "QT interval: _____ ms..." (ID: 7582, indent: 0)
[2025-03-19T18:16:57.294Z] [INFO] Inserted item: "Prolonged QT (common in peri-i..." (ID: 7583, indent: 1)
[2025-03-19T18:16:57.342Z] [INFO] Inserted item: "PR interval: _____ ms..." (ID: 7584, indent: 0)
[2025-03-19T18:16:57.398Z] [INFO] Inserted item: "Prolonged PR (common in peri-i..." (ID: 7585, indent: 1)
[2025-03-19T18:16:57.451Z] [INFO] Inserted item: "ST segment:..." (ID: 7586, indent: 0)
[2025-03-19T18:16:57.503Z] [INFO] Inserted item: "Normal..." (ID: 7587, indent: 1)
[2025-03-19T18:16:57.554Z] [INFO] Inserted item: "Depression (can occur in peri-..." (ID: 7588, indent: 1)
[2025-03-19T18:16:57.606Z] [INFO] Inserted item: "T wave:..." (ID: 7589, indent: 0)
[2025-03-19T18:16:57.667Z] [INFO] Inserted item: "Normal..." (ID: 7590, indent: 1)
[2025-03-19T18:16:57.728Z] [INFO] Inserted item: "Inversion (can occur in peri-i..." (ID: 7591, indent: 1)
[2025-03-19T18:16:57.781Z] [INFO] Inserted item: "Rightward shift of terminal 40..." (ID: 7592, indent: 0)
[2025-03-19T18:16:57.837Z] [INFO] Inserted item: "Prominent R wave in lead aVR (..." (ID: 7593, indent: 1)
[2025-03-19T18:16:57.893Z] [INFO] Inserted item: "Delta wave..." (ID: 7594, indent: 0)
[2025-03-19T18:16:57.957Z] [INFO] Inserted item: "Brugada pattern..." (ID: 7595, indent: 0)
[2025-03-19T18:16:58.009Z] [INFO] Inserted item: "Heart block..." (ID: 7596, indent: 0)
[2025-03-19T18:16:58.068Z] [INFO] Inserted/updated section: Cardiac Monitoring (ID: 1026)
[2025-03-19T18:16:58.127Z] [INFO] Inserted item: "Indicated for:..." (ID: 7597, indent: 0)
[2025-03-19T18:16:58.183Z] [INFO] Inserted item: "History of cardiac disease..." (ID: 7598, indent: 1)
[2025-03-19T18:16:58.239Z] [INFO] Inserted item: "Preceding/ongoing cardiac symp..." (ID: 7599, indent: 1)
[2025-03-19T18:16:58.291Z] [INFO] Inserted item: "Ongoing seizures..." (ID: 7600, indent: 1)
[2025-03-19T18:16:58.344Z] [INFO] Inserted item: "Suspected overdose..." (ID: 7601, indent: 1)
[2025-03-19T18:16:58.344Z] [INFO] Completed processing file: ecg.md
[2025-03-19T18:16:58.345Z] [INFO] Processing file: assessment.md
[2025-03-19T18:16:58.395Z] [INFO] Inserted/updated section: Seizure Classification (ID: 1027)
[2025-03-19T18:16:58.447Z] [INFO] Inserted item: "Focal onset:..." (ID: 7602, indent: 0)
[2025-03-19T18:16:58.499Z] [INFO] Inserted item: "Aware:..." (ID: 7603, indent: 1)
[2025-03-19T18:16:58.558Z] [INFO] Inserted item: "Motor onset:..." (ID: 7604, indent: 2)
[2025-03-19T18:16:58.619Z] [INFO] Inserted item: "Atonic..." (ID: 7605, indent: 3)
[2025-03-19T18:16:58.671Z] [INFO] Inserted item: "Automatisms..." (ID: 7606, indent: 3)
[2025-03-19T18:16:58.731Z] [INFO] Inserted item: "Clonic..." (ID: 7607, indent: 3)
[2025-03-19T18:16:58.788Z] [INFO] Inserted item: "Epileptic spasms..." (ID: 7608, indent: 3)
[2025-03-19T18:16:58.844Z] [INFO] Inserted item: "Hyperkinetic..." (ID: 7609, indent: 3)
[2025-03-19T18:16:58.900Z] [INFO] Inserted item: "Myoclonic..." (ID: 7610, indent: 3)
[2025-03-19T18:16:58.957Z] [INFO] Inserted item: "Tonic..." (ID: 7611, indent: 3)
[2025-03-19T18:16:59.014Z] [INFO] Inserted item: "Non-motor onset:..." (ID: 7612, indent: 2)
[2025-03-19T18:16:59.073Z] [INFO] Inserted item: "Automatisms..." (ID: 7613, indent: 3)
[2025-03-19T18:16:59.126Z] [INFO] Inserted item: "Behavior arrest..." (ID: 7614, indent: 3)
[2025-03-19T18:16:59.177Z] [INFO] Inserted item: "Cognitive..." (ID: 7615, indent: 3)
[2025-03-19T18:16:59.237Z] [INFO] Inserted item: "Emotional..." (ID: 7616, indent: 3)
[2025-03-19T18:16:59.309Z] [INFO] Inserted item: "Sensory..." (ID: 7617, indent: 3)
[2025-03-19T18:16:59.370Z] [INFO] Inserted item: "Impaired awareness..." (ID: 7618, indent: 1)
[2025-03-19T18:16:59.434Z] [INFO] Inserted item: "Focal to bilateral tonic-cloni..." (ID: 7619, indent: 1)
[2025-03-19T18:16:59.500Z] [INFO] Inserted item: "Generalized onset:..." (ID: 7620, indent: 0)
[2025-03-19T18:16:59.551Z] [INFO] Inserted item: "Motor:..." (ID: 7621, indent: 1)
[2025-03-19T18:16:59.606Z] [INFO] Inserted item: "Atonic..." (ID: 7622, indent: 2)
[2025-03-19T18:16:59.660Z] [INFO] Inserted item: "Clonic..." (ID: 7623, indent: 2)
[2025-03-19T18:16:59.713Z] [INFO] Inserted item: "Epileptic spasms..." (ID: 7624, indent: 2)
[2025-03-19T18:16:59.766Z] [INFO] Inserted item: "Myoclonic-atonic..." (ID: 7625, indent: 2)
[2025-03-19T18:16:59.833Z] [INFO] Inserted item: "Myoclonic..." (ID: 7626, indent: 2)
[2025-03-19T18:16:59.895Z] [INFO] Inserted item: "Myoclonic-tonic-clonic..." (ID: 7627, indent: 2)
[2025-03-19T18:16:59.944Z] [INFO] Inserted item: "Tonic-clonic..." (ID: 7628, indent: 2)
[2025-03-19T18:17:00.005Z] [INFO] Inserted item: "Tonic..." (ID: 7629, indent: 2)
[2025-03-19T18:17:00.079Z] [INFO] Inserted item: "Non-motor (absence):..." (ID: 7630, indent: 1)
[2025-03-19T18:17:00.132Z] [INFO] Inserted item: "Typical..." (ID: 7631, indent: 2)
[2025-03-19T18:17:00.185Z] [INFO] Inserted item: "Atypical..." (ID: 7632, indent: 2)
[2025-03-19T18:17:00.239Z] [INFO] Inserted item: "Myoclonic..." (ID: 7633, indent: 2)
[2025-03-19T18:17:00.295Z] [INFO] Inserted item: "Eyelid myoclonia..." (ID: 7634, indent: 2)
[2025-03-19T18:17:00.352Z] [INFO] Inserted item: "Unknown onset:..." (ID: 7635, indent: 0)
[2025-03-19T18:17:00.402Z] [INFO] Inserted item: "Motor:..." (ID: 7636, indent: 1)
[2025-03-19T18:17:00.455Z] [INFO] Inserted item: "Tonic-clonic..." (ID: 7637, indent: 2)
[2025-03-19T18:17:00.507Z] [INFO] Inserted item: "Epileptic spasms..." (ID: 7638, indent: 2)
[2025-03-19T18:17:00.557Z] [INFO] Inserted item: "Non-motor (absence)..." (ID: 7639, indent: 1)
[2025-03-19T18:17:00.607Z] [INFO] Inserted item: "Unclassified..." (ID: 7640, indent: 1)
[2025-03-19T18:17:00.668Z] [INFO] Inserted/updated section: Status Epilepticus Classification (ID: 1028)
[2025-03-19T18:17:00.720Z] [INFO] Inserted item: "Tonic-clonic status epilepticu..." (ID: 7641, indent: 0)
[2025-03-19T18:17:00.775Z] [INFO] Inserted item: "Focal status epilepticus with ..." (ID: 7642, indent: 0)
[2025-03-19T18:17:00.832Z] [INFO] Inserted item: "Absence status epilepticus (>1..." (ID: 7643, indent: 0)
[2025-03-19T18:17:00.890Z] [INFO] Inserted/updated section: Etiology (ID: 1029)
[2025-03-19T18:17:00.949Z] [INFO] Inserted item: "Unprovoked seizure..." (ID: 7644, indent: 0)
[2025-03-19T18:17:01.021Z] [INFO] Inserted item: "Acute symptomatic seizure..." (ID: 7645, indent: 0)
[2025-03-19T18:17:01.080Z] [INFO] Inserted item: "Metabolic:..." (ID: 7646, indent: 1)
[2025-03-19T18:17:01.146Z] [INFO] Inserted item: "Hypoglycemia..." (ID: 7647, indent: 2)
[2025-03-19T18:17:01.203Z] [INFO] Inserted item: "Hyponatremia..." (ID: 7648, indent: 2)
[2025-03-19T18:17:01.258Z] [INFO] Inserted item: "Hypocalcemia..." (ID: 7649, indent: 2)
[2025-03-19T18:17:01.318Z] [INFO] Inserted item: "Hypomagnesemia..." (ID: 7650, indent: 2)
[2025-03-19T18:17:01.378Z] [INFO] Inserted item: "Uremia..." (ID: 7651, indent: 2)
[2025-03-19T18:17:01.428Z] [INFO] Inserted item: "Hepatic encephalopathy..." (ID: 7652, indent: 2)
[2025-03-19T18:17:01.480Z] [INFO] Inserted item: "Toxic:..." (ID: 7653, indent: 1)
[2025-03-19T18:17:01.533Z] [INFO] Inserted item: "Alcohol-related..." (ID: 7654, indent: 2)
[2025-03-19T18:17:01.585Z] [INFO] Inserted item: "Drug toxicity..." (ID: 7655, indent: 2)
[2025-03-19T18:17:01.640Z] [INFO] Inserted item: "Medication adverse effect..." (ID: 7656, indent: 2)
[2025-03-19T18:17:01.691Z] [INFO] Inserted item: "Structural:..." (ID: 7657, indent: 1)
[2025-03-19T18:17:01.750Z] [INFO] Inserted item: "Stroke..." (ID: 7658, indent: 2)
[2025-03-19T18:17:01.801Z] [INFO] Inserted item: "Tumor..." (ID: 7659, indent: 2)
[2025-03-19T18:17:01.888Z] [INFO] Inserted item: "Traumatic brain injury..." (ID: 7660, indent: 2)
[2025-03-19T18:17:01.949Z] [INFO] Inserted item: "Infectious:..." (ID: 7661, indent: 1)
[2025-03-19T18:17:02.012Z] [INFO] Inserted item: "Meningitis..." (ID: 7662, indent: 2)
[2025-03-19T18:17:02.080Z] [INFO] Inserted item: "Encephalitis..." (ID: 7663, indent: 2)
[2025-03-19T18:17:02.133Z] [INFO] Inserted item: "Abscess..." (ID: 7664, indent: 2)
[2025-03-19T18:17:02.188Z] [INFO] Inserted item: "Eclampsia (in pregnant patient..." (ID: 7665, indent: 1)
[2025-03-19T18:17:02.246Z] [INFO] Inserted item: "Febrile (in infants)..." (ID: 7666, indent: 1)
[2025-03-19T18:17:02.297Z] [INFO] Inserted/updated section: Risk Assessment (ID: 1030)
[2025-03-19T18:17:02.350Z] [INFO] Inserted item: "Risk for seizure recurrence..." (ID: 7667, indent: 0)
[2025-03-19T18:17:02.407Z] [INFO] Inserted item: "High risk (brain lesion, EEG a..." (ID: 7668, indent: 1)
[2025-03-19T18:17:02.463Z] [INFO] Inserted item: "Low risk..." (ID: 7669, indent: 1)
[2025-03-19T18:17:02.523Z] [INFO] Inserted item: "Need for secondary prophylaxis..." (ID: 7670, indent: 0)
[2025-03-19T18:17:02.524Z] [INFO] Completed processing file: assessment.md
[2025-03-19T18:17:02.524Z] [INFO] Processing file: plan.md
[2025-03-19T18:17:02.575Z] [INFO] Inserted/updated section: Initial Management (ID: 1031)
[2025-03-19T18:17:02.630Z] [INFO] Inserted item: "Airway management:..." (ID: 7671, indent: 0)
[2025-03-19T18:17:02.682Z] [INFO] Inserted item: "Lateral decubitus positioning..." (ID: 7672, indent: 1)
[2025-03-19T18:17:02.734Z] [INFO] Inserted item: "Suction of oral secretions..." (ID: 7673, indent: 1)
[2025-03-19T18:17:02.795Z] [INFO] Inserted item: "Nasopharyngeal airway..." (ID: 7674, indent: 1)
[2025-03-19T18:17:02.847Z] [INFO] Inserted item: "Oxygen administration..." (ID: 7675, indent: 1)
[2025-03-19T18:17:02.903Z] [INFO] Inserted item: "Endotracheal intubation (if ne..." (ID: 7676, indent: 1)
[2025-03-19T18:17:02.956Z] [INFO] Inserted item: "Vitals monitoring:..." (ID: 7677, indent: 0)
[2025-03-19T18:17:03.008Z] [INFO] Inserted item: "Continuous pulse oximetry..." (ID: 7678, indent: 1)
[2025-03-19T18:17:03.061Z] [INFO] Inserted item: "Cardiac monitoring..." (ID: 7679, indent: 1)
[2025-03-19T18:17:03.112Z] [INFO] Inserted item: "Blood pressure monitoring..." (ID: 7680, indent: 1)
[2025-03-19T18:17:03.167Z] [INFO] Inserted item: "Protection from injury..." (ID: 7681, indent: 0)
[2025-03-19T18:17:03.217Z] [INFO] Inserted item: "IV access..." (ID: 7682, indent: 0)
[2025-03-19T18:17:03.284Z] [INFO] Inserted/updated section: Abortive Therapy for Active Seizures (ID: 1032)
[2025-03-19T18:17:03.338Z] [INFO] Inserted item: "First-line therapy (for seizur..." (ID: 7683, indent: 0)
[2025-03-19T18:17:03.394Z] [INFO] Inserted item: "Benzodiazepines:..." (ID: 7684, indent: 1)
[2025-03-19T18:17:03.446Z] [INFO] Inserted item: "Lorazepam IV 0.1 mg/kg (max 4 ..." (ID: 7685, indent: 2)
[2025-03-19T18:17:03.497Z] [INFO] Inserted item: "Midazolam IM/IV/IN 0.2 mg/kg (..." (ID: 7686, indent: 2)
[2025-03-19T18:17:03.552Z] [INFO] Inserted item: "Diazepam IV 0.15-0.2 mg/kg (ma..." (ID: 7687, indent: 2)
[2025-03-19T18:17:03.610Z] [INFO] Inserted item: "Second-line therapy (if seizur..." (ID: 7688, indent: 0)
[2025-03-19T18:17:03.672Z] [INFO] Inserted item: "Levetiracetam IV 1000-4500 mg ..." (ID: 7689, indent: 1)
[2025-03-19T18:17:03.725Z] [INFO] Inserted item: "Fosphenytoin IV 10-20 mg PE/kg..." (ID: 7690, indent: 1)
[2025-03-19T18:17:03.784Z] [INFO] Inserted item: "Valproic acid IV 20-40 mg/kg..." (ID: 7691, indent: 1)
[2025-03-19T18:17:03.847Z] [INFO] Inserted item: "Phenobarbital IV 15-20 mg/kg..." (ID: 7692, indent: 1)
[2025-03-19T18:17:03.899Z] [INFO] Inserted item: "Phenytoin IV 15-20 mg/kg..." (ID: 7693, indent: 1)
[2025-03-19T18:17:03.952Z] [INFO] Inserted item: "Lacosamide IV 200-400 mg..." (ID: 7694, indent: 1)
[2025-03-19T18:17:04.014Z] [INFO] Inserted item: "Third-line therapy (for refrac..." (ID: 7695, indent: 0)
[2025-03-19T18:17:04.121Z] [INFO] Inserted item: "Ketamine..." (ID: 7696, indent: 1)
[2025-03-19T18:17:04.178Z] [INFO] Inserted item: "Midazolam infusion..." (ID: 7697, indent: 1)
[2025-03-19T18:17:04.244Z] [INFO] Inserted item: "Pentobarbital..." (ID: 7698, indent: 1)
[2025-03-19T18:17:04.305Z] [INFO] Inserted item: "Propofol infusion..." (ID: 7699, indent: 1)
[2025-03-19T18:17:04.358Z] [INFO] Inserted/updated section: Special Considerations (ID: 1033)
[2025-03-19T18:17:04.416Z] [INFO] Inserted item: "Eclampsia:..." (ID: 7700, indent: 0)
[2025-03-19T18:17:04.478Z] [INFO] Inserted item: "IV magnesium 4-6 g..." (ID: 7701, indent: 1)
[2025-03-19T18:17:04.532Z] [INFO] Inserted item: "Isoniazid overdose:..." (ID: 7702, indent: 0)
[2025-03-19T18:17:04.585Z] [INFO] Inserted item: "Pyridoxine..." (ID: 7703, indent: 1)
[2025-03-19T18:17:04.640Z] [INFO] Inserted item: "Hyponatremia:..." (ID: 7704, indent: 0)
[2025-03-19T18:17:04.713Z] [INFO] Inserted item: "Hypertonic saline..." (ID: 7705, indent: 1)
[2025-03-19T18:17:04.789Z] [INFO] Inserted/updated section: Treatment of Underlying Causes (ID: 1034)
[2025-03-19T18:17:04.851Z] [INFO] Inserted item: "Correction of metabolic abnorm..." (ID: 7706, indent: 0)
[2025-03-19T18:17:04.904Z] [INFO] Inserted item: "Glucose for hypoglycemia..." (ID: 7707, indent: 1)
[2025-03-19T18:17:04.963Z] [INFO] Inserted item: "Electrolyte correction..." (ID: 7708, indent: 1)
[2025-03-19T18:17:05.021Z] [INFO] Inserted item: "Treatment of infections..." (ID: 7709, indent: 0)
[2025-03-19T18:17:05.069Z] [INFO] Inserted item: "Management of toxin exposure..." (ID: 7710, indent: 0)
[2025-03-19T18:17:05.127Z] [INFO] Inserted item: "Control of increased intracran..." (ID: 7711, indent: 0)
[2025-03-19T18:17:05.182Z] [INFO] Inserted/updated section: Secondary Prophylaxis Considerations (ID: 1035)
[2025-03-19T18:17:05.239Z] [INFO] Inserted item: "For patients with high recurre..." (ID: 7712, indent: 0)
[2025-03-19T18:17:05.295Z] [INFO] Inserted item: "Antiseizure medication initiat..." (ID: 7713, indent: 1)
[2025-03-19T18:17:05.355Z] [INFO] Inserted item: "Dose adjustment of current reg..." (ID: 7714, indent: 1)
[2025-03-19T18:17:05.425Z] [INFO] Inserted item: "Loading dose for subtherapeuti..." (ID: 7715, indent: 0)
[2025-03-19T18:17:05.482Z] [INFO] Inserted item: "Phenytoin: _____..." (ID: 7716, indent: 1)
[2025-03-19T18:17:05.543Z] [INFO] Inserted item: "Valproic acid: _____..." (ID: 7717, indent: 1)
[2025-03-19T18:17:05.595Z] [INFO] Inserted item: "Other: _____..." (ID: 7718, indent: 1)
[2025-03-19T18:17:05.596Z] [INFO] Completed processing file: plan.md
[2025-03-19T18:17:05.597Z] [INFO] Processing file: disposition.md
[2025-03-19T18:17:05.649Z] [INFO] Inserted/updated section: Discharge Criteria (ID: 1036)
[2025-03-19T18:17:05.702Z] [INFO] Inserted item: "Normal neurologic examination..." (ID: 7719, indent: 0)
[2025-03-19T18:17:05.756Z] [INFO] Inserted item: "No significant medical comorbi..." (ID: 7720, indent: 0)
[2025-03-19T18:17:05.818Z] [INFO] Inserted item: "No known structural brain dise..." (ID: 7721, indent: 0)
[2025-03-19T18:17:05.876Z] [INFO] Inserted item: "Required no more than one dose..." (ID: 7722, indent: 0)
[2025-03-19T18:17:05.927Z] [INFO] Inserted item: "Sufficient resources for follo..." (ID: 7723, indent: 0)
[2025-03-19T18:17:05.979Z] [INFO] Inserted item: "Return to baseline mental stat..." (ID: 7724, indent: 0)
[2025-03-19T18:17:06.035Z] [INFO] Inserted/updated section: Admission Criteria (ID: 1037)
[2025-03-19T18:17:06.101Z] [INFO] Inserted item: "Abnormal neurologic examinatio..." (ID: 7725, indent: 0)
[2025-03-19T18:17:06.152Z] [INFO] Inserted item: "Medical or neurologic comorbid..." (ID: 7726, indent: 0)
[2025-03-19T18:17:06.239Z] [INFO] Inserted item: "First-time seizure with diagno..." (ID: 7727, indent: 0)
[2025-03-19T18:17:06.297Z] [INFO] Inserted item: "Status epilepticus..." (ID: 7728, indent: 0)
[2025-03-19T18:17:06.348Z] [INFO] Inserted item: "Required multiple doses of ant..." (ID: 7729, indent: 0)
[2025-03-19T18:17:06.401Z] [INFO] Inserted item: "Inability to comply with follo..." (ID: 7730, indent: 0)
[2025-03-19T18:17:06.451Z] [INFO] Inserted item: "Persistent altered mental stat..." (ID: 7731, indent: 0)
[2025-03-19T18:17:06.505Z] [INFO] Inserted item: "Lack of adequate home resource..." (ID: 7732, indent: 0)
[2025-03-19T18:17:06.561Z] [INFO] Inserted/updated section: Follow-up Requirements (ID: 1038)
[2025-03-19T18:17:06.609Z] [INFO] Inserted item: "Neurology consultation..." (ID: 7733, indent: 0)
[2025-03-19T18:17:06.659Z] [INFO] Inserted item: "Urgent (within 24-48 hours)..." (ID: 7734, indent: 1)
[2025-03-19T18:17:06.706Z] [INFO] Inserted item: "Non-urgent (within 1-2 weeks)..." (ID: 7735, indent: 1)
[2025-03-19T18:17:06.761Z] [INFO] Inserted item: "Primary care follow-up..." (ID: 7736, indent: 0)
[2025-03-19T18:17:06.811Z] [INFO] Inserted item: "Outpatient EEG..." (ID: 7737, indent: 0)
[2025-03-19T18:17:06.864Z] [INFO] Inserted item: "Outpatient neuroimaging..." (ID: 7738, indent: 0)
[2025-03-19T18:17:06.914Z] [INFO] Inserted/updated section: Special Considerations (ID: 1039)
[2025-03-19T18:17:06.965Z] [INFO] Inserted item: "Immunocompromised patients..." (ID: 7739, indent: 0)
[2025-03-19T18:17:07.019Z] [INFO] Inserted item: "Pregnant patients..." (ID: 7740, indent: 0)
[2025-03-19T18:17:07.080Z] [INFO] Inserted item: "Pediatric patients..." (ID: 7741, indent: 0)
[2025-03-19T18:17:07.132Z] [INFO] Inserted item: "Elderly patients..." (ID: 7742, indent: 0)
[2025-03-19T18:17:07.184Z] [INFO] Inserted item: "Patients with known epilepsy w..." (ID: 7743, indent: 0)
[2025-03-19T18:17:07.184Z] [INFO] Completed processing file: disposition.md
[2025-03-19T18:17:07.184Z] [INFO] Processing file: patient-education.md
[2025-03-19T18:17:07.236Z] [INFO] Inserted/updated section: Activity Restrictions (ID: 1040)
[2025-03-19T18:17:07.292Z] [INFO] Inserted item: "Driving restrictions..." (ID: 7744, indent: 0)
[2025-03-19T18:17:07.342Z] [INFO] Inserted item: "State-specific guidance regard..." (ID: 7745, indent: 1)
[2025-03-19T18:17:07.398Z] [INFO] Inserted item: "Avoidance of potentially dange..." (ID: 7746, indent: 0)
[2025-03-19T18:17:07.451Z] [INFO] Inserted item: "Swimming..." (ID: 7747, indent: 1)
[2025-03-19T18:17:07.511Z] [INFO] Inserted item: "Climbing ladders/heights..." (ID: 7748, indent: 1)
[2025-03-19T18:17:07.564Z] [INFO] Inserted item: "Operating machinery..." (ID: 7749, indent: 1)
[2025-03-19T18:17:07.618Z] [INFO] Inserted item: "Bathing unsupervised..." (ID: 7750, indent: 1)
[2025-03-19T18:17:07.677Z] [INFO] Inserted/updated section: Seizure Precautions (ID: 1041)
[2025-03-19T18:17:07.728Z] [INFO] Inserted item: "Safety measures in home enviro..." (ID: 7751, indent: 0)
[2025-03-19T18:17:07.780Z] [INFO] Inserted item: "Seizure first aid for family m..." (ID: 7752, indent: 0)
[2025-03-19T18:17:07.849Z] [INFO] Inserted item: "Recognition of warning signs f..." (ID: 7753, indent: 0)
[2025-03-19T18:17:07.901Z] [INFO] Inserted/updated section: Medication Education (ID: 1042)
[2025-03-19T18:17:07.950Z] [INFO] Inserted item: "Importance of medication compl..." (ID: 7754, indent: 0)
[2025-03-19T18:17:08.008Z] [INFO] Inserted item: "Potential side effects of anti..." (ID: 7755, indent: 0)
[2025-03-19T18:17:08.068Z] [INFO] Inserted item: "Drug-drug interactions..." (ID: 7756, indent: 0)
[2025-03-19T18:17:08.123Z] [INFO] Inserted item: "Need for regular monitoring of..." (ID: 7757, indent: 0)
[2025-03-19T18:17:08.176Z] [INFO] Inserted/updated section: Lifestyle Modifications (ID: 1043)
[2025-03-19T18:17:08.238Z] [INFO] Inserted item: "Sleep hygiene..." (ID: 7758, indent: 0)
[2025-03-19T18:17:08.305Z] [INFO] Inserted item: "Stress management..." (ID: 7759, indent: 0)
[2025-03-19T18:17:08.356Z] [INFO] Inserted item: "Alcohol limitation..." (ID: 7760, indent: 0)
[2025-03-19T18:17:08.408Z] [INFO] Inserted item: "Avoidance of seizure triggers..." (ID: 7761, indent: 0)
[2025-03-19T18:17:08.461Z] [INFO] Inserted/updated section: Follow-up Instructions (ID: 1044)
[2025-03-19T18:17:08.533Z] [INFO] Inserted item: "When to seek emergency care:..." (ID: 7762, indent: 0)
[2025-03-19T18:17:08.585Z] [INFO] Inserted item: "Seizure lasting >5 minutes..." (ID: 7763, indent: 1)
[2025-03-19T18:17:08.641Z] [INFO] Inserted item: "Repeated seizures without retu..." (ID: 7764, indent: 1)
[2025-03-19T18:17:08.694Z] [INFO] Inserted item: "Injury during seizure..." (ID: 7765, indent: 1)
[2025-03-19T18:17:08.744Z] [INFO] Inserted item: "Prolonged postictal state..." (ID: 7766, indent: 1)
[2025-03-19T18:17:08.804Z] [INFO] Inserted item: "New neurologic deficits..." (ID: 7767, indent: 1)
[2025-03-19T18:17:08.850Z] [INFO] Inserted item: "Importance of neurologist foll..." (ID: 7768, indent: 0)
[2025-03-19T18:17:08.898Z] [INFO] Inserted item: "Information on how to track se..." (ID: 7769, indent: 0)
[2025-03-19T18:17:08.947Z] [INFO] Inserted/updated section: Resources (ID: 1045)
[2025-03-19T18:17:09.030Z] [INFO] Inserted item: "Local epilepsy support groups..." (ID: 7770, indent: 0)
[2025-03-19T18:17:09.085Z] [INFO] Inserted item: "Educational materials..." (ID: 7771, indent: 0)
[2025-03-19T18:17:09.086Z] [INFO] Completed processing file: patient-education.md
[2025-03-19T18:17:09.087Z] [INFO] Completed processing chapter: Ch14_Seizures
[2025-03-19T18:17:09.087Z] [INFO] Migration completed: 1 chapters processed successfully, 0 chapters had errors
[2025-03-19T18:17:09.088Z] [INFO] Migration completed in 42.133 seconds
