[2025-03-15T03:00:31.329Z] [INFO] Starting migration...
[2025-03-15T03:00:31.330Z] [INFO] Inserting categories...
[2025-03-15T03:00:31.426Z] [INFO] All categories already exist, skipping insertion
[2025-03-15T03:00:31.426Z] [INFO] Found 1 chapter directories to process
[2025-03-15T03:00:31.426Z] [INFO] Processing chapter: Ch11_Syncope
[2025-03-15T03:00:31.481Z] [INFO] Inserted/updated chapter: Syncope (ID: 369)
[2025-03-15T03:00:31.527Z] [INFO] Processing file: alarm-features.md
[2025-03-15T03:00:31.575Z] [INFO] Inserted/updated section: High-Risk Features (ID: 1806)
[2025-03-15T03:00:31.576Z] [INFO] Inserting 8 checklist items for section 1806
[2025-03-15T03:00:31.621Z] [INFO] Successfully inserted 8 checklist items
[2025-03-15T03:00:31.669Z] [INFO] Inserted/updated section: Critical Diagnoses To Consider (ID: 1807)
[2025-03-15T03:00:31.669Z] [INFO] Inserting 13 checklist items for section 1807
[2025-03-15T03:00:31.713Z] [INFO] Successfully inserted 13 checklist items
[2025-03-15T03:00:31.803Z] [INFO] Inserted/updated section: Emergent Diagnostic Factors (ID: 1808)
[2025-03-15T03:00:31.803Z] [INFO] Inserting 11 checklist items for section 1808
[2025-03-15T03:00:31.854Z] [INFO] Successfully inserted 11 checklist items
[2025-03-15T03:00:31.901Z] [INFO] Inserted/updated section: Concerning Cardiac Symptoms (ID: 1809)
[2025-03-15T03:00:31.901Z] [INFO] Inserting 4 checklist items for section 1809
[2025-03-15T03:00:31.947Z] [INFO] Successfully inserted 4 checklist items
[2025-03-15T03:00:31.994Z] [INFO] Inserted/updated section: Concerning Neurological Symptoms (ID: 1810)
[2025-03-15T03:00:31.994Z] [INFO] Inserting 4 checklist items for section 1810
[2025-03-15T03:00:32.037Z] [INFO] Successfully inserted 4 checklist items
[2025-03-15T03:00:32.086Z] [INFO] Inserted/updated section: Concerning Abdominal/GI Symptoms (ID: 1811)
[2025-03-15T03:00:32.086Z] [INFO] Inserting 3 checklist items for section 1811
[2025-03-15T03:00:32.137Z] [INFO] Successfully inserted 3 checklist items
[2025-03-15T03:00:32.137Z] [INFO] Completed processing file: alarm-features.md
[2025-03-15T03:00:32.137Z] [INFO] Processing file: assessment.md
[2025-03-15T03:00:32.181Z] [INFO] Inserted/updated section: Syncope Classification (ID: 1812)
[2025-03-15T03:00:32.181Z] [INFO] Inserting 17 checklist items for section 1812
[2025-03-15T03:00:32.270Z] [ERROR] Error inserting checklist items for section 1812: null value in column "display_order" of relation "checklist_items" violates not-null constraint
[2025-03-15T03:00:32.270Z] [ERROR] Error inserting items for section Syncope Classification: null value in column "display_order" of relation "checklist_items" violates not-null constraint
[2025-03-15T03:00:32.313Z] [INFO] Inserted/updated section: Diagnostic Certainty (ID: 1813)
[2025-03-15T03:00:32.313Z] [INFO] Inserting 5 checklist items for section 1813
[2025-03-15T03:00:32.356Z] [INFO] Successfully inserted 5 checklist items
[2025-03-15T03:00:32.401Z] [INFO] Inserted/updated section: Risk Stratification (ID: 1814)
[2025-03-15T03:00:32.401Z] [INFO] Inserting 4 checklist items for section 1814
[2025-03-15T03:00:32.444Z] [INFO] Successfully inserted 4 checklist items
[2025-03-15T03:00:32.533Z] [INFO] Inserted/updated section: Canadian Syncope Risk Score Calculation (ID: 1815)
[2025-03-15T03:00:32.533Z] [INFO] Inserting 10 checklist items for section 1815
[2025-03-15T03:00:32.581Z] [INFO] Successfully inserted 10 checklist items
[2025-03-15T03:00:32.623Z] [INFO] Inserted/updated section: FAINT Score Calculation (ID: 1816)
[2025-03-15T03:00:32.624Z] [INFO] Inserting 6 checklist items for section 1816
[2025-03-15T03:00:32.672Z] [INFO] Successfully inserted 6 checklist items
[2025-03-15T03:00:32.720Z] [INFO] Inserted/updated section: San Francisco Syncope Rule Assessment (ID: 1817)
[2025-03-15T03:00:32.720Z] [INFO] Inserting 7 checklist items for section 1817
[2025-03-15T03:00:32.770Z] [INFO] Successfully inserted 7 checklist items
[2025-03-15T03:00:32.815Z] [INFO] Inserted/updated section: Clinical Impression (ID: 1818)
[2025-03-15T03:00:32.815Z] [INFO] Inserting 4 checklist items for section 1818
[2025-03-15T03:00:32.860Z] [INFO] Successfully inserted 4 checklist items
[2025-03-15T03:00:32.908Z] [INFO] Inserted/updated section: Degree of Functional Impairment (ID: 1819)
[2025-03-15T03:00:32.908Z] [INFO] Inserting 4 checklist items for section 1819
[2025-03-15T03:00:32.951Z] [INFO] Successfully inserted 4 checklist items
[2025-03-15T03:00:32.996Z] [INFO] Inserted/updated section: Injury Assessment (ID: 1820)
[2025-03-15T03:00:32.996Z] [INFO] Inserting 4 checklist items for section 1820
[2025-03-15T03:00:33.042Z] [INFO] Successfully inserted 4 checklist items
[2025-03-15T03:00:33.042Z] [INFO] Completed processing file: assessment.md
[2025-03-15T03:00:33.042Z] [INFO] Processing file: collateral-history.md
[2025-03-15T03:00:33.085Z] [INFO] Inserted/updated section: Witness Account (ID: 1821)
[2025-03-15T03:00:33.085Z] [INFO] Inserting 4 checklist items for section 1821
[2025-03-15T03:00:33.129Z] [INFO] Successfully inserted 4 checklist items
[2025-03-15T03:00:33.173Z] [INFO] Inserted/updated section: Description of Episode (From Observer) (ID: 1822)
[2025-03-15T03:00:33.173Z] [INFO] Inserting 5 checklist items for section 1822
[2025-03-15T03:00:33.220Z] [INFO] Successfully inserted 5 checklist items
[2025-03-15T03:00:33.261Z] [INFO] Inserted/updated section: Pre-Episode Observations (ID: 1823)
[2025-03-15T03:00:33.262Z] [INFO] Inserting 5 checklist items for section 1823
[2025-03-15T03:00:33.312Z] [INFO] Successfully inserted 5 checklist items
[2025-03-15T03:00:33.355Z] [INFO] Inserted/updated section: Episode Characteristics (ID: 1824)
[2025-03-15T03:00:33.355Z] [INFO] Inserting 8 checklist items for section 1824
[2025-03-15T03:00:33.409Z] [INFO] Successfully inserted 8 checklist items
[2025-03-15T03:00:33.452Z] [INFO] Inserted/updated section: Movement During Episode (ID: 1825)
[2025-03-15T03:00:33.452Z] [INFO] Inserting 9 checklist items for section 1825
[2025-03-15T03:00:33.503Z] [INFO] Successfully inserted 9 checklist items
[2025-03-15T03:00:33.549Z] [INFO] Inserted/updated section: Autonomic Features (ID: 1826)
[2025-03-15T03:00:33.549Z] [INFO] Inserting 4 checklist items for section 1826
[2025-03-15T03:00:33.680Z] [INFO] Successfully inserted 4 checklist items
[2025-03-15T03:00:33.723Z] [INFO] Inserted/updated section: Recovery Characteristics (ID: 1827)
[2025-03-15T03:00:33.723Z] [INFO] Inserting 11 checklist items for section 1827
[2025-03-15T03:00:33.766Z] [INFO] Successfully inserted 11 checklist items
[2025-03-15T03:00:33.819Z] [INFO] Inserted/updated section: EMS/First Responder Report (ID: 1828)
[2025-03-15T03:00:33.819Z] [INFO] Inserting 4 checklist items for section 1828
[2025-03-15T03:00:33.861Z] [INFO] Successfully inserted 4 checklist items
[2025-03-15T03:00:33.861Z] [INFO] Completed processing file: collateral-history.md
[2025-03-15T03:00:33.861Z] [INFO] Processing file: diet.md
[2025-03-15T03:00:33.905Z] [INFO] Inserted/updated section: Oral Intake (ID: 1829)
[2025-03-15T03:00:33.905Z] [INFO] Inserting 5 checklist items for section 1829
[2025-03-15T03:00:33.953Z] [INFO] Successfully inserted 5 checklist items
[2025-03-15T03:00:33.998Z] [INFO] Inserted/updated section: Dietary Triggers (ID: 1830)
[2025-03-15T03:00:33.998Z] [INFO] Inserting 4 checklist items for section 1830
[2025-03-15T03:00:34.041Z] [INFO] Successfully inserted 4 checklist items
[2025-03-15T03:00:34.090Z] [INFO] Inserted/updated section: Specialized Diets (ID: 1831)
[2025-03-15T03:00:34.090Z] [INFO] Inserting 5 checklist items for section 1831
[2025-03-15T03:00:34.133Z] [INFO] Successfully inserted 5 checklist items
[2025-03-15T03:00:34.178Z] [INFO] Inserted/updated section: Hydration Status (ID: 1832)
[2025-03-15T03:00:34.178Z] [INFO] Inserting 4 checklist items for section 1832
[2025-03-15T03:00:34.221Z] [INFO] Successfully inserted 4 checklist items
[2025-03-15T03:00:34.271Z] [INFO] Inserted/updated section: Recent Dietary Changes (ID: 1833)
[2025-03-15T03:00:34.271Z] [INFO] Inserting 7 checklist items for section 1833
[2025-03-15T03:00:34.319Z] [INFO] Successfully inserted 7 checklist items
[2025-03-15T03:00:34.364Z] [INFO] Inserted/updated section: Dietary Supplements (ID: 1834)
[2025-03-15T03:00:34.364Z] [INFO] Inserting 6 checklist items for section 1834
[2025-03-15T03:00:34.405Z] [INFO] Successfully inserted 6 checklist items
[2025-03-15T03:00:34.447Z] [INFO] Inserted/updated section: Appetite (ID: 1835)
[2025-03-15T03:00:34.447Z] [INFO] Inserting 4 checklist items for section 1835
[2025-03-15T03:00:34.493Z] [INFO] Successfully inserted 4 checklist items
[2025-03-15T03:00:34.493Z] [INFO] Completed processing file: diet.md
[2025-03-15T03:00:34.493Z] [INFO] Processing file: differential-diagnosis.md
[2025-03-15T03:00:34.534Z] [INFO] Inserted/updated section: Reflex (Neurally Mediated) Syncope (ID: 1836)
[2025-03-15T03:00:34.534Z] [INFO] Inserting 12 checklist items for section 1836
[2025-03-15T03:00:34.617Z] [ERROR] Error inserting checklist items for section 1836: null value in column "display_order" of relation "checklist_items" violates not-null constraint
[2025-03-15T03:00:34.617Z] [ERROR] Error inserting items for section Reflex (Neurally Mediated) Syncope: null value in column "display_order" of relation "checklist_items" violates not-null constraint
[2025-03-15T03:00:34.661Z] [INFO] Inserted/updated section: Orthostatic Syncope (ID: 1837)
[2025-03-15T03:00:34.662Z] [INFO] Inserting 7 checklist items for section 1837
[2025-03-15T03:00:34.745Z] [ERROR] Error inserting checklist items for section 1837: null value in column "display_order" of relation "checklist_items" violates not-null constraint
[2025-03-15T03:00:34.745Z] [ERROR] Error inserting items for section Orthostatic Syncope: null value in column "display_order" of relation "checklist_items" violates not-null constraint
[2025-03-15T03:00:34.789Z] [INFO] Inserted/updated section: Cardiac Syncope (ID: 1838)
[2025-03-15T03:00:34.789Z] [INFO] Inserting 31 checklist items for section 1838
[2025-03-15T03:00:34.878Z] [ERROR] Error inserting checklist items for section 1838: null value in column "display_order" of relation "checklist_items" violates not-null constraint
[2025-03-15T03:00:34.878Z] [ERROR] Error inserting items for section Cardiac Syncope: null value in column "display_order" of relation "checklist_items" violates not-null constraint
[2025-03-15T03:00:34.920Z] [INFO] Inserted/updated section: Cerebrovascular Causes (ID: 1839)
[2025-03-15T03:00:34.920Z] [INFO] Inserting 5 checklist items for section 1839
[2025-03-15T03:00:34.967Z] [INFO] Successfully inserted 5 checklist items
[2025-03-15T03:00:35.012Z] [INFO] Inserted/updated section: Metabolic/Toxic Causes (ID: 1840)
[2025-03-15T03:00:35.012Z] [INFO] Inserting 6 checklist items for section 1840
[2025-03-15T03:00:35.053Z] [INFO] Successfully inserted 6 checklist items
[2025-03-15T03:00:35.095Z] [INFO] Inserted/updated section: Other Medical Causes (ID: 1841)
[2025-03-15T03:00:35.095Z] [INFO] Inserting 6 checklist items for section 1841
[2025-03-15T03:00:35.139Z] [INFO] Successfully inserted 6 checklist items
[2025-03-15T03:00:35.180Z] [INFO] Inserted/updated section: Syncope Mimics (ID: 1842)
[2025-03-15T03:00:35.180Z] [INFO] Inserting 8 checklist items for section 1842
[2025-03-15T03:00:35.225Z] [INFO] Successfully inserted 8 checklist items
[2025-03-15T03:00:35.226Z] [INFO] Completed processing file: differential-diagnosis.md
[2025-03-15T03:00:35.226Z] [INFO] Processing file: disposition.md
[2025-03-15T03:00:35.267Z] [INFO] Inserted/updated section: Primary Disposition Decision (ID: 1843)
[2025-03-15T03:00:35.267Z] [INFO] Inserting 8 checklist items for section 1843
[2025-03-15T03:00:35.360Z] [ERROR] Error inserting checklist items for section 1843: null value in column "display_order" of relation "checklist_items" violates not-null constraint
[2025-03-15T03:00:35.360Z] [ERROR] Error inserting items for section Primary Disposition Decision: null value in column "display_order" of relation "checklist_items" violates not-null constraint
[2025-03-15T03:00:35.402Z] [INFO] Inserted/updated section: Disposition Rationale (ID: 1844)
[2025-03-15T03:00:35.402Z] [INFO] Inserting 7 checklist items for section 1844
[2025-03-15T03:00:35.447Z] [INFO] Successfully inserted 7 checklist items
[2025-03-15T03:00:35.488Z] [INFO] Inserted/updated section: Discharge Considerations (ID: 1845)
[2025-03-15T03:00:35.488Z] [INFO] Inserting 7 checklist items for section 1845
[2025-03-15T03:00:35.532Z] [INFO] Successfully inserted 7 checklist items
[2025-03-15T03:00:35.574Z] [INFO] Inserted/updated section: Observation Unit Considerations (ID: 1846)
[2025-03-15T03:00:35.574Z] [INFO] Inserting 7 checklist items for section 1846
[2025-03-15T03:00:35.618Z] [INFO] Successfully inserted 7 checklist items
[2025-03-15T03:00:35.661Z] [INFO] Inserted/updated section: Hospital Admission Considerations (ID: 1847)
[2025-03-15T03:00:35.661Z] [INFO] Inserting 8 checklist items for section 1847
[2025-03-15T03:00:35.704Z] [INFO] Successfully inserted 8 checklist items
[2025-03-15T03:00:35.745Z] [INFO] Inserted/updated section: Telemetry Monitoring Indications (ID: 1848)
[2025-03-15T03:00:35.745Z] [INFO] Inserting 6 checklist items for section 1848
[2025-03-15T03:00:35.788Z] [INFO] Successfully inserted 6 checklist items
[2025-03-15T03:00:35.832Z] [INFO] Inserted/updated section: Intensive Care Unit Indications (ID: 1849)
[2025-03-15T03:00:35.832Z] [INFO] Inserting 7 checklist items for section 1849
[2025-03-15T03:00:35.877Z] [INFO] Successfully inserted 7 checklist items
[2025-03-15T03:00:35.918Z] [INFO] Inserted/updated section: Transfer Considerations (ID: 1850)
[2025-03-15T03:00:35.918Z] [INFO] Inserting 6 checklist items for section 1850
[2025-03-15T03:00:35.964Z] [INFO] Successfully inserted 6 checklist items
[2025-03-15T03:00:35.964Z] [INFO] Completed processing file: disposition.md
[2025-03-15T03:00:35.964Z] [INFO] Processing file: ecg.md
[2025-03-15T03:00:36.005Z] [INFO] Inserted/updated section: Basic ECG Parameters (ID: 1851)
[2025-03-15T03:00:36.005Z] [INFO] Inserting 7 checklist items for section 1851
[2025-03-15T03:00:36.054Z] [INFO] Successfully inserted 7 checklist items
[2025-03-15T03:00:36.099Z] [INFO] Inserted/updated section: Rhythm (ID: 1852)
[2025-03-15T03:00:36.099Z] [INFO] Inserting 9 checklist items for section 1852
[2025-03-15T03:00:36.145Z] [INFO] Successfully inserted 9 checklist items
[2025-03-15T03:00:36.187Z] [INFO] Inserted/updated section: Conduction Abnormalities (ID: 1853)
[2025-03-15T03:00:36.187Z] [INFO] Inserting 11 checklist items for section 1853
[2025-03-15T03:00:36.230Z] [INFO] Successfully inserted 11 checklist items
[2025-03-15T03:00:36.275Z] [INFO] Inserted/updated section: Tachyarrhythmias (ID: 1854)
[2025-03-15T03:00:36.275Z] [INFO] Inserting 7 checklist items for section 1854
[2025-03-15T03:00:36.317Z] [INFO] Successfully inserted 7 checklist items
[2025-03-15T03:00:36.363Z] [INFO] Inserted/updated section: Ischemia/Infarction (ID: 1855)
[2025-03-15T03:00:36.364Z] [INFO] Inserting 6 checklist items for section 1855
[2025-03-15T03:00:36.404Z] [INFO] Successfully inserted 6 checklist items
[2025-03-15T03:00:36.456Z] [INFO] Inserted/updated section: Other ECG Findings (ID: 1856)
[2025-03-15T03:00:36.457Z] [INFO] Inserting 14 checklist items for section 1856
[2025-03-15T03:00:36.500Z] [INFO] Successfully inserted 14 checklist items
[2025-03-15T03:00:36.549Z] [INFO] Inserted/updated section: Serial ECG Changes (ID: 1857)
[2025-03-15T03:00:36.549Z] [INFO] Inserting 4 checklist items for section 1857
[2025-03-15T03:00:36.649Z] [INFO] Successfully inserted 4 checklist items
[2025-03-15T03:00:36.690Z] [INFO] Inserted/updated section: Cardiac Monitor Findings (if available) (ID: 1858)
[2025-03-15T03:00:36.690Z] [INFO] Inserting 2 checklist items for section 1858
[2025-03-15T03:00:36.736Z] [INFO] Successfully inserted 2 checklist items
[2025-03-15T03:00:36.736Z] [INFO] Completed processing file: ecg.md
[2025-03-15T03:00:36.736Z] [INFO] Processing file: history.md
[2025-03-15T03:00:36.783Z] [INFO] Inserted/updated section: Chief Complaint (ID: 1859)
[2025-03-15T03:00:36.783Z] [INFO] Inserting 3 checklist items for section 1859
[2025-03-15T03:00:36.828Z] [INFO] Successfully inserted 3 checklist items
[2025-03-15T03:00:36.871Z] [INFO] Inserted/updated section: Episode Details (ID: 1860)
[2025-03-15T03:00:36.872Z] [INFO] Inserting 4 checklist items for section 1860
[2025-03-15T03:00:36.913Z] [INFO] Successfully inserted 4 checklist items
[2025-03-15T03:00:36.963Z] [INFO] Inserted/updated section: Position During Episode (ID: 1861)
[2025-03-15T03:00:36.963Z] [INFO] Inserting 4 checklist items for section 1861
[2025-03-15T03:00:37.005Z] [INFO] Successfully inserted 4 checklist items
[2025-03-15T03:00:37.047Z] [INFO] Inserted/updated section: Activity During Episode (ID: 1862)
[2025-03-15T03:00:37.048Z] [INFO] Inserting 5 checklist items for section 1862
[2025-03-15T03:00:37.089Z] [INFO] Successfully inserted 5 checklist items
[2025-03-15T03:00:37.132Z] [INFO] Inserted/updated section: Setting (ID: 1863)
[2025-03-15T03:00:37.132Z] [INFO] Inserting 11 checklist items for section 1863
[2025-03-15T03:00:37.176Z] [INFO] Successfully inserted 11 checklist items
[2025-03-15T03:00:37.219Z] [INFO] Inserted/updated section: Precipitating Factors (ID: 1864)
[2025-03-15T03:00:37.219Z] [INFO] Inserting 12 checklist items for section 1864
[2025-03-15T03:00:37.265Z] [INFO] Successfully inserted 12 checklist items
[2025-03-15T03:00:37.305Z] [INFO] Inserted/updated section: Associated Prodromal Symptoms (ID: 1865)
[2025-03-15T03:00:37.305Z] [INFO] Inserting 10 checklist items for section 1865
[2025-03-15T03:00:37.347Z] [INFO] Successfully inserted 10 checklist items
[2025-03-15T03:00:37.390Z] [INFO] Inserted/updated section: Associated Symptoms During/After Episode (ID: 1866)
[2025-03-15T03:00:37.390Z] [INFO] Inserting 13 checklist items for section 1866
[2025-03-15T03:00:37.434Z] [INFO] Successfully inserted 13 checklist items
[2025-03-15T03:00:37.479Z] [INFO] Inserted/updated section: Post-Episode Status (ID: 1867)
[2025-03-15T03:00:37.479Z] [INFO] Inserting 6 checklist items for section 1867
[2025-03-15T03:00:37.520Z] [INFO] Successfully inserted 6 checklist items
[2025-03-15T03:00:37.520Z] [INFO] Completed processing file: history.md
[2025-03-15T03:00:37.520Z] [INFO] Processing file: imaging.md
[2025-03-15T03:00:37.577Z] [INFO] Inserted/updated section: Chest X-ray (ID: 1868)
[2025-03-15T03:00:37.577Z] [INFO] Inserting 11 checklist items for section 1868
[2025-03-15T03:00:37.675Z] [INFO] Successfully inserted 11 checklist items
[2025-03-15T03:00:37.720Z] [INFO] Inserted/updated section: Head CT (ID: 1869)
[2025-03-15T03:00:37.720Z] [INFO] Inserting 9 checklist items for section 1869
[2025-03-15T03:00:37.762Z] [INFO] Successfully inserted 9 checklist items
[2025-03-15T03:00:37.809Z] [INFO] Inserted/updated section: CT Pulmonary Angiogram (ID: 1870)
[2025-03-15T03:00:37.809Z] [INFO] Inserting 10 checklist items for section 1870
[2025-03-15T03:00:37.896Z] [ERROR] Error inserting checklist items for section 1870: null value in column "display_order" of relation "checklist_items" violates not-null constraint
[2025-03-15T03:00:37.896Z] [ERROR] Error inserting items for section CT Pulmonary Angiogram: null value in column "display_order" of relation "checklist_items" violates not-null constraint
[2025-03-15T03:00:37.941Z] [INFO] Inserted/updated section: CT Abdomen/Pelvis (ID: 1871)
[2025-03-15T03:00:37.942Z] [INFO] Inserting 9 checklist items for section 1871
[2025-03-15T03:00:37.992Z] [INFO] Successfully inserted 9 checklist items
[2025-03-15T03:00:38.034Z] [INFO] Inserted/updated section: CT Angiogram of Chest (ID: 1872)
[2025-03-15T03:00:38.034Z] [INFO] Inserting 6 checklist items for section 1872
[2025-03-15T03:00:38.076Z] [INFO] Successfully inserted 6 checklist items
[2025-03-15T03:00:38.121Z] [INFO] Inserted/updated section: MRI Brain (ID: 1873)
[2025-03-15T03:00:38.121Z] [INFO] Inserting 8 checklist items for section 1873
[2025-03-15T03:00:38.167Z] [INFO] Successfully inserted 8 checklist items
[2025-03-15T03:00:38.216Z] [INFO] Inserted/updated section: MR Angiography (ID: 1874)
[2025-03-15T03:00:38.216Z] [INFO] Inserting 8 checklist items for section 1874
[2025-03-15T03:00:38.258Z] [INFO] Successfully inserted 8 checklist items
[2025-03-15T03:00:38.300Z] [INFO] Inserted/updated section: Carotid Ultrasound (ID: 1875)
[2025-03-15T03:00:38.301Z] [INFO] Inserting 6 checklist items for section 1875
[2025-03-15T03:00:38.346Z] [INFO] Successfully inserted 6 checklist items
[2025-03-15T03:00:38.390Z] [INFO] Inserted/updated section: Abdominal Ultrasound (ID: 1876)
[2025-03-15T03:00:38.390Z] [INFO] Inserting 6 checklist items for section 1876
[2025-03-15T03:00:38.432Z] [INFO] Successfully inserted 6 checklist items
[2025-03-15T03:00:38.476Z] [INFO] Inserted/updated section: Pelvic Ultrasound (if applicable) (ID: 1877)
[2025-03-15T03:00:38.476Z] [INFO] Inserting 8 checklist items for section 1877
[2025-03-15T03:00:38.521Z] [INFO] Successfully inserted 8 checklist items
[2025-03-15T03:00:38.522Z] [INFO] Completed processing file: imaging.md
[2025-03-15T03:00:38.522Z] [INFO] Processing file: lab-studies.md
[2025-03-15T03:00:38.562Z] [INFO] Inserted/updated section: Complete Blood Count (ID: 1878)
[2025-03-15T03:00:38.562Z] [INFO] Inserting 6 checklist items for section 1878
[2025-03-15T03:00:38.611Z] [INFO] Successfully inserted 6 checklist items
[2025-03-15T03:00:38.655Z] [INFO] Inserted/updated section: Basic Metabolic Panel (ID: 1879)
[2025-03-15T03:00:38.655Z] [INFO] Inserting 10 checklist items for section 1879
[2025-03-15T03:00:38.706Z] [INFO] Successfully inserted 10 checklist items
[2025-03-15T03:00:38.753Z] [INFO] Inserted/updated section: Cardiac Biomarkers (ID: 1880)
[2025-03-15T03:00:38.753Z] [INFO] Inserting 7 checklist items for section 1880
[2025-03-15T03:00:38.812Z] [INFO] Successfully inserted 7 checklist items
[2025-03-15T03:00:38.872Z] [INFO] Inserted/updated section: Coagulation Studies (ID: 1881)
[2025-03-15T03:00:38.872Z] [INFO] Inserting 5 checklist items for section 1881
[2025-03-15T03:00:38.915Z] [INFO] Successfully inserted 5 checklist items
[2025-03-15T03:00:38.960Z] [INFO] Inserted/updated section: Additional Electrolytes (ID: 1882)
[2025-03-15T03:00:38.960Z] [INFO] Inserting 2 checklist items for section 1882
[2025-03-15T03:00:39.001Z] [INFO] Successfully inserted 2 checklist items
[2025-03-15T03:00:39.044Z] [INFO] Inserted/updated section: Liver Function Tests (ID: 1883)
[2025-03-15T03:00:39.044Z] [INFO] Inserting 7 checklist items for section 1883
[2025-03-15T03:00:39.107Z] [INFO] Successfully inserted 7 checklist items
[2025-03-15T03:00:39.153Z] [INFO] Inserted/updated section: Toxicology Screen (ID: 1884)
[2025-03-15T03:00:39.153Z] [INFO] Inserting 4 checklist items for section 1884
[2025-03-15T03:00:39.195Z] [INFO] Successfully inserted 4 checklist items
[2025-03-15T03:00:39.247Z] [INFO] Inserted/updated section: Pregnancy Test (ID: 1885)
[2025-03-15T03:00:39.247Z] [INFO] Inserting 3 checklist items for section 1885
[2025-03-15T03:00:39.291Z] [INFO] Successfully inserted 3 checklist items
[2025-03-15T03:00:39.336Z] [INFO] Inserted/updated section: Thyroid Function Tests (ID: 1886)
[2025-03-15T03:00:39.336Z] [INFO] Inserting 4 checklist items for section 1886
[2025-03-15T03:00:39.377Z] [INFO] Successfully inserted 4 checklist items
[2025-03-15T03:00:39.422Z] [INFO] Inserted/updated section: Arterial Blood Gas (ID: 1887)
[2025-03-15T03:00:39.422Z] [INFO] Inserting 8 checklist items for section 1887
[2025-03-15T03:00:39.475Z] [INFO] Successfully inserted 8 checklist items
[2025-03-15T03:00:39.520Z] [INFO] Inserted/updated section: Urinalysis (ID: 1888)
[2025-03-15T03:00:39.520Z] [INFO] Inserting 10 checklist items for section 1888
[2025-03-15T03:00:39.565Z] [INFO] Successfully inserted 10 checklist items
[2025-03-15T03:00:39.612Z] [INFO] Inserted/updated section: Other Laboratory Tests (ID: 1889)
[2025-03-15T03:00:39.612Z] [INFO] Inserting 4 checklist items for section 1889
[2025-03-15T03:00:39.659Z] [INFO] Successfully inserted 4 checklist items
[2025-03-15T03:00:39.660Z] [INFO] Completed processing file: lab-studies.md
[2025-03-15T03:00:39.660Z] [INFO] Processing file: medications.md
[2025-03-15T03:00:39.707Z] [INFO] Inserted/updated section: Vasodilators (ID: 1890)
[2025-03-15T03:00:39.708Z] [INFO] Inserting 8 checklist items for section 1890
[2025-03-15T03:00:39.755Z] [INFO] Successfully inserted 8 checklist items
[2025-03-15T03:00:39.799Z] [INFO] Inserted/updated section: Diuretics (ID: 1891)
[2025-03-15T03:00:39.799Z] [INFO] Inserting 3 checklist items for section 1891
[2025-03-15T03:00:39.845Z] [INFO] Successfully inserted 3 checklist items
[2025-03-15T03:00:39.891Z] [INFO] Inserted/updated section: Central Antihypertensives (ID: 1892)
[2025-03-15T03:00:39.891Z] [INFO] Inserting 2 checklist items for section 1892
[2025-03-15T03:00:39.931Z] [INFO] Successfully inserted 2 checklist items
[2025-03-15T03:00:39.976Z] [INFO] Inserted/updated section: QT-Prolonging Agents (ID: 1893)
[2025-03-15T03:00:39.977Z] [INFO] Inserting 5 checklist items for section 1893
[2025-03-15T03:00:40.020Z] [INFO] Successfully inserted 5 checklist items
[2025-03-15T03:00:40.065Z] [INFO] Inserted/updated section: Psychoactive Agents (ID: 1894)
[2025-03-15T03:00:40.066Z] [INFO] Inserting 12 checklist items for section 1894
[2025-03-15T03:00:40.108Z] [INFO] Successfully inserted 12 checklist items
[2025-03-15T03:00:40.149Z] [INFO] Inserted/updated section: Other Medications (ID: 1895)
[2025-03-15T03:00:40.149Z] [INFO] Inserting 7 checklist items for section 1895
[2025-03-15T03:00:40.190Z] [INFO] Successfully inserted 7 checklist items
[2025-03-15T03:00:40.240Z] [INFO] Inserted/updated section: Recent Medication Changes (ID: 1896)
[2025-03-15T03:00:40.240Z] [INFO] Inserting 5 checklist items for section 1896
[2025-03-15T03:00:40.292Z] [INFO] Successfully inserted 5 checklist items
[2025-03-15T03:00:40.338Z] [INFO] Inserted/updated section: Medication Compliance (ID: 1897)
[2025-03-15T03:00:40.338Z] [INFO] Inserting 5 checklist items for section 1897
[2025-03-15T03:00:40.381Z] [INFO] Successfully inserted 5 checklist items
[2025-03-15T03:00:40.381Z] [INFO] Completed processing file: medications.md
[2025-03-15T03:00:40.381Z] [INFO] Processing file: past-medical.md
[2025-03-15T03:00:40.421Z] [INFO] Inserted/updated section: Cardiac History (ID: 1898)
[2025-03-15T03:00:40.422Z] [INFO] Inserting 28 checklist items for section 1898
[2025-03-15T03:00:40.517Z] [ERROR] Error inserting checklist items for section 1898: null value in column "display_order" of relation "checklist_items" violates not-null constraint
[2025-03-15T03:00:40.517Z] [ERROR] Error inserting items for section Cardiac History: null value in column "display_order" of relation "checklist_items" violates not-null constraint
[2025-03-15T03:00:40.559Z] [INFO] Inserted/updated section: Vascular History (ID: 1899)
[2025-03-15T03:00:40.559Z] [INFO] Inserting 9 checklist items for section 1899
[2025-03-15T03:00:40.600Z] [INFO] Successfully inserted 9 checklist items
[2025-03-15T03:00:40.647Z] [INFO] Inserted/updated section: Pulmonary History (ID: 1900)
[2025-03-15T03:00:40.647Z] [INFO] Inserting 5 checklist items for section 1900
[2025-03-15T03:00:40.748Z] [INFO] Successfully inserted 5 checklist items
[2025-03-15T03:00:40.790Z] [INFO] Inserted/updated section: Neurological History (ID: 1901)
[2025-03-15T03:00:40.790Z] [INFO] Inserting 8 checklist items for section 1901
[2025-03-15T03:00:40.834Z] [INFO] Successfully inserted 8 checklist items
[2025-03-15T03:00:40.878Z] [INFO] Inserted/updated section: Endocrine History (ID: 1902)
[2025-03-15T03:00:40.879Z] [INFO] Inserting 4 checklist items for section 1902
[2025-03-15T03:00:40.927Z] [INFO] Successfully inserted 4 checklist items
[2025-03-15T03:00:40.985Z] [INFO] Inserted/updated section: Hematologic History (ID: 1903)
[2025-03-15T03:00:40.985Z] [INFO] Inserting 3 checklist items for section 1903
[2025-03-15T03:00:41.030Z] [INFO] Successfully inserted 3 checklist items
[2025-03-15T03:00:41.078Z] [INFO] Inserted/updated section: Gastrointestinal History (ID: 1904)
[2025-03-15T03:00:41.078Z] [INFO] Inserting 3 checklist items for section 1904
[2025-03-15T03:00:41.122Z] [INFO] Successfully inserted 3 checklist items
[2025-03-15T03:00:41.167Z] [INFO] Inserted/updated section: Genitourinary History (ID: 1905)
[2025-03-15T03:00:41.168Z] [INFO] Inserting 2 checklist items for section 1905
[2025-03-15T03:00:41.212Z] [INFO] Successfully inserted 2 checklist items
[2025-03-15T03:00:41.255Z] [INFO] Inserted/updated section: Psychiatric History (ID: 1906)
[2025-03-15T03:00:41.255Z] [INFO] Inserting 5 checklist items for section 1906
[2025-03-15T03:00:41.299Z] [INFO] Successfully inserted 5 checklist items
[2025-03-15T03:00:41.344Z] [INFO] Inserted/updated section: Previous Episodes (ID: 1907)
[2025-03-15T03:00:41.344Z] [INFO] Inserting 7 checklist items for section 1907
[2025-03-15T03:00:41.428Z] [ERROR] Error inserting checklist items for section 1907: null value in column "display_order" of relation "checklist_items" violates not-null constraint
[2025-03-15T03:00:41.428Z] [ERROR] Error inserting items for section Previous Episodes: null value in column "display_order" of relation "checklist_items" violates not-null constraint
[2025-03-15T03:00:41.428Z] [INFO] Completed processing file: past-medical.md
[2025-03-15T03:00:41.428Z] [INFO] Processing file: patient-education.md
[2025-03-15T03:00:41.474Z] [INFO] Inserted/updated section: General Syncope Information (ID: 1908)
[2025-03-15T03:00:41.474Z] [INFO] Inserting 6 checklist items for section 1908
[2025-03-15T03:00:41.520Z] [INFO] Successfully inserted 6 checklist items
[2025-03-15T03:00:41.561Z] [INFO] Inserted/updated section: Safety Considerations (ID: 1909)
[2025-03-15T03:00:41.562Z] [INFO] Inserting 8 checklist items for section 1909
[2025-03-15T03:00:41.604Z] [INFO] Successfully inserted 8 checklist items
[2025-03-15T03:00:41.651Z] [INFO] Inserted/updated section: Specific Cause Education (if identified) (ID: 1910)
[2025-03-15T03:00:41.651Z] [INFO] Inserting 7 checklist items for section 1910
[2025-03-15T03:00:41.702Z] [INFO] Successfully inserted 7 checklist items
[2025-03-15T03:00:41.746Z] [INFO] Inserted/updated section: Prodromal Symptom Recognition (ID: 1911)
[2025-03-15T03:00:41.747Z] [INFO] Inserting 5 checklist items for section 1911
[2025-03-15T03:00:41.792Z] [INFO] Successfully inserted 5 checklist items
[2025-03-15T03:00:41.834Z] [INFO] Inserted/updated section: Physical Counterpressure Maneuvers (ID: 1912)
[2025-03-15T03:00:41.834Z] [INFO] Inserting 5 checklist items for section 1912
[2025-03-15T03:00:41.878Z] [INFO] Successfully inserted 5 checklist items
[2025-03-15T03:00:41.926Z] [INFO] Inserted/updated section: Lifestyle Modifications (ID: 1913)
[2025-03-15T03:00:41.926Z] [INFO] Inserting 8 checklist items for section 1913
[2025-03-15T03:00:41.967Z] [INFO] Successfully inserted 8 checklist items
[2025-03-15T03:00:42.009Z] [INFO] Inserted/updated section: Medication Education (ID: 1914)
[2025-03-15T03:00:42.010Z] [INFO] Inserting 6 checklist items for section 1914
[2025-03-15T03:00:42.050Z] [INFO] Successfully inserted 6 checklist items
[2025-03-15T03:00:42.095Z] [INFO] Inserted/updated section: Follow-up Care (ID: 1915)
[2025-03-15T03:00:42.095Z] [INFO] Inserting 7 checklist items for section 1915
[2025-03-15T03:00:42.138Z] [INFO] Successfully inserted 7 checklist items
[2025-03-15T03:00:42.181Z] [INFO] Inserted/updated section: Warning Signs Requiring Immediate Attention (ID: 1916)
[2025-03-15T03:00:42.181Z] [INFO] Inserting 8 checklist items for section 1916
[2025-03-15T03:00:42.227Z] [INFO] Successfully inserted 8 checklist items
[2025-03-15T03:00:42.271Z] [INFO] Inserted/updated section: Family Education (ID: 1917)
[2025-03-15T03:00:42.271Z] [INFO] Inserting 6 checklist items for section 1917
[2025-03-15T03:00:42.315Z] [INFO] Successfully inserted 6 checklist items
[2025-03-15T03:00:42.315Z] [INFO] Completed processing file: patient-education.md
[2025-03-15T03:00:42.316Z] [INFO] Processing file: physical-exam.md
[2025-03-15T03:00:42.360Z] [INFO] Inserted/updated section: Vital Signs (ID: 1918)
[2025-03-15T03:00:42.360Z] [INFO] Inserting 6 checklist items for section 1918
[2025-03-15T03:00:42.405Z] [INFO] Successfully inserted 6 checklist items
[2025-03-15T03:00:42.451Z] [INFO] Inserted/updated section: Orthostatic Vital Signs (ID: 1919)
[2025-03-15T03:00:42.451Z] [INFO] Inserting 13 checklist items for section 1919
[2025-03-15T03:00:42.536Z] [ERROR] Error inserting checklist items for section 1919: null value in column "display_order" of relation "checklist_items" violates not-null constraint
[2025-03-15T03:00:42.536Z] [ERROR] Error inserting items for section Orthostatic Vital Signs: null value in column "display_order" of relation "checklist_items" violates not-null constraint
[2025-03-15T03:00:42.581Z] [INFO] Inserted/updated section: General Appearance (ID: 1920)
[2025-03-15T03:00:42.581Z] [INFO] Inserting 6 checklist items for section 1920
[2025-03-15T03:00:42.624Z] [INFO] Successfully inserted 6 checklist items
[2025-03-15T03:00:42.671Z] [INFO] Inserted/updated section: Head, Eyes, Ears, Nose, Throat (ID: 1921)
[2025-03-15T03:00:42.672Z] [INFO] Inserting 9 checklist items for section 1921
[2025-03-15T03:00:42.723Z] [INFO] Successfully inserted 9 checklist items
[2025-03-15T03:00:42.767Z] [INFO] Inserted/updated section: Cardiovascular (ID: 1922)
[2025-03-15T03:00:42.767Z] [INFO] Inserting 19 checklist items for section 1922
[2025-03-15T03:00:42.936Z] [ERROR] Error inserting checklist items for section 1922: null value in column "display_order" of relation "checklist_items" violates not-null constraint
[2025-03-15T03:00:42.937Z] [ERROR] Error inserting items for section Cardiovascular: null value in column "display_order" of relation "checklist_items" violates not-null constraint
[2025-03-15T03:00:42.982Z] [INFO] Inserted/updated section: Pulmonary (ID: 1923)
[2025-03-15T03:00:42.982Z] [INFO] Inserting 7 checklist items for section 1923
[2025-03-15T03:00:43.027Z] [INFO] Successfully inserted 7 checklist items
[2025-03-15T03:00:43.070Z] [INFO] Inserted/updated section: Abdominal (ID: 1924)
[2025-03-15T03:00:43.070Z] [INFO] Inserting 12 checklist items for section 1924
[2025-03-15T03:00:43.114Z] [INFO] Successfully inserted 12 checklist items
[2025-03-15T03:00:43.157Z] [INFO] Inserted/updated section: Neurological (ID: 1925)
[2025-03-15T03:00:43.157Z] [INFO] Inserting 20 checklist items for section 1925
[2025-03-15T03:00:43.202Z] [INFO] Successfully inserted 20 checklist items
[2025-03-15T03:00:43.248Z] [INFO] Inserted/updated section: Extremities (ID: 1926)
[2025-03-15T03:00:43.248Z] [INFO] Inserting 7 checklist items for section 1926
[2025-03-15T03:00:43.298Z] [INFO] Successfully inserted 7 checklist items
[2025-03-15T03:00:43.340Z] [INFO] Inserted/updated section: Skin (ID: 1927)
[2025-03-15T03:00:43.340Z] [INFO] Inserting 8 checklist items for section 1927
[2025-03-15T03:00:43.382Z] [INFO] Successfully inserted 8 checklist items
[2025-03-15T03:00:43.431Z] [INFO] Inserted/updated section: Rectal Examination (if indicated) (ID: 1928)
[2025-03-15T03:00:43.431Z] [INFO] Inserting 3 checklist items for section 1928
[2025-03-15T03:00:43.474Z] [INFO] Successfully inserted 3 checklist items
[2025-03-15T03:00:43.474Z] [INFO] Completed processing file: physical-exam.md
[2025-03-15T03:00:43.474Z] [INFO] Processing file: plan.md
[2025-03-15T03:00:43.515Z] [INFO] Inserted/updated section: Immediate Management (ID: 1929)
[2025-03-15T03:00:43.515Z] [INFO] Inserting 9 checklist items for section 1929
[2025-03-15T03:00:43.562Z] [INFO] Successfully inserted 9 checklist items
[2025-03-15T03:00:43.622Z] [INFO] Inserted/updated section: Additional Testing (ID: 1930)
[2025-03-15T03:00:43.622Z] [INFO] Inserting 12 checklist items for section 1930
[2025-03-15T03:00:43.667Z] [INFO] Successfully inserted 12 checklist items
[2025-03-15T03:00:43.710Z] [INFO] Inserted/updated section: Medication Recommendations (ID: 1931)
[2025-03-15T03:00:43.710Z] [INFO] Inserting 6 checklist items for section 1931
[2025-03-15T03:00:43.752Z] [INFO] Successfully inserted 6 checklist items
[2025-03-15T03:00:43.795Z] [INFO] Inserted/updated section: Lifestyle Modifications (ID: 1932)
[2025-03-15T03:00:43.795Z] [INFO] Inserting 8 checklist items for section 1932
[2025-03-15T03:00:43.837Z] [INFO] Successfully inserted 8 checklist items
[2025-03-15T03:00:43.879Z] [INFO] Inserted/updated section: Cardiac Intervention Considerations (ID: 1933)
[2025-03-15T03:00:43.879Z] [INFO] Inserting 6 checklist items for section 1933
[2025-03-15T03:00:43.922Z] [INFO] Successfully inserted 6 checklist items
[2025-03-15T03:00:43.965Z] [INFO] Inserted/updated section: Follow-up Care (ID: 1934)
[2025-03-15T03:00:43.965Z] [INFO] Inserting 10 checklist items for section 1934
[2025-03-15T03:00:44.007Z] [INFO] Successfully inserted 10 checklist items
[2025-03-15T03:00:44.049Z] [INFO] Inserted/updated section: Preventive Measures (ID: 1935)
[2025-03-15T03:00:44.050Z] [INFO] Inserting 7 checklist items for section 1935
[2025-03-15T03:00:44.093Z] [INFO] Successfully inserted 7 checklist items
[2025-03-15T03:00:44.147Z] [INFO] Inserted/updated section: Special Considerations (ID: 1936)
[2025-03-15T03:00:44.147Z] [INFO] Inserting 5 checklist items for section 1936
[2025-03-15T03:00:44.188Z] [INFO] Successfully inserted 5 checklist items
[2025-03-15T03:00:44.188Z] [INFO] Completed processing file: plan.md
[2025-03-15T03:00:44.188Z] [INFO] Processing file: review-systems.md
[2025-03-15T03:00:44.239Z] [INFO] Inserted/updated section: Constitutional (ID: 1937)
[2025-03-15T03:00:44.239Z] [INFO] Inserting 4 checklist items for section 1937
[2025-03-15T03:00:44.284Z] [INFO] Successfully inserted 4 checklist items
[2025-03-15T03:00:44.326Z] [INFO] Inserted/updated section: Cardiovascular (ID: 1938)
[2025-03-15T03:00:44.326Z] [INFO] Inserting 8 checklist items for section 1938
[2025-03-15T03:00:44.371Z] [INFO] Successfully inserted 8 checklist items
[2025-03-15T03:00:44.421Z] [INFO] Inserted/updated section: Respiratory (ID: 1939)
[2025-03-15T03:00:44.421Z] [INFO] Inserting 5 checklist items for section 1939
[2025-03-15T03:00:44.463Z] [INFO] Successfully inserted 5 checklist items
[2025-03-15T03:00:44.507Z] [INFO] Inserted/updated section: Neurological (ID: 1940)
[2025-03-15T03:00:44.507Z] [INFO] Inserting 11 checklist items for section 1940
[2025-03-15T03:00:44.549Z] [INFO] Successfully inserted 11 checklist items
[2025-03-15T03:00:44.596Z] [INFO] Inserted/updated section: Gastrointestinal (ID: 1941)
[2025-03-15T03:00:44.596Z] [INFO] Inserting 8 checklist items for section 1941
[2025-03-15T03:00:44.640Z] [INFO] Successfully inserted 8 checklist items
[2025-03-15T03:00:44.679Z] [INFO] Inserted/updated section: Genitourinary (ID: 1942)
[2025-03-15T03:00:44.679Z] [INFO] Inserting 7 checklist items for section 1942
[2025-03-15T03:00:44.724Z] [INFO] Successfully inserted 7 checklist items
[2025-03-15T03:00:44.768Z] [INFO] Inserted/updated section: Psychiatric (ID: 1943)
[2025-03-15T03:00:44.768Z] [INFO] Inserting 6 checklist items for section 1943
[2025-03-15T03:00:44.810Z] [INFO] Successfully inserted 6 checklist items
[2025-03-15T03:00:44.854Z] [INFO] Inserted/updated section: Endocrine (ID: 1944)
[2025-03-15T03:00:44.854Z] [INFO] Inserting 4 checklist items for section 1944
[2025-03-15T03:00:44.896Z] [INFO] Successfully inserted 4 checklist items
[2025-03-15T03:00:44.941Z] [INFO] Inserted/updated section: Hematologic (ID: 1945)
[2025-03-15T03:00:44.941Z] [INFO] Inserting 3 checklist items for section 1945
[2025-03-15T03:00:44.984Z] [INFO] Successfully inserted 3 checklist items
[2025-03-15T03:00:45.031Z] [INFO] Inserted/updated section: Musculoskeletal (ID: 1946)
[2025-03-15T03:00:45.031Z] [INFO] Inserting 3 checklist items for section 1946
[2025-03-15T03:00:45.079Z] [INFO] Successfully inserted 3 checklist items
[2025-03-15T03:00:45.125Z] [INFO] Inserted/updated section: Ear, Nose, Throat (ID: 1947)
[2025-03-15T03:00:45.125Z] [INFO] Inserting 4 checklist items for section 1947
[2025-03-15T03:00:45.168Z] [INFO] Successfully inserted 4 checklist items
[2025-03-15T03:00:45.212Z] [INFO] Inserted/updated section: Eyes (ID: 1948)
[2025-03-15T03:00:45.212Z] [INFO] Inserting 4 checklist items for section 1948
[2025-03-15T03:00:45.265Z] [INFO] Successfully inserted 4 checklist items
[2025-03-15T03:00:45.265Z] [INFO] Completed processing file: review-systems.md
[2025-03-15T03:00:45.265Z] [INFO] Processing file: risk-factors.md
[2025-03-15T03:00:45.307Z] [INFO] Inserted/updated section: Demographic Risk Factors (ID: 1949)
[2025-03-15T03:00:45.307Z] [INFO] Inserting 3 checklist items for section 1949
[2025-03-15T03:00:45.348Z] [INFO] Successfully inserted 3 checklist items
[2025-03-15T03:00:45.400Z] [INFO] Inserted/updated section: Cardiac Risk Factors (ID: 1950)
[2025-03-15T03:00:45.400Z] [INFO] Inserting 15 checklist items for section 1950
[2025-03-15T03:00:45.445Z] [INFO] Successfully inserted 15 checklist items
[2025-03-15T03:00:45.486Z] [INFO] Inserted/updated section: Vascular Risk Factors (ID: 1951)
[2025-03-15T03:00:45.487Z] [INFO] Inserting 9 checklist items for section 1951
[2025-03-15T03:00:45.531Z] [INFO] Successfully inserted 9 checklist items
[2025-03-15T03:00:45.575Z] [INFO] Inserted/updated section: Pulmonary Embolism Risk Factors (ID: 1952)
[2025-03-15T03:00:45.575Z] [INFO] Inserting 10 checklist items for section 1952
[2025-03-15T03:00:45.617Z] [INFO] Successfully inserted 10 checklist items
[2025-03-15T03:00:45.662Z] [INFO] Inserted/updated section: Orthostatic Hypotension Risk Factors (ID: 1953)
[2025-03-15T03:00:45.662Z] [INFO] Inserting 7 checklist items for section 1953
[2025-03-15T03:00:45.729Z] [INFO] Successfully inserted 7 checklist items
[2025-03-15T03:00:45.773Z] [INFO] Inserted/updated section: Canadian Syncope Risk Score Factors (ID: 1954)
[2025-03-15T03:00:45.773Z] [INFO] Inserting 9 checklist items for section 1954
[2025-03-15T03:00:45.819Z] [INFO] Successfully inserted 9 checklist items
[2025-03-15T03:00:45.862Z] [INFO] Inserted/updated section: San Francisco Syncope Rule Factors (ID: 1955)
[2025-03-15T03:00:45.862Z] [INFO] Inserting 5 checklist items for section 1955
[2025-03-15T03:00:45.912Z] [INFO] Successfully inserted 5 checklist items
[2025-03-15T03:00:45.956Z] [INFO] Inserted/updated section: FAINT Score Factors (ID: 1956)
[2025-03-15T03:00:45.957Z] [INFO] Inserting 5 checklist items for section 1956
[2025-03-15T03:00:46.001Z] [INFO] Successfully inserted 5 checklist items
[2025-03-15T03:00:46.001Z] [INFO] Completed processing file: risk-factors.md
[2025-03-15T03:00:46.001Z] [INFO] Processing file: special-tests.md
[2025-03-15T03:00:46.047Z] [INFO] Inserted/updated section: Bedside Ultrasonography (ID: 1957)
[2025-03-15T03:00:46.047Z] [INFO] Inserting 19 checklist items for section 1957
[2025-03-15T03:00:46.139Z] [ERROR] Error inserting checklist items for section 1957: null value in column "display_order" of relation "checklist_items" violates not-null constraint
[2025-03-15T03:00:46.139Z] [ERROR] Error inserting items for section Bedside Ultrasonography: null value in column "display_order" of relation "checklist_items" violates not-null constraint
[2025-03-15T03:00:46.183Z] [INFO] Inserted/updated section: Tilt Table Test (ID: 1958)
[2025-03-15T03:00:46.184Z] [INFO] Inserting 17 checklist items for section 1958
[2025-03-15T03:00:46.281Z] [ERROR] Error inserting checklist items for section 1958: null value in column "display_order" of relation "checklist_items" violates not-null constraint
[2025-03-15T03:00:46.281Z] [ERROR] Error inserting items for section Tilt Table Test: null value in column "display_order" of relation "checklist_items" violates not-null constraint
[2025-03-15T03:00:46.322Z] [INFO] Inserted/updated section: Carotid Sinus Massage (ID: 1959)
[2025-03-15T03:00:46.322Z] [INFO] Inserting 15 checklist items for section 1959
[2025-03-15T03:00:46.409Z] [ERROR] Error inserting checklist items for section 1959: null value in column "display_order" of relation "checklist_items" violates not-null constraint
[2025-03-15T03:00:46.409Z] [ERROR] Error inserting items for section Carotid Sinus Massage: null value in column "display_order" of relation "checklist_items" violates not-null constraint
[2025-03-15T03:00:46.451Z] [INFO] Inserted/updated section: Stress Test (ID: 1960)
[2025-03-15T03:00:46.451Z] [INFO] Inserting 11 checklist items for section 1960
[2025-03-15T03:00:46.534Z] [ERROR] Error inserting checklist items for section 1960: null value in column "display_order" of relation "checklist_items" violates not-null constraint
[2025-03-15T03:00:46.534Z] [ERROR] Error inserting items for section Stress Test: null value in column "display_order" of relation "checklist_items" violates not-null constraint
[2025-03-15T03:00:46.577Z] [INFO] Inserted/updated section: Ambulatory Cardiac Monitoring (ID: 1961)
[2025-03-15T03:00:46.577Z] [INFO] Inserting 14 checklist items for section 1961
[2025-03-15T03:00:46.660Z] [ERROR] Error inserting checklist items for section 1961: null value in column "display_order" of relation "checklist_items" violates not-null constraint
[2025-03-15T03:00:46.660Z] [ERROR] Error inserting items for section Ambulatory Cardiac Monitoring: null value in column "display_order" of relation "checklist_items" violates not-null constraint
[2025-03-15T03:00:46.705Z] [INFO] Inserted/updated section: Electroencephalogram (EEG) (ID: 1962)
[2025-03-15T03:00:46.706Z] [INFO] Inserting 7 checklist items for section 1962
[2025-03-15T03:00:46.795Z] [ERROR] Error inserting checklist items for section 1962: null value in column "display_order" of relation "checklist_items" violates not-null constraint
[2025-03-15T03:00:46.795Z] [ERROR] Error inserting items for section Electroencephalogram (EEG): null value in column "display_order" of relation "checklist_items" violates not-null constraint
[2025-03-15T03:00:46.838Z] [INFO] Inserted/updated section: Cardiac Catheterization (ID: 1963)
[2025-03-15T03:00:46.838Z] [INFO] Inserting 7 checklist items for section 1963
[2025-03-15T03:00:46.932Z] [ERROR] Error inserting checklist items for section 1963: null value in column "display_order" of relation "checklist_items" violates not-null constraint
[2025-03-15T03:00:46.932Z] [ERROR] Error inserting items for section Cardiac Catheterization: null value in column "display_order" of relation "checklist_items" violates not-null constraint
[2025-03-15T03:00:46.977Z] [INFO] Inserted/updated section: Electrophysiology Study (ID: 1964)
[2025-03-15T03:00:46.977Z] [INFO] Inserting 6 checklist items for section 1964
[2025-03-15T03:00:47.065Z] [ERROR] Error inserting checklist items for section 1964: null value in column "display_order" of relation "checklist_items" violates not-null constraint
[2025-03-15T03:00:47.065Z] [ERROR] Error inserting items for section Electrophysiology Study: null value in column "display_order" of relation "checklist_items" violates not-null constraint
[2025-03-15T03:00:47.065Z] [INFO] Completed processing file: special-tests.md
[2025-03-15T03:00:47.065Z] [INFO] Completed processing chapter: Ch11_Syncope
[2025-03-15T03:00:47.065Z] [INFO] Migration completed: 1 chapters processed successfully, 0 chapters had errors
