[2025-03-19T21:38:59.291Z] [INFO] Starting migration...
[2025-03-19T21:38:59.292Z] [INFO] Ensuring database schema has required columns...
[2025-03-19T21:38:59.396Z] [WARN] Warning: Could not verify schema columns. If they do not exist, the migration may fail.
[2025-03-19T21:38:59.396Z] [WARN] Error details: Could not find the function public.execute_sql(sql_query) in the schema cache
[2025-03-19T21:38:59.397Z] [INFO] Inserting categories...
[2025-03-19T21:38:59.447Z] [INFO] All categories already exist, skipping insertion
[2025-03-19T21:38:59.448Z] [INFO] Found 1 chapter directories to process
[2025-03-19T21:38:59.448Z] [INFO] Processing chapter: Ch13_Confusion
[2025-03-19T21:38:59.448Z] [INFO] Checking if chapter 13 exists...
[2025-03-19T21:38:59.563Z] [INFO] Inserted new chapter: Confusion (ID: 6)
[2025-03-19T21:38:59.564Z] [INFO] Processing file: history.md
[2025-03-19T21:38:59.564Z] [INFO] Preprocessing file: history.md
[2025-03-19T21:38:59.564Z] [INFO] Using title as initial section: "Main" at line 0
[2025-03-19T21:38:59.564Z] [INFO] Found section: "Chief Complaint" at line 2
[2025-03-19T21:38:59.565Z] [INFO] Found section: "Duration/Onset" at line 8
[2025-03-19T21:38:59.565Z] [INFO] Found section: "Onset" at line 14
[2025-03-19T21:38:59.565Z] [INFO] Found section: "Provocation/Palliation" at line 18
[2025-03-19T21:38:59.565Z] [INFO] Found section: "Quality" at line 23
[2025-03-19T21:38:59.565Z] [INFO] Found section: "Region/Radiation" at line 30
[2025-03-19T21:38:59.565Z] [INFO] Found section: "Severity" at line 36
[2025-03-19T21:38:59.566Z] [INFO] Found section: "Timing" at line 41
[2025-03-19T21:38:59.566Z] [INFO] Found section: "Associated Symptoms" at line 45
[2025-03-19T21:38:59.566Z] [INFO] Found 9 sections in file: Chief Complaint, Duration/Onset, Onset, Provocation/Palliation, Quality, Region/Radiation, Severity, Timing, Associated Symptoms
[2025-03-19T21:38:59.566Z] [INFO] Detected sections: ["Chief Complaint","Duration/Onset","Onset","Provocation/Palliation","Quality","Region/Radiation","Severity","Timing","Associated Symptoms"]
[2025-03-19T21:38:59.566Z] [INFO] Attempting to insert section: "Chief Complaint"
[2025-03-19T21:38:59.629Z] [INFO] Inserted/updated section: Chief Complaint (ID: 177)
[2025-03-19T21:38:59.630Z] [INFO] Attempting to insert section: "Duration/Onset"
[2025-03-19T21:38:59.689Z] [INFO] Inserted/updated section: Duration/Onset (ID: 178)
[2025-03-19T21:38:59.690Z] [INFO] Attempting to insert section: "Onset"
[2025-03-19T21:38:59.756Z] [INFO] Inserted/updated section: Onset (ID: 179)
[2025-03-19T21:38:59.757Z] [INFO] Attempting to insert section: "Provocation/Palliation"
[2025-03-19T21:38:59.820Z] [INFO] Inserted/updated section: Provocation/Palliation (ID: 180)
[2025-03-19T21:38:59.821Z] [INFO] Attempting to insert section: "Quality"
[2025-03-19T21:38:59.887Z] [INFO] Inserted/updated section: Quality (ID: 181)
[2025-03-19T21:38:59.888Z] [INFO] Attempting to insert section: "Region/Radiation"
[2025-03-19T21:38:59.945Z] [INFO] Inserted/updated section: Region/Radiation (ID: 182)
[2025-03-19T21:38:59.946Z] [INFO] Attempting to insert section: "Severity"
[2025-03-19T21:38:59.998Z] [INFO] Inserted/updated section: Severity (ID: 183)
[2025-03-19T21:38:59.998Z] [INFO] Attempting to insert section: "Timing"
[2025-03-19T21:39:00.051Z] [INFO] Inserted/updated section: Timing (ID: 184)
[2025-03-19T21:39:00.052Z] [INFO] Attempting to insert section: "Associated Symptoms"
[2025-03-19T21:39:00.106Z] [INFO] Inserted/updated section: Associated Symptoms (ID: 185)
[2025-03-19T21:39:00.107Z] [INFO] Section ID map: {"Chief Complaint":177,"Duration/Onset":178,"Onset":179,"Provocation/Palliation":180,"Quality":181,"Region/Radiation":182,"Severity":183,"Timing":184,"Associated Symptoms":185}
[2025-03-19T21:39:00.107Z] [INFO] Prepared 34 items for insertion (filtered from 34 total items)
[2025-03-19T21:39:00.166Z] [INFO] Inserted batch of 34 items (total: 34/34)
[2025-03-19T21:39:00.166Z] [INFO] Updating parent-child relationships...
[2025-03-19T21:39:00.339Z] [INFO] Completed parent-child relationship updates: 2 successful, 0 failed
[2025-03-19T21:39:00.339Z] [INFO] Successfully processed file history.md: inserted 34 items
[2025-03-19T21:39:00.340Z] [INFO] Processing file: alarm-features.md
[2025-03-19T21:39:00.340Z] [INFO] Preprocessing file: alarm-features.md
[2025-03-19T21:39:00.341Z] [INFO] Using title as initial section: "Main" at line 0
[2025-03-19T21:39:00.341Z] [INFO] Found section: "Critical Causes (Require Immediate Intervention)" at line 2
[2025-03-19T21:39:00.341Z] [INFO] Found section: "Emergent Causes (Primary Intracranial Disease)" at line 8
[2025-03-19T21:39:00.341Z] [INFO] Found section: "Emergent Causes (Systemic Diseases)" at line 14
[2025-03-19T21:39:00.341Z] [INFO] Found section: "Emergent Causes (Exogenous Toxins)" at line 23
[2025-03-19T21:39:00.341Z] [INFO] Found section: "Emergent Causes (Drug Withdrawal)" at line 29
[2025-03-19T21:39:00.341Z] [INFO] Found section: "Neurological Red Flags" at line 33
[2025-03-19T21:39:00.342Z] [INFO] Found 6 sections in file: Critical Causes (Require Immediate Intervention), Emergent Causes (Primary Intracranial Disease), Emergent Causes (Systemic Diseases), Emergent Causes (Exogenous Toxins), Emergent Causes (Drug Withdrawal), Neurological Red Flags
[2025-03-19T21:39:00.342Z] [INFO] Detected sections: ["Critical Causes (Require Immediate Intervention)","Emergent Causes (Primary Intracranial Disease)","Emergent Causes (Systemic Diseases)","Emergent Causes (Exogenous Toxins)","Emergent Causes (Drug Withdrawal)","Neurological Red Flags"]
[2025-03-19T21:39:00.342Z] [INFO] Attempting to insert section: "Critical Causes (Require Immediate Intervention)"
[2025-03-19T21:39:00.389Z] [INFO] Inserted/updated section: Critical Causes (Require Immediate Intervention) (ID: 186)
[2025-03-19T21:39:00.389Z] [INFO] Attempting to insert section: "Emergent Causes (Primary Intracranial Disease)"
[2025-03-19T21:39:00.441Z] [INFO] Inserted/updated section: Emergent Causes (Primary Intracranial Disease) (ID: 187)
[2025-03-19T21:39:00.442Z] [INFO] Attempting to insert section: "Emergent Causes (Systemic Diseases)"
[2025-03-19T21:39:00.515Z] [INFO] Inserted/updated section: Emergent Causes (Systemic Diseases) (ID: 188)
[2025-03-19T21:39:00.516Z] [INFO] Attempting to insert section: "Emergent Causes (Exogenous Toxins)"
[2025-03-19T21:39:00.574Z] [INFO] Inserted/updated section: Emergent Causes (Exogenous Toxins) (ID: 189)
[2025-03-19T21:39:00.575Z] [INFO] Attempting to insert section: "Emergent Causes (Drug Withdrawal)"
[2025-03-19T21:39:00.638Z] [INFO] Inserted/updated section: Emergent Causes (Drug Withdrawal) (ID: 190)
[2025-03-19T21:39:00.638Z] [INFO] Attempting to insert section: "Neurological Red Flags"
[2025-03-19T21:39:00.691Z] [INFO] Inserted/updated section: Neurological Red Flags (ID: 191)
[2025-03-19T21:39:00.692Z] [INFO] Section ID map: {"Critical Causes (Require Immediate Intervention)":186,"Emergent Causes (Primary Intracranial Disease)":187,"Emergent Causes (Systemic Diseases)":188,"Emergent Causes (Exogenous Toxins)":189,"Emergent Causes (Drug Withdrawal)":190,"Neurological Red Flags":191}
[2025-03-19T21:39:00.693Z] [INFO] Prepared 24 items for insertion (filtered from 24 total items)
[2025-03-19T21:39:00.750Z] [INFO] Inserted batch of 24 items (total: 24/24)
[2025-03-19T21:39:00.752Z] [INFO] Updating parent-child relationships...
[2025-03-19T21:39:00.753Z] [INFO] Completed parent-child relationship updates: 0 successful, 0 failed
[2025-03-19T21:39:00.753Z] [INFO] Successfully processed file alarm-features.md: inserted 24 items
[2025-03-19T21:39:00.753Z] [INFO] Processing file: medications.md
[2025-03-19T21:39:00.754Z] [INFO] Preprocessing file: medications.md
[2025-03-19T21:39:00.755Z] [INFO] Using title as initial section: "Main" at line 0
[2025-03-19T21:39:00.755Z] [INFO] Found section: "Medication History" at line 2
[2025-03-19T21:39:00.755Z] [INFO] Found section: "Medications Potentially Causing Confusion" at line 7
[2025-03-19T21:39:00.755Z] [INFO] Found section: "Medication For Management" at line 14
[2025-03-19T21:39:00.756Z] [INFO] Found section: "Other Treatment Medications" at line 26
[2025-03-19T21:39:00.757Z] [INFO] Found 4 sections in file: Medication History, Medications Potentially Causing Confusion, Medication For Management, Other Treatment Medications
[2025-03-19T21:39:00.757Z] [INFO] Detected sections: ["Medication History","Medications Potentially Causing Confusion","Medication For Management","Other Treatment Medications"]
[2025-03-19T21:39:00.757Z] [INFO] Attempting to insert section: "Medication History"
[2025-03-19T21:39:00.807Z] [INFO] Inserted/updated section: Medication History (ID: 192)
[2025-03-19T21:39:00.808Z] [INFO] Attempting to insert section: "Medications Potentially Causing Confusion"
[2025-03-19T21:39:00.865Z] [INFO] Inserted/updated section: Medications Potentially Causing Confusion (ID: 193)
[2025-03-19T21:39:00.865Z] [INFO] Attempting to insert section: "Medication For Management"
[2025-03-19T21:39:00.927Z] [INFO] Inserted/updated section: Medication For Management (ID: 194)
[2025-03-19T21:39:00.927Z] [INFO] Attempting to insert section: "Other Treatment Medications"
[2025-03-19T21:39:00.979Z] [INFO] Inserted/updated section: Other Treatment Medications (ID: 195)
[2025-03-19T21:39:00.980Z] [INFO] Section ID map: {"Medication History":192,"Medications Potentially Causing Confusion":193,"Medication For Management":194,"Other Treatment Medications":195}
[2025-03-19T21:39:00.981Z] [INFO] Prepared 33 items for insertion (filtered from 33 total items)
[2025-03-19T21:39:01.045Z] [INFO] Inserted batch of 33 items (total: 33/33)
[2025-03-19T21:39:01.046Z] [INFO] Updating parent-child relationships...
[2025-03-19T21:39:02.036Z] [INFO] Completed parent-child relationship updates: 15 successful, 0 failed
[2025-03-19T21:39:02.037Z] [INFO] Successfully processed file medications.md: inserted 33 items
[2025-03-19T21:39:02.037Z] [INFO] Processing file: diet.md
[2025-03-19T21:39:02.038Z] [INFO] Preprocessing file: diet.md
[2025-03-19T21:39:02.039Z] [INFO] Using title as initial section: "Main" at line 0
[2025-03-19T21:39:02.039Z] [INFO] Found section: "Nutrition Status" at line 2
[2025-03-19T21:39:02.040Z] [INFO] Found section: "Dietary Considerations" at line 7
[2025-03-19T21:39:02.040Z] [INFO] Found 2 sections in file: Nutrition Status, Dietary Considerations
[2025-03-19T21:39:02.040Z] [INFO] Detected sections: ["Nutrition Status","Dietary Considerations"]
[2025-03-19T21:39:02.041Z] [INFO] Attempting to insert section: "Nutrition Status"
[2025-03-19T21:39:02.106Z] [INFO] Inserted/updated section: Nutrition Status (ID: 196)
[2025-03-19T21:39:02.107Z] [INFO] Attempting to insert section: "Dietary Considerations"
[2025-03-19T21:39:02.170Z] [INFO] Inserted/updated section: Dietary Considerations (ID: 197)
[2025-03-19T21:39:02.171Z] [INFO] Section ID map: {"Nutrition Status":196,"Dietary Considerations":197}
[2025-03-19T21:39:02.172Z] [INFO] Prepared 6 items for insertion (filtered from 6 total items)
[2025-03-19T21:39:02.222Z] [INFO] Inserted batch of 6 items (total: 6/6)
[2025-03-19T21:39:02.223Z] [INFO] Updating parent-child relationships...
[2025-03-19T21:39:02.224Z] [INFO] Completed parent-child relationship updates: 0 successful, 0 failed
[2025-03-19T21:39:02.224Z] [INFO] Successfully processed file diet.md: inserted 6 items
[2025-03-19T21:39:02.224Z] [INFO] Processing file: review-systems.md
[2025-03-19T21:39:02.225Z] [INFO] Preprocessing file: review-systems.md
[2025-03-19T21:39:02.225Z] [INFO] Using title as initial section: "Main" at line 0
[2025-03-19T21:39:02.226Z] [INFO] Found section: "Neurological" at line 2
[2025-03-19T21:39:02.226Z] [INFO] Found section: "Psychiatric" at line 15
[2025-03-19T21:39:02.226Z] [INFO] Found section: "Respiratory" at line 22
[2025-03-19T21:39:02.226Z] [INFO] Found section: "Cardiovascular" at line 27
[2025-03-19T21:39:02.227Z] [INFO] Found section: "Gastrointestinal" at line 31
[2025-03-19T21:39:02.227Z] [INFO] Found section: "Genitourinary" at line 36
[2025-03-19T21:39:02.227Z] [INFO] Found section: "Infectious" at line 40
[2025-03-19T21:39:02.227Z] [INFO] Found 7 sections in file: Neurological, Psychiatric, Respiratory, Cardiovascular, Gastrointestinal, Genitourinary, Infectious
[2025-03-19T21:39:02.228Z] [INFO] Detected sections: ["Neurological","Psychiatric","Respiratory","Cardiovascular","Gastrointestinal","Genitourinary","Infectious"]
[2025-03-19T21:39:02.228Z] [INFO] Attempting to insert section: "Neurological"
[2025-03-19T21:39:02.285Z] [INFO] Inserted/updated section: Neurological (ID: 198)
[2025-03-19T21:39:02.286Z] [INFO] Attempting to insert section: "Psychiatric"
[2025-03-19T21:39:02.341Z] [INFO] Inserted/updated section: Psychiatric (ID: 199)
[2025-03-19T21:39:02.341Z] [INFO] Attempting to insert section: "Respiratory"
[2025-03-19T21:39:02.399Z] [INFO] Inserted/updated section: Respiratory (ID: 200)
[2025-03-19T21:39:02.400Z] [INFO] Attempting to insert section: "Cardiovascular"
[2025-03-19T21:39:02.449Z] [INFO] Inserted/updated section: Cardiovascular (ID: 201)
[2025-03-19T21:39:02.450Z] [INFO] Attempting to insert section: "Gastrointestinal"
[2025-03-19T21:39:02.519Z] [INFO] Inserted/updated section: Gastrointestinal (ID: 202)
[2025-03-19T21:39:02.519Z] [INFO] Attempting to insert section: "Genitourinary"
[2025-03-19T21:39:02.571Z] [INFO] Inserted/updated section: Genitourinary (ID: 203)
[2025-03-19T21:39:02.572Z] [INFO] Attempting to insert section: "Infectious"
[2025-03-19T21:39:02.621Z] [INFO] Inserted/updated section: Infectious (ID: 204)
[2025-03-19T21:39:02.622Z] [INFO] Section ID map: {"Neurological":198,"Psychiatric":199,"Respiratory":200,"Cardiovascular":201,"Gastrointestinal":202,"Genitourinary":203,"Infectious":204}
[2025-03-19T21:39:02.622Z] [INFO] Prepared 28 items for insertion (filtered from 28 total items)
[2025-03-19T21:39:02.686Z] [INFO] Inserted batch of 28 items (total: 28/28)
[2025-03-19T21:39:02.687Z] [INFO] Updating parent-child relationships...
[2025-03-19T21:39:02.835Z] [INFO] Completed parent-child relationship updates: 3 successful, 0 failed
[2025-03-19T21:39:02.835Z] [INFO] Successfully processed file review-systems.md: inserted 28 items
[2025-03-19T21:39:02.836Z] [INFO] Processing file: collateral-history.md
[2025-03-19T21:39:02.837Z] [INFO] Preprocessing file: collateral-history.md
[2025-03-19T21:39:02.837Z] [INFO] Using title as initial section: "Main" at line 0
[2025-03-19T21:39:02.838Z] [INFO] Found section: "Sources of Collateral Information" at line 2
[2025-03-19T21:39:02.838Z] [INFO] Found section: "Key Collateral Information" at line 8
[2025-03-19T21:39:02.838Z] [INFO] Found section: "Behavior Patterns Reported" at line 20
[2025-03-19T21:39:02.839Z] [INFO] Found 3 sections in file: Sources of Collateral Information, Key Collateral Information, Behavior Patterns Reported
[2025-03-19T21:39:02.839Z] [INFO] Detected sections: ["Sources of Collateral Information","Key Collateral Information","Behavior Patterns Reported"]
[2025-03-19T21:39:02.839Z] [INFO] Attempting to insert section: "Sources of Collateral Information"
[2025-03-19T21:39:02.896Z] [INFO] Inserted/updated section: Sources of Collateral Information (ID: 205)
[2025-03-19T21:39:02.897Z] [INFO] Attempting to insert section: "Key Collateral Information"
[2025-03-19T21:39:02.957Z] [INFO] Inserted/updated section: Key Collateral Information (ID: 206)
[2025-03-19T21:39:02.958Z] [INFO] Attempting to insert section: "Behavior Patterns Reported"
[2025-03-19T21:39:03.007Z] [INFO] Inserted/updated section: Behavior Patterns Reported (ID: 207)
[2025-03-19T21:39:03.008Z] [INFO] Section ID map: {"Sources of Collateral Information":205,"Key Collateral Information":206,"Behavior Patterns Reported":207}
[2025-03-19T21:39:03.008Z] [INFO] Prepared 21 items for insertion (filtered from 21 total items)
[2025-03-19T21:39:03.062Z] [INFO] Inserted batch of 21 items (total: 21/21)
[2025-03-19T21:39:03.063Z] [INFO] Updating parent-child relationships...
[2025-03-19T21:39:03.064Z] [INFO] Completed parent-child relationship updates: 0 successful, 0 failed
[2025-03-19T21:39:03.065Z] [INFO] Successfully processed file collateral-history.md: inserted 21 items
[2025-03-19T21:39:03.065Z] [INFO] Processing file: risk-factors.md
[2025-03-19T21:39:03.066Z] [INFO] Preprocessing file: risk-factors.md
[2025-03-19T21:39:03.066Z] [INFO] Using title as initial section: "Main" at line 0
[2025-03-19T21:39:03.067Z] [INFO] Found section: "Patient Characteristics" at line 2
[2025-03-19T21:39:03.067Z] [INFO] Found section: "Medication and Substance Related" at line 9
[2025-03-19T21:39:03.067Z] [INFO] Found section: "Medical Conditions" at line 19
[2025-03-19T21:39:03.068Z] [INFO] Found 3 sections in file: Patient Characteristics, Medication and Substance Related, Medical Conditions
[2025-03-19T21:39:03.068Z] [INFO] Detected sections: ["Patient Characteristics","Medication and Substance Related","Medical Conditions"]
[2025-03-19T21:39:03.069Z] [INFO] Attempting to insert section: "Patient Characteristics"
[2025-03-19T21:39:03.152Z] [INFO] Inserted/updated section: Patient Characteristics (ID: 208)
[2025-03-19T21:39:03.153Z] [INFO] Attempting to insert section: "Medication and Substance Related"
[2025-03-19T21:39:03.215Z] [INFO] Inserted/updated section: Medication and Substance Related (ID: 209)
[2025-03-19T21:39:03.215Z] [INFO] Attempting to insert section: "Medical Conditions"
[2025-03-19T21:39:03.263Z] [INFO] Inserted/updated section: Medical Conditions (ID: 210)
[2025-03-19T21:39:03.264Z] [INFO] Section ID map: {"Patient Characteristics":208,"Medication and Substance Related":209,"Medical Conditions":210}
[2025-03-19T21:39:03.264Z] [INFO] Prepared 16 items for insertion (filtered from 16 total items)
[2025-03-19T21:39:03.325Z] [INFO] Inserted batch of 16 items (total: 16/16)
[2025-03-19T21:39:03.325Z] [INFO] Updating parent-child relationships...
[2025-03-19T21:39:03.326Z] [INFO] Completed parent-child relationship updates: 0 successful, 0 failed
[2025-03-19T21:39:03.326Z] [INFO] Successfully processed file risk-factors.md: inserted 16 items
[2025-03-19T21:39:03.327Z] [INFO] Processing file: differential-diagnosis.md
[2025-03-19T21:39:03.327Z] [INFO] Preprocessing file: differential-diagnosis.md
[2025-03-19T21:39:03.328Z] [INFO] Using title as initial section: "Main" at line 0
[2025-03-19T21:39:03.328Z] [INFO] Found section: "Systemic Diseases Secondarily Affecting CNS" at line 2
[2025-03-19T21:39:03.328Z] [INFO] Found section: "Primary Intracranial Disease" at line 16
[2025-03-19T21:39:03.329Z] [INFO] Found section: "Exogenous Toxins" at line 27
[2025-03-19T21:39:03.329Z] [INFO] Found section: "Drug Withdrawal States" at line 33
[2025-03-19T21:39:03.329Z] [INFO] Found section: "Psychiatric Considerations" at line 38
[2025-03-19T21:39:03.330Z] [INFO] Found section: "Other Causes" at line 43
[2025-03-19T21:39:03.330Z] [INFO] Found 6 sections in file: Systemic Diseases Secondarily Affecting CNS, Primary Intracranial Disease, Exogenous Toxins, Drug Withdrawal States, Psychiatric Considerations, Other Causes
[2025-03-19T21:39:03.330Z] [INFO] Detected sections: ["Systemic Diseases Secondarily Affecting CNS","Primary Intracranial Disease","Exogenous Toxins","Drug Withdrawal States","Psychiatric Considerations","Other Causes"]
[2025-03-19T21:39:03.331Z] [INFO] Attempting to insert section: "Systemic Diseases Secondarily Affecting CNS"
[2025-03-19T21:39:03.380Z] [INFO] Inserted/updated section: Systemic Diseases Secondarily Affecting CNS (ID: 211)
[2025-03-19T21:39:03.381Z] [INFO] Attempting to insert section: "Primary Intracranial Disease"
[2025-03-19T21:39:03.439Z] [INFO] Inserted/updated section: Primary Intracranial Disease (ID: 212)
[2025-03-19T21:39:03.439Z] [INFO] Attempting to insert section: "Exogenous Toxins"
[2025-03-19T21:39:03.499Z] [INFO] Inserted/updated section: Exogenous Toxins (ID: 213)
[2025-03-19T21:39:03.500Z] [INFO] Attempting to insert section: "Drug Withdrawal States"
[2025-03-19T21:39:03.568Z] [INFO] Inserted/updated section: Drug Withdrawal States (ID: 214)
[2025-03-19T21:39:03.569Z] [INFO] Attempting to insert section: "Psychiatric Considerations"
[2025-03-19T21:39:03.632Z] [INFO] Inserted/updated section: Psychiatric Considerations (ID: 215)
[2025-03-19T21:39:03.632Z] [INFO] Attempting to insert section: "Other Causes"
[2025-03-19T21:39:03.689Z] [INFO] Inserted/updated section: Other Causes (ID: 216)
[2025-03-19T21:39:03.690Z] [INFO] Section ID map: {"Systemic Diseases Secondarily Affecting CNS":211,"Primary Intracranial Disease":212,"Exogenous Toxins":213,"Drug Withdrawal States":214,"Psychiatric Considerations":215,"Other Causes":216}
[2025-03-19T21:39:03.690Z] [INFO] Prepared 33 items for insertion (filtered from 33 total items)
[2025-03-19T21:39:03.787Z] [INFO] Inserted batch of 33 items (total: 33/33)
[2025-03-19T21:39:03.788Z] [INFO] Updating parent-child relationships...
[2025-03-19T21:39:03.789Z] [INFO] Completed parent-child relationship updates: 0 successful, 0 failed
[2025-03-19T21:39:03.789Z] [INFO] Successfully processed file differential-diagnosis.md: inserted 33 items
[2025-03-19T21:39:03.789Z] [INFO] Processing file: past-medical.md
[2025-03-19T21:39:03.790Z] [INFO] Preprocessing file: past-medical.md
[2025-03-19T21:39:03.790Z] [INFO] Using title as initial section: "Main" at line 0
[2025-03-19T21:39:03.790Z] [INFO] Found section: "Neurological History" at line 2
[2025-03-19T21:39:03.791Z] [INFO] Found section: "Psychiatric History" at line 11
[2025-03-19T21:39:03.791Z] [INFO] Found section: "Medical Conditions" at line 16
[2025-03-19T21:39:03.791Z] [INFO] Found section: "Substance Use History" at line 25
[2025-03-19T21:39:03.792Z] [INFO] Found 4 sections in file: Neurological History, Psychiatric History, Medical Conditions, Substance Use History
[2025-03-19T21:39:03.792Z] [INFO] Detected sections: ["Neurological History","Psychiatric History","Medical Conditions","Substance Use History"]
[2025-03-19T21:39:03.792Z] [INFO] Attempting to insert section: "Neurological History"
[2025-03-19T21:39:03.847Z] [INFO] Inserted/updated section: Neurological History (ID: 217)
[2025-03-19T21:39:03.847Z] [INFO] Attempting to insert section: "Psychiatric History"
[2025-03-19T21:39:03.903Z] [INFO] Inserted/updated section: Psychiatric History (ID: 218)
[2025-03-19T21:39:03.904Z] [INFO] Attempting to insert section: "Medical Conditions"
[2025-03-19T21:39:03.953Z] [INFO] Inserted/updated section: Medical Conditions (ID: 219)
[2025-03-19T21:39:03.954Z] [INFO] Attempting to insert section: "Substance Use History"
[2025-03-19T21:39:04.005Z] [INFO] Inserted/updated section: Substance Use History (ID: 220)
[2025-03-19T21:39:04.006Z] [INFO] Section ID map: {"Neurological History":217,"Psychiatric History":218,"Medical Conditions":219,"Substance Use History":220}
[2025-03-19T21:39:04.006Z] [INFO] Prepared 20 items for insertion (filtered from 20 total items)
[2025-03-19T21:39:04.070Z] [INFO] Inserted batch of 20 items (total: 20/20)
[2025-03-19T21:39:04.071Z] [INFO] Updating parent-child relationships...
[2025-03-19T21:39:04.071Z] [INFO] Completed parent-child relationship updates: 0 successful, 0 failed
[2025-03-19T21:39:04.071Z] [INFO] Successfully processed file past-medical.md: inserted 20 items
[2025-03-19T21:39:04.072Z] [INFO] Processing file: physical-exam.md
[2025-03-19T21:39:04.072Z] [INFO] Preprocessing file: physical-exam.md
[2025-03-19T21:39:04.072Z] [INFO] Using title as initial section: "Main" at line 0
[2025-03-19T21:39:04.072Z] [INFO] Found section: "Vital Signs" at line 2
[2025-03-19T21:39:04.072Z] [INFO] Found section: "General Appearance" at line 9
[2025-03-19T21:39:04.073Z] [INFO] Found section: "Neurological Exam" at line 14
[2025-03-19T21:39:04.073Z] [INFO] Found section: "Delirium Assessment Tools" at line 38
[2025-03-19T21:39:04.073Z] [INFO] Found section: "HEENT" at line 42
[2025-03-19T21:39:04.073Z] [INFO] Found section: "Cardiovascular" at line 45
[2025-03-19T21:39:04.073Z] [INFO] Found section: "Respiratory" at line 49
[2025-03-19T21:39:04.073Z] [INFO] Found section: "Abdominal" at line 53
[2025-03-19T21:39:04.073Z] [INFO] Found section: "Skin" at line 58
[2025-03-19T21:39:04.073Z] [INFO] Found section: "Toxidrome Assessment" at line 64
[2025-03-19T21:39:04.073Z] [INFO] Found 10 sections in file: Vital Signs, General Appearance, Neurological Exam, Delirium Assessment Tools, HEENT, Cardiovascular, Respiratory, Abdominal, Skin, Toxidrome Assessment
[2025-03-19T21:39:04.073Z] [INFO] Detected sections: ["Vital Signs","General Appearance","Neurological Exam","Delirium Assessment Tools","HEENT","Cardiovascular","Respiratory","Abdominal","Skin","Toxidrome Assessment"]
[2025-03-19T21:39:04.074Z] [INFO] Attempting to insert section: "Vital Signs"
[2025-03-19T21:39:04.121Z] [INFO] Inserted/updated section: Vital Signs (ID: 221)
[2025-03-19T21:39:04.122Z] [INFO] Attempting to insert section: "General Appearance"
[2025-03-19T21:39:04.178Z] [INFO] Inserted/updated section: General Appearance (ID: 222)
[2025-03-19T21:39:04.179Z] [INFO] Attempting to insert section: "Neurological Exam"
[2025-03-19T21:39:04.229Z] [INFO] Inserted/updated section: Neurological Exam (ID: 223)
[2025-03-19T21:39:04.230Z] [INFO] Attempting to insert section: "Delirium Assessment Tools"
[2025-03-19T21:39:04.291Z] [INFO] Inserted/updated section: Delirium Assessment Tools (ID: 224)
[2025-03-19T21:39:04.291Z] [INFO] Attempting to insert section: "HEENT"
[2025-03-19T21:39:04.363Z] [INFO] Inserted/updated section: HEENT (ID: 225)
[2025-03-19T21:39:04.364Z] [INFO] Attempting to insert section: "Cardiovascular"
[2025-03-19T21:39:04.424Z] [INFO] Inserted/updated section: Cardiovascular (ID: 226)
[2025-03-19T21:39:04.424Z] [INFO] Attempting to insert section: "Respiratory"
[2025-03-19T21:39:04.478Z] [INFO] Inserted/updated section: Respiratory (ID: 227)
[2025-03-19T21:39:04.478Z] [INFO] Attempting to insert section: "Abdominal"
[2025-03-19T21:39:04.555Z] [INFO] Inserted/updated section: Abdominal (ID: 228)
[2025-03-19T21:39:04.555Z] [INFO] Attempting to insert section: "Skin"
[2025-03-19T21:39:04.607Z] [INFO] Inserted/updated section: Skin (ID: 229)
[2025-03-19T21:39:04.608Z] [INFO] Attempting to insert section: "Toxidrome Assessment"
[2025-03-19T21:39:04.657Z] [INFO] Inserted/updated section: Toxidrome Assessment (ID: 230)
[2025-03-19T21:39:04.657Z] [INFO] Section ID map: {"Vital Signs":221,"General Appearance":222,"Neurological Exam":223,"Delirium Assessment Tools":224,"HEENT":225,"Cardiovascular":226,"Respiratory":227,"Abdominal":228,"Skin":229,"Toxidrome Assessment":230}
[2025-03-19T21:39:04.658Z] [INFO] Prepared 46 items for insertion (filtered from 46 total items)
[2025-03-19T21:39:04.812Z] [INFO] Inserted batch of 46 items (total: 46/46)
[2025-03-19T21:39:04.813Z] [INFO] Updating parent-child relationships...
[2025-03-19T21:39:05.665Z] [INFO] Completed parent-child relationship updates: 15 successful, 0 failed
[2025-03-19T21:39:05.666Z] [INFO] Successfully processed file physical-exam.md: inserted 46 items
[2025-03-19T21:39:05.667Z] [INFO] Processing file: lab-studies.md
[2025-03-19T21:39:05.667Z] [INFO] Preprocessing file: lab-studies.md
[2025-03-19T21:39:05.668Z] [INFO] Using title as initial section: "Main" at line 0
[2025-03-19T21:39:05.669Z] [INFO] Found section: "Point of Care Testing" at line 2
[2025-03-19T21:39:05.669Z] [INFO] Found section: "Basic Studies" at line 6
[2025-03-19T21:39:05.669Z] [INFO] Found section: "Extended Studies" at line 21
[2025-03-19T21:39:05.670Z] [INFO] Found section: "Blood Gas Analysis" at line 31
[2025-03-19T21:39:05.670Z] [INFO] Found section: "Microbiology" at line 42
[2025-03-19T21:39:05.670Z] [INFO] Found section: "Toxicology" at line 46
[2025-03-19T21:39:05.671Z] [INFO] Found section: "Cerebrospinal Fluid Analysis (if performed)" at line 51
[2025-03-19T21:39:05.671Z] [INFO] Found 7 sections in file: Point of Care Testing, Basic Studies, Extended Studies, Blood Gas Analysis, Microbiology, Toxicology, Cerebrospinal Fluid Analysis (if performed)
[2025-03-19T21:39:05.672Z] [INFO] Detected sections: ["Point of Care Testing","Basic Studies","Extended Studies","Blood Gas Analysis","Microbiology","Toxicology","Cerebrospinal Fluid Analysis (if performed)"]
[2025-03-19T21:39:05.672Z] [INFO] Attempting to insert section: "Point of Care Testing"
[2025-03-19T21:39:05.727Z] [INFO] Inserted/updated section: Point of Care Testing (ID: 231)
[2025-03-19T21:39:05.728Z] [INFO] Attempting to insert section: "Basic Studies"
[2025-03-19T21:39:05.803Z] [INFO] Inserted/updated section: Basic Studies (ID: 232)
[2025-03-19T21:39:05.803Z] [INFO] Attempting to insert section: "Extended Studies"
[2025-03-19T21:39:05.861Z] [INFO] Inserted/updated section: Extended Studies (ID: 233)
[2025-03-19T21:39:05.862Z] [INFO] Attempting to insert section: "Blood Gas Analysis"
[2025-03-19T21:39:05.921Z] [INFO] Inserted/updated section: Blood Gas Analysis (ID: 234)
[2025-03-19T21:39:05.922Z] [INFO] Attempting to insert section: "Microbiology"
[2025-03-19T21:39:05.978Z] [INFO] Inserted/updated section: Microbiology (ID: 235)
[2025-03-19T21:39:05.979Z] [INFO] Attempting to insert section: "Toxicology"
[2025-03-19T21:39:06.030Z] [INFO] Inserted/updated section: Toxicology (ID: 236)
[2025-03-19T21:39:06.031Z] [INFO] Attempting to insert section: "Cerebrospinal Fluid Analysis (if performed)"
[2025-03-19T21:39:06.083Z] [INFO] Inserted/updated section: Cerebrospinal Fluid Analysis (if performed) (ID: 237)
[2025-03-19T21:39:06.083Z] [INFO] Section ID map: {"Point of Care Testing":231,"Basic Studies":232,"Extended Studies":233,"Blood Gas Analysis":234,"Microbiology":235,"Toxicology":236,"Cerebrospinal Fluid Analysis (if performed)":237}
[2025-03-19T21:39:06.084Z] [INFO] Prepared 44 items for insertion (filtered from 44 total items)
[2025-03-19T21:39:06.145Z] [INFO] Inserted batch of 44 items (total: 44/44)
[2025-03-19T21:39:06.146Z] [INFO] Updating parent-child relationships...
[2025-03-19T21:39:07.019Z] [INFO] Completed parent-child relationship updates: 16 successful, 0 failed
[2025-03-19T21:39:07.019Z] [INFO] Successfully processed file lab-studies.md: inserted 44 items
[2025-03-19T21:39:07.020Z] [INFO] Processing file: imaging.md
[2025-03-19T21:39:07.020Z] [INFO] Preprocessing file: imaging.md
[2025-03-19T21:39:07.021Z] [INFO] Using title as initial section: "Main" at line 0
[2025-03-19T21:39:07.022Z] [INFO] Found section: "Cranial Imaging" at line 2
[2025-03-19T21:39:07.022Z] [INFO] Found section: "Chest Imaging" at line 12
[2025-03-19T21:39:07.022Z] [INFO] Found section: "Other Imaging" at line 17
[2025-03-19T21:39:07.023Z] [INFO] Found 3 sections in file: Cranial Imaging, Chest Imaging, Other Imaging
[2025-03-19T21:39:07.023Z] [INFO] Detected sections: ["Cranial Imaging","Chest Imaging","Other Imaging"]
[2025-03-19T21:39:07.024Z] [INFO] Attempting to insert section: "Cranial Imaging"
[2025-03-19T21:39:07.072Z] [INFO] Inserted/updated section: Cranial Imaging (ID: 238)
[2025-03-19T21:39:07.072Z] [INFO] Attempting to insert section: "Chest Imaging"
[2025-03-19T21:39:07.122Z] [INFO] Inserted/updated section: Chest Imaging (ID: 239)
[2025-03-19T21:39:07.123Z] [INFO] Attempting to insert section: "Other Imaging"
[2025-03-19T21:39:07.175Z] [INFO] Inserted/updated section: Other Imaging (ID: 240)
[2025-03-19T21:39:07.176Z] [INFO] Section ID map: {"Cranial Imaging":238,"Chest Imaging":239,"Other Imaging":240}
[2025-03-19T21:39:07.176Z] [INFO] Prepared 12 items for insertion (filtered from 12 total items)
[2025-03-19T21:39:07.230Z] [INFO] Inserted batch of 12 items (total: 12/12)
[2025-03-19T21:39:07.230Z] [INFO] Updating parent-child relationships...
[2025-03-19T21:39:07.522Z] [INFO] Completed parent-child relationship updates: 6 successful, 0 failed
[2025-03-19T21:39:07.523Z] [INFO] Successfully processed file imaging.md: inserted 12 items
[2025-03-19T21:39:07.524Z] [INFO] Processing file: special-tests.md
[2025-03-19T21:39:07.524Z] [INFO] Preprocessing file: special-tests.md
[2025-03-19T21:39:07.525Z] [INFO] Using title as initial section: "Main" at line 0
[2025-03-19T21:39:07.526Z] [INFO] Found section: "Neurological Tests" at line 2
[2025-03-19T21:39:07.526Z] [INFO] Found section: "Paracentesis (if applicable)" at line 8
[2025-03-19T21:39:07.526Z] [INFO] Found section: "Thoracentesis (if applicable)" at line 12
[2025-03-19T21:39:07.527Z] [INFO] Found section: "Lumbar Puncture" at line 16
[2025-03-19T21:39:07.527Z] [INFO] Found section: "Cognitive Assessment Tools" at line 20
[2025-03-19T21:39:07.527Z] [INFO] Found 5 sections in file: Neurological Tests, Paracentesis (if applicable), Thoracentesis (if applicable), Lumbar Puncture, Cognitive Assessment Tools
[2025-03-19T21:39:07.528Z] [INFO] Detected sections: ["Neurological Tests","Paracentesis (if applicable)","Thoracentesis (if applicable)","Lumbar Puncture","Cognitive Assessment Tools"]
[2025-03-19T21:39:07.528Z] [INFO] Attempting to insert section: "Neurological Tests"
[2025-03-19T21:39:07.584Z] [INFO] Inserted/updated section: Neurological Tests (ID: 241)
[2025-03-19T21:39:07.586Z] [INFO] Attempting to insert section: "Paracentesis (if applicable)"
[2025-03-19T21:39:07.637Z] [INFO] Inserted/updated section: Paracentesis (if applicable) (ID: 242)
[2025-03-19T21:39:07.638Z] [INFO] Attempting to insert section: "Thoracentesis (if applicable)"
[2025-03-19T21:39:07.689Z] [INFO] Inserted/updated section: Thoracentesis (if applicable) (ID: 243)
[2025-03-19T21:39:07.689Z] [INFO] Attempting to insert section: "Lumbar Puncture"
[2025-03-19T21:39:07.739Z] [INFO] Inserted/updated section: Lumbar Puncture (ID: 244)
[2025-03-19T21:39:07.740Z] [INFO] Attempting to insert section: "Cognitive Assessment Tools"
[2025-03-19T21:39:07.795Z] [INFO] Inserted/updated section: Cognitive Assessment Tools (ID: 245)
[2025-03-19T21:39:07.796Z] [INFO] Section ID map: {"Neurological Tests":241,"Paracentesis (if applicable)":242,"Thoracentesis (if applicable)":243,"Lumbar Puncture":244,"Cognitive Assessment Tools":245}
[2025-03-19T21:39:07.796Z] [INFO] Prepared 14 items for insertion (filtered from 14 total items)
[2025-03-19T21:39:07.858Z] [INFO] Inserted batch of 14 items (total: 14/14)
[2025-03-19T21:39:07.859Z] [INFO] Updating parent-child relationships...
[2025-03-19T21:39:08.011Z] [INFO] Completed parent-child relationship updates: 3 successful, 0 failed
[2025-03-19T21:39:08.012Z] [INFO] Successfully processed file special-tests.md: inserted 14 items
[2025-03-19T21:39:08.013Z] [INFO] Processing file: ecg.md
[2025-03-19T21:39:08.013Z] [INFO] Preprocessing file: ecg.md
[2025-03-19T21:39:08.014Z] [INFO] Using title as initial section: "Main" at line 0
[2025-03-19T21:39:08.014Z] [INFO] Found section: "ECG Findings" at line 2
[2025-03-19T21:39:08.015Z] [INFO] Found section: "Interpretation" at line 9
[2025-03-19T21:39:08.015Z] [INFO] Found 2 sections in file: ECG Findings, Interpretation
[2025-03-19T21:39:08.015Z] [INFO] Detected sections: ["ECG Findings","Interpretation"]
[2025-03-19T21:39:08.015Z] [INFO] Attempting to insert section: "ECG Findings"
[2025-03-19T21:39:08.073Z] [INFO] Inserted/updated section: ECG Findings (ID: 246)
[2025-03-19T21:39:08.074Z] [INFO] Attempting to insert section: "Interpretation"
[2025-03-19T21:39:08.126Z] [INFO] Inserted/updated section: Interpretation (ID: 247)
[2025-03-19T21:39:08.127Z] [INFO] Section ID map: {"ECG Findings":246,"Interpretation":247}
[2025-03-19T21:39:08.127Z] [INFO] Prepared 8 items for insertion (filtered from 8 total items)
[2025-03-19T21:39:08.183Z] [INFO] Inserted batch of 8 items (total: 8/8)
[2025-03-19T21:39:08.183Z] [INFO] Updating parent-child relationships...
[2025-03-19T21:39:08.184Z] [INFO] Completed parent-child relationship updates: 0 successful, 0 failed
[2025-03-19T21:39:08.185Z] [INFO] Successfully processed file ecg.md: inserted 8 items
[2025-03-19T21:39:08.185Z] [INFO] Processing file: assessment.md
[2025-03-19T21:39:08.186Z] [INFO] Preprocessing file: assessment.md
[2025-03-19T21:39:08.186Z] [INFO] Using title as initial section: "Main" at line 0
[2025-03-19T21:39:08.187Z] [INFO] Found section: "Primary Diagnosis" at line 2
[2025-03-19T21:39:08.187Z] [INFO] Found section: "Underlying Etiology (if identified)" at line 8
[2025-03-19T21:39:08.187Z] [INFO] Found section: "Severity Assessment" at line 15
[2025-03-19T21:39:08.187Z] [INFO] Found section: "Contributing Factors" at line 21
[2025-03-19T21:39:08.188Z] [INFO] Found section: "Prognostic Indicators" at line 29
[2025-03-19T21:39:08.188Z] [INFO] Found 5 sections in file: Primary Diagnosis, Underlying Etiology (if identified), Severity Assessment, Contributing Factors, Prognostic Indicators
[2025-03-19T21:39:08.189Z] [INFO] Detected sections: ["Primary Diagnosis","Underlying Etiology (if identified)","Severity Assessment","Contributing Factors","Prognostic Indicators"]
[2025-03-19T21:39:08.189Z] [INFO] Attempting to insert section: "Primary Diagnosis"
[2025-03-19T21:39:08.239Z] [INFO] Inserted/updated section: Primary Diagnosis (ID: 248)
[2025-03-19T21:39:08.240Z] [INFO] Attempting to insert section: "Underlying Etiology (if identified)"
[2025-03-19T21:39:08.293Z] [INFO] Inserted/updated section: Underlying Etiology (if identified) (ID: 249)
[2025-03-19T21:39:08.294Z] [INFO] Attempting to insert section: "Severity Assessment"
[2025-03-19T21:39:08.345Z] [INFO] Inserted/updated section: Severity Assessment (ID: 250)
[2025-03-19T21:39:08.346Z] [INFO] Attempting to insert section: "Contributing Factors"
[2025-03-19T21:39:08.407Z] [INFO] Inserted/updated section: Contributing Factors (ID: 251)
[2025-03-19T21:39:08.408Z] [INFO] Attempting to insert section: "Prognostic Indicators"
[2025-03-19T21:39:08.459Z] [INFO] Inserted/updated section: Prognostic Indicators (ID: 252)
[2025-03-19T21:39:08.460Z] [INFO] Section ID map: {"Primary Diagnosis":248,"Underlying Etiology (if identified)":249,"Severity Assessment":250,"Contributing Factors":251,"Prognostic Indicators":252}
[2025-03-19T21:39:08.460Z] [INFO] Prepared 22 items for insertion (filtered from 22 total items)
[2025-03-19T21:39:08.512Z] [INFO] Inserted batch of 22 items (total: 22/22)
[2025-03-19T21:39:08.513Z] [INFO] Updating parent-child relationships...
[2025-03-19T21:39:08.661Z] [INFO] Completed parent-child relationship updates: 3 successful, 0 failed
[2025-03-19T21:39:08.662Z] [INFO] Successfully processed file assessment.md: inserted 22 items
[2025-03-19T21:39:08.662Z] [INFO] Processing file: plan.md
[2025-03-19T21:39:08.663Z] [INFO] Preprocessing file: plan.md
[2025-03-19T21:39:08.663Z] [INFO] Using title as initial section: "Main" at line 0
[2025-03-19T21:39:08.664Z] [INFO] Found section: "Immediate Interventions" at line 2
[2025-03-19T21:39:08.664Z] [INFO] Found section: "Empirical Treatment" at line 14
[2025-03-19T21:39:08.664Z] [INFO] Found section: "Supportive Care" at line 19
[2025-03-19T21:39:08.665Z] [INFO] Found section: "Diagnostic Plan" at line 29
[2025-03-19T21:39:08.665Z] [INFO] Found section: "Treatment of Underlying Cause" at line 34
[2025-03-19T21:39:08.665Z] [INFO] Found 5 sections in file: Immediate Interventions, Empirical Treatment, Supportive Care, Diagnostic Plan, Treatment of Underlying Cause
[2025-03-19T21:39:08.666Z] [INFO] Detected sections: ["Immediate Interventions","Empirical Treatment","Supportive Care","Diagnostic Plan","Treatment of Underlying Cause"]
[2025-03-19T21:39:08.666Z] [INFO] Attempting to insert section: "Immediate Interventions"
[2025-03-19T21:39:08.721Z] [INFO] Inserted/updated section: Immediate Interventions (ID: 253)
[2025-03-19T21:39:08.722Z] [INFO] Attempting to insert section: "Empirical Treatment"
[2025-03-19T21:39:08.782Z] [INFO] Inserted/updated section: Empirical Treatment (ID: 254)
[2025-03-19T21:39:08.783Z] [INFO] Attempting to insert section: "Supportive Care"
[2025-03-19T21:39:08.838Z] [INFO] Inserted/updated section: Supportive Care (ID: 255)
[2025-03-19T21:39:08.839Z] [INFO] Attempting to insert section: "Diagnostic Plan"
[2025-03-19T21:39:08.889Z] [INFO] Inserted/updated section: Diagnostic Plan (ID: 256)
[2025-03-19T21:39:08.890Z] [INFO] Attempting to insert section: "Treatment of Underlying Cause"
[2025-03-19T21:39:08.943Z] [INFO] Inserted/updated section: Treatment of Underlying Cause (ID: 257)
[2025-03-19T21:39:08.944Z] [INFO] Section ID map: {"Immediate Interventions":253,"Empirical Treatment":254,"Supportive Care":255,"Diagnostic Plan":256,"Treatment of Underlying Cause":257}
[2025-03-19T21:39:08.945Z] [INFO] Prepared 25 items for insertion (filtered from 25 total items)
[2025-03-19T21:39:09.007Z] [INFO] Inserted batch of 25 items (total: 25/25)
[2025-03-19T21:39:09.008Z] [INFO] Updating parent-child relationships...
[2025-03-19T21:39:09.530Z] [INFO] Completed parent-child relationship updates: 10 successful, 0 failed
[2025-03-19T21:39:09.532Z] [INFO] Successfully processed file plan.md: inserted 25 items
[2025-03-19T21:39:09.533Z] [INFO] Processing file: disposition.md
[2025-03-19T21:39:09.534Z] [INFO] Preprocessing file: disposition.md
[2025-03-19T21:39:09.535Z] [INFO] Using title as initial section: "Main" at line 0
[2025-03-19T21:39:09.535Z] [INFO] Found section: "Disposition Decision" at line 2
[2025-03-19T21:39:09.536Z] [INFO] Found section: "Consults Obtained/Recommended" at line 10
[2025-03-19T21:39:09.537Z] [INFO] Found section: "Follow-up Recommendations" at line 16
[2025-03-19T21:39:09.537Z] [INFO] Found section: "Special Considerations" at line 21
[2025-03-19T21:39:09.538Z] [INFO] Found 4 sections in file: Disposition Decision, Consults Obtained/Recommended, Follow-up Recommendations, Special Considerations
[2025-03-19T21:39:09.538Z] [INFO] Detected sections: ["Disposition Decision","Consults Obtained/Recommended","Follow-up Recommendations","Special Considerations"]
[2025-03-19T21:39:09.538Z] [INFO] Attempting to insert section: "Disposition Decision"
[2025-03-19T21:39:09.588Z] [INFO] Inserted/updated section: Disposition Decision (ID: 258)
[2025-03-19T21:39:09.589Z] [INFO] Attempting to insert section: "Consults Obtained/Recommended"
[2025-03-19T21:39:09.641Z] [INFO] Inserted/updated section: Consults Obtained/Recommended (ID: 259)
[2025-03-19T21:39:09.641Z] [INFO] Attempting to insert section: "Follow-up Recommendations"
[2025-03-19T21:39:09.691Z] [INFO] Inserted/updated section: Follow-up Recommendations (ID: 260)
[2025-03-19T21:39:09.692Z] [INFO] Attempting to insert section: "Special Considerations"
[2025-03-19T21:39:09.739Z] [INFO] Inserted/updated section: Special Considerations (ID: 261)
[2025-03-19T21:39:09.740Z] [INFO] Section ID map: {"Disposition Decision":258,"Consults Obtained/Recommended":259,"Follow-up Recommendations":260,"Special Considerations":261}
[2025-03-19T21:39:09.740Z] [INFO] Prepared 15 items for insertion (filtered from 15 total items)
[2025-03-19T21:39:09.795Z] [INFO] Inserted batch of 15 items (total: 15/15)
[2025-03-19T21:39:09.795Z] [INFO] Updating parent-child relationships...
[2025-03-19T21:39:09.931Z] [INFO] Completed parent-child relationship updates: 3 successful, 0 failed
[2025-03-19T21:39:09.932Z] [INFO] Successfully processed file disposition.md: inserted 15 items
[2025-03-19T21:39:09.932Z] [INFO] Processing file: patient-education.md
[2025-03-19T21:39:09.932Z] [INFO] Preprocessing file: patient-education.md
[2025-03-19T21:39:09.933Z] [INFO] Using title as initial section: "Main" at line 0
[2025-03-19T21:39:09.933Z] [INFO] Found section: "Explanation to Patient/Family" at line 2
[2025-03-19T21:39:09.933Z] [INFO] Found section: "Education Points for Caregivers" at line 9
[2025-03-19T21:39:09.933Z] [INFO] Found section: "Follow-up Instructions" at line 20
[2025-03-19T21:39:09.933Z] [INFO] Found 3 sections in file: Explanation to Patient/Family, Education Points for Caregivers, Follow-up Instructions
[2025-03-19T21:39:09.933Z] [INFO] Detected sections: ["Explanation to Patient/Family","Education Points for Caregivers","Follow-up Instructions"]
[2025-03-19T21:39:09.933Z] [INFO] Attempting to insert section: "Explanation to Patient/Family"
[2025-03-19T21:39:10.001Z] [INFO] Inserted/updated section: Explanation to Patient/Family (ID: 262)
[2025-03-19T21:39:10.002Z] [INFO] Attempting to insert section: "Education Points for Caregivers"
[2025-03-19T21:39:10.052Z] [INFO] Inserted/updated section: Education Points for Caregivers (ID: 263)
[2025-03-19T21:39:10.053Z] [INFO] Attempting to insert section: "Follow-up Instructions"
[2025-03-19T21:39:10.103Z] [INFO] Inserted/updated section: Follow-up Instructions (ID: 264)
[2025-03-19T21:39:10.104Z] [INFO] Section ID map: {"Explanation to Patient/Family":262,"Education Points for Caregivers":263,"Follow-up Instructions":264}
[2025-03-19T21:39:10.104Z] [INFO] Prepared 17 items for insertion (filtered from 17 total items)
[2025-03-19T21:39:10.159Z] [INFO] Inserted batch of 17 items (total: 17/17)
[2025-03-19T21:39:10.159Z] [INFO] Updating parent-child relationships...
[2025-03-19T21:39:10.368Z] [INFO] Completed parent-child relationship updates: 4 successful, 0 failed
[2025-03-19T21:39:10.369Z] [INFO] Successfully processed file patient-education.md: inserted 17 items
[2025-03-19T21:39:10.370Z] [INFO] Completed processing chapter Ch13_Confusion: 18 files processed, 0 files had errors
[2025-03-19T21:39:10.370Z] [INFO] Migration completed: 1 chapters processed successfully, 0 chapters had errors
[2025-03-19T21:39:10.370Z] [INFO] Migration completed in 11.079 seconds
