[2025-03-15T02:31:32.332Z] [INFO] Starting migration...
[2025-03-15T02:31:32.334Z] [INFO] Inserting categories...
[2025-03-15T02:31:32.485Z] [INFO] All categories already exist, skipping insertion
[2025-03-15T02:31:32.486Z] [INFO] Found 178 chapter directories to process
[2025-03-15T02:31:32.486Z] [INFO] Processing chapter: Ch100_Factitious Disorders and Malingering
[2025-03-15T02:31:32.588Z] [ERROR] Error processing chapter Ch100_Factitious Disorders and Malingering: duplicate key value violates unique constraint "chapters_chapter_number_key"
[2025-03-15T02:31:32.588Z] [INFO] Processing chapter: Ch101_Suicidal Behavior
[2025-03-15T02:31:32.639Z] [ERROR] Error processing chapter Ch101_Suicidal Behavior: duplicate key value violates unique constraint "chapters_chapter_number_key"
[2025-03-15T02:31:32.639Z] [INFO] Processing chapter: Ch102_Arthritis
[2025-03-15T02:31:32.701Z] [ERROR] Error processing chapter Ch102_Arthritis: duplicate key value violates unique constraint "chapters_chapter_number_key"
[2025-03-15T02:31:32.701Z] [INFO] Processing chapter: Ch103_Tendinopathy and Bursitis
[2025-03-15T02:31:32.749Z] [ERROR] Error processing chapter Ch103_Tendinopathy and Bursitis: duplicate key value violates unique constraint "chapters_chapter_number_key"
[2025-03-15T02:31:32.749Z] [INFO] Processing chapter: Ch104_Musculoskeletal Back Pain
[2025-03-15T02:31:32.796Z] [ERROR] Error processing chapter Ch104_Musculoskeletal Back Pain: duplicate key value violates unique constraint "chapters_chapter_number_key"
[2025-03-15T02:31:32.796Z] [INFO] Processing chapter: Ch105_Systemic Lupus Erythematosus and the Vasculitides
[2025-03-15T02:31:32.844Z] [ERROR] Error processing chapter Ch105_Systemic Lupus Erythematosus and the Vasculitides: duplicate key value violates unique constraint "chapters_chapter_number_key"
[2025-03-15T02:31:32.844Z] [INFO] Processing chapter: Ch106_Allergy, Anaphylaxis, and Angioedema
[2025-03-15T02:31:32.895Z] [ERROR] Error processing chapter Ch106_Allergy, Anaphylaxis, and Angioedema: duplicate key value violates unique constraint "chapters_chapter_number_key"
[2025-03-15T02:31:32.895Z] [INFO] Processing chapter: Ch107_Dermatologic Presentations
[2025-03-15T02:31:32.942Z] [ERROR] Error processing chapter Ch107_Dermatologic Presentations: duplicate key value violates unique constraint "chapters_chapter_number_key"
[2025-03-15T02:31:32.942Z] [INFO] Processing chapter: Ch108_Blood and Blood Components
[2025-03-15T02:31:33.002Z] [ERROR] Error processing chapter Ch108_Blood and Blood Components: duplicate key value violates unique constraint "chapters_chapter_number_key"
[2025-03-15T02:31:33.002Z] [INFO] Processing chapter: Ch109_Anemia and Polycythemia
[2025-03-15T02:31:33.057Z] [ERROR] Error processing chapter Ch109_Anemia and Polycythemia: duplicate key value violates unique constraint "chapters_chapter_number_key"
[2025-03-15T02:31:33.057Z] [INFO] Processing chapter: Ch10_Cyanosis
[2025-03-15T02:31:33.102Z] [ERROR] Error processing chapter Ch10_Cyanosis: duplicate key value violates unique constraint "chapters_chapter_number_key"
[2025-03-15T02:31:33.102Z] [INFO] Processing chapter: Ch110_White Blood Cell Disorders
[2025-03-15T02:31:33.147Z] [ERROR] Error processing chapter Ch110_White Blood Cell Disorders: duplicate key value violates unique constraint "chapters_chapter_number_key"
[2025-03-15T02:31:33.148Z] [INFO] Processing chapter: Ch111_Disorders of Hemostasis
[2025-03-15T02:31:33.201Z] [ERROR] Error processing chapter Ch111_Disorders of Hemostasis: duplicate key value violates unique constraint "chapters_chapter_number_key"
[2025-03-15T02:31:33.201Z] [INFO] Processing chapter: Ch112_Oncologic Emergencies
[2025-03-15T02:31:33.249Z] [ERROR] Error processing chapter Ch112_Oncologic Emergencies: duplicate key value violates unique constraint "chapters_chapter_number_key"
[2025-03-15T02:31:33.249Z] [INFO] Processing chapter: Ch113_Acid-Base Disorders
[2025-03-15T02:31:33.303Z] [ERROR] Error processing chapter Ch113_Acid-Base Disorders: duplicate key value violates unique constraint "chapters_chapter_number_key"
[2025-03-15T02:31:33.303Z] [INFO] Processing chapter: Ch114_Electrolyte Disorders
[2025-03-15T02:31:33.359Z] [ERROR] Error processing chapter Ch114_Electrolyte Disorders: duplicate key value violates unique constraint "chapters_chapter_number_key"
[2025-03-15T02:31:33.359Z] [INFO] Processing chapter: Ch115_Diabetes Mellitus and Disorders of Glucose Homeostasis
[2025-03-15T02:31:33.430Z] [ERROR] Error processing chapter Ch115_Diabetes Mellitus and Disorders of Glucose Homeostasis: duplicate key value violates unique constraint "chapters_chapter_number_key"
[2025-03-15T02:31:33.430Z] [INFO] Processing chapter: Ch116_Rhabdomyolysis
[2025-03-15T02:31:33.494Z] [ERROR] Error processing chapter Ch116_Rhabdomyolysis: duplicate key value violates unique constraint "chapters_chapter_number_key"
[2025-03-15T02:31:33.494Z] [INFO] Processing chapter: Ch117_Thyroid and Adrenal Disorders
[2025-03-15T02:31:33.551Z] [ERROR] Error processing chapter Ch117_Thyroid and Adrenal Disorders: duplicate key value violates unique constraint "chapters_chapter_number_key"
[2025-03-15T02:31:33.551Z] [INFO] Processing chapter: Ch118_Bacteria
[2025-03-15T02:31:33.597Z] [ERROR] Error processing chapter Ch118_Bacteria: duplicate key value violates unique constraint "chapters_chapter_number_key"
[2025-03-15T02:31:33.597Z] [INFO] Processing chapter: Ch119_Viruses
[2025-03-15T02:31:33.647Z] [ERROR] Error processing chapter Ch119_Viruses: duplicate key value violates unique constraint "chapters_chapter_number_key"
[2025-03-15T02:31:33.647Z] [INFO] Processing chapter: Ch11_Syncope
[2025-03-15T02:31:33.694Z] [INFO] Inserted/updated chapter: Syncope (ID: 209)
[2025-03-15T02:31:33.750Z] [INFO] Processing file: alarm-features.md
[2025-03-15T02:31:33.807Z] [INFO] Inserted/updated section: High-Risk Features (ID: 1329)
[2025-03-15T02:31:33.807Z] [INFO] Inserting 8 checklist items for section 1329
[2025-03-15T02:31:33.860Z] [INFO] Successfully inserted 8 checklist items
[2025-03-15T02:31:33.906Z] [INFO] Inserted/updated section: Critical Diagnoses To Consider (ID: 1330)
[2025-03-15T02:31:33.906Z] [INFO] Inserting 13 checklist items for section 1330
[2025-03-15T02:31:33.953Z] [INFO] Successfully inserted 13 checklist items
[2025-03-15T02:31:34.005Z] [INFO] Inserted/updated section: Emergent Diagnostic Factors (ID: 1331)
[2025-03-15T02:31:34.005Z] [INFO] Inserting 11 checklist items for section 1331
[2025-03-15T02:31:34.054Z] [INFO] Successfully inserted 11 checklist items
[2025-03-15T02:31:34.106Z] [INFO] Inserted/updated section: Concerning Cardiac Symptoms (ID: 1332)
[2025-03-15T02:31:34.106Z] [INFO] Inserting 4 checklist items for section 1332
[2025-03-15T02:31:34.159Z] [INFO] Successfully inserted 4 checklist items
[2025-03-15T02:31:34.208Z] [INFO] Inserted/updated section: Concerning Neurological Symptoms (ID: 1333)
[2025-03-15T02:31:34.208Z] [INFO] Inserting 4 checklist items for section 1333
[2025-03-15T02:31:34.266Z] [INFO] Successfully inserted 4 checklist items
[2025-03-15T02:31:34.326Z] [INFO] Inserted/updated section: Concerning Abdominal/GI Symptoms (ID: 1334)
[2025-03-15T02:31:34.326Z] [INFO] Inserting 3 checklist items for section 1334
[2025-03-15T02:31:34.373Z] [INFO] Successfully inserted 3 checklist items
[2025-03-15T02:31:34.373Z] [INFO] Completed processing file: alarm-features.md
[2025-03-15T02:31:34.373Z] [INFO] Processing file: assessment.md
[2025-03-15T02:31:34.429Z] [INFO] Inserted/updated section: Syncope Classification (ID: 1335)
[2025-03-15T02:31:34.429Z] [INFO] Inserting 17 checklist items for section 1335
[2025-03-15T02:31:34.527Z] [ERROR] Error inserting checklist items for section 1335: null value in column "display_order" of relation "checklist_items" violates not-null constraint
[2025-03-15T02:31:34.527Z] [ERROR] Error processing file /Users/lucas/Documents/markdown_1-185/1-18/Ch11_Syncope/assessment.md: null value in column "display_order" of relation "checklist_items" violates not-null constraint
[2025-03-15T02:31:34.527Z] [INFO] Processing file: collateral-history.md
[2025-03-15T02:31:34.574Z] [INFO] Inserted/updated section: Witness Account (ID: 1336)
[2025-03-15T02:31:34.574Z] [INFO] Inserting 4 checklist items for section 1336
[2025-03-15T02:31:34.621Z] [INFO] Successfully inserted 4 checklist items
[2025-03-15T02:31:34.672Z] [INFO] Inserted/updated section: Description of Episode (From Observer) (ID: 1337)
[2025-03-15T02:31:34.672Z] [INFO] Inserting 5 checklist items for section 1337
[2025-03-15T02:31:34.725Z] [INFO] Successfully inserted 5 checklist items
[2025-03-15T02:31:34.777Z] [INFO] Inserted/updated section: Pre-Episode Observations (ID: 1338)
[2025-03-15T02:31:34.777Z] [INFO] Inserting 5 checklist items for section 1338
[2025-03-15T02:31:34.824Z] [INFO] Successfully inserted 5 checklist items
[2025-03-15T02:31:34.878Z] [INFO] Inserted/updated section: Episode Characteristics (ID: 1339)
[2025-03-15T02:31:34.878Z] [INFO] Inserting 8 checklist items for section 1339
[2025-03-15T02:31:34.926Z] [INFO] Successfully inserted 8 checklist items
[2025-03-15T02:31:34.984Z] [INFO] Inserted/updated section: Movement During Episode (ID: 1340)
[2025-03-15T02:31:34.984Z] [INFO] Inserting 9 checklist items for section 1340
[2025-03-15T02:31:35.048Z] [INFO] Successfully inserted 9 checklist items
[2025-03-15T02:31:35.098Z] [INFO] Inserted/updated section: Autonomic Features (ID: 1341)
[2025-03-15T02:31:35.098Z] [INFO] Inserting 4 checklist items for section 1341
[2025-03-15T02:31:35.146Z] [INFO] Successfully inserted 4 checklist items
[2025-03-15T02:31:35.206Z] [INFO] Inserted/updated section: Recovery Characteristics (ID: 1342)
[2025-03-15T02:31:35.207Z] [INFO] Inserting 11 checklist items for section 1342
[2025-03-15T02:31:35.267Z] [INFO] Successfully inserted 11 checklist items
[2025-03-15T02:31:35.316Z] [INFO] Inserted/updated section: EMS/First Responder Report (ID: 1343)
[2025-03-15T02:31:35.316Z] [INFO] Inserting 4 checklist items for section 1343
[2025-03-15T02:31:35.378Z] [INFO] Successfully inserted 4 checklist items
[2025-03-15T02:31:35.378Z] [INFO] Completed processing file: collateral-history.md
[2025-03-15T02:31:35.378Z] [INFO] Processing file: diet.md
[2025-03-15T02:31:35.444Z] [INFO] Inserted/updated section: Oral Intake (ID: 1344)
[2025-03-15T02:31:35.444Z] [INFO] Inserting 5 checklist items for section 1344
[2025-03-15T02:31:35.541Z] [INFO] Successfully inserted 5 checklist items
[2025-03-15T02:31:35.593Z] [INFO] Inserted/updated section: Dietary Triggers (ID: 1345)
[2025-03-15T02:31:35.593Z] [INFO] Inserting 4 checklist items for section 1345
[2025-03-15T02:31:35.642Z] [INFO] Successfully inserted 4 checklist items
[2025-03-15T02:31:35.693Z] [INFO] Inserted/updated section: Specialized Diets (ID: 1346)
[2025-03-15T02:31:35.693Z] [INFO] Inserting 5 checklist items for section 1346
[2025-03-15T02:31:35.748Z] [INFO] Successfully inserted 5 checklist items
[2025-03-15T02:31:35.809Z] [INFO] Inserted/updated section: Hydration Status (ID: 1347)
[2025-03-15T02:31:35.809Z] [INFO] Inserting 4 checklist items for section 1347
[2025-03-15T02:31:35.854Z] [INFO] Successfully inserted 4 checklist items
[2025-03-15T02:31:35.903Z] [INFO] Inserted/updated section: Recent Dietary Changes (ID: 1348)
[2025-03-15T02:31:35.903Z] [INFO] Inserting 7 checklist items for section 1348
[2025-03-15T02:31:35.954Z] [INFO] Successfully inserted 7 checklist items
[2025-03-15T02:31:36.006Z] [INFO] Inserted/updated section: Dietary Supplements (ID: 1349)
[2025-03-15T02:31:36.006Z] [INFO] Inserting 6 checklist items for section 1349
[2025-03-15T02:31:36.055Z] [INFO] Successfully inserted 6 checklist items
[2025-03-15T02:31:36.102Z] [INFO] Inserted/updated section: Appetite (ID: 1350)
[2025-03-15T02:31:36.102Z] [INFO] Inserting 4 checklist items for section 1350
[2025-03-15T02:31:36.154Z] [INFO] Successfully inserted 4 checklist items
[2025-03-15T02:31:36.154Z] [INFO] Completed processing file: diet.md
[2025-03-15T02:31:36.154Z] [INFO] Processing file: differential-diagnosis.md
[2025-03-15T02:31:36.205Z] [INFO] Inserted/updated section: Reflex (Neurally Mediated) Syncope (ID: 1351)
[2025-03-15T02:31:36.205Z] [INFO] Inserting 12 checklist items for section 1351
[2025-03-15T02:31:36.314Z] [ERROR] Error inserting checklist items for section 1351: null value in column "display_order" of relation "checklist_items" violates not-null constraint
[2025-03-15T02:31:36.314Z] [ERROR] Error processing file /Users/lucas/Documents/markdown_1-185/1-18/Ch11_Syncope/differential-diagnosis.md: null value in column "display_order" of relation "checklist_items" violates not-null constraint
[2025-03-15T02:31:36.314Z] [INFO] Processing file: disposition.md
[2025-03-15T02:31:36.368Z] [INFO] Inserted/updated section: Primary Disposition Decision (ID: 1352)
[2025-03-15T02:31:36.368Z] [INFO] Inserting 8 checklist items for section 1352
[2025-03-15T02:31:36.462Z] [ERROR] Error inserting checklist items for section 1352: null value in column "display_order" of relation "checklist_items" violates not-null constraint
[2025-03-15T02:31:36.462Z] [ERROR] Error processing file /Users/lucas/Documents/markdown_1-185/1-18/Ch11_Syncope/disposition.md: null value in column "display_order" of relation "checklist_items" violates not-null constraint
[2025-03-15T02:31:36.462Z] [INFO] Processing file: ecg.md
[2025-03-15T02:31:36.506Z] [INFO] Inserted/updated section: Basic ECG Parameters (ID: 1353)
[2025-03-15T02:31:36.507Z] [INFO] Inserting 7 checklist items for section 1353
[2025-03-15T02:31:36.556Z] [INFO] Successfully inserted 7 checklist items
[2025-03-15T02:31:36.601Z] [INFO] Inserted/updated section: Rhythm (ID: 1354)
[2025-03-15T02:31:36.602Z] [INFO] Inserting 9 checklist items for section 1354
[2025-03-15T02:31:36.652Z] [INFO] Successfully inserted 9 checklist items
[2025-03-15T02:31:36.701Z] [INFO] Inserted/updated section: Conduction Abnormalities (ID: 1355)
[2025-03-15T02:31:36.701Z] [INFO] Inserting 11 checklist items for section 1355
[2025-03-15T02:31:36.749Z] [INFO] Successfully inserted 11 checklist items
[2025-03-15T02:31:36.796Z] [INFO] Inserted/updated section: Tachyarrhythmias (ID: 1356)
[2025-03-15T02:31:36.796Z] [INFO] Inserting 7 checklist items for section 1356
[2025-03-15T02:31:36.845Z] [INFO] Successfully inserted 7 checklist items
[2025-03-15T02:31:36.894Z] [INFO] Inserted/updated section: Ischemia/Infarction (ID: 1357)
[2025-03-15T02:31:36.894Z] [INFO] Inserting 6 checklist items for section 1357
[2025-03-15T02:31:36.940Z] [INFO] Successfully inserted 6 checklist items
[2025-03-15T02:31:36.995Z] [INFO] Inserted/updated section: Other ECG Findings (ID: 1358)
[2025-03-15T02:31:36.995Z] [INFO] Inserting 14 checklist items for section 1358
[2025-03-15T02:31:37.043Z] [INFO] Successfully inserted 14 checklist items
[2025-03-15T02:31:37.090Z] [INFO] Inserted/updated section: Serial ECG Changes (ID: 1359)
[2025-03-15T02:31:37.090Z] [INFO] Inserting 4 checklist items for section 1359
[2025-03-15T02:31:37.142Z] [INFO] Successfully inserted 4 checklist items
[2025-03-15T02:31:37.194Z] [INFO] Inserted/updated section: Cardiac Monitor Findings (if available) (ID: 1360)
[2025-03-15T02:31:37.194Z] [INFO] Inserting 2 checklist items for section 1360
[2025-03-15T02:31:37.242Z] [INFO] Successfully inserted 2 checklist items
[2025-03-15T02:31:37.242Z] [INFO] Completed processing file: ecg.md
[2025-03-15T02:31:37.242Z] [INFO] Processing file: history.md
[2025-03-15T02:31:37.291Z] [INFO] Inserted/updated section: Chief Complaint (ID: 1361)
[2025-03-15T02:31:37.291Z] [INFO] Inserting 3 checklist items for section 1361
[2025-03-15T02:31:37.339Z] [INFO] Successfully inserted 3 checklist items
[2025-03-15T02:31:37.389Z] [INFO] Inserted/updated section: Episode Details (ID: 1362)
[2025-03-15T02:31:37.389Z] [INFO] Inserting 4 checklist items for section 1362
[2025-03-15T02:31:37.446Z] [INFO] Successfully inserted 4 checklist items
[2025-03-15T02:31:37.496Z] [INFO] Inserted/updated section: Position During Episode (ID: 1363)
[2025-03-15T02:31:37.496Z] [INFO] Inserting 4 checklist items for section 1363
[2025-03-15T02:31:37.550Z] [INFO] Successfully inserted 4 checklist items
[2025-03-15T02:31:37.595Z] [INFO] Inserted/updated section: Activity During Episode (ID: 1364)
[2025-03-15T02:31:37.595Z] [INFO] Inserting 5 checklist items for section 1364
[2025-03-15T02:31:37.642Z] [INFO] Successfully inserted 5 checklist items
[2025-03-15T02:31:37.686Z] [INFO] Inserted/updated section: Setting (ID: 1365)
[2025-03-15T02:31:37.686Z] [INFO] Inserting 11 checklist items for section 1365
[2025-03-15T02:31:37.754Z] [INFO] Successfully inserted 11 checklist items
[2025-03-15T02:31:37.802Z] [INFO] Inserted/updated section: Precipitating Factors (ID: 1366)
[2025-03-15T02:31:37.802Z] [INFO] Inserting 12 checklist items for section 1366
[2025-03-15T02:31:37.854Z] [INFO] Successfully inserted 12 checklist items
[2025-03-15T02:31:37.901Z] [INFO] Inserted/updated section: Associated Prodromal Symptoms (ID: 1367)
[2025-03-15T02:31:37.901Z] [INFO] Inserting 10 checklist items for section 1367
[2025-03-15T02:31:37.949Z] [INFO] Successfully inserted 10 checklist items
[2025-03-15T02:31:37.997Z] [INFO] Inserted/updated section: Associated Symptoms During/After Episode (ID: 1368)
[2025-03-15T02:31:37.997Z] [INFO] Inserting 13 checklist items for section 1368
[2025-03-15T02:31:38.045Z] [INFO] Successfully inserted 13 checklist items
[2025-03-15T02:31:38.110Z] [INFO] Inserted/updated section: Post-Episode Status (ID: 1369)
[2025-03-15T02:31:38.110Z] [INFO] Inserting 6 checklist items for section 1369
[2025-03-15T02:31:38.159Z] [INFO] Successfully inserted 6 checklist items
[2025-03-15T02:31:38.160Z] [INFO] Completed processing file: history.md
[2025-03-15T02:31:38.160Z] [INFO] Processing file: imaging.md
[2025-03-15T02:31:38.225Z] [INFO] Inserted/updated section: Chest X-ray (ID: 1370)
[2025-03-15T02:31:38.225Z] [INFO] Inserting 11 checklist items for section 1370
[2025-03-15T02:31:38.271Z] [INFO] Successfully inserted 11 checklist items
[2025-03-15T02:31:38.322Z] [INFO] Inserted/updated section: Head CT (ID: 1371)
[2025-03-15T02:31:38.322Z] [INFO] Inserting 9 checklist items for section 1371
[2025-03-15T02:31:38.374Z] [INFO] Successfully inserted 9 checklist items
[2025-03-15T02:31:38.421Z] [INFO] Inserted/updated section: CT Pulmonary Angiogram (ID: 1372)
[2025-03-15T02:31:38.421Z] [INFO] Inserting 10 checklist items for section 1372
[2025-03-15T02:31:38.549Z] [ERROR] Error inserting checklist items for section 1372: null value in column "display_order" of relation "checklist_items" violates not-null constraint
[2025-03-15T02:31:38.550Z] [ERROR] Error processing file /Users/lucas/Documents/markdown_1-185/1-18/Ch11_Syncope/imaging.md: null value in column "display_order" of relation "checklist_items" violates not-null constraint
[2025-03-15T02:31:38.550Z] [INFO] Processing file: lab-studies.md
[2025-03-15T02:31:38.597Z] [INFO] Inserted/updated section: Complete Blood Count (ID: 1373)
[2025-03-15T02:31:38.597Z] [INFO] Inserting 6 checklist items for section 1373
[2025-03-15T02:31:38.651Z] [INFO] Successfully inserted 6 checklist items
[2025-03-15T02:31:38.710Z] [INFO] Inserted/updated section: Basic Metabolic Panel (ID: 1374)
[2025-03-15T02:31:38.710Z] [INFO] Inserting 10 checklist items for section 1374
[2025-03-15T02:31:38.758Z] [INFO] Successfully inserted 10 checklist items
[2025-03-15T02:31:38.805Z] [INFO] Inserted/updated section: Cardiac Biomarkers (ID: 1375)
[2025-03-15T02:31:38.805Z] [INFO] Inserting 7 checklist items for section 1375
[2025-03-15T02:31:38.851Z] [INFO] Successfully inserted 7 checklist items
[2025-03-15T02:31:38.896Z] [INFO] Inserted/updated section: Coagulation Studies (ID: 1376)
[2025-03-15T02:31:38.897Z] [INFO] Inserting 5 checklist items for section 1376
[2025-03-15T02:31:38.949Z] [INFO] Successfully inserted 5 checklist items
[2025-03-15T02:31:38.995Z] [INFO] Inserted/updated section: Additional Electrolytes (ID: 1377)
[2025-03-15T02:31:38.995Z] [INFO] Inserting 2 checklist items for section 1377
[2025-03-15T02:31:39.045Z] [INFO] Successfully inserted 2 checklist items
[2025-03-15T02:31:39.097Z] [INFO] Inserted/updated section: Liver Function Tests (ID: 1378)
[2025-03-15T02:31:39.097Z] [INFO] Inserting 7 checklist items for section 1378
[2025-03-15T02:31:39.146Z] [INFO] Successfully inserted 7 checklist items
[2025-03-15T02:31:39.192Z] [INFO] Inserted/updated section: Toxicology Screen (ID: 1379)
[2025-03-15T02:31:39.192Z] [INFO] Inserting 4 checklist items for section 1379
[2025-03-15T02:31:39.268Z] [INFO] Successfully inserted 4 checklist items
[2025-03-15T02:31:39.314Z] [INFO] Inserted/updated section: Pregnancy Test (ID: 1380)
[2025-03-15T02:31:39.315Z] [INFO] Inserting 3 checklist items for section 1380
[2025-03-15T02:31:39.361Z] [INFO] Successfully inserted 3 checklist items
[2025-03-15T02:31:39.410Z] [INFO] Inserted/updated section: Thyroid Function Tests (ID: 1381)
[2025-03-15T02:31:39.410Z] [INFO] Inserting 4 checklist items for section 1381
[2025-03-15T02:31:39.458Z] [INFO] Successfully inserted 4 checklist items
[2025-03-15T02:31:39.502Z] [INFO] Inserted/updated section: Arterial Blood Gas (ID: 1382)
[2025-03-15T02:31:39.502Z] [INFO] Inserting 8 checklist items for section 1382
[2025-03-15T02:31:39.548Z] [INFO] Successfully inserted 8 checklist items
[2025-03-15T02:31:39.598Z] [INFO] Inserted/updated section: Urinalysis (ID: 1383)
[2025-03-15T02:31:39.598Z] [INFO] Inserting 10 checklist items for section 1383
[2025-03-15T02:31:39.650Z] [INFO] Successfully inserted 10 checklist items
[2025-03-15T02:31:39.695Z] [INFO] Inserted/updated section: Other Laboratory Tests (ID: 1384)
[2025-03-15T02:31:39.695Z] [INFO] Inserting 4 checklist items for section 1384
[2025-03-15T02:31:39.746Z] [INFO] Successfully inserted 4 checklist items
[2025-03-15T02:31:39.746Z] [INFO] Completed processing file: lab-studies.md
[2025-03-15T02:31:39.746Z] [INFO] Processing file: medications.md
[2025-03-15T02:31:39.791Z] [INFO] Inserted/updated section: Vasodilators (ID: 1385)
[2025-03-15T02:31:39.791Z] [INFO] Inserting 8 checklist items for section 1385
[2025-03-15T02:31:39.847Z] [INFO] Successfully inserted 8 checklist items
[2025-03-15T02:31:39.902Z] [INFO] Inserted/updated section: Diuretics (ID: 1386)
[2025-03-15T02:31:39.903Z] [INFO] Inserting 3 checklist items for section 1386
[2025-03-15T02:31:40.004Z] [INFO] Successfully inserted 3 checklist items
[2025-03-15T02:31:40.054Z] [INFO] Inserted/updated section: Central Antihypertensives (ID: 1387)
[2025-03-15T02:31:40.054Z] [INFO] Inserting 2 checklist items for section 1387
[2025-03-15T02:31:40.099Z] [INFO] Successfully inserted 2 checklist items
[2025-03-15T02:31:40.145Z] [INFO] Inserted/updated section: QT-Prolonging Agents (ID: 1388)
[2025-03-15T02:31:40.146Z] [INFO] Inserting 5 checklist items for section 1388
[2025-03-15T02:31:40.193Z] [INFO] Successfully inserted 5 checklist items
[2025-03-15T02:31:40.240Z] [INFO] Inserted/updated section: Psychoactive Agents (ID: 1389)
[2025-03-15T02:31:40.240Z] [INFO] Inserting 12 checklist items for section 1389
[2025-03-15T02:31:40.290Z] [INFO] Successfully inserted 12 checklist items
[2025-03-15T02:31:40.339Z] [INFO] Inserted/updated section: Other Medications (ID: 1390)
[2025-03-15T02:31:40.340Z] [INFO] Inserting 7 checklist items for section 1390
[2025-03-15T02:31:40.390Z] [INFO] Successfully inserted 7 checklist items
[2025-03-15T02:31:40.439Z] [INFO] Inserted/updated section: Recent Medication Changes (ID: 1391)
[2025-03-15T02:31:40.439Z] [INFO] Inserting 5 checklist items for section 1391
[2025-03-15T02:31:40.490Z] [INFO] Successfully inserted 5 checklist items
[2025-03-15T02:31:40.538Z] [INFO] Inserted/updated section: Medication Compliance (ID: 1392)
[2025-03-15T02:31:40.538Z] [INFO] Inserting 5 checklist items for section 1392
[2025-03-15T02:31:40.587Z] [INFO] Successfully inserted 5 checklist items
[2025-03-15T02:31:40.587Z] [INFO] Completed processing file: medications.md
[2025-03-15T02:31:40.587Z] [INFO] Processing file: past-medical.md
[2025-03-15T02:31:40.641Z] [INFO] Inserted/updated section: Cardiac History (ID: 1393)
[2025-03-15T02:31:40.641Z] [INFO] Inserting 28 checklist items for section 1393
[2025-03-15T02:31:40.737Z] [ERROR] Error inserting checklist items for section 1393: null value in column "display_order" of relation "checklist_items" violates not-null constraint
[2025-03-15T02:31:40.737Z] [ERROR] Error processing file /Users/lucas/Documents/markdown_1-185/1-18/Ch11_Syncope/past-medical.md: null value in column "display_order" of relation "checklist_items" violates not-null constraint
[2025-03-15T02:31:40.737Z] [INFO] Processing file: patient-education.md
[2025-03-15T02:31:40.783Z] [INFO] Inserted/updated section: General Syncope Information (ID: 1394)
[2025-03-15T02:31:40.783Z] [INFO] Inserting 6 checklist items for section 1394
[2025-03-15T02:31:40.837Z] [INFO] Successfully inserted 6 checklist items
[2025-03-15T02:31:40.894Z] [INFO] Inserted/updated section: Safety Considerations (ID: 1395)
[2025-03-15T02:31:40.894Z] [INFO] Inserting 8 checklist items for section 1395
[2025-03-15T02:31:40.942Z] [INFO] Successfully inserted 8 checklist items
[2025-03-15T02:31:40.996Z] [INFO] Inserted/updated section: Specific Cause Education (if identified) (ID: 1396)
[2025-03-15T02:31:40.996Z] [INFO] Inserting 7 checklist items for section 1396
[2025-03-15T02:31:41.046Z] [INFO] Successfully inserted 7 checklist items
[2025-03-15T02:31:41.093Z] [INFO] Inserted/updated section: Prodromal Symptom Recognition (ID: 1397)
[2025-03-15T02:31:41.093Z] [INFO] Inserting 5 checklist items for section 1397
[2025-03-15T02:31:41.142Z] [INFO] Successfully inserted 5 checklist items
[2025-03-15T02:31:41.189Z] [INFO] Inserted/updated section: Physical Counterpressure Maneuvers (ID: 1398)
[2025-03-15T02:31:41.189Z] [INFO] Inserting 5 checklist items for section 1398
[2025-03-15T02:31:41.246Z] [INFO] Successfully inserted 5 checklist items
[2025-03-15T02:31:41.301Z] [INFO] Inserted/updated section: Lifestyle Modifications (ID: 1399)
[2025-03-15T02:31:41.302Z] [INFO] Inserting 8 checklist items for section 1399
[2025-03-15T02:31:41.352Z] [INFO] Successfully inserted 8 checklist items
[2025-03-15T02:31:41.411Z] [INFO] Inserted/updated section: Medication Education (ID: 1400)
[2025-03-15T02:31:41.411Z] [INFO] Inserting 6 checklist items for section 1400
[2025-03-15T02:31:41.459Z] [INFO] Successfully inserted 6 checklist items
[2025-03-15T02:31:41.505Z] [INFO] Inserted/updated section: Follow-up Care (ID: 1401)
[2025-03-15T02:31:41.506Z] [INFO] Inserting 7 checklist items for section 1401
[2025-03-15T02:31:41.551Z] [INFO] Successfully inserted 7 checklist items
[2025-03-15T02:31:41.598Z] [INFO] Inserted/updated section: Warning Signs Requiring Immediate Attention (ID: 1402)
[2025-03-15T02:31:41.598Z] [INFO] Inserting 8 checklist items for section 1402
[2025-03-15T02:31:41.685Z] [INFO] Successfully inserted 8 checklist items
[2025-03-15T02:31:41.730Z] [INFO] Inserted/updated section: Family Education (ID: 1403)
[2025-03-15T02:31:41.730Z] [INFO] Inserting 6 checklist items for section 1403
[2025-03-15T02:31:41.786Z] [INFO] Successfully inserted 6 checklist items
[2025-03-15T02:31:41.786Z] [INFO] Completed processing file: patient-education.md
[2025-03-15T02:31:41.786Z] [INFO] Processing file: physical-exam.md
[2025-03-15T02:31:41.843Z] [INFO] Inserted/updated section: Vital Signs (ID: 1404)
[2025-03-15T02:31:41.843Z] [INFO] Inserting 6 checklist items for section 1404
[2025-03-15T02:31:41.892Z] [INFO] Successfully inserted 6 checklist items
[2025-03-15T02:31:41.942Z] [INFO] Inserted/updated section: Orthostatic Vital Signs (ID: 1405)
[2025-03-15T02:31:41.942Z] [INFO] Inserting 10 checklist items for section 1405
[2025-03-15T02:31:42.036Z] [ERROR] Error inserting checklist items for section 1405: null value in column "display_order" of relation "checklist_items" violates not-null constraint
[2025-03-15T02:31:42.036Z] [ERROR] Error processing file /Users/lucas/Documents/markdown_1-185/1-18/Ch11_Syncope/physical-exam.md: null value in column "display_order" of relation "checklist_items" violates not-null constraint
[2025-03-15T02:31:42.036Z] [INFO] Processing file: plan.md
[2025-03-15T02:31:42.082Z] [INFO] Inserted/updated section: Immediate Management (ID: 1406)
[2025-03-15T02:31:42.082Z] [INFO] Inserting 9 checklist items for section 1406
[2025-03-15T02:31:42.129Z] [INFO] Successfully inserted 9 checklist items
[2025-03-15T02:31:42.177Z] [INFO] Inserted/updated section: Additional Testing (ID: 1407)
[2025-03-15T02:31:42.177Z] [INFO] Inserting 12 checklist items for section 1407
[2025-03-15T02:31:42.223Z] [INFO] Successfully inserted 12 checklist items
[2025-03-15T02:31:42.267Z] [INFO] Inserted/updated section: Medication Recommendations (ID: 1408)
[2025-03-15T02:31:42.268Z] [INFO] Inserting 6 checklist items for section 1408
[2025-03-15T02:31:42.315Z] [INFO] Successfully inserted 6 checklist items
[2025-03-15T02:31:42.361Z] [INFO] Inserted/updated section: Lifestyle Modifications (ID: 1409)
[2025-03-15T02:31:42.361Z] [INFO] Inserting 8 checklist items for section 1409
[2025-03-15T02:31:42.406Z] [INFO] Successfully inserted 8 checklist items
[2025-03-15T02:31:42.452Z] [INFO] Inserted/updated section: Cardiac Intervention Considerations (ID: 1410)
[2025-03-15T02:31:42.453Z] [INFO] Inserting 6 checklist items for section 1410
[2025-03-15T02:31:42.508Z] [INFO] Successfully inserted 6 checklist items
[2025-03-15T02:31:42.554Z] [INFO] Inserted/updated section: Follow-up Care (ID: 1411)
[2025-03-15T02:31:42.554Z] [INFO] Inserting 10 checklist items for section 1411
[2025-03-15T02:31:42.600Z] [INFO] Successfully inserted 10 checklist items
[2025-03-15T02:31:42.656Z] [INFO] Inserted/updated section: Preventive Measures (ID: 1412)
[2025-03-15T02:31:42.656Z] [INFO] Inserting 7 checklist items for section 1412
[2025-03-15T02:31:42.811Z] [INFO] Successfully inserted 7 checklist items
[2025-03-15T02:31:42.857Z] [INFO] Inserted/updated section: Special Considerations (ID: 1413)
[2025-03-15T02:31:42.857Z] [INFO] Inserting 5 checklist items for section 1413
[2025-03-15T02:31:42.906Z] [INFO] Successfully inserted 5 checklist items
[2025-03-15T02:31:42.906Z] [INFO] Completed processing file: plan.md
[2025-03-15T02:31:42.906Z] [INFO] Processing file: review-systems.md
[2025-03-15T02:31:42.950Z] [INFO] Inserted/updated section: Constitutional (ID: 1414)
[2025-03-15T02:31:42.950Z] [INFO] Inserting 4 checklist items for section 1414
[2025-03-15T02:31:42.995Z] [INFO] Successfully inserted 4 checklist items
[2025-03-15T02:31:43.046Z] [INFO] Inserted/updated section: Cardiovascular (ID: 1415)
[2025-03-15T02:31:43.046Z] [INFO] Inserting 8 checklist items for section 1415
[2025-03-15T02:31:43.095Z] [INFO] Successfully inserted 8 checklist items
[2025-03-15T02:31:43.142Z] [INFO] Inserted/updated section: Respiratory (ID: 1416)
[2025-03-15T02:31:43.142Z] [INFO] Inserting 5 checklist items for section 1416
[2025-03-15T02:31:43.188Z] [INFO] Successfully inserted 5 checklist items
[2025-03-15T02:31:43.239Z] [INFO] Inserted/updated section: Neurological (ID: 1417)
[2025-03-15T02:31:43.239Z] [INFO] Inserting 11 checklist items for section 1417
[2025-03-15T02:31:43.287Z] [INFO] Successfully inserted 11 checklist items
[2025-03-15T02:31:43.343Z] [INFO] Inserted/updated section: Gastrointestinal (ID: 1418)
[2025-03-15T02:31:43.343Z] [INFO] Inserting 8 checklist items for section 1418
[2025-03-15T02:31:43.390Z] [INFO] Successfully inserted 8 checklist items
[2025-03-15T02:31:43.434Z] [INFO] Inserted/updated section: Genitourinary (ID: 1419)
[2025-03-15T02:31:43.434Z] [INFO] Inserting 7 checklist items for section 1419
[2025-03-15T02:31:43.484Z] [INFO] Successfully inserted 7 checklist items
[2025-03-15T02:31:43.539Z] [INFO] Inserted/updated section: Psychiatric (ID: 1420)
[2025-03-15T02:31:43.539Z] [INFO] Inserting 6 checklist items for section 1420
[2025-03-15T02:31:43.584Z] [INFO] Successfully inserted 6 checklist items
[2025-03-15T02:31:43.637Z] [INFO] Inserted/updated section: Endocrine (ID: 1421)
[2025-03-15T02:31:43.637Z] [INFO] Inserting 4 checklist items for section 1421
[2025-03-15T02:31:43.684Z] [INFO] Successfully inserted 4 checklist items
[2025-03-15T02:31:43.729Z] [INFO] Inserted/updated section: Hematologic (ID: 1422)
[2025-03-15T02:31:43.730Z] [INFO] Inserting 3 checklist items for section 1422
[2025-03-15T02:31:43.789Z] [INFO] Successfully inserted 3 checklist items
[2025-03-15T02:31:43.834Z] [INFO] Inserted/updated section: Musculoskeletal (ID: 1423)
[2025-03-15T02:31:43.835Z] [INFO] Inserting 3 checklist items for section 1423
[2025-03-15T02:31:43.880Z] [INFO] Successfully inserted 3 checklist items
[2025-03-15T02:31:43.932Z] [INFO] Inserted/updated section: Ear, Nose, Throat (ID: 1424)
[2025-03-15T02:31:43.932Z] [INFO] Inserting 4 checklist items for section 1424
[2025-03-15T02:31:43.978Z] [INFO] Successfully inserted 4 checklist items
[2025-03-15T02:31:44.031Z] [INFO] Inserted/updated section: Eyes (ID: 1425)
[2025-03-15T02:31:44.031Z] [INFO] Inserting 4 checklist items for section 1425
[2025-03-15T02:31:44.079Z] [INFO] Successfully inserted 4 checklist items
[2025-03-15T02:31:44.079Z] [INFO] Completed processing file: review-systems.md
[2025-03-15T02:31:44.079Z] [INFO] Processing file: risk-factors.md
[2025-03-15T02:31:44.127Z] [INFO] Inserted/updated section: Demographic Risk Factors (ID: 1426)
[2025-03-15T02:31:44.127Z] [INFO] Inserting 3 checklist items for section 1426
[2025-03-15T02:31:44.175Z] [INFO] Successfully inserted 3 checklist items
[2025-03-15T02:31:44.224Z] [INFO] Inserted/updated section: Cardiac Risk Factors (ID: 1427)
[2025-03-15T02:31:44.224Z] [INFO] Inserting 15 checklist items for section 1427
[2025-03-15T02:31:44.277Z] [INFO] Successfully inserted 15 checklist items
[2025-03-15T02:31:44.334Z] [INFO] Inserted/updated section: Vascular Risk Factors (ID: 1428)
[2025-03-15T02:31:44.334Z] [INFO] Inserting 9 checklist items for section 1428
[2025-03-15T02:31:44.384Z] [INFO] Successfully inserted 9 checklist items
[2025-03-15T02:31:44.437Z] [INFO] Inserted/updated section: Pulmonary Embolism Risk Factors (ID: 1429)
[2025-03-15T02:31:44.437Z] [INFO] Inserting 10 checklist items for section 1429
[2025-03-15T02:31:44.483Z] [INFO] Successfully inserted 10 checklist items
[2025-03-15T02:31:44.531Z] [INFO] Inserted/updated section: Orthostatic Hypotension Risk Factors (ID: 1430)
[2025-03-15T02:31:44.531Z] [INFO] Inserting 7 checklist items for section 1430
[2025-03-15T02:31:44.580Z] [INFO] Successfully inserted 7 checklist items
[2025-03-15T02:31:44.627Z] [INFO] Inserted/updated section: Canadian Syncope Risk Score Factors (ID: 1431)
[2025-03-15T02:31:44.627Z] [INFO] Inserting 9 checklist items for section 1431
[2025-03-15T02:31:44.673Z] [INFO] Successfully inserted 9 checklist items
[2025-03-15T02:31:44.719Z] [INFO] Inserted/updated section: San Francisco Syncope Rule Factors (ID: 1432)
[2025-03-15T02:31:44.719Z] [INFO] Inserting 5 checklist items for section 1432
[2025-03-15T02:31:44.766Z] [INFO] Successfully inserted 5 checklist items
[2025-03-15T02:31:44.819Z] [INFO] Inserted/updated section: FAINT Score Factors (ID: 1433)
[2025-03-15T02:31:44.819Z] [INFO] Inserting 5 checklist items for section 1433
[2025-03-15T02:31:44.867Z] [INFO] Successfully inserted 5 checklist items
[2025-03-15T02:31:44.867Z] [INFO] Completed processing file: risk-factors.md
[2025-03-15T02:31:44.867Z] [INFO] Processing file: special-tests.md
[2025-03-15T02:31:44.917Z] [INFO] Inserted/updated section: Bedside Ultrasonography (ID: 1434)
[2025-03-15T02:31:44.918Z] [INFO] Inserting 19 checklist items for section 1434
[2025-03-15T02:31:45.014Z] [ERROR] Error inserting checklist items for section 1434: null value in column "display_order" of relation "checklist_items" violates not-null constraint
[2025-03-15T02:31:45.014Z] [ERROR] Error processing file /Users/lucas/Documents/markdown_1-185/1-18/Ch11_Syncope/special-tests.md: null value in column "display_order" of relation "checklist_items" violates not-null constraint
[2025-03-15T02:31:45.014Z] [INFO] Completed processing chapter: Ch11_Syncope
[2025-03-15T02:31:45.014Z] [INFO] Processing chapter: Ch120_Coronaviruses
[2025-03-15T02:31:45.063Z] [ERROR] Error processing chapter Ch120_Coronaviruses: duplicate key value violates unique constraint "chapters_chapter_number_key"
[2025-03-15T02:31:45.063Z] [INFO] Processing chapter: Ch121_HIV
[2025-03-15T02:31:45.110Z] [ERROR] Error processing chapter Ch121_HIV: duplicate key value violates unique constraint "chapters_chapter_number_key"
[2025-03-15T02:31:45.110Z] [INFO] Processing chapter: Ch122_Parasites
[2025-03-15T02:31:45.161Z] [ERROR] Error processing chapter Ch122_Parasites: duplicate key value violates unique constraint "chapters_chapter_number_key"
[2025-03-15T02:31:45.161Z] [INFO] Processing chapter: Ch123_Tickborne Illnesses
[2025-03-15T02:31:45.210Z] [ERROR] Error processing chapter Ch123_Tickborne Illnesses: duplicate key value violates unique constraint "chapters_chapter_number_key"
[2025-03-15T02:31:45.210Z] [INFO] Processing chapter: Ch124_Tuberculosis
[2025-03-15T02:31:45.257Z] [ERROR] Error processing chapter Ch124_Tuberculosis: duplicate key value violates unique constraint "chapters_chapter_number_key"
[2025-03-15T02:31:45.257Z] [INFO] Processing chapter: Ch125_Bone and Joint Infections
[2025-03-15T02:31:45.310Z] [ERROR] Error processing chapter Ch125_Bone and Joint Infections: duplicate key value violates unique constraint "chapters_chapter_number_key"
[2025-03-15T02:31:45.311Z] [INFO] Processing chapter: Ch126_Skin and Soft Tissue Infections
[2025-03-15T02:31:45.357Z] [ERROR] Error processing chapter Ch126_Skin and Soft Tissue Infections: duplicate key value violates unique constraint "chapters_chapter_number_key"
[2025-03-15T02:31:45.357Z] [INFO] Processing chapter: Ch127_Sepsis Syndrome
[2025-03-15T02:31:45.402Z] [ERROR] Error processing chapter Ch127_Sepsis Syndrome: duplicate key value violates unique constraint "chapters_chapter_number_key"
[2025-03-15T02:31:45.402Z] [INFO] Processing chapter: Ch128_Hypothermia, Frostbite, and Nonfreezing Cold Injuries
[2025-03-15T02:31:45.452Z] [ERROR] Error processing chapter Ch128_Hypothermia, Frostbite, and Nonfreezing Cold Injuries: duplicate key value violates unique constraint "chapters_chapter_number_key"
[2025-03-15T02:31:45.452Z] [INFO] Processing chapter: Ch129_Heat Illness
[2025-03-15T02:31:45.497Z] [ERROR] Error processing chapter Ch129_Heat Illness: duplicate key value violates unique constraint "chapters_chapter_number_key"
[2025-03-15T02:31:45.497Z] [INFO] Processing chapter: Ch12_Depressed Consciousness and Coma
[2025-03-15T02:31:45.543Z] [ERROR] Error processing chapter Ch12_Depressed Consciousness and Coma: duplicate key value violates unique constraint "chapters_chapter_number_key"
[2025-03-15T02:31:45.543Z] [INFO] Processing chapter: Ch130_Electrical and Lightning Injuries
[2025-03-15T02:31:45.587Z] [ERROR] Error processing chapter Ch130_Electrical and Lightning Injuries: duplicate key value violates unique constraint "chapters_chapter_number_key"
[2025-03-15T02:31:45.587Z] [INFO] Processing chapter: Ch131_Scuba Diving and Dysbarism
[2025-03-15T02:31:45.631Z] [ERROR] Error processing chapter Ch131_Scuba Diving and Dysbarism: duplicate key value violates unique constraint "chapters_chapter_number_key"
[2025-03-15T02:31:45.632Z] [INFO] Processing chapter: Ch132_High-Altitude Medicine
[2025-03-15T02:31:45.680Z] [ERROR] Error processing chapter Ch132_High-Altitude Medicine: duplicate key value violates unique constraint "chapters_chapter_number_key"
[2025-03-15T02:31:45.680Z] [INFO] Processing chapter: Ch133_Drowning
[2025-03-15T02:31:45.724Z] [ERROR] Error processing chapter Ch133_Drowning: duplicate key value violates unique constraint "chapters_chapter_number_key"
[2025-03-15T02:31:45.724Z] [INFO] Processing chapter: Ch134_Radiation Injuries
[2025-03-15T02:31:45.773Z] [ERROR] Error processing chapter Ch134_Radiation Injuries: duplicate key value violates unique constraint "chapters_chapter_number_key"
[2025-03-15T02:31:45.773Z] [INFO] Processing chapter: Ch135_Care of the Poisoned Patient
[2025-03-15T02:31:45.822Z] [ERROR] Error processing chapter Ch135_Care of the Poisoned Patient: duplicate key value violates unique constraint "chapters_chapter_number_key"
[2025-03-15T02:31:45.823Z] [INFO] Processing chapter: Ch136_Toxic Alcohols
[2025-03-15T02:31:45.869Z] [ERROR] Error processing chapter Ch136_Toxic Alcohols: duplicate key value violates unique constraint "chapters_chapter_number_key"
[2025-03-15T02:31:45.870Z] [INFO] Processing chapter: Ch137_Alcohol-Related Disease
[2025-03-15T02:31:45.928Z] [ERROR] Error processing chapter Ch137_Alcohol-Related Disease: duplicate key value violates unique constraint "chapters_chapter_number_key"
[2025-03-15T02:31:45.928Z] [INFO] Processing chapter: Ch138_Acetaminophen
[2025-03-15T02:31:45.974Z] [ERROR] Error processing chapter Ch138_Acetaminophen: duplicate key value violates unique constraint "chapters_chapter_number_key"
[2025-03-15T02:31:45.975Z] [INFO] Processing chapter: Ch139_Aspirin and Nonsteroidal Agents
[2025-03-15T02:31:46.019Z] [ERROR] Error processing chapter Ch139_Aspirin and Nonsteroidal Agents: duplicate key value violates unique constraint "chapters_chapter_number_key"
[2025-03-15T02:31:46.019Z] [INFO] Processing chapter: Ch13_Confusion
[2025-03-15T02:31:46.072Z] [ERROR] Error processing chapter Ch13_Confusion: duplicate key value violates unique constraint "chapters_chapter_number_key"
[2025-03-15T02:31:46.072Z] [INFO] Processing chapter: Ch140_Anticholinergics
[2025-03-15T02:31:46.117Z] [ERROR] Error processing chapter Ch140_Anticholinergics: duplicate key value violates unique constraint "chapters_chapter_number_key"
[2025-03-15T02:31:46.118Z] [INFO] Processing chapter: Ch141_Antidepressants
[2025-03-15T02:31:46.169Z] [ERROR] Error processing chapter Ch141_Antidepressants: duplicate key value violates unique constraint "chapters_chapter_number_key"
[2025-03-15T02:31:46.169Z] [INFO] Processing chapter: Ch142_Cardiovascular Drugs
[2025-03-15T02:31:46.216Z] [ERROR] Error processing chapter Ch142_Cardiovascular Drugs: duplicate key value violates unique constraint "chapters_chapter_number_key"
[2025-03-15T02:31:46.216Z] [INFO] Processing chapter: Ch143_Caustics
[2025-03-15T02:31:46.273Z] [ERROR] Error processing chapter Ch143_Caustics: duplicate key value violates unique constraint "chapters_chapter_number_key"
[2025-03-15T02:31:46.274Z] [INFO] Processing chapter: Ch144_Cocaine and Other Sympathomimetics
[2025-03-15T02:31:46.319Z] [ERROR] Error processing chapter Ch144_Cocaine and Other Sympathomimetics: duplicate key value violates unique constraint "chapters_chapter_number_key"
[2025-03-15T02:31:46.319Z] [INFO] Processing chapter: Ch145_THC and Hallucinogens
[2025-03-15T02:31:46.380Z] [ERROR] Error processing chapter Ch145_THC and Hallucinogens: duplicate key value violates unique constraint "chapters_chapter_number_key"
[2025-03-15T02:31:46.380Z] [INFO] Processing chapter: Ch146_Iron and Heavy Metals
[2025-03-15T02:31:46.430Z] [ERROR] Error processing chapter Ch146_Iron and Heavy Metals: duplicate key value violates unique constraint "chapters_chapter_number_key"
[2025-03-15T02:31:46.430Z] [INFO] Processing chapter: Ch147_Hydrocarbons
[2025-03-15T02:31:46.509Z] [ERROR] Error processing chapter Ch147_Hydrocarbons: duplicate key value violates unique constraint "chapters_chapter_number_key"
[2025-03-15T02:31:46.509Z] [INFO] Processing chapter: Ch148_Inhaled Toxins
[2025-03-15T02:31:46.557Z] [ERROR] Error processing chapter Ch148_Inhaled Toxins: duplicate key value violates unique constraint "chapters_chapter_number_key"
[2025-03-15T02:31:46.557Z] [INFO] Processing chapter: Ch149_Lithium
[2025-03-15T02:31:46.609Z] [ERROR] Error processing chapter Ch149_Lithium: duplicate key value violates unique constraint "chapters_chapter_number_key"
[2025-03-15T02:31:46.609Z] [INFO] Processing chapter: Ch14_Seizures
[2025-03-15T02:31:46.664Z] [ERROR] Error processing chapter Ch14_Seizures: duplicate key value violates unique constraint "chapters_chapter_number_key"
[2025-03-15T02:31:46.664Z] [INFO] Processing chapter: Ch150_Antipsychotics
[2025-03-15T02:31:46.708Z] [ERROR] Error processing chapter Ch150_Antipsychotics: duplicate key value violates unique constraint "chapters_chapter_number_key"
[2025-03-15T02:31:46.708Z] [INFO] Processing chapter: Ch151_Opioids
[2025-03-15T02:31:46.754Z] [ERROR] Error processing chapter Ch151_Opioids: duplicate key value violates unique constraint "chapters_chapter_number_key"
[2025-03-15T02:31:46.754Z] [INFO] Processing chapter: Ch152_Pesticides
[2025-03-15T02:31:46.805Z] [ERROR] Error processing chapter Ch152_Pesticides: duplicate key value violates unique constraint "chapters_chapter_number_key"
[2025-03-15T02:31:46.805Z] [INFO] Processing chapter: Ch153_Plants, Herbal Medications, and Mushrooms
[2025-03-15T02:31:46.856Z] [ERROR] Error processing chapter Ch153_Plants, Herbal Medications, and Mushrooms: duplicate key value violates unique constraint "chapters_chapter_number_key"
[2025-03-15T02:31:46.857Z] [INFO] Processing chapter: Ch154_Sedative-Hypnotics
[2025-03-15T02:31:46.902Z] [ERROR] Error processing chapter Ch154_Sedative-Hypnotics: duplicate key value violates unique constraint "chapters_chapter_number_key"
[2025-03-15T02:31:46.902Z] [INFO] Processing chapter: Ch155_Care of the Pediatric Patient
[2025-03-15T02:31:46.949Z] [ERROR] Error processing chapter Ch155_Care of the Pediatric Patient: duplicate key value violates unique constraint "chapters_chapter_number_key"
[2025-03-15T02:31:46.949Z] [INFO] Processing chapter: Ch156_Pediatric Airway Management
[2025-03-15T02:31:46.994Z] [ERROR] Error processing chapter Ch156_Pediatric Airway Management: duplicate key value violates unique constraint "chapters_chapter_number_key"
[2025-03-15T02:31:46.994Z] [INFO] Processing chapter: Ch157_Pediatric Sedation and Analgesia
[2025-03-15T02:31:47.041Z] [ERROR] Error processing chapter Ch157_Pediatric Sedation and Analgesia: duplicate key value violates unique constraint "chapters_chapter_number_key"
[2025-03-15T02:31:47.041Z] [INFO] Processing chapter: Ch158_Pediatric Resuscitation
[2025-03-15T02:31:47.091Z] [ERROR] Error processing chapter Ch158_Pediatric Resuscitation: duplicate key value violates unique constraint "chapters_chapter_number_key"
[2025-03-15T02:31:47.091Z] [INFO] Processing chapter: Ch159_Neonatal Resuscitation
[2025-03-15T02:31:47.139Z] [ERROR] Error processing chapter Ch159_Neonatal Resuscitation: duplicate key value violates unique constraint "chapters_chapter_number_key"
[2025-03-15T02:31:47.139Z] [INFO] Processing chapter: Ch15_Dizziness and Vertigo
[2025-03-15T02:31:47.187Z] [ERROR] Error processing chapter Ch15_Dizziness and Vertigo: duplicate key value violates unique constraint "chapters_chapter_number_key"
[2025-03-15T02:31:47.187Z] [INFO] Processing chapter: Ch160_Pediatric Trauma
[2025-03-15T02:31:47.234Z] [ERROR] Error processing chapter Ch160_Pediatric Trauma: duplicate key value violates unique constraint "chapters_chapter_number_key"
[2025-03-15T02:31:47.234Z] [INFO] Processing chapter: Ch161_Pediatric Fever
[2025-03-15T02:31:47.284Z] [ERROR] Error processing chapter Ch161_Pediatric Fever: duplicate key value violates unique constraint "chapters_chapter_number_key"
[2025-03-15T02:31:47.284Z] [INFO] Processing chapter: Ch162_Pediatric Upper Airway Obstruction and Infections
[2025-03-15T02:31:47.334Z] [ERROR] Error processing chapter Ch162_Pediatric Upper Airway Obstruction and Infections: duplicate key value violates unique constraint "chapters_chapter_number_key"
[2025-03-15T02:31:47.334Z] [INFO] Processing chapter: Ch163_Pediatric Lower Airway Obstruction
[2025-03-15T02:31:47.383Z] [ERROR] Error processing chapter Ch163_Pediatric Lower Airway Obstruction: duplicate key value violates unique constraint "chapters_chapter_number_key"
[2025-03-15T02:31:47.383Z] [INFO] Processing chapter: Ch164_Pediatric Lung Disease
[2025-03-15T02:31:47.427Z] [ERROR] Error processing chapter Ch164_Pediatric Lung Disease: duplicate key value violates unique constraint "chapters_chapter_number_key"
[2025-03-15T02:31:47.427Z] [INFO] Processing chapter: Ch165_Pediatric Cardiac Disorders
[2025-03-15T02:31:47.470Z] [ERROR] Error processing chapter Ch165_Pediatric Cardiac Disorders: duplicate key value violates unique constraint "chapters_chapter_number_key"
[2025-03-15T02:31:47.471Z] [INFO] Processing chapter: Ch166_Pediatric Gastrointestinal Disorders
[2025-03-15T02:31:47.514Z] [ERROR] Error processing chapter Ch166_Pediatric Gastrointestinal Disorders: duplicate key value violates unique constraint "chapters_chapter_number_key"
[2025-03-15T02:31:47.514Z] [INFO] Processing chapter: Ch167_Pediatric Infectious Diarrheal Disease and Dehydration
[2025-03-15T02:31:47.563Z] [ERROR] Error processing chapter Ch167_Pediatric Infectious Diarrheal Disease and Dehydration: duplicate key value violates unique constraint "chapters_chapter_number_key"
[2025-03-15T02:31:47.563Z] [INFO] Processing chapter: Ch168_Pediatric Genitourinary and Renal Tract Disorders
[2025-03-15T02:31:47.608Z] [ERROR] Error processing chapter Ch168_Pediatric Genitourinary and Renal Tract Disorders: duplicate key value violates unique constraint "chapters_chapter_number_key"
[2025-03-15T02:31:47.608Z] [INFO] Processing chapter: Ch169_Pediatric Neurologic Disorders
[2025-03-15T02:31:47.661Z] [ERROR] Error processing chapter Ch169_Pediatric Neurologic Disorders: duplicate key value violates unique constraint "chapters_chapter_number_key"
[2025-03-15T02:31:47.661Z] [INFO] Processing chapter: Ch16_Headache
[2025-03-15T02:31:47.709Z] [ERROR] Error processing chapter Ch16_Headache: duplicate key value violates unique constraint "chapters_chapter_number_key"
[2025-03-15T02:31:47.710Z] [INFO] Processing chapter: Ch170_Pediatric Musculoskeletal Disorders
[2025-03-15T02:31:47.763Z] [ERROR] Error processing chapter Ch170_Pediatric Musculoskeletal Disorders: duplicate key value violates unique constraint "chapters_chapter_number_key"
[2025-03-15T02:31:47.763Z] [INFO] Processing chapter: Ch171_Pediatric Drug Therapy
[2025-03-15T02:31:47.809Z] [ERROR] Error processing chapter Ch171_Pediatric Drug Therapy: duplicate key value violates unique constraint "chapters_chapter_number_key"
[2025-03-15T02:31:47.809Z] [INFO] Processing chapter: Ch172_Child Abuse
[2025-03-15T02:31:47.851Z] [ERROR] Error processing chapter Ch172_Child Abuse: duplicate key value violates unique constraint "chapters_chapter_number_key"
[2025-03-15T02:31:47.851Z] [INFO] Processing chapter: Ch173_Complications of Pregnancy
[2025-03-15T02:31:47.896Z] [ERROR] Error processing chapter Ch173_Complications of Pregnancy: duplicate key value violates unique constraint "chapters_chapter_number_key"
[2025-03-15T02:31:47.897Z] [INFO] Processing chapter: Ch174_Medical Emergencies During Pregnancy
[2025-03-15T02:31:47.946Z] [ERROR] Error processing chapter Ch174_Medical Emergencies During Pregnancy: duplicate key value violates unique constraint "chapters_chapter_number_key"
[2025-03-15T02:31:47.946Z] [INFO] Processing chapter: Ch175_Drug Therapy in Pregnancy
[2025-03-15T02:31:47.992Z] [ERROR] Error processing chapter Ch175_Drug Therapy in Pregnancy: duplicate key value violates unique constraint "chapters_chapter_number_key"
[2025-03-15T02:31:47.992Z] [INFO] Processing chapter: Ch176_Labor and Delivery
[2025-03-15T02:31:48.037Z] [ERROR] Error processing chapter Ch176_Labor and Delivery: duplicate key value violates unique constraint "chapters_chapter_number_key"
[2025-03-15T02:31:48.037Z] [INFO] Processing chapter: Ch177_Trauma in Pregnancy
[2025-03-15T02:31:48.085Z] [ERROR] Error processing chapter Ch177_Trauma in Pregnancy: duplicate key value violates unique constraint "chapters_chapter_number_key"
[2025-03-15T02:31:48.085Z] [INFO] Processing chapter: Ch178_Care of the Geriatric Patient
[2025-03-15T02:31:48.138Z] [ERROR] Error processing chapter Ch178_Care of the Geriatric Patient: duplicate key value violates unique constraint "chapters_chapter_number_key"
[2025-03-15T02:31:48.138Z] [INFO] Processing chapter: Ch179_Geriatric Trauma
[2025-03-15T02:31:48.185Z] [ERROR] Error processing chapter Ch179_Geriatric Trauma: duplicate key value violates unique constraint "chapters_chapter_number_key"
[2025-03-15T02:31:48.185Z] [INFO] Processing chapter: Ch17_Diplopia
[2025-03-15T02:31:48.231Z] [ERROR] Error processing chapter Ch17_Diplopia: duplicate key value violates unique constraint "chapters_chapter_number_key"
[2025-03-15T02:31:48.231Z] [INFO] Processing chapter: Ch180_Geriatric Drug Therapy
[2025-03-15T02:31:48.288Z] [ERROR] Error processing chapter Ch180_Geriatric Drug Therapy: duplicate key value violates unique constraint "chapters_chapter_number_key"
[2025-03-15T02:31:48.288Z] [INFO] Processing chapter: Ch181_Geriatric Abuse and Neglect
[2025-03-15T02:31:48.335Z] [ERROR] Error processing chapter Ch181_Geriatric Abuse and Neglect: duplicate key value violates unique constraint "chapters_chapter_number_key"
[2025-03-15T02:31:48.335Z] [INFO] Processing chapter: Ch182_The Immunocompromised Patient
[2025-03-15T02:31:48.382Z] [ERROR] Error processing chapter Ch182_The Immunocompromised Patient: duplicate key value violates unique constraint "chapters_chapter_number_key"
[2025-03-15T02:31:48.383Z] [INFO] Processing chapter: Ch183_The Solid Organ Transplant Patient
[2025-03-15T02:31:48.432Z] [ERROR] Error processing chapter Ch183_The Solid Organ Transplant Patient: duplicate key value violates unique constraint "chapters_chapter_number_key"
[2025-03-15T02:31:48.432Z] [INFO] Processing chapter: Ch184_The Morbidly Obese Patient
[2025-03-15T02:31:48.482Z] [ERROR] Error processing chapter Ch184_The Morbidly Obese Patient: duplicate key value violates unique constraint "chapters_chapter_number_key"
[2025-03-15T02:31:48.482Z] [INFO] Processing chapter: Ch185_The Combative and Difficult Patient
[2025-03-15T02:31:48.526Z] [ERROR] Error processing chapter Ch185_The Combative and Difficult Patient: duplicate key value violates unique constraint "chapters_chapter_number_key"
[2025-03-15T02:31:48.527Z] [INFO] Processing chapter: Ch18_Red and Painful Eye
[2025-03-15T02:31:48.578Z] [ERROR] Error processing chapter Ch18_Red and Painful Eye: duplicate key value violates unique constraint "chapters_chapter_number_key"
[2025-03-15T02:31:48.578Z] [INFO] Processing chapter: Ch19_Sore Throat
[2025-03-15T02:31:48.624Z] [ERROR] Error processing chapter Ch19_Sore Throat: duplicate key value violates unique constraint "chapters_chapter_number_key"
[2025-03-15T02:31:48.624Z] [INFO] Processing chapter: Ch20_Hemoptysis
[2025-03-15T02:31:48.667Z] [ERROR] Error processing chapter Ch20_Hemoptysis: duplicate key value violates unique constraint "chapters_chapter_number_key"
[2025-03-15T02:31:48.668Z] [INFO] Processing chapter: Ch21_Dyspnea
[2025-03-15T02:31:48.721Z] [ERROR] Error processing chapter Ch21_Dyspnea: duplicate key value violates unique constraint "chapters_chapter_number_key"
[2025-03-15T02:31:48.721Z] [INFO] Processing chapter: Ch22_Chest Pain
[2025-03-15T02:31:48.776Z] [ERROR] Error processing chapter Ch22_Chest Pain: duplicate key value violates unique constraint "chapters_chapter_number_key"
[2025-03-15T02:31:48.776Z] [INFO] Processing chapter: Ch23_Abdominal Pain
[2025-03-15T02:31:48.826Z] [ERROR] Error processing chapter Ch23_Abdominal Pain: duplicate key value violates unique constraint "chapters_chapter_number_key"
[2025-03-15T02:31:48.826Z] [INFO] Processing chapter: Ch24_Jaundice
[2025-03-15T02:31:48.870Z] [ERROR] Error processing chapter Ch24_Jaundice: duplicate key value violates unique constraint "chapters_chapter_number_key"
[2025-03-15T02:31:48.871Z] [INFO] Processing chapter: Ch25_Nausea and Vomiting
[2025-03-15T02:31:48.914Z] [ERROR] Error processing chapter Ch25_Nausea and Vomiting: duplicate key value violates unique constraint "chapters_chapter_number_key"
[2025-03-15T02:31:48.914Z] [INFO] Processing chapter: Ch26_Gastrointestinal Bleeding
[2025-03-15T02:31:48.964Z] [ERROR] Error processing chapter Ch26_Gastrointestinal Bleeding: duplicate key value violates unique constraint "chapters_chapter_number_key"
[2025-03-15T02:31:48.964Z] [INFO] Processing chapter: Ch27_Diarrhea
[2025-03-15T02:31:49.016Z] [ERROR] Error processing chapter Ch27_Diarrhea: duplicate key value violates unique constraint "chapters_chapter_number_key"
[2025-03-15T02:31:49.016Z] [INFO] Processing chapter: Ch28_Constipation
[2025-03-15T02:31:49.061Z] [ERROR] Error processing chapter Ch28_Constipation: duplicate key value violates unique constraint "chapters_chapter_number_key"
[2025-03-15T02:31:49.061Z] [INFO] Processing chapter: Ch29_Acute Pelvic Pain
[2025-03-15T02:31:49.106Z] [ERROR] Error processing chapter Ch29_Acute Pelvic Pain: duplicate key value violates unique constraint "chapters_chapter_number_key"
[2025-03-15T02:31:49.106Z] [INFO] Processing chapter: Ch30_Vaginal Bleeding
[2025-03-15T02:31:49.152Z] [ERROR] Error processing chapter Ch30_Vaginal Bleeding: duplicate key value violates unique constraint "chapters_chapter_number_key"
[2025-03-15T02:31:49.152Z] [INFO] Processing chapter: Ch31_Back Pain
[2025-03-15T02:31:49.205Z] [ERROR] Error processing chapter Ch31_Back Pain: duplicate key value violates unique constraint "chapters_chapter_number_key"
[2025-03-15T02:31:49.205Z] [INFO] Processing chapter: Ch32_Multiple Trauma
[2025-03-15T02:31:49.251Z] [ERROR] Error processing chapter Ch32_Multiple Trauma: duplicate key value violates unique constraint "chapters_chapter_number_key"
[2025-03-15T02:31:49.251Z] [INFO] Processing chapter: Ch33_Head Trauma
[2025-03-15T02:31:49.298Z] [ERROR] Error processing chapter Ch33_Head Trauma: duplicate key value violates unique constraint "chapters_chapter_number_key"
[2025-03-15T02:31:49.298Z] [INFO] Processing chapter: Ch34_Facial Trauma
[2025-03-15T02:31:49.347Z] [ERROR] Error processing chapter Ch34_Facial Trauma: duplicate key value violates unique constraint "chapters_chapter_number_key"
[2025-03-15T02:31:49.347Z] [INFO] Processing chapter: Ch35_Spinal Trauma
[2025-03-15T02:31:49.394Z] [ERROR] Error processing chapter Ch35_Spinal Trauma: duplicate key value violates unique constraint "chapters_chapter_number_key"
[2025-03-15T02:31:49.394Z] [INFO] Processing chapter: Ch36_Neck Trauma
[2025-03-15T02:31:49.440Z] [ERROR] Error processing chapter Ch36_Neck Trauma: duplicate key value violates unique constraint "chapters_chapter_number_key"
[2025-03-15T02:31:49.440Z] [INFO] Processing chapter: Ch37_Thoracic Trauma
[2025-03-15T02:31:49.488Z] [ERROR] Error processing chapter Ch37_Thoracic Trauma: duplicate key value violates unique constraint "chapters_chapter_number_key"
[2025-03-15T02:31:49.489Z] [INFO] Processing chapter: Ch38_Abdominal Trauma
[2025-03-15T02:31:49.533Z] [ERROR] Error processing chapter Ch38_Abdominal Trauma: duplicate key value violates unique constraint "chapters_chapter_number_key"
[2025-03-15T02:31:49.533Z] [INFO] Processing chapter: Ch39_Genitourinary Trauma
[2025-03-15T02:31:49.577Z] [ERROR] Error processing chapter Ch39_Genitourinary Trauma: duplicate key value violates unique constraint "chapters_chapter_number_key"
[2025-03-15T02:31:49.577Z] [INFO] Processing chapter: Ch40_Peripheral Vascular Trauma
[2025-03-15T02:31:49.621Z] [ERROR] Error processing chapter Ch40_Peripheral Vascular Trauma: duplicate key value violates unique constraint "chapters_chapter_number_key"
[2025-03-15T02:31:49.621Z] [INFO] Processing chapter: Ch41_General Principles of Orthopedic Injuries
[2025-03-15T02:31:49.666Z] [ERROR] Error processing chapter Ch41_General Principles of Orthopedic Injuries: duplicate key value violates unique constraint "chapters_chapter_number_key"
[2025-03-15T02:31:49.666Z] [INFO] Processing chapter: Ch42_Hand Injuries
[2025-03-15T02:31:49.722Z] [ERROR] Error processing chapter Ch42_Hand Injuries: duplicate key value violates unique constraint "chapters_chapter_number_key"
[2025-03-15T02:31:49.722Z] [INFO] Processing chapter: Ch43_Wrist and Forearm Injuries
[2025-03-15T02:31:49.766Z] [ERROR] Error processing chapter Ch43_Wrist and Forearm Injuries: duplicate key value violates unique constraint "chapters_chapter_number_key"
[2025-03-15T02:31:49.766Z] [INFO] Processing chapter: Ch44_Humerus and Elbow Injuries
[2025-03-15T02:31:49.809Z] [ERROR] Error processing chapter Ch44_Humerus and Elbow Injuries: duplicate key value violates unique constraint "chapters_chapter_number_key"
[2025-03-15T02:31:49.809Z] [INFO] Processing chapter: Ch45_Shoulder Injuries
[2025-03-15T02:31:49.856Z] [ERROR] Error processing chapter Ch45_Shoulder Injuries: duplicate key value violates unique constraint "chapters_chapter_number_key"
[2025-03-15T02:31:49.856Z] [INFO] Processing chapter: Ch46_Pelvic Injuries
[2025-03-15T02:31:49.901Z] [ERROR] Error processing chapter Ch46_Pelvic Injuries: duplicate key value violates unique constraint "chapters_chapter_number_key"
[2025-03-15T02:31:49.901Z] [INFO] Processing chapter: Ch47_Femur and Hip Injuries
[2025-03-15T02:31:49.946Z] [ERROR] Error processing chapter Ch47_Femur and Hip Injuries: duplicate key value violates unique constraint "chapters_chapter_number_key"
[2025-03-15T02:31:49.946Z] [INFO] Processing chapter: Ch48_Knee and Lower Leg Injuries
[2025-03-15T02:31:49.990Z] [ERROR] Error processing chapter Ch48_Knee and Lower Leg Injuries: duplicate key value violates unique constraint "chapters_chapter_number_key"
[2025-03-15T02:31:49.991Z] [INFO] Processing chapter: Ch49_Ankle and Foot Injuries
[2025-03-15T02:31:50.036Z] [ERROR] Error processing chapter Ch49_Ankle and Foot Injuries: duplicate key value violates unique constraint "chapters_chapter_number_key"
[2025-03-15T02:31:50.036Z] [INFO] Processing chapter: Ch50_Wound Management Principles
[2025-03-15T02:31:50.084Z] [ERROR] Error processing chapter Ch50_Wound Management Principles: duplicate key value violates unique constraint "chapters_chapter_number_key"
[2025-03-15T02:31:50.084Z] [INFO] Processing chapter: Ch51_Foreign Bodies
[2025-03-15T02:31:50.131Z] [ERROR] Error processing chapter Ch51_Foreign Bodies: duplicate key value violates unique constraint "chapters_chapter_number_key"
[2025-03-15T02:31:50.131Z] [INFO] Processing chapter: Ch52_Mammalian Bites
[2025-03-15T02:31:50.185Z] [ERROR] Error processing chapter Ch52_Mammalian Bites: duplicate key value violates unique constraint "chapters_chapter_number_key"
[2025-03-15T02:31:50.185Z] [INFO] Processing chapter: Ch53_Venomous Animal Injuries
[2025-03-15T02:31:50.230Z] [ERROR] Error processing chapter Ch53_Venomous Animal Injuries: duplicate key value violates unique constraint "chapters_chapter_number_key"
[2025-03-15T02:31:50.230Z] [INFO] Processing chapter: Ch54_Thermal Injuries
[2025-03-15T02:31:50.282Z] [ERROR] Error processing chapter Ch54_Thermal Injuries: duplicate key value violates unique constraint "chapters_chapter_number_key"
[2025-03-15T02:31:50.282Z] [INFO] Processing chapter: Ch55_Chemical Injuries
[2025-03-15T02:31:50.331Z] [ERROR] Error processing chapter Ch55_Chemical Injuries: duplicate key value violates unique constraint "chapters_chapter_number_key"
[2025-03-15T02:31:50.331Z] [INFO] Processing chapter: Ch56_Oral Medicine
[2025-03-15T02:31:50.380Z] [ERROR] Error processing chapter Ch56_Oral Medicine: duplicate key value violates unique constraint "chapters_chapter_number_key"
[2025-03-15T02:31:50.380Z] [INFO] Processing chapter: Ch57_Ophthalmology
[2025-03-15T02:31:50.428Z] [ERROR] Error processing chapter Ch57_Ophthalmology: duplicate key value violates unique constraint "chapters_chapter_number_key"
[2025-03-15T02:31:50.428Z] [INFO] Processing chapter: Ch58_Otolaryngology
[2025-03-15T02:31:50.474Z] [ERROR] Error processing chapter Ch58_Otolaryngology: duplicate key value violates unique constraint "chapters_chapter_number_key"
[2025-03-15T02:31:50.474Z] [INFO] Processing chapter: Ch59_Asthma
[2025-03-15T02:31:50.520Z] [ERROR] Error processing chapter Ch59_Asthma: duplicate key value violates unique constraint "chapters_chapter_number_key"
[2025-03-15T02:31:50.520Z] [INFO] Processing chapter: Ch60_Chronic Obstructive Pulmonary Disease
[2025-03-15T02:31:50.569Z] [ERROR] Error processing chapter Ch60_Chronic Obstructive Pulmonary Disease: duplicate key value violates unique constraint "chapters_chapter_number_key"
[2025-03-15T02:31:50.569Z] [INFO] Processing chapter: Ch61_Upper Respiratory Tract Infections
[2025-03-15T02:31:50.614Z] [ERROR] Error processing chapter Ch61_Upper Respiratory Tract Infections: duplicate key value violates unique constraint "chapters_chapter_number_key"
[2025-03-15T02:31:50.614Z] [INFO] Processing chapter: Ch62_Pneumonia
[2025-03-15T02:31:50.659Z] [ERROR] Error processing chapter Ch62_Pneumonia: duplicate key value violates unique constraint "chapters_chapter_number_key"
[2025-03-15T02:31:50.659Z] [INFO] Processing chapter: Ch63_Pleural Disease
[2025-03-15T02:31:50.707Z] [ERROR] Error processing chapter Ch63_Pleural Disease: duplicate key value violates unique constraint "chapters_chapter_number_key"
[2025-03-15T02:31:50.707Z] [INFO] Processing chapter: Ch64_Acute Coronary Syndromes
[2025-03-15T02:31:50.751Z] [ERROR] Error processing chapter Ch64_Acute Coronary Syndromes: duplicate key value violates unique constraint "chapters_chapter_number_key"
[2025-03-15T02:31:50.751Z] [INFO] Processing chapter: Ch65_Dysrhythmias
[2025-03-15T02:31:50.799Z] [ERROR] Error processing chapter Ch65_Dysrhythmias: duplicate key value violates unique constraint "chapters_chapter_number_key"
[2025-03-15T02:31:50.799Z] [INFO] Processing chapter: Ch66_Implantable Cardiac Devices
[2025-03-15T02:31:50.845Z] [ERROR] Error processing chapter Ch66_Implantable Cardiac Devices: duplicate key value violates unique constraint "chapters_chapter_number_key"
[2025-03-15T02:31:50.845Z] [INFO] Processing chapter: Ch67_Heart Failure
[2025-03-15T02:31:50.890Z] [ERROR] Error processing chapter Ch67_Heart Failure: duplicate key value violates unique constraint "chapters_chapter_number_key"
[2025-03-15T02:31:50.890Z] [INFO] Processing chapter: Ch68_Pericardial and Myocardial Disease
[2025-03-15T02:31:50.937Z] [ERROR] Error processing chapter Ch68_Pericardial and Myocardial Disease: duplicate key value violates unique constraint "chapters_chapter_number_key"
[2025-03-15T02:31:50.937Z] [INFO] Processing chapter: Ch69_Infective Endocarditis and Valvular Heart Disease
[2025-03-15T02:31:50.980Z] [ERROR] Error processing chapter Ch69_Infective Endocarditis and Valvular Heart Disease: duplicate key value violates unique constraint "chapters_chapter_number_key"
[2025-03-15T02:31:50.981Z] [INFO] Processing chapter: Ch70_Hypertension
[2025-03-15T02:31:51.025Z] [ERROR] Error processing chapter Ch70_Hypertension: duplicate key value violates unique constraint "chapters_chapter_number_key"
[2025-03-15T02:31:51.025Z] [INFO] Processing chapter: Ch71_Aortic Dissection
[2025-03-15T02:31:51.070Z] [ERROR] Error processing chapter Ch71_Aortic Dissection: duplicate key value violates unique constraint "chapters_chapter_number_key"
[2025-03-15T02:31:51.070Z] [INFO] Processing chapter: Ch72_Abdominal Aortic Aneurysm
[2025-03-15T02:31:51.116Z] [ERROR] Error processing chapter Ch72_Abdominal Aortic Aneurysm: duplicate key value violates unique constraint "chapters_chapter_number_key"
[2025-03-15T02:31:51.116Z] [INFO] Processing chapter: Ch73_Peripheral Arteriovascular Disease
[2025-03-15T02:31:51.161Z] [ERROR] Error processing chapter Ch73_Peripheral Arteriovascular Disease: duplicate key value violates unique constraint "chapters_chapter_number_key"
[2025-03-15T02:31:51.161Z] [INFO] Processing chapter: Ch74_Pulmonary Embolism and Deep Vein Thrombosis
[2025-03-15T02:31:51.214Z] [ERROR] Error processing chapter Ch74_Pulmonary Embolism and Deep Vein Thrombosis: duplicate key value violates unique constraint "chapters_chapter_number_key"
[2025-03-15T02:31:51.214Z] [INFO] Processing chapter: Ch75_Esophagus, Stomach, and Duodenum
[2025-03-15T02:31:51.275Z] [ERROR] Error processing chapter Ch75_Esophagus, Stomach, and Duodenum: duplicate key value violates unique constraint "chapters_chapter_number_key"
[2025-03-15T02:31:51.275Z] [INFO] Processing chapter: Ch76_Liver and Biliary Tract Disorders
[2025-03-15T02:31:51.321Z] [ERROR] Error processing chapter Ch76_Liver and Biliary Tract Disorders: duplicate key value violates unique constraint "chapters_chapter_number_key"
[2025-03-15T02:31:51.321Z] [INFO] Processing chapter: Ch77_Pancreas
[2025-03-15T02:31:51.366Z] [ERROR] Error processing chapter Ch77_Pancreas: duplicate key value violates unique constraint "chapters_chapter_number_key"
[2025-03-15T02:31:51.366Z] [INFO] Processing chapter: Ch78_Small Intestine
[2025-03-15T02:31:51.410Z] [ERROR] Error processing chapter Ch78_Small Intestine: duplicate key value violates unique constraint "chapters_chapter_number_key"
[2025-03-15T02:31:51.410Z] [INFO] Processing chapter: Ch79_Acute Appendicitis
[2025-03-15T02:31:51.455Z] [ERROR] Error processing chapter Ch79_Acute Appendicitis: duplicate key value violates unique constraint "chapters_chapter_number_key"
[2025-03-15T02:31:51.455Z] [INFO] Processing chapter: Ch80_Gastroenteritis
[2025-03-15T02:31:51.500Z] [ERROR] Error processing chapter Ch80_Gastroenteritis: duplicate key value violates unique constraint "chapters_chapter_number_key"
[2025-03-15T02:31:51.500Z] [INFO] Processing chapter: Ch81_Large Intestine
[2025-03-15T02:31:51.545Z] [ERROR] Error processing chapter Ch81_Large Intestine: duplicate key value violates unique constraint "chapters_chapter_number_key"
[2025-03-15T02:31:51.546Z] [INFO] Processing chapter: Ch82_Anorectum
[2025-03-15T02:31:51.591Z] [ERROR] Error processing chapter Ch82_Anorectum: duplicate key value violates unique constraint "chapters_chapter_number_key"
[2025-03-15T02:31:51.591Z] [INFO] Processing chapter: Ch83_Renal Failure
[2025-03-15T02:31:51.638Z] [ERROR] Error processing chapter Ch83_Renal Failure: duplicate key value violates unique constraint "chapters_chapter_number_key"
[2025-03-15T02:31:51.638Z] [INFO] Processing chapter: Ch84_Sexually Transmitted Infections
[2025-03-15T02:31:51.684Z] [ERROR] Error processing chapter Ch84_Sexually Transmitted Infections: duplicate key value violates unique constraint "chapters_chapter_number_key"
[2025-03-15T02:31:51.685Z] [INFO] Processing chapter: Ch85_Urologic Disorders
[2025-03-15T02:31:51.736Z] [ERROR] Error processing chapter Ch85_Urologic Disorders: duplicate key value violates unique constraint "chapters_chapter_number_key"
[2025-03-15T02:31:51.736Z] [INFO] Processing chapter: Ch86_Gynecologic Disorders
[2025-03-15T02:31:51.780Z] [ERROR] Error processing chapter Ch86_Gynecologic Disorders: duplicate key value violates unique constraint "chapters_chapter_number_key"
[2025-03-15T02:31:51.780Z] [INFO] Processing chapter: Ch87_Stroke
[2025-03-15T02:31:51.823Z] [ERROR] Error processing chapter Ch87_Stroke: duplicate key value violates unique constraint "chapters_chapter_number_key"
[2025-03-15T02:31:51.823Z] [INFO] Processing chapter: Ch88_Seizure
[2025-03-15T02:31:51.865Z] [ERROR] Error processing chapter Ch88_Seizure: duplicate key value violates unique constraint "chapters_chapter_number_key"
[2025-03-15T02:31:51.865Z] [INFO] Processing chapter: Ch89_Headache Disorders
[2025-03-15T02:31:51.910Z] [ERROR] Error processing chapter Ch89_Headache Disorders: duplicate key value violates unique constraint "chapters_chapter_number_key"
[2025-03-15T02:31:51.910Z] [INFO] Processing chapter: Ch8_Fever in the Adult Patient
[2025-03-15T02:31:51.955Z] [ERROR] Error processing chapter Ch8_Fever in the Adult Patient: duplicate key value violates unique constraint "chapters_chapter_number_key"
[2025-03-15T02:31:51.955Z] [INFO] Processing chapter: Ch90_Delirium and Dementia
[2025-03-15T02:31:51.998Z] [ERROR] Error processing chapter Ch90_Delirium and Dementia: duplicate key value violates unique constraint "chapters_chapter_number_key"
[2025-03-15T02:31:51.998Z] [INFO] Processing chapter: Ch91_Brain and Cranial Nerve Disorders
[2025-03-15T02:31:52.040Z] [ERROR] Error processing chapter Ch91_Brain and Cranial Nerve Disorders: duplicate key value violates unique constraint "chapters_chapter_number_key"
[2025-03-15T02:31:52.041Z] [INFO] Processing chapter: Ch92_Spinal Cord Disorders
[2025-03-15T02:31:52.090Z] [ERROR] Error processing chapter Ch92_Spinal Cord Disorders: duplicate key value violates unique constraint "chapters_chapter_number_key"
[2025-03-15T02:31:52.090Z] [INFO] Processing chapter: Ch93_Peripheral Nerve Disorders
[2025-03-15T02:31:52.135Z] [ERROR] Error processing chapter Ch93_Peripheral Nerve Disorders: duplicate key value violates unique constraint "chapters_chapter_number_key"
[2025-03-15T02:31:52.136Z] [INFO] Processing chapter: Ch94_Neuromuscular Disorders
[2025-03-15T02:31:52.180Z] [ERROR] Error processing chapter Ch94_Neuromuscular Disorders: duplicate key value violates unique constraint "chapters_chapter_number_key"
[2025-03-15T02:31:52.180Z] [INFO] Processing chapter: Ch95_Central Nervous System Infections
[2025-03-15T02:31:52.231Z] [ERROR] Error processing chapter Ch95_Central Nervous System Infections: duplicate key value violates unique constraint "chapters_chapter_number_key"
[2025-03-15T02:31:52.231Z] [INFO] Processing chapter: Ch96_Thought Disorders
[2025-03-15T02:31:52.275Z] [ERROR] Error processing chapter Ch96_Thought Disorders: duplicate key value violates unique constraint "chapters_chapter_number_key"
[2025-03-15T02:31:52.275Z] [INFO] Processing chapter: Ch97_Mood Disorders
[2025-03-15T02:31:52.330Z] [ERROR] Error processing chapter Ch97_Mood Disorders: duplicate key value violates unique constraint "chapters_chapter_number_key"
[2025-03-15T02:31:52.330Z] [INFO] Processing chapter: Ch98_Anxiety Disorders
[2025-03-15T02:31:52.374Z] [ERROR] Error processing chapter Ch98_Anxiety Disorders: duplicate key value violates unique constraint "chapters_chapter_number_key"
[2025-03-15T02:31:52.374Z] [INFO] Processing chapter: Ch99_Somatic Symptoms and Related Disorders
[2025-03-15T02:31:52.417Z] [ERROR] Error processing chapter Ch99_Somatic Symptoms and Related Disorders: duplicate key value violates unique constraint "chapters_chapter_number_key"
[2025-03-15T02:31:52.417Z] [INFO] Processing chapter: Ch9_Weakness
[2025-03-15T02:31:52.464Z] [ERROR] Error processing chapter Ch9_Weakness: duplicate key value violates unique constraint "chapters_chapter_number_key"
[2025-03-15T02:31:52.464Z] [INFO] Migration completed: 1 chapters processed successfully, 177 chapters had errors
