[2025-03-15T03:04:02.786Z] [INFO] Starting migration...
[2025-03-15T03:04:02.787Z] [INFO] Inserting categories...
[2025-03-15T03:04:02.879Z] [INFO] All categories already exist, skipping insertion
[2025-03-15T03:04:02.879Z] [INFO] Found 1 chapter directories to process
[2025-03-15T03:04:02.879Z] [INFO] Processing chapter: Ch11_Syncope
[2025-03-15T03:04:02.928Z] [INFO] Inserted/updated chapter: Syncope (ID: 370)
[2025-03-15T03:04:02.978Z] [INFO] Processing file: alarm-features.md
[2025-03-15T03:04:03.033Z] [INFO] Inserted/updated section: # 2. Alarm Features (ID: 1965)
[2025-03-15T03:04:03.085Z] [INFO] Inserted/updated section: High-Risk Features (ID: 1966)
[2025-03-15T03:04:03.085Z] [INFO] Inserting 8 checklist items for section 1966
[2025-03-15T03:04:03.135Z] [INFO] Successfully inserted 8 checklist items
[2025-03-15T03:04:03.182Z] [INFO] Inserted/updated section: Critical Diagnoses To Consider (ID: 1967)
[2025-03-15T03:04:03.183Z] [INFO] Inserting 13 checklist items for section 1967
[2025-03-15T03:04:03.228Z] [INFO] Successfully inserted 13 checklist items
[2025-03-15T03:04:03.280Z] [INFO] Inserted/updated section: Emergent Diagnostic Factors (ID: 1968)
[2025-03-15T03:04:03.280Z] [INFO] Inserting 11 checklist items for section 1968
[2025-03-15T03:04:03.331Z] [INFO] Successfully inserted 11 checklist items
[2025-03-15T03:04:03.377Z] [INFO] Inserted/updated section: Concerning Cardiac Symptoms (ID: 1969)
[2025-03-15T03:04:03.377Z] [INFO] Inserting 4 checklist items for section 1969
[2025-03-15T03:04:03.425Z] [INFO] Successfully inserted 4 checklist items
[2025-03-15T03:04:03.479Z] [INFO] Inserted/updated section: Concerning Neurological Symptoms (ID: 1970)
[2025-03-15T03:04:03.479Z] [INFO] Inserting 4 checklist items for section 1970
[2025-03-15T03:04:03.532Z] [INFO] Successfully inserted 4 checklist items
[2025-03-15T03:04:03.579Z] [INFO] Inserted/updated section: Concerning Abdominal/GI Symptoms (ID: 1971)
[2025-03-15T03:04:03.580Z] [INFO] Inserting 3 checklist items for section 1971
[2025-03-15T03:04:03.626Z] [INFO] Successfully inserted 3 checklist items
[2025-03-15T03:04:03.626Z] [INFO] Completed processing file: alarm-features.md
[2025-03-15T03:04:03.626Z] [INFO] Processing file: assessment.md
[2025-03-15T03:04:03.671Z] [INFO] Inserted/updated section: # 15. Assessment (ID: 1972)
[2025-03-15T03:04:03.721Z] [INFO] Inserted/updated section: Syncope Classification (ID: 1973)
[2025-03-15T03:04:03.721Z] [INFO] Inserting 17 checklist items for section 1973
[2025-03-15T03:04:03.824Z] [ERROR] Error processing section Syncope Classification: null value in column "display_order" of relation "checklist_items" violates not-null constraint
[2025-03-15T03:04:03.871Z] [INFO] Inserted/updated section: Diagnostic Certainty (ID: 1974)
[2025-03-15T03:04:03.871Z] [INFO] Inserting 5 checklist items for section 1974
[2025-03-15T03:04:03.922Z] [INFO] Successfully inserted 5 checklist items
[2025-03-15T03:04:03.972Z] [INFO] Inserted/updated section: Risk Stratification (ID: 1975)
[2025-03-15T03:04:03.972Z] [INFO] Inserting 4 checklist items for section 1975
[2025-03-15T03:04:04.021Z] [INFO] Successfully inserted 4 checklist items
[2025-03-15T03:04:04.067Z] [INFO] Inserted/updated section: Canadian Syncope Risk Score Calculation (ID: 1976)
[2025-03-15T03:04:04.067Z] [INFO] Inserting 10 checklist items for section 1976
[2025-03-15T03:04:04.116Z] [INFO] Successfully inserted 10 checklist items
[2025-03-15T03:04:04.167Z] [INFO] Inserted/updated section: FAINT Score Calculation (ID: 1977)
[2025-03-15T03:04:04.167Z] [INFO] Inserting 6 checklist items for section 1977
[2025-03-15T03:04:04.216Z] [INFO] Successfully inserted 6 checklist items
[2025-03-15T03:04:04.265Z] [INFO] Inserted/updated section: San Francisco Syncope Rule Assessment (ID: 1978)
[2025-03-15T03:04:04.265Z] [INFO] Inserting 7 checklist items for section 1978
[2025-03-15T03:04:04.312Z] [INFO] Successfully inserted 7 checklist items
[2025-03-15T03:04:04.360Z] [INFO] Inserted/updated section: Clinical Impression (ID: 1979)
[2025-03-15T03:04:04.360Z] [INFO] Inserting 4 checklist items for section 1979
[2025-03-15T03:04:04.406Z] [INFO] Successfully inserted 4 checklist items
[2025-03-15T03:04:04.452Z] [INFO] Inserted/updated section: Degree of Functional Impairment (ID: 1980)
[2025-03-15T03:04:04.452Z] [INFO] Inserting 4 checklist items for section 1980
[2025-03-15T03:04:04.499Z] [INFO] Successfully inserted 4 checklist items
[2025-03-15T03:04:04.547Z] [INFO] Inserted/updated section: Injury Assessment (ID: 1981)
[2025-03-15T03:04:04.548Z] [INFO] Inserting 4 checklist items for section 1981
[2025-03-15T03:04:04.592Z] [INFO] Successfully inserted 4 checklist items
[2025-03-15T03:04:04.592Z] [INFO] Completed processing file: assessment.md
[2025-03-15T03:04:04.593Z] [INFO] Processing file: collateral-history.md
[2025-03-15T03:04:04.638Z] [INFO] Inserted/updated section: # 6. Collateral History (ID: 1982)
[2025-03-15T03:04:04.684Z] [INFO] Inserted/updated section: Witness Account (ID: 1983)
[2025-03-15T03:04:04.684Z] [INFO] Inserting 4 checklist items for section 1983
[2025-03-15T03:04:04.731Z] [INFO] Successfully inserted 4 checklist items
[2025-03-15T03:04:04.783Z] [INFO] Inserted/updated section: Description of Episode (From Observer) (ID: 1984)
[2025-03-15T03:04:04.784Z] [INFO] Inserting 5 checklist items for section 1984
[2025-03-15T03:04:04.834Z] [INFO] Successfully inserted 5 checklist items
[2025-03-15T03:04:04.879Z] [INFO] Inserted/updated section: Pre-Episode Observations (ID: 1985)
[2025-03-15T03:04:04.879Z] [INFO] Inserting 5 checklist items for section 1985
[2025-03-15T03:04:04.929Z] [INFO] Successfully inserted 5 checklist items
[2025-03-15T03:04:04.974Z] [INFO] Inserted/updated section: Episode Characteristics (ID: 1986)
[2025-03-15T03:04:04.975Z] [INFO] Inserting 8 checklist items for section 1986
[2025-03-15T03:04:05.020Z] [INFO] Successfully inserted 8 checklist items
[2025-03-15T03:04:05.070Z] [INFO] Inserted/updated section: Movement During Episode (ID: 1987)
[2025-03-15T03:04:05.070Z] [INFO] Inserting 9 checklist items for section 1987
[2025-03-15T03:04:05.117Z] [INFO] Successfully inserted 9 checklist items
[2025-03-15T03:04:05.166Z] [INFO] Inserted/updated section: Autonomic Features (ID: 1988)
[2025-03-15T03:04:05.166Z] [INFO] Inserting 4 checklist items for section 1988
[2025-03-15T03:04:05.211Z] [INFO] Successfully inserted 4 checklist items
[2025-03-15T03:04:05.256Z] [INFO] Inserted/updated section: Recovery Characteristics (ID: 1989)
[2025-03-15T03:04:05.256Z] [INFO] Inserting 11 checklist items for section 1989
[2025-03-15T03:04:05.302Z] [INFO] Successfully inserted 11 checklist items
[2025-03-15T03:04:05.347Z] [INFO] Inserted/updated section: EMS/First Responder Report (ID: 1990)
[2025-03-15T03:04:05.347Z] [INFO] Inserting 4 checklist items for section 1990
[2025-03-15T03:04:05.395Z] [INFO] Successfully inserted 4 checklist items
[2025-03-15T03:04:05.396Z] [INFO] Completed processing file: collateral-history.md
[2025-03-15T03:04:05.396Z] [INFO] Processing file: diet.md
[2025-03-15T03:04:05.439Z] [INFO] Inserted/updated section: # 4. Diet (ID: 1991)
[2025-03-15T03:04:05.492Z] [INFO] Inserted/updated section: Oral Intake (ID: 1992)
[2025-03-15T03:04:05.492Z] [INFO] Inserting 5 checklist items for section 1992
[2025-03-15T03:04:05.547Z] [INFO] Successfully inserted 5 checklist items
[2025-03-15T03:04:05.593Z] [INFO] Inserted/updated section: Dietary Triggers (ID: 1993)
[2025-03-15T03:04:05.593Z] [INFO] Inserting 4 checklist items for section 1993
[2025-03-15T03:04:05.643Z] [INFO] Successfully inserted 4 checklist items
[2025-03-15T03:04:05.688Z] [INFO] Inserted/updated section: Specialized Diets (ID: 1994)
[2025-03-15T03:04:05.688Z] [INFO] Inserting 5 checklist items for section 1994
[2025-03-15T03:04:05.735Z] [INFO] Successfully inserted 5 checklist items
[2025-03-15T03:04:05.783Z] [INFO] Inserted/updated section: Hydration Status (ID: 1995)
[2025-03-15T03:04:05.783Z] [INFO] Inserting 4 checklist items for section 1995
[2025-03-15T03:04:05.837Z] [INFO] Successfully inserted 4 checklist items
[2025-03-15T03:04:05.887Z] [INFO] Inserted/updated section: Recent Dietary Changes (ID: 1996)
[2025-03-15T03:04:05.887Z] [INFO] Inserting 7 checklist items for section 1996
[2025-03-15T03:04:05.939Z] [INFO] Successfully inserted 7 checklist items
[2025-03-15T03:04:05.986Z] [INFO] Inserted/updated section: Dietary Supplements (ID: 1997)
[2025-03-15T03:04:05.987Z] [INFO] Inserting 6 checklist items for section 1997
[2025-03-15T03:04:06.035Z] [INFO] Successfully inserted 6 checklist items
[2025-03-15T03:04:06.080Z] [INFO] Inserted/updated section: Appetite (ID: 1998)
[2025-03-15T03:04:06.080Z] [INFO] Inserting 4 checklist items for section 1998
[2025-03-15T03:04:06.127Z] [INFO] Successfully inserted 4 checklist items
[2025-03-15T03:04:06.127Z] [INFO] Completed processing file: diet.md
[2025-03-15T03:04:06.127Z] [INFO] Processing file: differential-diagnosis.md
[2025-03-15T03:04:06.173Z] [INFO] Inserted/updated section: # 8. Differential Diagnosis (ID: 1999)
[2025-03-15T03:04:06.223Z] [INFO] Inserted/updated section: Reflex (Neurally Mediated) Syncope (ID: 2000)
[2025-03-15T03:04:06.224Z] [INFO] Inserting 12 checklist items for section 2000
[2025-03-15T03:04:06.322Z] [ERROR] Error processing section Reflex (Neurally Mediated) Syncope: null value in column "display_order" of relation "checklist_items" violates not-null constraint
[2025-03-15T03:04:06.374Z] [INFO] Inserted/updated section: Orthostatic Syncope (ID: 2001)
[2025-03-15T03:04:06.374Z] [INFO] Inserting 7 checklist items for section 2001
[2025-03-15T03:04:06.479Z] [ERROR] Error processing section Orthostatic Syncope: null value in column "display_order" of relation "checklist_items" violates not-null constraint
[2025-03-15T03:04:06.527Z] [INFO] Inserted/updated section: Cardiac Syncope (ID: 2002)
[2025-03-15T03:04:06.527Z] [INFO] Inserting 31 checklist items for section 2002
[2025-03-15T03:04:06.626Z] [ERROR] Error processing section Cardiac Syncope: null value in column "display_order" of relation "checklist_items" violates not-null constraint
[2025-03-15T03:04:06.671Z] [INFO] Inserted/updated section: Cerebrovascular Causes (ID: 2003)
[2025-03-15T03:04:06.672Z] [INFO] Inserting 5 checklist items for section 2003
[2025-03-15T03:04:06.717Z] [INFO] Successfully inserted 5 checklist items
[2025-03-15T03:04:06.763Z] [INFO] Inserted/updated section: Metabolic/Toxic Causes (ID: 2004)
[2025-03-15T03:04:06.764Z] [INFO] Inserting 6 checklist items for section 2004
[2025-03-15T03:04:06.822Z] [INFO] Successfully inserted 6 checklist items
[2025-03-15T03:04:06.873Z] [INFO] Inserted/updated section: Other Medical Causes (ID: 2005)
[2025-03-15T03:04:06.873Z] [INFO] Inserting 6 checklist items for section 2005
[2025-03-15T03:04:06.917Z] [INFO] Successfully inserted 6 checklist items
[2025-03-15T03:04:06.961Z] [INFO] Inserted/updated section: Syncope Mimics (ID: 2006)
[2025-03-15T03:04:06.961Z] [INFO] Inserting 8 checklist items for section 2006
[2025-03-15T03:04:07.009Z] [INFO] Successfully inserted 8 checklist items
[2025-03-15T03:04:07.009Z] [INFO] Completed processing file: differential-diagnosis.md
[2025-03-15T03:04:07.009Z] [INFO] Processing file: disposition.md
[2025-03-15T03:04:07.053Z] [INFO] Inserted/updated section: # 17. Disposition (ID: 2007)
[2025-03-15T03:04:07.108Z] [INFO] Inserted/updated section: Primary Disposition Decision (ID: 2008)
[2025-03-15T03:04:07.108Z] [INFO] Inserting 8 checklist items for section 2008
[2025-03-15T03:04:07.197Z] [ERROR] Error processing section Primary Disposition Decision: null value in column "display_order" of relation "checklist_items" violates not-null constraint
[2025-03-15T03:04:07.260Z] [INFO] Inserted/updated section: Disposition Rationale (ID: 2009)
[2025-03-15T03:04:07.260Z] [INFO] Inserting 7 checklist items for section 2009
[2025-03-15T03:04:07.332Z] [INFO] Successfully inserted 7 checklist items
[2025-03-15T03:04:07.376Z] [INFO] Inserted/updated section: Discharge Considerations (ID: 2010)
[2025-03-15T03:04:07.376Z] [INFO] Inserting 7 checklist items for section 2010
[2025-03-15T03:04:07.428Z] [INFO] Successfully inserted 7 checklist items
[2025-03-15T03:04:07.476Z] [INFO] Inserted/updated section: Observation Unit Considerations (ID: 2011)
[2025-03-15T03:04:07.476Z] [INFO] Inserting 7 checklist items for section 2011
[2025-03-15T03:04:07.522Z] [INFO] Successfully inserted 7 checklist items
[2025-03-15T03:04:07.573Z] [INFO] Inserted/updated section: Hospital Admission Considerations (ID: 2012)
[2025-03-15T03:04:07.573Z] [INFO] Inserting 8 checklist items for section 2012
[2025-03-15T03:04:07.626Z] [INFO] Successfully inserted 8 checklist items
[2025-03-15T03:04:07.683Z] [INFO] Inserted/updated section: Telemetry Monitoring Indications (ID: 2013)
[2025-03-15T03:04:07.683Z] [INFO] Inserting 6 checklist items for section 2013
[2025-03-15T03:04:07.734Z] [INFO] Successfully inserted 6 checklist items
[2025-03-15T03:04:07.790Z] [INFO] Inserted/updated section: Intensive Care Unit Indications (ID: 2014)
[2025-03-15T03:04:07.790Z] [INFO] Inserting 7 checklist items for section 2014
[2025-03-15T03:04:07.840Z] [INFO] Successfully inserted 7 checklist items
[2025-03-15T03:04:07.885Z] [INFO] Inserted/updated section: Transfer Considerations (ID: 2015)
[2025-03-15T03:04:07.885Z] [INFO] Inserting 6 checklist items for section 2015
[2025-03-15T03:04:07.936Z] [INFO] Successfully inserted 6 checklist items
[2025-03-15T03:04:07.936Z] [INFO] Completed processing file: disposition.md
[2025-03-15T03:04:07.936Z] [INFO] Processing file: ecg.md
[2025-03-15T03:04:07.992Z] [INFO] Inserted/updated section: # 14. ECG (ID: 2016)
[2025-03-15T03:04:08.056Z] [INFO] Inserted/updated section: Basic ECG Parameters (ID: 2017)
[2025-03-15T03:04:08.056Z] [INFO] Inserting 7 checklist items for section 2017
[2025-03-15T03:04:08.113Z] [INFO] Successfully inserted 7 checklist items
[2025-03-15T03:04:08.165Z] [INFO] Inserted/updated section: Rhythm (ID: 2018)
[2025-03-15T03:04:08.165Z] [INFO] Inserting 9 checklist items for section 2018
[2025-03-15T03:04:08.217Z] [INFO] Successfully inserted 9 checklist items
[2025-03-15T03:04:08.262Z] [INFO] Inserted/updated section: Conduction Abnormalities (ID: 2019)
[2025-03-15T03:04:08.262Z] [INFO] Inserting 11 checklist items for section 2019
[2025-03-15T03:04:08.307Z] [INFO] Successfully inserted 11 checklist items
[2025-03-15T03:04:08.362Z] [INFO] Inserted/updated section: Tachyarrhythmias (ID: 2020)
[2025-03-15T03:04:08.362Z] [INFO] Inserting 7 checklist items for section 2020
[2025-03-15T03:04:08.412Z] [INFO] Successfully inserted 7 checklist items
[2025-03-15T03:04:08.459Z] [INFO] Inserted/updated section: Ischemia/Infarction (ID: 2021)
[2025-03-15T03:04:08.459Z] [INFO] Inserting 6 checklist items for section 2021
[2025-03-15T03:04:08.511Z] [INFO] Successfully inserted 6 checklist items
[2025-03-15T03:04:08.559Z] [INFO] Inserted/updated section: Other ECG Findings (ID: 2022)
[2025-03-15T03:04:08.559Z] [INFO] Inserting 14 checklist items for section 2022
[2025-03-15T03:04:08.619Z] [INFO] Successfully inserted 14 checklist items
[2025-03-15T03:04:08.666Z] [INFO] Inserted/updated section: Serial ECG Changes (ID: 2023)
[2025-03-15T03:04:08.666Z] [INFO] Inserting 4 checklist items for section 2023
[2025-03-15T03:04:08.716Z] [INFO] Successfully inserted 4 checklist items
[2025-03-15T03:04:08.766Z] [INFO] Inserted/updated section: Cardiac Monitor Findings (if available) (ID: 2024)
[2025-03-15T03:04:08.766Z] [INFO] Inserting 2 checklist items for section 2024
[2025-03-15T03:04:08.813Z] [INFO] Successfully inserted 2 checklist items
[2025-03-15T03:04:08.813Z] [INFO] Completed processing file: ecg.md
[2025-03-15T03:04:08.814Z] [INFO] Processing file: history.md
[2025-03-15T03:04:08.867Z] [INFO] Inserted/updated section: # 1. History (ID: 2025)
[2025-03-15T03:04:08.926Z] [INFO] Inserted/updated section: Chief Complaint (ID: 2026)
[2025-03-15T03:04:08.927Z] [INFO] Inserting 3 checklist items for section 2026
[2025-03-15T03:04:08.980Z] [INFO] Successfully inserted 3 checklist items
[2025-03-15T03:04:09.024Z] [INFO] Inserted/updated section: Episode Details (ID: 2027)
[2025-03-15T03:04:09.024Z] [INFO] Inserting 4 checklist items for section 2027
[2025-03-15T03:04:09.083Z] [INFO] Successfully inserted 4 checklist items
[2025-03-15T03:04:09.127Z] [INFO] Inserted/updated section: Position During Episode (ID: 2028)
[2025-03-15T03:04:09.127Z] [INFO] Inserting 4 checklist items for section 2028
[2025-03-15T03:04:09.175Z] [INFO] Successfully inserted 4 checklist items
[2025-03-15T03:04:09.229Z] [INFO] Inserted/updated section: Activity During Episode (ID: 2029)
[2025-03-15T03:04:09.229Z] [INFO] Inserting 5 checklist items for section 2029
[2025-03-15T03:04:09.280Z] [INFO] Successfully inserted 5 checklist items
[2025-03-15T03:04:09.329Z] [INFO] Inserted/updated section: Setting (ID: 2030)
[2025-03-15T03:04:09.329Z] [INFO] Inserting 11 checklist items for section 2030
[2025-03-15T03:04:09.376Z] [INFO] Successfully inserted 11 checklist items
[2025-03-15T03:04:09.431Z] [INFO] Inserted/updated section: Precipitating Factors (ID: 2031)
[2025-03-15T03:04:09.431Z] [INFO] Inserting 12 checklist items for section 2031
[2025-03-15T03:04:09.477Z] [INFO] Successfully inserted 12 checklist items
[2025-03-15T03:04:09.531Z] [INFO] Inserted/updated section: Associated Prodromal Symptoms (ID: 2032)
[2025-03-15T03:04:09.532Z] [INFO] Inserting 10 checklist items for section 2032
[2025-03-15T03:04:09.592Z] [INFO] Successfully inserted 10 checklist items
[2025-03-15T03:04:09.638Z] [INFO] Inserted/updated section: Associated Symptoms During/After Episode (ID: 2033)
[2025-03-15T03:04:09.639Z] [INFO] Inserting 13 checklist items for section 2033
[2025-03-15T03:04:09.684Z] [INFO] Successfully inserted 13 checklist items
[2025-03-15T03:04:09.734Z] [INFO] Inserted/updated section: Post-Episode Status (ID: 2034)
[2025-03-15T03:04:09.734Z] [INFO] Inserting 6 checklist items for section 2034
[2025-03-15T03:04:09.781Z] [INFO] Successfully inserted 6 checklist items
[2025-03-15T03:04:09.781Z] [INFO] Completed processing file: history.md
[2025-03-15T03:04:09.781Z] [INFO] Processing file: imaging.md
[2025-03-15T03:04:09.829Z] [INFO] Inserted/updated section: # 12. Imaging (ID: 2035)
[2025-03-15T03:04:09.875Z] [INFO] Inserted/updated section: Chest X-ray (ID: 2036)
[2025-03-15T03:04:09.875Z] [INFO] Inserting 11 checklist items for section 2036
[2025-03-15T03:04:09.922Z] [INFO] Successfully inserted 11 checklist items
[2025-03-15T03:04:09.969Z] [INFO] Inserted/updated section: Head CT (ID: 2037)
[2025-03-15T03:04:09.969Z] [INFO] Inserting 9 checklist items for section 2037
[2025-03-15T03:04:10.017Z] [INFO] Successfully inserted 9 checklist items
[2025-03-15T03:04:10.072Z] [INFO] Inserted/updated section: CT Pulmonary Angiogram (ID: 2038)
[2025-03-15T03:04:10.072Z] [INFO] Inserting 10 checklist items for section 2038
[2025-03-15T03:04:10.178Z] [ERROR] Error processing section CT Pulmonary Angiogram: null value in column "display_order" of relation "checklist_items" violates not-null constraint
[2025-03-15T03:04:10.224Z] [INFO] Inserted/updated section: CT Abdomen/Pelvis (ID: 2039)
[2025-03-15T03:04:10.224Z] [INFO] Inserting 9 checklist items for section 2039
[2025-03-15T03:04:10.279Z] [INFO] Successfully inserted 9 checklist items
[2025-03-15T03:04:10.342Z] [INFO] Inserted/updated section: CT Angiogram of Chest (ID: 2040)
[2025-03-15T03:04:10.342Z] [INFO] Inserting 6 checklist items for section 2040
[2025-03-15T03:04:10.391Z] [INFO] Successfully inserted 6 checklist items
[2025-03-15T03:04:10.439Z] [INFO] Inserted/updated section: MRI Brain (ID: 2041)
[2025-03-15T03:04:10.439Z] [INFO] Inserting 8 checklist items for section 2041
[2025-03-15T03:04:10.485Z] [INFO] Successfully inserted 8 checklist items
[2025-03-15T03:04:10.531Z] [INFO] Inserted/updated section: MR Angiography (ID: 2042)
[2025-03-15T03:04:10.531Z] [INFO] Inserting 8 checklist items for section 2042
[2025-03-15T03:04:10.580Z] [INFO] Successfully inserted 8 checklist items
[2025-03-15T03:04:10.626Z] [INFO] Inserted/updated section: Carotid Ultrasound (ID: 2043)
[2025-03-15T03:04:10.626Z] [INFO] Inserting 6 checklist items for section 2043
[2025-03-15T03:04:10.674Z] [INFO] Successfully inserted 6 checklist items
[2025-03-15T03:04:10.719Z] [INFO] Inserted/updated section: Abdominal Ultrasound (ID: 2044)
[2025-03-15T03:04:10.719Z] [INFO] Inserting 6 checklist items for section 2044
[2025-03-15T03:04:10.766Z] [INFO] Successfully inserted 6 checklist items
[2025-03-15T03:04:10.813Z] [INFO] Inserted/updated section: Pelvic Ultrasound (if applicable) (ID: 2045)
[2025-03-15T03:04:10.813Z] [INFO] Inserting 8 checklist items for section 2045
[2025-03-15T03:04:10.858Z] [INFO] Successfully inserted 8 checklist items
[2025-03-15T03:04:10.858Z] [INFO] Completed processing file: imaging.md
[2025-03-15T03:04:10.858Z] [INFO] Processing file: lab-studies.md
[2025-03-15T03:04:10.907Z] [INFO] Inserted/updated section: # 11. Lab Studies (ID: 2046)
[2025-03-15T03:04:10.960Z] [INFO] Inserted/updated section: Complete Blood Count (ID: 2047)
[2025-03-15T03:04:10.960Z] [INFO] Inserting 6 checklist items for section 2047
[2025-03-15T03:04:11.009Z] [INFO] Successfully inserted 6 checklist items
[2025-03-15T03:04:11.060Z] [INFO] Inserted/updated section: Basic Metabolic Panel (ID: 2048)
[2025-03-15T03:04:11.060Z] [INFO] Inserting 10 checklist items for section 2048
[2025-03-15T03:04:11.112Z] [INFO] Successfully inserted 10 checklist items
[2025-03-15T03:04:11.164Z] [INFO] Inserted/updated section: Cardiac Biomarkers (ID: 2049)
[2025-03-15T03:04:11.164Z] [INFO] Inserting 7 checklist items for section 2049
[2025-03-15T03:04:11.211Z] [INFO] Successfully inserted 7 checklist items
[2025-03-15T03:04:11.258Z] [INFO] Inserted/updated section: Coagulation Studies (ID: 2050)
[2025-03-15T03:04:11.258Z] [INFO] Inserting 5 checklist items for section 2050
[2025-03-15T03:04:11.304Z] [INFO] Successfully inserted 5 checklist items
[2025-03-15T03:04:11.350Z] [INFO] Inserted/updated section: Additional Electrolytes (ID: 2051)
[2025-03-15T03:04:11.350Z] [INFO] Inserting 2 checklist items for section 2051
[2025-03-15T03:04:11.395Z] [INFO] Successfully inserted 2 checklist items
[2025-03-15T03:04:11.448Z] [INFO] Inserted/updated section: Liver Function Tests (ID: 2052)
[2025-03-15T03:04:11.448Z] [INFO] Inserting 7 checklist items for section 2052
[2025-03-15T03:04:11.497Z] [INFO] Successfully inserted 7 checklist items
[2025-03-15T03:04:11.552Z] [INFO] Inserted/updated section: Toxicology Screen (ID: 2053)
[2025-03-15T03:04:11.552Z] [INFO] Inserting 4 checklist items for section 2053
[2025-03-15T03:04:11.598Z] [INFO] Successfully inserted 4 checklist items
[2025-03-15T03:04:11.645Z] [INFO] Inserted/updated section: Pregnancy Test (ID: 2054)
[2025-03-15T03:04:11.645Z] [INFO] Inserting 3 checklist items for section 2054
[2025-03-15T03:04:11.690Z] [INFO] Successfully inserted 3 checklist items
[2025-03-15T03:04:11.745Z] [INFO] Inserted/updated section: Thyroid Function Tests (ID: 2055)
[2025-03-15T03:04:11.745Z] [INFO] Inserting 4 checklist items for section 2055
[2025-03-15T03:04:11.896Z] [INFO] Successfully inserted 4 checklist items
[2025-03-15T03:04:11.948Z] [INFO] Inserted/updated section: Arterial Blood Gas (ID: 2056)
[2025-03-15T03:04:11.948Z] [INFO] Inserting 8 checklist items for section 2056
[2025-03-15T03:04:11.998Z] [INFO] Successfully inserted 8 checklist items
[2025-03-15T03:04:12.044Z] [INFO] Inserted/updated section: Urinalysis (ID: 2057)
[2025-03-15T03:04:12.044Z] [INFO] Inserting 10 checklist items for section 2057
[2025-03-15T03:04:12.096Z] [INFO] Successfully inserted 10 checklist items
[2025-03-15T03:04:12.141Z] [INFO] Inserted/updated section: Other Laboratory Tests (ID: 2058)
[2025-03-15T03:04:12.141Z] [INFO] Inserting 4 checklist items for section 2058
[2025-03-15T03:04:12.187Z] [INFO] Successfully inserted 4 checklist items
[2025-03-15T03:04:12.187Z] [INFO] Completed processing file: lab-studies.md
[2025-03-15T03:04:12.187Z] [INFO] Processing file: medications.md
[2025-03-15T03:04:12.233Z] [INFO] Inserted/updated section: # 3. Medications (ID: 2059)
[2025-03-15T03:04:12.291Z] [INFO] Inserted/updated section: Vasodilators (ID: 2060)
[2025-03-15T03:04:12.291Z] [INFO] Inserting 8 checklist items for section 2060
[2025-03-15T03:04:12.340Z] [INFO] Successfully inserted 8 checklist items
[2025-03-15T03:04:12.387Z] [INFO] Inserted/updated section: Diuretics (ID: 2061)
[2025-03-15T03:04:12.387Z] [INFO] Inserting 3 checklist items for section 2061
[2025-03-15T03:04:12.437Z] [INFO] Successfully inserted 3 checklist items
[2025-03-15T03:04:12.482Z] [INFO] Inserted/updated section: Central Antihypertensives (ID: 2062)
[2025-03-15T03:04:12.482Z] [INFO] Inserting 2 checklist items for section 2062
[2025-03-15T03:04:12.530Z] [INFO] Successfully inserted 2 checklist items
[2025-03-15T03:04:12.574Z] [INFO] Inserted/updated section: QT-Prolonging Agents (ID: 2063)
[2025-03-15T03:04:12.574Z] [INFO] Inserting 5 checklist items for section 2063
[2025-03-15T03:04:12.631Z] [INFO] Successfully inserted 5 checklist items
[2025-03-15T03:04:12.675Z] [INFO] Inserted/updated section: Psychoactive Agents (ID: 2064)
[2025-03-15T03:04:12.675Z] [INFO] Inserting 12 checklist items for section 2064
[2025-03-15T03:04:12.720Z] [INFO] Successfully inserted 12 checklist items
[2025-03-15T03:04:12.768Z] [INFO] Inserted/updated section: Other Medications (ID: 2065)
[2025-03-15T03:04:12.768Z] [INFO] Inserting 7 checklist items for section 2065
[2025-03-15T03:04:12.813Z] [INFO] Successfully inserted 7 checklist items
[2025-03-15T03:04:12.862Z] [INFO] Inserted/updated section: Recent Medication Changes (ID: 2066)
[2025-03-15T03:04:12.862Z] [INFO] Inserting 5 checklist items for section 2066
[2025-03-15T03:04:12.907Z] [INFO] Successfully inserted 5 checklist items
[2025-03-15T03:04:12.955Z] [INFO] Inserted/updated section: Medication Compliance (ID: 2067)
[2025-03-15T03:04:12.955Z] [INFO] Inserting 5 checklist items for section 2067
[2025-03-15T03:04:13.009Z] [INFO] Successfully inserted 5 checklist items
[2025-03-15T03:04:13.009Z] [INFO] Completed processing file: medications.md
[2025-03-15T03:04:13.009Z] [INFO] Processing file: past-medical.md
[2025-03-15T03:04:13.055Z] [INFO] Inserted/updated section: # 9. Past Medical History (ID: 2068)
[2025-03-15T03:04:13.105Z] [INFO] Inserted/updated section: Cardiac History (ID: 2069)
[2025-03-15T03:04:13.105Z] [INFO] Inserting 28 checklist items for section 2069
[2025-03-15T03:04:13.221Z] [ERROR] Error processing section Cardiac History: null value in column "display_order" of relation "checklist_items" violates not-null constraint
[2025-03-15T03:04:13.267Z] [INFO] Inserted/updated section: Vascular History (ID: 2070)
[2025-03-15T03:04:13.267Z] [INFO] Inserting 9 checklist items for section 2070
[2025-03-15T03:04:13.315Z] [INFO] Successfully inserted 9 checklist items
[2025-03-15T03:04:13.379Z] [INFO] Inserted/updated section: Pulmonary History (ID: 2071)
[2025-03-15T03:04:13.380Z] [INFO] Inserting 5 checklist items for section 2071
[2025-03-15T03:04:13.434Z] [INFO] Successfully inserted 5 checklist items
[2025-03-15T03:04:13.478Z] [INFO] Inserted/updated section: Neurological History (ID: 2072)
[2025-03-15T03:04:13.478Z] [INFO] Inserting 8 checklist items for section 2072
[2025-03-15T03:04:13.524Z] [INFO] Successfully inserted 8 checklist items
[2025-03-15T03:04:13.570Z] [INFO] Inserted/updated section: Endocrine History (ID: 2073)
[2025-03-15T03:04:13.571Z] [INFO] Inserting 4 checklist items for section 2073
[2025-03-15T03:04:13.621Z] [INFO] Successfully inserted 4 checklist items
[2025-03-15T03:04:13.670Z] [INFO] Inserted/updated section: Hematologic History (ID: 2074)
[2025-03-15T03:04:13.670Z] [INFO] Inserting 3 checklist items for section 2074
[2025-03-15T03:04:13.716Z] [INFO] Successfully inserted 3 checklist items
[2025-03-15T03:04:13.766Z] [INFO] Inserted/updated section: Gastrointestinal History (ID: 2075)
[2025-03-15T03:04:13.767Z] [INFO] Inserting 3 checklist items for section 2075
[2025-03-15T03:04:13.813Z] [INFO] Successfully inserted 3 checklist items
[2025-03-15T03:04:13.860Z] [INFO] Inserted/updated section: Genitourinary History (ID: 2076)
[2025-03-15T03:04:13.861Z] [INFO] Inserting 2 checklist items for section 2076
[2025-03-15T03:04:13.910Z] [INFO] Successfully inserted 2 checklist items
[2025-03-15T03:04:13.956Z] [INFO] Inserted/updated section: Psychiatric History (ID: 2077)
[2025-03-15T03:04:13.956Z] [INFO] Inserting 5 checklist items for section 2077
[2025-03-15T03:04:14.002Z] [INFO] Successfully inserted 5 checklist items
[2025-03-15T03:04:14.055Z] [INFO] Inserted/updated section: Previous Episodes (ID: 2078)
[2025-03-15T03:04:14.055Z] [INFO] Inserting 7 checklist items for section 2078
[2025-03-15T03:04:14.151Z] [ERROR] Error processing section Previous Episodes: null value in column "display_order" of relation "checklist_items" violates not-null constraint
[2025-03-15T03:04:14.151Z] [INFO] Completed processing file: past-medical.md
[2025-03-15T03:04:14.151Z] [INFO] Processing file: patient-education.md
[2025-03-15T03:04:14.197Z] [INFO] Inserted/updated section: # 18. Patient Education (ID: 2079)
[2025-03-15T03:04:14.254Z] [INFO] Inserted/updated section: General Syncope Information (ID: 2080)
[2025-03-15T03:04:14.254Z] [INFO] Inserting 6 checklist items for section 2080
[2025-03-15T03:04:14.305Z] [INFO] Successfully inserted 6 checklist items
[2025-03-15T03:04:14.358Z] [INFO] Inserted/updated section: Safety Considerations (ID: 2081)
[2025-03-15T03:04:14.358Z] [INFO] Inserting 8 checklist items for section 2081
[2025-03-15T03:04:14.407Z] [INFO] Successfully inserted 8 checklist items
[2025-03-15T03:04:14.458Z] [INFO] Inserted/updated section: Specific Cause Education (if identified) (ID: 2082)
[2025-03-15T03:04:14.458Z] [INFO] Inserting 7 checklist items for section 2082
[2025-03-15T03:04:14.504Z] [INFO] Successfully inserted 7 checklist items
[2025-03-15T03:04:14.549Z] [INFO] Inserted/updated section: Prodromal Symptom Recognition (ID: 2083)
[2025-03-15T03:04:14.549Z] [INFO] Inserting 5 checklist items for section 2083
[2025-03-15T03:04:14.600Z] [INFO] Successfully inserted 5 checklist items
[2025-03-15T03:04:14.650Z] [INFO] Inserted/updated section: Physical Counterpressure Maneuvers (ID: 2084)
[2025-03-15T03:04:14.650Z] [INFO] Inserting 5 checklist items for section 2084
[2025-03-15T03:04:14.696Z] [INFO] Successfully inserted 5 checklist items
[2025-03-15T03:04:14.745Z] [INFO] Inserted/updated section: Lifestyle Modifications (ID: 2085)
[2025-03-15T03:04:14.745Z] [INFO] Inserting 8 checklist items for section 2085
[2025-03-15T03:04:14.791Z] [INFO] Successfully inserted 8 checklist items
[2025-03-15T03:04:14.846Z] [INFO] Inserted/updated section: Medication Education (ID: 2086)
[2025-03-15T03:04:14.846Z] [INFO] Inserting 6 checklist items for section 2086
[2025-03-15T03:04:14.891Z] [INFO] Successfully inserted 6 checklist items
[2025-03-15T03:04:14.943Z] [INFO] Inserted/updated section: Follow-up Care (ID: 2087)
[2025-03-15T03:04:14.943Z] [INFO] Inserting 7 checklist items for section 2087
[2025-03-15T03:04:14.991Z] [INFO] Successfully inserted 7 checklist items
[2025-03-15T03:04:15.037Z] [INFO] Inserted/updated section: Warning Signs Requiring Immediate Attention (ID: 2088)
[2025-03-15T03:04:15.037Z] [INFO] Inserting 8 checklist items for section 2088
[2025-03-15T03:04:15.097Z] [INFO] Successfully inserted 8 checklist items
[2025-03-15T03:04:15.151Z] [INFO] Inserted/updated section: Family Education (ID: 2089)
[2025-03-15T03:04:15.151Z] [INFO] Inserting 6 checklist items for section 2089
[2025-03-15T03:04:15.199Z] [INFO] Successfully inserted 6 checklist items
[2025-03-15T03:04:15.199Z] [INFO] Completed processing file: patient-education.md
[2025-03-15T03:04:15.199Z] [INFO] Processing file: physical-exam.md
[2025-03-15T03:04:15.251Z] [INFO] Inserted/updated section: # 10. Physical Exam (ID: 2090)
[2025-03-15T03:04:15.305Z] [INFO] Inserted/updated section: Vital Signs (ID: 2091)
[2025-03-15T03:04:15.305Z] [INFO] Inserting 6 checklist items for section 2091
[2025-03-15T03:04:15.353Z] [INFO] Successfully inserted 6 checklist items
[2025-03-15T03:04:15.401Z] [INFO] Inserted/updated section: Orthostatic Vital Signs (ID: 2092)
[2025-03-15T03:04:15.401Z] [INFO] Inserting 13 checklist items for section 2092
[2025-03-15T03:04:15.492Z] [ERROR] Error processing section Orthostatic Vital Signs: null value in column "display_order" of relation "checklist_items" violates not-null constraint
[2025-03-15T03:04:15.542Z] [INFO] Inserted/updated section: General Appearance (ID: 2093)
[2025-03-15T03:04:15.542Z] [INFO] Inserting 6 checklist items for section 2093
[2025-03-15T03:04:15.595Z] [INFO] Successfully inserted 6 checklist items
[2025-03-15T03:04:15.641Z] [INFO] Inserted/updated section: Head, Eyes, Ears, Nose, Throat (ID: 2094)
[2025-03-15T03:04:15.641Z] [INFO] Inserting 9 checklist items for section 2094
[2025-03-15T03:04:15.690Z] [INFO] Successfully inserted 9 checklist items
[2025-03-15T03:04:15.753Z] [INFO] Inserted/updated section: Cardiovascular (ID: 2095)
[2025-03-15T03:04:15.753Z] [INFO] Inserting 19 checklist items for section 2095
[2025-03-15T03:04:15.859Z] [ERROR] Error processing section Cardiovascular: null value in column "display_order" of relation "checklist_items" violates not-null constraint
[2025-03-15T03:04:15.915Z] [INFO] Inserted/updated section: Pulmonary (ID: 2096)
[2025-03-15T03:04:15.915Z] [INFO] Inserting 7 checklist items for section 2096
[2025-03-15T03:04:15.967Z] [INFO] Successfully inserted 7 checklist items
[2025-03-15T03:04:16.013Z] [INFO] Inserted/updated section: Abdominal (ID: 2097)
[2025-03-15T03:04:16.013Z] [INFO] Inserting 12 checklist items for section 2097
[2025-03-15T03:04:16.061Z] [INFO] Successfully inserted 12 checklist items
[2025-03-15T03:04:16.110Z] [INFO] Inserted/updated section: Neurological (ID: 2098)
[2025-03-15T03:04:16.111Z] [INFO] Inserting 20 checklist items for section 2098
[2025-03-15T03:04:16.158Z] [INFO] Successfully inserted 20 checklist items
[2025-03-15T03:04:16.210Z] [INFO] Inserted/updated section: Extremities (ID: 2099)
[2025-03-15T03:04:16.210Z] [INFO] Inserting 7 checklist items for section 2099
[2025-03-15T03:04:16.255Z] [INFO] Successfully inserted 7 checklist items
[2025-03-15T03:04:16.306Z] [INFO] Inserted/updated section: Skin (ID: 2100)
[2025-03-15T03:04:16.306Z] [INFO] Inserting 8 checklist items for section 2100
[2025-03-15T03:04:16.358Z] [INFO] Successfully inserted 8 checklist items
[2025-03-15T03:04:16.408Z] [INFO] Inserted/updated section: Rectal Examination (if indicated) (ID: 2101)
[2025-03-15T03:04:16.408Z] [INFO] Inserting 3 checklist items for section 2101
[2025-03-15T03:04:16.455Z] [INFO] Successfully inserted 3 checklist items
[2025-03-15T03:04:16.458Z] [INFO] Completed processing file: physical-exam.md
[2025-03-15T03:04:16.458Z] [INFO] Processing file: plan.md
[2025-03-15T03:04:16.505Z] [INFO] Inserted/updated section: # 16. Plan (ID: 2102)
[2025-03-15T03:04:16.550Z] [INFO] Inserted/updated section: Immediate Management (ID: 2103)
[2025-03-15T03:04:16.550Z] [INFO] Inserting 9 checklist items for section 2103
[2025-03-15T03:04:16.604Z] [INFO] Successfully inserted 9 checklist items
[2025-03-15T03:04:16.653Z] [INFO] Inserted/updated section: Additional Testing (ID: 2104)
[2025-03-15T03:04:16.654Z] [INFO] Inserting 12 checklist items for section 2104
[2025-03-15T03:04:16.703Z] [INFO] Successfully inserted 12 checklist items
[2025-03-15T03:04:16.750Z] [INFO] Inserted/updated section: Medication Recommendations (ID: 2105)
[2025-03-15T03:04:16.750Z] [INFO] Inserting 6 checklist items for section 2105
[2025-03-15T03:04:16.811Z] [INFO] Successfully inserted 6 checklist items
[2025-03-15T03:04:16.856Z] [INFO] Inserted/updated section: Lifestyle Modifications (ID: 2106)
[2025-03-15T03:04:16.856Z] [INFO] Inserting 8 checklist items for section 2106
[2025-03-15T03:04:16.904Z] [INFO] Successfully inserted 8 checklist items
[2025-03-15T03:04:16.960Z] [INFO] Inserted/updated section: Cardiac Intervention Considerations (ID: 2107)
[2025-03-15T03:04:16.960Z] [INFO] Inserting 6 checklist items for section 2107
[2025-03-15T03:04:17.007Z] [INFO] Successfully inserted 6 checklist items
[2025-03-15T03:04:17.051Z] [INFO] Inserted/updated section: Follow-up Care (ID: 2108)
[2025-03-15T03:04:17.052Z] [INFO] Inserting 10 checklist items for section 2108
[2025-03-15T03:04:17.100Z] [INFO] Successfully inserted 10 checklist items
[2025-03-15T03:04:17.156Z] [INFO] Inserted/updated section: Preventive Measures (ID: 2109)
[2025-03-15T03:04:17.156Z] [INFO] Inserting 7 checklist items for section 2109
[2025-03-15T03:04:17.202Z] [INFO] Successfully inserted 7 checklist items
[2025-03-15T03:04:17.246Z] [INFO] Inserted/updated section: Special Considerations (ID: 2110)
[2025-03-15T03:04:17.246Z] [INFO] Inserting 5 checklist items for section 2110
[2025-03-15T03:04:17.293Z] [INFO] Successfully inserted 5 checklist items
[2025-03-15T03:04:17.293Z] [INFO] Completed processing file: plan.md
[2025-03-15T03:04:17.293Z] [INFO] Processing file: review-systems.md
[2025-03-15T03:04:17.344Z] [INFO] Inserted/updated section: # 5. Review of Systems (ID: 2111)
[2025-03-15T03:04:17.391Z] [INFO] Inserted/updated section: Constitutional (ID: 2112)
[2025-03-15T03:04:17.391Z] [INFO] Inserting 4 checklist items for section 2112
[2025-03-15T03:04:17.437Z] [INFO] Successfully inserted 4 checklist items
[2025-03-15T03:04:17.486Z] [INFO] Inserted/updated section: Cardiovascular (ID: 2113)
[2025-03-15T03:04:17.487Z] [INFO] Inserting 8 checklist items for section 2113
[2025-03-15T03:04:17.531Z] [INFO] Successfully inserted 8 checklist items
[2025-03-15T03:04:17.576Z] [INFO] Inserted/updated section: Respiratory (ID: 2114)
[2025-03-15T03:04:17.576Z] [INFO] Inserting 5 checklist items for section 2114
[2025-03-15T03:04:17.621Z] [INFO] Successfully inserted 5 checklist items
[2025-03-15T03:04:17.665Z] [INFO] Inserted/updated section: Neurological (ID: 2115)
[2025-03-15T03:04:17.665Z] [INFO] Inserting 11 checklist items for section 2115
[2025-03-15T03:04:17.711Z] [INFO] Successfully inserted 11 checklist items
[2025-03-15T03:04:17.757Z] [INFO] Inserted/updated section: Gastrointestinal (ID: 2116)
[2025-03-15T03:04:17.757Z] [INFO] Inserting 8 checklist items for section 2116
[2025-03-15T03:04:17.804Z] [INFO] Successfully inserted 8 checklist items
[2025-03-15T03:04:17.848Z] [INFO] Inserted/updated section: Genitourinary (ID: 2117)
[2025-03-15T03:04:17.848Z] [INFO] Inserting 7 checklist items for section 2117
[2025-03-15T03:04:17.898Z] [INFO] Successfully inserted 7 checklist items
[2025-03-15T03:04:17.947Z] [INFO] Inserted/updated section: Psychiatric (ID: 2118)
[2025-03-15T03:04:17.947Z] [INFO] Inserting 6 checklist items for section 2118
[2025-03-15T03:04:17.994Z] [INFO] Successfully inserted 6 checklist items
[2025-03-15T03:04:18.049Z] [INFO] Inserted/updated section: Endocrine (ID: 2119)
[2025-03-15T03:04:18.049Z] [INFO] Inserting 4 checklist items for section 2119
[2025-03-15T03:04:18.104Z] [INFO] Successfully inserted 4 checklist items
[2025-03-15T03:04:18.149Z] [INFO] Inserted/updated section: Hematologic (ID: 2120)
[2025-03-15T03:04:18.149Z] [INFO] Inserting 3 checklist items for section 2120
[2025-03-15T03:04:18.197Z] [INFO] Successfully inserted 3 checklist items
[2025-03-15T03:04:18.255Z] [INFO] Inserted/updated section: Musculoskeletal (ID: 2121)
[2025-03-15T03:04:18.255Z] [INFO] Inserting 3 checklist items for section 2121
[2025-03-15T03:04:18.301Z] [INFO] Successfully inserted 3 checklist items
[2025-03-15T03:04:18.347Z] [INFO] Inserted/updated section: Ear, Nose, Throat (ID: 2122)
[2025-03-15T03:04:18.347Z] [INFO] Inserting 4 checklist items for section 2122
[2025-03-15T03:04:18.398Z] [INFO] Successfully inserted 4 checklist items
[2025-03-15T03:04:18.451Z] [INFO] Inserted/updated section: Eyes (ID: 2123)
[2025-03-15T03:04:18.451Z] [INFO] Inserting 4 checklist items for section 2123
[2025-03-15T03:04:18.504Z] [INFO] Successfully inserted 4 checklist items
[2025-03-15T03:04:18.504Z] [INFO] Completed processing file: review-systems.md
[2025-03-15T03:04:18.504Z] [INFO] Processing file: risk-factors.md
[2025-03-15T03:04:18.551Z] [INFO] Inserted/updated section: # 7. Risk Factors (ID: 2124)
[2025-03-15T03:04:18.597Z] [INFO] Inserted/updated section: Demographic Risk Factors (ID: 2125)
[2025-03-15T03:04:18.597Z] [INFO] Inserting 3 checklist items for section 2125
[2025-03-15T03:04:18.645Z] [INFO] Successfully inserted 3 checklist items
[2025-03-15T03:04:18.693Z] [INFO] Inserted/updated section: Cardiac Risk Factors (ID: 2126)
[2025-03-15T03:04:18.693Z] [INFO] Inserting 15 checklist items for section 2126
[2025-03-15T03:04:18.747Z] [INFO] Successfully inserted 15 checklist items
[2025-03-15T03:04:18.792Z] [INFO] Inserted/updated section: Vascular Risk Factors (ID: 2127)
[2025-03-15T03:04:18.792Z] [INFO] Inserting 9 checklist items for section 2127
[2025-03-15T03:04:18.838Z] [INFO] Successfully inserted 9 checklist items
[2025-03-15T03:04:18.886Z] [INFO] Inserted/updated section: Pulmonary Embolism Risk Factors (ID: 2128)
[2025-03-15T03:04:18.886Z] [INFO] Inserting 10 checklist items for section 2128
[2025-03-15T03:04:18.936Z] [INFO] Successfully inserted 10 checklist items
[2025-03-15T03:04:18.983Z] [INFO] Inserted/updated section: Orthostatic Hypotension Risk Factors (ID: 2129)
[2025-03-15T03:04:18.983Z] [INFO] Inserting 7 checklist items for section 2129
[2025-03-15T03:04:19.030Z] [INFO] Successfully inserted 7 checklist items
[2025-03-15T03:04:19.080Z] [INFO] Inserted/updated section: Canadian Syncope Risk Score Factors (ID: 2130)
[2025-03-15T03:04:19.080Z] [INFO] Inserting 9 checklist items for section 2130
[2025-03-15T03:04:19.125Z] [INFO] Successfully inserted 9 checklist items
[2025-03-15T03:04:19.173Z] [INFO] Inserted/updated section: San Francisco Syncope Rule Factors (ID: 2131)
[2025-03-15T03:04:19.173Z] [INFO] Inserting 5 checklist items for section 2131
[2025-03-15T03:04:19.223Z] [INFO] Successfully inserted 5 checklist items
[2025-03-15T03:04:19.268Z] [INFO] Inserted/updated section: FAINT Score Factors (ID: 2132)
[2025-03-15T03:04:19.268Z] [INFO] Inserting 5 checklist items for section 2132
[2025-03-15T03:04:19.326Z] [INFO] Successfully inserted 5 checklist items
[2025-03-15T03:04:19.326Z] [INFO] Completed processing file: risk-factors.md
[2025-03-15T03:04:19.326Z] [INFO] Processing file: special-tests.md
[2025-03-15T03:04:19.372Z] [INFO] Inserted/updated section: # 13. Special Tests (ID: 2133)
[2025-03-15T03:04:19.421Z] [INFO] Inserted/updated section: Bedside Ultrasonography (ID: 2134)
[2025-03-15T03:04:19.421Z] [INFO] Inserting 19 checklist items for section 2134
[2025-03-15T03:04:19.514Z] [ERROR] Error processing section Bedside Ultrasonography: null value in column "display_order" of relation "checklist_items" violates not-null constraint
[2025-03-15T03:04:19.565Z] [INFO] Inserted/updated section: Tilt Table Test (ID: 2135)
[2025-03-15T03:04:19.565Z] [INFO] Inserting 11 checklist items for section 2135
[2025-03-15T03:04:19.665Z] [ERROR] Error processing section Tilt Table Test: null value in column "display_order" of relation "checklist_items" violates not-null constraint
[2025-03-15T03:04:19.716Z] [INFO] Inserted/updated section: Carotid Sinus Massage (ID: 2136)
[2025-03-15T03:04:19.716Z] [INFO] Inserting 9 checklist items for section 2136
[2025-03-15T03:04:19.811Z] [ERROR] Error processing section Carotid Sinus Massage: null value in column "display_order" of relation "checklist_items" violates not-null constraint
[2025-03-15T03:04:19.869Z] [INFO] Inserted/updated section: Stress Test (ID: 2137)
[2025-03-15T03:04:19.869Z] [INFO] Inserting 11 checklist items for section 2137
[2025-03-15T03:04:19.979Z] [ERROR] Error processing section Stress Test: null value in column "display_order" of relation "checklist_items" violates not-null constraint
[2025-03-15T03:04:20.025Z] [INFO] Inserted/updated section: Ambulatory Cardiac Monitoring (ID: 2138)
[2025-03-15T03:04:20.025Z] [INFO] Inserting 14 checklist items for section 2138
[2025-03-15T03:04:20.132Z] [ERROR] Error processing section Ambulatory Cardiac Monitoring: null value in column "display_order" of relation "checklist_items" violates not-null constraint
[2025-03-15T03:04:20.195Z] [INFO] Inserted/updated section: Electroencephalogram (EEG) (ID: 2139)
[2025-03-15T03:04:20.195Z] [INFO] Inserting 7 checklist items for section 2139
[2025-03-15T03:04:20.300Z] [ERROR] Error processing section Electroencephalogram (EEG): null value in column "display_order" of relation "checklist_items" violates not-null constraint
[2025-03-15T03:04:20.356Z] [INFO] Inserted/updated section: Cardiac Catheterization (ID: 2140)
[2025-03-15T03:04:20.356Z] [INFO] Inserting 7 checklist items for section 2140
[2025-03-15T03:04:20.467Z] [ERROR] Error processing section Cardiac Catheterization: null value in column "display_order" of relation "checklist_items" violates not-null constraint
[2025-03-15T03:04:20.514Z] [INFO] Inserted/updated section: Electrophysiology Study (ID: 2141)
[2025-03-15T03:04:20.514Z] [INFO] Inserting 6 checklist items for section 2141
[2025-03-15T03:04:20.621Z] [ERROR] Error processing section Electrophysiology Study: null value in column "display_order" of relation "checklist_items" violates not-null constraint
[2025-03-15T03:04:20.621Z] [INFO] Completed processing file: special-tests.md
[2025-03-15T03:04:20.621Z] [INFO] Completed processing chapter: Ch11_Syncope
[2025-03-15T03:04:20.621Z] [INFO] Migration completed: 1 chapters processed successfully, 0 chapters had errors
