[2025-03-15T03:10:45.876Z] [INFO] Starting migration...
[2025-03-15T03:10:45.877Z] [INFO] Inserting categories...
[2025-03-15T03:10:46.063Z] [INFO] All categories already exist, skipping insertion
[2025-03-15T03:10:46.063Z] [INFO] Found 1 chapter directories to process
[2025-03-15T03:10:46.063Z] [INFO] Processing chapter: Ch11_Syncope
[2025-03-15T03:10:46.172Z] [INFO] Inserted/updated chapter: Syncope (ID: 371)
[2025-03-15T03:10:46.222Z] [INFO] Processing file: alarm-features.md
[2025-03-15T03:10:46.275Z] [INFO] Inserted/updated section: High-Risk Features (ID: 2142)
[2025-03-15T03:10:46.275Z] [INFO] Inserting 8 checklist items for section 2142
[2025-03-15T03:10:46.433Z] [INFO] Successfully inserted 8 checklist items
[2025-03-15T03:10:46.528Z] [INFO] Inserted/updated section: Critical Diagnoses To Consider (ID: 2143)
[2025-03-15T03:10:46.528Z] [INFO] Inserting 13 checklist items for section 2143
[2025-03-15T03:10:46.583Z] [INFO] Successfully inserted 13 checklist items
[2025-03-15T03:10:46.634Z] [INFO] Inserted/updated section: Emergent Diagnostic Factors (ID: 2144)
[2025-03-15T03:10:46.634Z] [INFO] Inserting 11 checklist items for section 2144
[2025-03-15T03:10:46.701Z] [INFO] Successfully inserted 11 checklist items
[2025-03-15T03:10:46.751Z] [INFO] Inserted/updated section: Concerning Cardiac Symptoms (ID: 2145)
[2025-03-15T03:10:46.751Z] [INFO] Inserting 4 checklist items for section 2145
[2025-03-15T03:10:46.802Z] [INFO] Successfully inserted 4 checklist items
[2025-03-15T03:10:46.849Z] [INFO] Inserted/updated section: Concerning Neurological Symptoms (ID: 2146)
[2025-03-15T03:10:46.849Z] [INFO] Inserting 4 checklist items for section 2146
[2025-03-15T03:10:46.903Z] [INFO] Successfully inserted 4 checklist items
[2025-03-15T03:10:46.956Z] [INFO] Inserted/updated section: Concerning Abdominal/GI Symptoms (ID: 2147)
[2025-03-15T03:10:46.956Z] [INFO] Inserting 3 checklist items for section 2147
[2025-03-15T03:10:47.004Z] [INFO] Successfully inserted 3 checklist items
[2025-03-15T03:10:47.004Z] [INFO] Completed processing file: alarm-features.md
[2025-03-15T03:10:47.004Z] [INFO] Processing file: assessment.md
[2025-03-15T03:10:47.054Z] [INFO] Inserted/updated section: Syncope Classification (ID: 2148)
[2025-03-15T03:10:47.054Z] [INFO] Inserting 17 checklist items for section 2148
[2025-03-15T03:10:47.106Z] [INFO] Successfully inserted 17 checklist items
[2025-03-15T03:10:47.168Z] [INFO] Inserted/updated section: Diagnostic Certainty (ID: 2149)
[2025-03-15T03:10:47.168Z] [INFO] Inserting 5 checklist items for section 2149
[2025-03-15T03:10:47.216Z] [INFO] Successfully inserted 5 checklist items
[2025-03-15T03:10:47.265Z] [INFO] Inserted/updated section: Risk Stratification (ID: 2150)
[2025-03-15T03:10:47.265Z] [INFO] Inserting 4 checklist items for section 2150
[2025-03-15T03:10:47.315Z] [INFO] Successfully inserted 4 checklist items
[2025-03-15T03:10:47.361Z] [INFO] Inserted/updated section: Canadian Syncope Risk Score Calculation (ID: 2151)
[2025-03-15T03:10:47.361Z] [INFO] Inserting 10 checklist items for section 2151
[2025-03-15T03:10:47.412Z] [INFO] Successfully inserted 10 checklist items
[2025-03-15T03:10:47.459Z] [INFO] Inserted/updated section: FAINT Score Calculation (ID: 2152)
[2025-03-15T03:10:47.459Z] [INFO] Inserting 6 checklist items for section 2152
[2025-03-15T03:10:47.522Z] [INFO] Successfully inserted 6 checklist items
[2025-03-15T03:10:47.572Z] [INFO] Inserted/updated section: San Francisco Syncope Rule Assessment (ID: 2153)
[2025-03-15T03:10:47.572Z] [INFO] Inserting 7 checklist items for section 2153
[2025-03-15T03:10:47.633Z] [INFO] Successfully inserted 7 checklist items
[2025-03-15T03:10:47.679Z] [INFO] Inserted/updated section: Clinical Impression (ID: 2154)
[2025-03-15T03:10:47.679Z] [INFO] Inserting 4 checklist items for section 2154
[2025-03-15T03:10:47.728Z] [INFO] Successfully inserted 4 checklist items
[2025-03-15T03:10:47.774Z] [INFO] Inserted/updated section: Degree of Functional Impairment (ID: 2155)
[2025-03-15T03:10:47.775Z] [INFO] Inserting 4 checklist items for section 2155
[2025-03-15T03:10:47.823Z] [INFO] Successfully inserted 4 checklist items
[2025-03-15T03:10:47.894Z] [INFO] Inserted/updated section: Injury Assessment (ID: 2156)
[2025-03-15T03:10:47.894Z] [INFO] Inserting 4 checklist items for section 2156
[2025-03-15T03:10:47.955Z] [INFO] Successfully inserted 4 checklist items
[2025-03-15T03:10:47.955Z] [INFO] Completed processing file: assessment.md
[2025-03-15T03:10:47.956Z] [INFO] Processing file: collateral-history.md
[2025-03-15T03:10:48.008Z] [INFO] Inserted/updated section: Witness Account (ID: 2157)
[2025-03-15T03:10:48.008Z] [INFO] Inserting 4 checklist items for section 2157
[2025-03-15T03:10:48.062Z] [INFO] Successfully inserted 4 checklist items
[2025-03-15T03:10:48.114Z] [INFO] Inserted/updated section: Description of Episode (From Observer) (ID: 2158)
[2025-03-15T03:10:48.115Z] [INFO] Inserting 5 checklist items for section 2158
[2025-03-15T03:10:48.164Z] [INFO] Successfully inserted 5 checklist items
[2025-03-15T03:10:48.220Z] [INFO] Inserted/updated section: Pre-Episode Observations (ID: 2159)
[2025-03-15T03:10:48.220Z] [INFO] Inserting 5 checklist items for section 2159
[2025-03-15T03:10:48.271Z] [INFO] Successfully inserted 5 checklist items
[2025-03-15T03:10:48.322Z] [INFO] Inserted/updated section: Episode Characteristics (ID: 2160)
[2025-03-15T03:10:48.322Z] [INFO] Inserting 8 checklist items for section 2160
[2025-03-15T03:10:48.382Z] [INFO] Successfully inserted 8 checklist items
[2025-03-15T03:10:48.439Z] [INFO] Inserted/updated section: Movement During Episode (ID: 2161)
[2025-03-15T03:10:48.439Z] [INFO] Inserting 9 checklist items for section 2161
[2025-03-15T03:10:48.490Z] [INFO] Successfully inserted 9 checklist items
[2025-03-15T03:10:48.544Z] [INFO] Inserted/updated section: Autonomic Features (ID: 2162)
[2025-03-15T03:10:48.544Z] [INFO] Inserting 4 checklist items for section 2162
[2025-03-15T03:10:48.596Z] [INFO] Successfully inserted 4 checklist items
[2025-03-15T03:10:48.643Z] [INFO] Inserted/updated section: Recovery Characteristics (ID: 2163)
[2025-03-15T03:10:48.643Z] [INFO] Inserting 11 checklist items for section 2163
[2025-03-15T03:10:48.693Z] [INFO] Successfully inserted 11 checklist items
[2025-03-15T03:10:48.747Z] [INFO] Inserted/updated section: EMS/First Responder Report (ID: 2164)
[2025-03-15T03:10:48.747Z] [INFO] Inserting 4 checklist items for section 2164
[2025-03-15T03:10:48.803Z] [INFO] Successfully inserted 4 checklist items
[2025-03-15T03:10:48.803Z] [INFO] Completed processing file: collateral-history.md
[2025-03-15T03:10:48.803Z] [INFO] Processing file: diet.md
[2025-03-15T03:10:48.850Z] [INFO] Inserted/updated section: Oral Intake (ID: 2165)
[2025-03-15T03:10:48.851Z] [INFO] Inserting 5 checklist items for section 2165
[2025-03-15T03:10:48.897Z] [INFO] Successfully inserted 5 checklist items
[2025-03-15T03:10:48.958Z] [INFO] Inserted/updated section: Dietary Triggers (ID: 2166)
[2025-03-15T03:10:48.958Z] [INFO] Inserting 4 checklist items for section 2166
[2025-03-15T03:10:49.010Z] [INFO] Successfully inserted 4 checklist items
[2025-03-15T03:10:49.069Z] [INFO] Inserted/updated section: Specialized Diets (ID: 2167)
[2025-03-15T03:10:49.069Z] [INFO] Inserting 5 checklist items for section 2167
[2025-03-15T03:10:49.212Z] [INFO] Successfully inserted 5 checklist items
[2025-03-15T03:10:49.260Z] [INFO] Inserted/updated section: Hydration Status (ID: 2168)
[2025-03-15T03:10:49.260Z] [INFO] Inserting 4 checklist items for section 2168
[2025-03-15T03:10:49.308Z] [INFO] Successfully inserted 4 checklist items
[2025-03-15T03:10:49.353Z] [INFO] Inserted/updated section: Recent Dietary Changes (ID: 2169)
[2025-03-15T03:10:49.353Z] [INFO] Inserting 7 checklist items for section 2169
[2025-03-15T03:10:49.403Z] [INFO] Successfully inserted 7 checklist items
[2025-03-15T03:10:49.455Z] [INFO] Inserted/updated section: Dietary Supplements (ID: 2170)
[2025-03-15T03:10:49.456Z] [INFO] Inserting 6 checklist items for section 2170
[2025-03-15T03:10:49.504Z] [INFO] Successfully inserted 6 checklist items
[2025-03-15T03:10:49.553Z] [INFO] Inserted/updated section: Appetite (ID: 2171)
[2025-03-15T03:10:49.553Z] [INFO] Inserting 4 checklist items for section 2171
[2025-03-15T03:10:49.600Z] [INFO] Successfully inserted 4 checklist items
[2025-03-15T03:10:49.600Z] [INFO] Completed processing file: diet.md
[2025-03-15T03:10:49.600Z] [INFO] Processing file: differential-diagnosis.md
[2025-03-15T03:10:49.650Z] [INFO] Inserted/updated section: Reflex (Neurally Mediated) Syncope (ID: 2172)
[2025-03-15T03:10:49.650Z] [INFO] Inserting 12 checklist items for section 2172
[2025-03-15T03:10:49.699Z] [INFO] Successfully inserted 12 checklist items
[2025-03-15T03:10:49.758Z] [INFO] Inserted/updated section: Orthostatic Syncope (ID: 2173)
[2025-03-15T03:10:49.758Z] [INFO] Inserting 7 checklist items for section 2173
[2025-03-15T03:10:49.836Z] [INFO] Successfully inserted 7 checklist items
[2025-03-15T03:10:49.888Z] [INFO] Inserted/updated section: Cardiac Syncope (ID: 2174)
[2025-03-15T03:10:49.889Z] [INFO] Inserting 21 checklist items for section 2174
[2025-03-15T03:10:49.941Z] [INFO] Successfully inserted 21 checklist items
[2025-03-15T03:10:49.941Z] [INFO] Inserting 7 checklist items for section 2174
[2025-03-15T03:10:50.030Z] [INFO] Successfully inserted 7 checklist items
[2025-03-15T03:10:50.030Z] [INFO] Inserting 3 checklist items for section 2174
[2025-03-15T03:10:50.101Z] [INFO] Successfully inserted 3 checklist items
[2025-03-15T03:10:50.162Z] [INFO] Inserted/updated section: Cerebrovascular Causes (ID: 2175)
[2025-03-15T03:10:50.162Z] [INFO] Inserting 5 checklist items for section 2175
[2025-03-15T03:10:50.211Z] [INFO] Successfully inserted 5 checklist items
[2025-03-15T03:10:50.267Z] [INFO] Inserted/updated section: Metabolic/Toxic Causes (ID: 2176)
[2025-03-15T03:10:50.267Z] [INFO] Inserting 6 checklist items for section 2176
[2025-03-15T03:10:50.321Z] [INFO] Successfully inserted 6 checklist items
[2025-03-15T03:10:50.383Z] [INFO] Inserted/updated section: Other Medical Causes (ID: 2177)
[2025-03-15T03:10:50.383Z] [INFO] Inserting 6 checklist items for section 2177
[2025-03-15T03:10:50.456Z] [INFO] Successfully inserted 6 checklist items
[2025-03-15T03:10:50.510Z] [INFO] Inserted/updated section: Syncope Mimics (ID: 2178)
[2025-03-15T03:10:50.510Z] [INFO] Inserting 8 checklist items for section 2178
[2025-03-15T03:10:50.558Z] [INFO] Successfully inserted 8 checklist items
[2025-03-15T03:10:50.558Z] [INFO] Completed processing file: differential-diagnosis.md
[2025-03-15T03:10:50.558Z] [INFO] Processing file: disposition.md
[2025-03-15T03:10:50.604Z] [INFO] Inserted/updated section: Primary Disposition Decision (ID: 2179)
[2025-03-15T03:10:50.604Z] [INFO] Inserting 8 checklist items for section 2179
[2025-03-15T03:10:50.660Z] [INFO] Successfully inserted 8 checklist items
[2025-03-15T03:10:50.711Z] [INFO] Inserted/updated section: Disposition Rationale (ID: 2180)
[2025-03-15T03:10:50.711Z] [INFO] Inserting 7 checklist items for section 2180
[2025-03-15T03:10:50.758Z] [INFO] Successfully inserted 7 checklist items
[2025-03-15T03:10:50.807Z] [INFO] Inserted/updated section: Discharge Considerations (ID: 2181)
[2025-03-15T03:10:50.807Z] [INFO] Inserting 7 checklist items for section 2181
[2025-03-15T03:10:50.857Z] [INFO] Successfully inserted 7 checklist items
[2025-03-15T03:10:50.908Z] [INFO] Inserted/updated section: Observation Unit Considerations (ID: 2182)
[2025-03-15T03:10:50.908Z] [INFO] Inserting 7 checklist items for section 2182
[2025-03-15T03:10:50.958Z] [INFO] Successfully inserted 7 checklist items
[2025-03-15T03:10:51.014Z] [INFO] Inserted/updated section: Hospital Admission Considerations (ID: 2183)
[2025-03-15T03:10:51.014Z] [INFO] Inserting 8 checklist items for section 2183
[2025-03-15T03:10:51.062Z] [INFO] Successfully inserted 8 checklist items
[2025-03-15T03:10:51.108Z] [INFO] Inserted/updated section: Telemetry Monitoring Indications (ID: 2184)
[2025-03-15T03:10:51.108Z] [INFO] Inserting 6 checklist items for section 2184
[2025-03-15T03:10:51.156Z] [INFO] Successfully inserted 6 checklist items
[2025-03-15T03:10:51.203Z] [INFO] Inserted/updated section: Intensive Care Unit Indications (ID: 2185)
[2025-03-15T03:10:51.203Z] [INFO] Inserting 7 checklist items for section 2185
[2025-03-15T03:10:51.255Z] [INFO] Successfully inserted 7 checklist items
[2025-03-15T03:10:51.307Z] [INFO] Inserted/updated section: Transfer Considerations (ID: 2186)
[2025-03-15T03:10:51.307Z] [INFO] Inserting 6 checklist items for section 2186
[2025-03-15T03:10:51.356Z] [INFO] Successfully inserted 6 checklist items
[2025-03-15T03:10:51.356Z] [INFO] Completed processing file: disposition.md
[2025-03-15T03:10:51.356Z] [INFO] Processing file: ecg.md
[2025-03-15T03:10:51.404Z] [INFO] Inserted/updated section: Basic ECG Parameters (ID: 2187)
[2025-03-15T03:10:51.405Z] [INFO] Inserting 7 checklist items for section 2187
[2025-03-15T03:10:51.461Z] [INFO] Successfully inserted 7 checklist items
[2025-03-15T03:10:51.509Z] [INFO] Inserted/updated section: Rhythm (ID: 2188)
[2025-03-15T03:10:51.509Z] [INFO] Inserting 9 checklist items for section 2188
[2025-03-15T03:10:51.556Z] [INFO] Successfully inserted 9 checklist items
[2025-03-15T03:10:51.619Z] [INFO] Inserted/updated section: Conduction Abnormalities (ID: 2189)
[2025-03-15T03:10:51.619Z] [INFO] Inserting 11 checklist items for section 2189
[2025-03-15T03:10:51.668Z] [INFO] Successfully inserted 11 checklist items
[2025-03-15T03:10:51.714Z] [INFO] Inserted/updated section: Tachyarrhythmias (ID: 2190)
[2025-03-15T03:10:51.714Z] [INFO] Inserting 7 checklist items for section 2190
[2025-03-15T03:10:51.761Z] [INFO] Successfully inserted 7 checklist items
[2025-03-15T03:10:51.824Z] [INFO] Inserted/updated section: Ischemia/Infarction (ID: 2191)
[2025-03-15T03:10:51.824Z] [INFO] Inserting 6 checklist items for section 2191
[2025-03-15T03:10:51.874Z] [INFO] Successfully inserted 6 checklist items
[2025-03-15T03:10:51.920Z] [INFO] Inserted/updated section: Other ECG Findings (ID: 2192)
[2025-03-15T03:10:51.921Z] [INFO] Inserting 14 checklist items for section 2192
[2025-03-15T03:10:51.970Z] [INFO] Successfully inserted 14 checklist items
[2025-03-15T03:10:52.024Z] [INFO] Inserted/updated section: Serial ECG Changes (ID: 2193)
[2025-03-15T03:10:52.024Z] [INFO] Inserting 4 checklist items for section 2193
[2025-03-15T03:10:52.072Z] [INFO] Successfully inserted 4 checklist items
[2025-03-15T03:10:52.128Z] [INFO] Inserted/updated section: Cardiac Monitor Findings (if available) (ID: 2194)
[2025-03-15T03:10:52.128Z] [INFO] Inserting 2 checklist items for section 2194
[2025-03-15T03:10:52.176Z] [INFO] Successfully inserted 2 checklist items
[2025-03-15T03:10:52.176Z] [INFO] Completed processing file: ecg.md
[2025-03-15T03:10:52.176Z] [INFO] Processing file: history.md
[2025-03-15T03:10:52.226Z] [INFO] Inserted/updated section: Chief Complaint (ID: 2195)
[2025-03-15T03:10:52.226Z] [INFO] Inserting 3 checklist items for section 2195
[2025-03-15T03:10:52.275Z] [INFO] Successfully inserted 3 checklist items
[2025-03-15T03:10:52.320Z] [INFO] Inserted/updated section: Episode Details (ID: 2196)
[2025-03-15T03:10:52.320Z] [INFO] Inserting 4 checklist items for section 2196
[2025-03-15T03:10:52.366Z] [INFO] Successfully inserted 4 checklist items
[2025-03-15T03:10:52.411Z] [INFO] Inserted/updated section: Position During Episode (ID: 2197)
[2025-03-15T03:10:52.412Z] [INFO] Inserting 4 checklist items for section 2197
[2025-03-15T03:10:52.462Z] [INFO] Successfully inserted 4 checklist items
[2025-03-15T03:10:52.508Z] [INFO] Inserted/updated section: Activity During Episode (ID: 2198)
[2025-03-15T03:10:52.508Z] [INFO] Inserting 5 checklist items for section 2198
[2025-03-15T03:10:52.561Z] [INFO] Successfully inserted 5 checklist items
[2025-03-15T03:10:52.608Z] [INFO] Inserted/updated section: Setting (ID: 2199)
[2025-03-15T03:10:52.608Z] [INFO] Inserting 11 checklist items for section 2199
[2025-03-15T03:10:52.677Z] [INFO] Successfully inserted 11 checklist items
[2025-03-15T03:10:52.730Z] [INFO] Inserted/updated section: Precipitating Factors (ID: 2200)
[2025-03-15T03:10:52.730Z] [INFO] Inserting 12 checklist items for section 2200
[2025-03-15T03:10:52.779Z] [INFO] Successfully inserted 12 checklist items
[2025-03-15T03:10:52.824Z] [INFO] Inserted/updated section: Associated Prodromal Symptoms (ID: 2201)
[2025-03-15T03:10:52.824Z] [INFO] Inserting 10 checklist items for section 2201
[2025-03-15T03:10:52.881Z] [INFO] Successfully inserted 10 checklist items
[2025-03-15T03:10:52.940Z] [INFO] Inserted/updated section: Associated Symptoms During/After Episode (ID: 2202)
[2025-03-15T03:10:52.940Z] [INFO] Inserting 13 checklist items for section 2202
[2025-03-15T03:10:52.994Z] [INFO] Successfully inserted 13 checklist items
[2025-03-15T03:10:53.042Z] [INFO] Inserted/updated section: Post-Episode Status (ID: 2203)
[2025-03-15T03:10:53.042Z] [INFO] Inserting 6 checklist items for section 2203
[2025-03-15T03:10:53.102Z] [INFO] Successfully inserted 6 checklist items
[2025-03-15T03:10:53.102Z] [INFO] Completed processing file: history.md
[2025-03-15T03:10:53.102Z] [INFO] Processing file: imaging.md
[2025-03-15T03:10:53.150Z] [INFO] Inserted/updated section: Chest X-ray (ID: 2204)
[2025-03-15T03:10:53.150Z] [INFO] Inserting 11 checklist items for section 2204
[2025-03-15T03:10:53.201Z] [INFO] Successfully inserted 11 checklist items
[2025-03-15T03:10:53.249Z] [INFO] Inserted/updated section: Head CT (ID: 2205)
[2025-03-15T03:10:53.249Z] [INFO] Inserting 9 checklist items for section 2205
[2025-03-15T03:10:53.298Z] [INFO] Successfully inserted 9 checklist items
[2025-03-15T03:10:53.353Z] [INFO] Inserted/updated section: CT Pulmonary Angiogram (ID: 2206)
[2025-03-15T03:10:53.353Z] [INFO] Inserting 10 checklist items for section 2206
[2025-03-15T03:10:53.402Z] [INFO] Successfully inserted 10 checklist items
[2025-03-15T03:10:53.447Z] [INFO] Inserted/updated section: CT Abdomen/Pelvis (ID: 2207)
[2025-03-15T03:10:53.448Z] [INFO] Inserting 9 checklist items for section 2207
[2025-03-15T03:10:53.500Z] [INFO] Successfully inserted 9 checklist items
[2025-03-15T03:10:53.552Z] [INFO] Inserted/updated section: CT Angiogram of Chest (ID: 2208)
[2025-03-15T03:10:53.552Z] [INFO] Inserting 6 checklist items for section 2208
[2025-03-15T03:10:53.613Z] [INFO] Successfully inserted 6 checklist items
[2025-03-15T03:10:53.657Z] [INFO] Inserted/updated section: MRI Brain (ID: 2209)
[2025-03-15T03:10:53.658Z] [INFO] Inserting 8 checklist items for section 2209
[2025-03-15T03:10:53.709Z] [INFO] Successfully inserted 8 checklist items
[2025-03-15T03:10:53.782Z] [INFO] Inserted/updated section: MR Angiography (ID: 2210)
[2025-03-15T03:10:53.782Z] [INFO] Inserting 8 checklist items for section 2210
[2025-03-15T03:10:53.829Z] [INFO] Successfully inserted 8 checklist items
[2025-03-15T03:10:53.878Z] [INFO] Inserted/updated section: Carotid Ultrasound (ID: 2211)
[2025-03-15T03:10:53.878Z] [INFO] Inserting 6 checklist items for section 2211
[2025-03-15T03:10:53.927Z] [INFO] Successfully inserted 6 checklist items
[2025-03-15T03:10:53.975Z] [INFO] Inserted/updated section: Abdominal Ultrasound (ID: 2212)
[2025-03-15T03:10:53.975Z] [INFO] Inserting 6 checklist items for section 2212
[2025-03-15T03:10:54.027Z] [INFO] Successfully inserted 6 checklist items
[2025-03-15T03:10:54.083Z] [INFO] Inserted/updated section: Pelvic Ultrasound (if applicable) (ID: 2213)
[2025-03-15T03:10:54.084Z] [INFO] Inserting 8 checklist items for section 2213
[2025-03-15T03:10:54.217Z] [INFO] Successfully inserted 8 checklist items
[2025-03-15T03:10:54.217Z] [INFO] Completed processing file: imaging.md
[2025-03-15T03:10:54.217Z] [INFO] Processing file: lab-studies.md
[2025-03-15T03:10:54.263Z] [INFO] Inserted/updated section: Complete Blood Count (ID: 2214)
[2025-03-15T03:10:54.263Z] [INFO] Inserting 6 checklist items for section 2214
[2025-03-15T03:10:54.308Z] [INFO] Successfully inserted 6 checklist items
[2025-03-15T03:10:54.354Z] [INFO] Inserted/updated section: Basic Metabolic Panel (ID: 2215)
[2025-03-15T03:10:54.354Z] [INFO] Inserting 10 checklist items for section 2215
[2025-03-15T03:10:54.412Z] [INFO] Successfully inserted 10 checklist items
[2025-03-15T03:10:54.463Z] [INFO] Inserted/updated section: Cardiac Biomarkers (ID: 2216)
[2025-03-15T03:10:54.463Z] [INFO] Inserting 7 checklist items for section 2216
[2025-03-15T03:10:54.511Z] [INFO] Successfully inserted 7 checklist items
[2025-03-15T03:10:54.560Z] [INFO] Inserted/updated section: Coagulation Studies (ID: 2217)
[2025-03-15T03:10:54.560Z] [INFO] Inserting 5 checklist items for section 2217
[2025-03-15T03:10:54.610Z] [INFO] Successfully inserted 5 checklist items
[2025-03-15T03:10:54.655Z] [INFO] Inserted/updated section: Additional Electrolytes (ID: 2218)
[2025-03-15T03:10:54.655Z] [INFO] Inserting 2 checklist items for section 2218
[2025-03-15T03:10:54.699Z] [INFO] Successfully inserted 2 checklist items
[2025-03-15T03:10:54.757Z] [INFO] Inserted/updated section: Liver Function Tests (ID: 2219)
[2025-03-15T03:10:54.757Z] [INFO] Inserting 7 checklist items for section 2219
[2025-03-15T03:10:54.804Z] [INFO] Successfully inserted 7 checklist items
[2025-03-15T03:10:54.849Z] [INFO] Inserted/updated section: Toxicology Screen (ID: 2220)
[2025-03-15T03:10:54.849Z] [INFO] Inserting 4 checklist items for section 2220
[2025-03-15T03:10:54.896Z] [INFO] Successfully inserted 4 checklist items
[2025-03-15T03:10:54.943Z] [INFO] Inserted/updated section: Pregnancy Test (ID: 2221)
[2025-03-15T03:10:54.943Z] [INFO] Inserting 3 checklist items for section 2221
[2025-03-15T03:10:54.990Z] [INFO] Successfully inserted 3 checklist items
[2025-03-15T03:10:55.035Z] [INFO] Inserted/updated section: Thyroid Function Tests (ID: 2222)
[2025-03-15T03:10:55.035Z] [INFO] Inserting 4 checklist items for section 2222
[2025-03-15T03:10:55.084Z] [INFO] Successfully inserted 4 checklist items
[2025-03-15T03:10:55.132Z] [INFO] Inserted/updated section: Arterial Blood Gas (ID: 2223)
[2025-03-15T03:10:55.132Z] [INFO] Inserting 8 checklist items for section 2223
[2025-03-15T03:10:55.184Z] [INFO] Successfully inserted 8 checklist items
[2025-03-15T03:10:55.240Z] [INFO] Inserted/updated section: Urinalysis (ID: 2224)
[2025-03-15T03:10:55.240Z] [INFO] Inserting 10 checklist items for section 2224
[2025-03-15T03:10:55.288Z] [INFO] Successfully inserted 10 checklist items
[2025-03-15T03:10:55.343Z] [INFO] Inserted/updated section: Other Laboratory Tests (ID: 2225)
[2025-03-15T03:10:55.343Z] [INFO] Inserting 4 checklist items for section 2225
[2025-03-15T03:10:55.392Z] [INFO] Successfully inserted 4 checklist items
[2025-03-15T03:10:55.392Z] [INFO] Completed processing file: lab-studies.md
[2025-03-15T03:10:55.392Z] [INFO] Processing file: medications.md
[2025-03-15T03:10:55.438Z] [INFO] Inserted/updated section: Vasodilators (ID: 2226)
[2025-03-15T03:10:55.438Z] [INFO] Inserting 8 checklist items for section 2226
[2025-03-15T03:10:55.494Z] [INFO] Successfully inserted 8 checklist items
[2025-03-15T03:10:55.544Z] [INFO] Inserted/updated section: Diuretics (ID: 2227)
[2025-03-15T03:10:55.544Z] [INFO] Inserting 3 checklist items for section 2227
[2025-03-15T03:10:55.592Z] [INFO] Successfully inserted 3 checklist items
[2025-03-15T03:10:55.638Z] [INFO] Inserted/updated section: Central Antihypertensives (ID: 2228)
[2025-03-15T03:10:55.638Z] [INFO] Inserting 2 checklist items for section 2228
[2025-03-15T03:10:55.686Z] [INFO] Successfully inserted 2 checklist items
[2025-03-15T03:10:55.732Z] [INFO] Inserted/updated section: QT-Prolonging Agents (ID: 2229)
[2025-03-15T03:10:55.732Z] [INFO] Inserting 5 checklist items for section 2229
[2025-03-15T03:10:55.778Z] [INFO] Successfully inserted 5 checklist items
[2025-03-15T03:10:55.830Z] [INFO] Inserted/updated section: Psychoactive Agents (ID: 2230)
[2025-03-15T03:10:55.830Z] [INFO] Inserting 2 checklist items for section 2230
[2025-03-15T03:10:55.887Z] [INFO] Successfully inserted 2 checklist items
[2025-03-15T03:10:55.888Z] [INFO] Inserting 2 checklist items for section 2230
[2025-03-15T03:10:55.944Z] [INFO] Successfully inserted 2 checklist items
[2025-03-15T03:10:55.944Z] [INFO] Inserting 2 checklist items for section 2230
[2025-03-15T03:10:55.995Z] [INFO] Successfully inserted 2 checklist items
[2025-03-15T03:10:55.995Z] [INFO] Inserting 2 checklist items for section 2230
[2025-03-15T03:10:56.041Z] [INFO] Successfully inserted 2 checklist items
[2025-03-15T03:10:56.042Z] [INFO] Inserting 4 checklist items for section 2230
[2025-03-15T03:10:56.094Z] [INFO] Successfully inserted 4 checklist items
[2025-03-15T03:10:56.143Z] [INFO] Inserted/updated section: Other Medications (ID: 2231)
[2025-03-15T03:10:56.143Z] [INFO] Inserting 7 checklist items for section 2231
[2025-03-15T03:10:56.277Z] [INFO] Successfully inserted 7 checklist items
[2025-03-15T03:10:56.325Z] [INFO] Inserted/updated section: Recent Medication Changes (ID: 2232)
[2025-03-15T03:10:56.325Z] [INFO] Inserting 5 checklist items for section 2232
[2025-03-15T03:10:56.372Z] [INFO] Successfully inserted 5 checklist items
[2025-03-15T03:10:56.421Z] [INFO] Inserted/updated section: Medication Compliance (ID: 2233)
[2025-03-15T03:10:56.421Z] [INFO] Inserting 5 checklist items for section 2233
[2025-03-15T03:10:56.467Z] [INFO] Successfully inserted 5 checklist items
[2025-03-15T03:10:56.467Z] [INFO] Completed processing file: medications.md
[2025-03-15T03:10:56.467Z] [INFO] Processing file: past-medical.md
[2025-03-15T03:10:56.514Z] [INFO] Inserted/updated section: Cardiac History (ID: 2234)
[2025-03-15T03:10:56.514Z] [INFO] Inserting 28 checklist items for section 2234
[2025-03-15T03:10:56.563Z] [INFO] Successfully inserted 28 checklist items
[2025-03-15T03:10:56.617Z] [INFO] Inserted/updated section: Vascular History (ID: 2235)
[2025-03-15T03:10:56.617Z] [INFO] Inserting 9 checklist items for section 2235
[2025-03-15T03:10:56.665Z] [INFO] Successfully inserted 9 checklist items
[2025-03-15T03:10:56.711Z] [INFO] Inserted/updated section: Pulmonary History (ID: 2236)
[2025-03-15T03:10:56.711Z] [INFO] Inserting 5 checklist items for section 2236
[2025-03-15T03:10:56.775Z] [INFO] Successfully inserted 5 checklist items
[2025-03-15T03:10:56.820Z] [INFO] Inserted/updated section: Neurological History (ID: 2237)
[2025-03-15T03:10:56.820Z] [INFO] Inserting 8 checklist items for section 2237
[2025-03-15T03:10:56.878Z] [INFO] Successfully inserted 8 checklist items
[2025-03-15T03:10:56.924Z] [INFO] Inserted/updated section: Endocrine History (ID: 2238)
[2025-03-15T03:10:56.924Z] [INFO] Inserting 4 checklist items for section 2238
[2025-03-15T03:10:56.986Z] [INFO] Successfully inserted 4 checklist items
[2025-03-15T03:10:57.039Z] [INFO] Inserted/updated section: Hematologic History (ID: 2239)
[2025-03-15T03:10:57.039Z] [INFO] Inserting 3 checklist items for section 2239
[2025-03-15T03:10:57.089Z] [INFO] Successfully inserted 3 checklist items
[2025-03-15T03:10:57.143Z] [INFO] Inserted/updated section: Gastrointestinal History (ID: 2240)
[2025-03-15T03:10:57.144Z] [INFO] Inserting 3 checklist items for section 2240
[2025-03-15T03:10:57.194Z] [INFO] Successfully inserted 3 checklist items
[2025-03-15T03:10:57.240Z] [INFO] Inserted/updated section: Genitourinary History (ID: 2241)
[2025-03-15T03:10:57.241Z] [INFO] Inserting 2 checklist items for section 2241
[2025-03-15T03:10:57.286Z] [INFO] Successfully inserted 2 checklist items
[2025-03-15T03:10:57.341Z] [INFO] Inserted/updated section: Psychiatric History (ID: 2242)
[2025-03-15T03:10:57.341Z] [INFO] Inserting 5 checklist items for section 2242
[2025-03-15T03:10:57.393Z] [INFO] Successfully inserted 5 checklist items
[2025-03-15T03:10:57.445Z] [INFO] Inserted/updated section: Previous Episodes (ID: 2243)
[2025-03-15T03:10:57.445Z] [INFO] Inserting 7 checklist items for section 2243
[2025-03-15T03:10:57.496Z] [INFO] Successfully inserted 7 checklist items
[2025-03-15T03:10:57.497Z] [INFO] Completed processing file: past-medical.md
[2025-03-15T03:10:57.497Z] [INFO] Processing file: patient-education.md
[2025-03-15T03:10:57.543Z] [INFO] Inserted/updated section: General Syncope Information (ID: 2244)
[2025-03-15T03:10:57.543Z] [INFO] Inserting 6 checklist items for section 2244
[2025-03-15T03:10:57.594Z] [INFO] Successfully inserted 6 checklist items
[2025-03-15T03:10:57.647Z] [INFO] Inserted/updated section: Safety Considerations (ID: 2245)
[2025-03-15T03:10:57.647Z] [INFO] Inserting 8 checklist items for section 2245
[2025-03-15T03:10:57.700Z] [INFO] Successfully inserted 8 checklist items
[2025-03-15T03:10:57.747Z] [INFO] Inserted/updated section: Specific Cause Education (if identified) (ID: 2246)
[2025-03-15T03:10:57.748Z] [INFO] Inserting 7 checklist items for section 2246
[2025-03-15T03:10:57.797Z] [INFO] Successfully inserted 7 checklist items
[2025-03-15T03:10:57.847Z] [INFO] Inserted/updated section: Prodromal Symptom Recognition (ID: 2247)
[2025-03-15T03:10:57.847Z] [INFO] Inserting 5 checklist items for section 2247
[2025-03-15T03:10:57.898Z] [INFO] Successfully inserted 5 checklist items
[2025-03-15T03:10:57.945Z] [INFO] Inserted/updated section: Physical Counterpressure Maneuvers (ID: 2248)
[2025-03-15T03:10:57.945Z] [INFO] Inserting 5 checklist items for section 2248
[2025-03-15T03:10:57.992Z] [INFO] Successfully inserted 5 checklist items
[2025-03-15T03:10:58.038Z] [INFO] Inserted/updated section: Lifestyle Modifications (ID: 2249)
[2025-03-15T03:10:58.038Z] [INFO] Inserting 8 checklist items for section 2249
[2025-03-15T03:10:58.091Z] [INFO] Successfully inserted 8 checklist items
[2025-03-15T03:10:58.137Z] [INFO] Inserted/updated section: Medication Education (ID: 2250)
[2025-03-15T03:10:58.138Z] [INFO] Inserting 6 checklist items for section 2250
[2025-03-15T03:10:58.195Z] [INFO] Successfully inserted 6 checklist items
[2025-03-15T03:10:58.247Z] [INFO] Inserted/updated section: Follow-up Care (ID: 2251)
[2025-03-15T03:10:58.248Z] [INFO] Inserting 7 checklist items for section 2251
[2025-03-15T03:10:58.313Z] [INFO] Successfully inserted 7 checklist items
[2025-03-15T03:10:58.361Z] [INFO] Inserted/updated section: Warning Signs Requiring Immediate Attention (ID: 2252)
[2025-03-15T03:10:58.361Z] [INFO] Inserting 8 checklist items for section 2252
[2025-03-15T03:10:58.427Z] [INFO] Successfully inserted 8 checklist items
[2025-03-15T03:10:58.473Z] [INFO] Inserted/updated section: Family Education (ID: 2253)
[2025-03-15T03:10:58.474Z] [INFO] Inserting 6 checklist items for section 2253
[2025-03-15T03:10:58.520Z] [INFO] Successfully inserted 6 checklist items
[2025-03-15T03:10:58.520Z] [INFO] Completed processing file: patient-education.md
[2025-03-15T03:10:58.520Z] [INFO] Processing file: physical-exam.md
[2025-03-15T03:10:58.567Z] [INFO] Inserted/updated section: Vital Signs (ID: 2254)
[2025-03-15T03:10:58.567Z] [INFO] Inserting 6 checklist items for section 2254
[2025-03-15T03:10:58.614Z] [INFO] Successfully inserted 6 checklist items
[2025-03-15T03:10:58.663Z] [INFO] Inserted/updated section: Orthostatic Vital Signs (ID: 2255)
[2025-03-15T03:10:58.663Z] [INFO] Inserting 13 checklist items for section 2255
[2025-03-15T03:10:58.719Z] [INFO] Successfully inserted 13 checklist items
[2025-03-15T03:10:58.773Z] [INFO] Inserted/updated section: General Appearance (ID: 2256)
[2025-03-15T03:10:58.773Z] [INFO] Inserting 6 checklist items for section 2256
[2025-03-15T03:10:58.827Z] [INFO] Successfully inserted 6 checklist items
[2025-03-15T03:10:58.874Z] [INFO] Inserted/updated section: Head, Eyes, Ears, Nose, Throat (ID: 2257)
[2025-03-15T03:10:58.874Z] [INFO] Inserting 9 checklist items for section 2257
[2025-03-15T03:10:58.923Z] [INFO] Successfully inserted 9 checklist items
[2025-03-15T03:10:58.972Z] [INFO] Inserted/updated section: Cardiovascular (ID: 2258)
[2025-03-15T03:10:58.972Z] [INFO] Inserting 19 checklist items for section 2258
[2025-03-15T03:10:59.020Z] [INFO] Successfully inserted 19 checklist items
[2025-03-15T03:10:59.068Z] [INFO] Inserted/updated section: Pulmonary (ID: 2259)
[2025-03-15T03:10:59.068Z] [INFO] Inserting 7 checklist items for section 2259
[2025-03-15T03:10:59.122Z] [INFO] Successfully inserted 7 checklist items
[2025-03-15T03:10:59.172Z] [INFO] Inserted/updated section: Abdominal (ID: 2260)
[2025-03-15T03:10:59.172Z] [INFO] Inserting 12 checklist items for section 2260
[2025-03-15T03:10:59.246Z] [INFO] Successfully inserted 12 checklist items
[2025-03-15T03:10:59.292Z] [INFO] Inserted/updated section: Neurological (ID: 2261)
[2025-03-15T03:10:59.292Z] [INFO] Inserting 20 checklist items for section 2261
[2025-03-15T03:10:59.346Z] [INFO] Successfully inserted 20 checklist items
[2025-03-15T03:10:59.395Z] [INFO] Inserted/updated section: Extremities (ID: 2262)
[2025-03-15T03:10:59.395Z] [INFO] Inserting 7 checklist items for section 2262
[2025-03-15T03:10:59.441Z] [INFO] Successfully inserted 7 checklist items
[2025-03-15T03:10:59.489Z] [INFO] Inserted/updated section: Skin (ID: 2263)
[2025-03-15T03:10:59.489Z] [INFO] Inserting 8 checklist items for section 2263
[2025-03-15T03:10:59.535Z] [INFO] Successfully inserted 8 checklist items
[2025-03-15T03:10:59.583Z] [INFO] Inserted/updated section: Rectal Examination (if indicated) (ID: 2264)
[2025-03-15T03:10:59.584Z] [INFO] Inserting 3 checklist items for section 2264
[2025-03-15T03:10:59.632Z] [INFO] Successfully inserted 3 checklist items
[2025-03-15T03:10:59.632Z] [INFO] Completed processing file: physical-exam.md
[2025-03-15T03:10:59.632Z] [INFO] Processing file: plan.md
[2025-03-15T03:10:59.680Z] [INFO] Inserted/updated section: Immediate Management (ID: 2265)
[2025-03-15T03:10:59.680Z] [INFO] Inserting 9 checklist items for section 2265
[2025-03-15T03:10:59.727Z] [INFO] Successfully inserted 9 checklist items
[2025-03-15T03:10:59.782Z] [INFO] Inserted/updated section: Additional Testing (ID: 2266)
[2025-03-15T03:10:59.782Z] [INFO] Inserting 12 checklist items for section 2266
[2025-03-15T03:10:59.834Z] [INFO] Successfully inserted 12 checklist items
[2025-03-15T03:10:59.882Z] [INFO] Inserted/updated section: Medication Recommendations (ID: 2267)
[2025-03-15T03:10:59.882Z] [INFO] Inserting 6 checklist items for section 2267
[2025-03-15T03:10:59.929Z] [INFO] Successfully inserted 6 checklist items
[2025-03-15T03:10:59.980Z] [INFO] Inserted/updated section: Lifestyle Modifications (ID: 2268)
[2025-03-15T03:10:59.980Z] [INFO] Inserting 8 checklist items for section 2268
[2025-03-15T03:11:00.061Z] [INFO] Successfully inserted 8 checklist items
[2025-03-15T03:11:00.113Z] [INFO] Inserted/updated section: Cardiac Intervention Considerations (ID: 2269)
[2025-03-15T03:11:00.113Z] [INFO] Inserting 6 checklist items for section 2269
[2025-03-15T03:11:00.161Z] [INFO] Successfully inserted 6 checklist items
[2025-03-15T03:11:00.215Z] [INFO] Inserted/updated section: Follow-up Care (ID: 2270)
[2025-03-15T03:11:00.215Z] [INFO] Inserting 10 checklist items for section 2270
[2025-03-15T03:11:00.263Z] [INFO] Successfully inserted 10 checklist items
[2025-03-15T03:11:00.309Z] [INFO] Inserted/updated section: Preventive Measures (ID: 2271)
[2025-03-15T03:11:00.309Z] [INFO] Inserting 7 checklist items for section 2271
[2025-03-15T03:11:00.357Z] [INFO] Successfully inserted 7 checklist items
[2025-03-15T03:11:00.407Z] [INFO] Inserted/updated section: Special Considerations (ID: 2272)
[2025-03-15T03:11:00.407Z] [INFO] Inserting 5 checklist items for section 2272
[2025-03-15T03:11:00.459Z] [INFO] Successfully inserted 5 checklist items
[2025-03-15T03:11:00.459Z] [INFO] Completed processing file: plan.md
[2025-03-15T03:11:00.459Z] [INFO] Processing file: review-systems.md
[2025-03-15T03:11:00.506Z] [INFO] Inserted/updated section: Constitutional (ID: 2273)
[2025-03-15T03:11:00.507Z] [INFO] Inserting 4 checklist items for section 2273
[2025-03-15T03:11:00.553Z] [INFO] Successfully inserted 4 checklist items
[2025-03-15T03:11:00.603Z] [INFO] Inserted/updated section: Cardiovascular (ID: 2274)
[2025-03-15T03:11:00.603Z] [INFO] Inserting 8 checklist items for section 2274
[2025-03-15T03:11:00.654Z] [INFO] Successfully inserted 8 checklist items
[2025-03-15T03:11:00.700Z] [INFO] Inserted/updated section: Respiratory (ID: 2275)
[2025-03-15T03:11:00.700Z] [INFO] Inserting 5 checklist items for section 2275
[2025-03-15T03:11:00.748Z] [INFO] Successfully inserted 5 checklist items
[2025-03-15T03:11:00.795Z] [INFO] Inserted/updated section: Neurological (ID: 2276)
[2025-03-15T03:11:00.795Z] [INFO] Inserting 11 checklist items for section 2276
[2025-03-15T03:11:00.843Z] [INFO] Successfully inserted 11 checklist items
[2025-03-15T03:11:00.895Z] [INFO] Inserted/updated section: Gastrointestinal (ID: 2277)
[2025-03-15T03:11:00.895Z] [INFO] Inserting 8 checklist items for section 2277
[2025-03-15T03:11:00.952Z] [INFO] Successfully inserted 8 checklist items
[2025-03-15T03:11:01.004Z] [INFO] Inserted/updated section: Genitourinary (ID: 2278)
[2025-03-15T03:11:01.004Z] [INFO] Inserting 7 checklist items for section 2278
[2025-03-15T03:11:01.051Z] [INFO] Successfully inserted 7 checklist items
[2025-03-15T03:11:01.098Z] [INFO] Inserted/updated section: Psychiatric (ID: 2279)
[2025-03-15T03:11:01.098Z] [INFO] Inserting 6 checklist items for section 2279
[2025-03-15T03:11:01.148Z] [INFO] Successfully inserted 6 checklist items
[2025-03-15T03:11:01.202Z] [INFO] Inserted/updated section: Endocrine (ID: 2280)
[2025-03-15T03:11:01.202Z] [INFO] Inserting 4 checklist items for section 2280
[2025-03-15T03:11:01.262Z] [INFO] Successfully inserted 4 checklist items
[2025-03-15T03:11:01.327Z] [INFO] Inserted/updated section: Hematologic (ID: 2281)
[2025-03-15T03:11:01.327Z] [INFO] Inserting 3 checklist items for section 2281
[2025-03-15T03:11:01.394Z] [INFO] Successfully inserted 3 checklist items
[2025-03-15T03:11:01.445Z] [INFO] Inserted/updated section: Musculoskeletal (ID: 2282)
[2025-03-15T03:11:01.445Z] [INFO] Inserting 3 checklist items for section 2282
[2025-03-15T03:11:01.500Z] [INFO] Successfully inserted 3 checklist items
[2025-03-15T03:11:01.550Z] [INFO] Inserted/updated section: Ear, Nose, Throat (ID: 2283)
[2025-03-15T03:11:01.550Z] [INFO] Inserting 4 checklist items for section 2283
[2025-03-15T03:11:01.602Z] [INFO] Successfully inserted 4 checklist items
[2025-03-15T03:11:01.657Z] [INFO] Inserted/updated section: Eyes (ID: 2284)
[2025-03-15T03:11:01.657Z] [INFO] Inserting 4 checklist items for section 2284
[2025-03-15T03:11:01.705Z] [INFO] Successfully inserted 4 checklist items
[2025-03-15T03:11:01.706Z] [INFO] Completed processing file: review-systems.md
[2025-03-15T03:11:01.706Z] [INFO] Processing file: risk-factors.md
[2025-03-15T03:11:01.756Z] [INFO] Inserted/updated section: Demographic Risk Factors (ID: 2285)
[2025-03-15T03:11:01.756Z] [INFO] Inserting 3 checklist items for section 2285
[2025-03-15T03:11:01.804Z] [INFO] Successfully inserted 3 checklist items
[2025-03-15T03:11:01.856Z] [INFO] Inserted/updated section: Cardiac Risk Factors (ID: 2286)
[2025-03-15T03:11:01.856Z] [INFO] Inserting 15 checklist items for section 2286
[2025-03-15T03:11:01.909Z] [INFO] Successfully inserted 15 checklist items
[2025-03-15T03:11:01.958Z] [INFO] Inserted/updated section: Vascular Risk Factors (ID: 2287)
[2025-03-15T03:11:01.958Z] [INFO] Inserting 9 checklist items for section 2287
[2025-03-15T03:11:02.012Z] [INFO] Successfully inserted 9 checklist items
[2025-03-15T03:11:02.059Z] [INFO] Inserted/updated section: Pulmonary Embolism Risk Factors (ID: 2288)
[2025-03-15T03:11:02.059Z] [INFO] Inserting 10 checklist items for section 2288
[2025-03-15T03:11:02.118Z] [INFO] Successfully inserted 10 checklist items
[2025-03-15T03:11:02.172Z] [INFO] Inserted/updated section: Orthostatic Hypotension Risk Factors (ID: 2289)
[2025-03-15T03:11:02.173Z] [INFO] Inserting 7 checklist items for section 2289
[2025-03-15T03:11:02.227Z] [INFO] Successfully inserted 7 checklist items
[2025-03-15T03:11:02.277Z] [INFO] Inserted/updated section: Canadian Syncope Risk Score Factors (ID: 2290)
[2025-03-15T03:11:02.278Z] [INFO] Inserting 9 checklist items for section 2290
[2025-03-15T03:11:02.421Z] [INFO] Successfully inserted 9 checklist items
[2025-03-15T03:11:02.465Z] [INFO] Inserted/updated section: San Francisco Syncope Rule Factors (ID: 2291)
[2025-03-15T03:11:02.465Z] [INFO] Inserting 5 checklist items for section 2291
[2025-03-15T03:11:02.513Z] [INFO] Successfully inserted 5 checklist items
[2025-03-15T03:11:02.575Z] [INFO] Inserted/updated section: FAINT Score Factors (ID: 2292)
[2025-03-15T03:11:02.575Z] [INFO] Inserting 5 checklist items for section 2292
[2025-03-15T03:11:02.622Z] [INFO] Successfully inserted 5 checklist items
[2025-03-15T03:11:02.622Z] [INFO] Completed processing file: risk-factors.md
[2025-03-15T03:11:02.622Z] [INFO] Processing file: special-tests.md
[2025-03-15T03:11:02.668Z] [INFO] Inserted/updated section: Bedside Ultrasonography (ID: 2293)
[2025-03-15T03:11:02.668Z] [INFO] Inserting 19 checklist items for section 2293
[2025-03-15T03:11:02.720Z] [INFO] Successfully inserted 19 checklist items
[2025-03-15T03:11:02.778Z] [INFO] Inserted/updated section: Tilt Table Test (ID: 2294)
[2025-03-15T03:11:02.778Z] [INFO] Inserting 11 checklist items for section 2294
[2025-03-15T03:11:02.828Z] [INFO] Successfully inserted 11 checklist items
[2025-03-15T03:11:02.879Z] [INFO] Inserted/updated section: Carotid Sinus Massage (ID: 2295)
[2025-03-15T03:11:02.879Z] [INFO] Inserting 9 checklist items for section 2295
[2025-03-15T03:11:02.935Z] [INFO] Successfully inserted 9 checklist items
[2025-03-15T03:11:02.982Z] [INFO] Inserted/updated section: Stress Test (ID: 2296)
[2025-03-15T03:11:02.982Z] [INFO] Inserting 11 checklist items for section 2296
[2025-03-15T03:11:03.039Z] [INFO] Successfully inserted 11 checklist items
[2025-03-15T03:11:03.087Z] [INFO] Inserted/updated section: Ambulatory Cardiac Monitoring (ID: 2297)
[2025-03-15T03:11:03.087Z] [INFO] Inserting 14 checklist items for section 2297
[2025-03-15T03:11:03.137Z] [INFO] Successfully inserted 14 checklist items
[2025-03-15T03:11:03.185Z] [INFO] Inserted/updated section: Electroencephalogram (EEG) (ID: 2298)
[2025-03-15T03:11:03.185Z] [INFO] Inserting 7 checklist items for section 2298
[2025-03-15T03:11:03.235Z] [INFO] Successfully inserted 7 checklist items
[2025-03-15T03:11:03.288Z] [INFO] Inserted/updated section: Cardiac Catheterization (ID: 2299)
[2025-03-15T03:11:03.288Z] [INFO] Inserting 7 checklist items for section 2299
[2025-03-15T03:11:03.341Z] [INFO] Successfully inserted 7 checklist items
[2025-03-15T03:11:03.395Z] [INFO] Inserted/updated section: Electrophysiology Study (ID: 2300)
[2025-03-15T03:11:03.395Z] [INFO] Inserting 6 checklist items for section 2300
[2025-03-15T03:11:03.445Z] [INFO] Successfully inserted 6 checklist items
[2025-03-15T03:11:03.445Z] [INFO] Completed processing file: special-tests.md
[2025-03-15T03:11:03.445Z] [INFO] Completed processing chapter: Ch11_Syncope
[2025-03-15T03:11:03.445Z] [INFO] Migration completed: 1 chapters processed successfully, 0 chapters had errors
