[2025-03-19T02:06:08.141Z] [INFO] Starting migration...
[2025-03-19T02:06:08.142Z] [INFO] Inserting categories...
[2025-03-19T02:06:08.298Z] [INFO] All categories already exist, skipping insertion
[2025-03-19T02:06:08.298Z] [INFO] Found 1 chapter directories to process
[2025-03-19T02:06:08.298Z] [INFO] Processing chapter: Ch9_Weakness
[2025-03-19T02:06:08.370Z] [INFO] Inserted/updated chapter: Weakness (ID: 2)
[2025-03-19T02:06:08.370Z] [INFO] Processing file: history.md
[2025-03-19T02:06:08.441Z] [INFO] Inserted/updated section: Onset (ID: 70)
[2025-03-19T02:06:08.442Z] [INFO] Inserting 3 checklist items for section 70
[2025-03-19T02:06:08.613Z] [INFO] Successfully inserted 3 checklist items
[2025-03-19T02:06:08.673Z] [INFO] Inserted/updated section: Progression (ID: 71)
[2025-03-19T02:06:08.674Z] [INFO] Inserting 3 checklist items for section 71
[2025-03-19T02:06:08.835Z] [INFO] Successfully inserted 3 checklist items
[2025-03-19T02:06:08.890Z] [INFO] Inserted/updated section: Quality (ID: 72)
[2025-03-19T02:06:08.891Z] [INFO] Inserting 6 checklist items for section 72
[2025-03-19T02:06:09.217Z] [INFO] Successfully inserted 6 checklist items
[2025-03-19T02:06:09.267Z] [INFO] Inserted/updated section: Region/Radiation (ID: 73)
[2025-03-19T02:06:09.268Z] [INFO] Inserting 13 checklist items for section 73
[2025-03-19T02:06:10.000Z] [INFO] Successfully inserted 13 checklist items
[2025-03-19T02:06:10.052Z] [INFO] Inserted/updated section: Severity (ID: 74)
[2025-03-19T02:06:10.053Z] [INFO] Inserting 3 checklist items for section 74
[2025-03-19T02:06:10.209Z] [INFO] Successfully inserted 3 checklist items
[2025-03-19T02:06:10.261Z] [INFO] Inserted/updated section: Timing (ID: 75)
[2025-03-19T02:06:10.262Z] [INFO] Inserting 4 checklist items for section 75
[2025-03-19T02:06:10.460Z] [INFO] Successfully inserted 4 checklist items
[2025-03-19T02:06:10.511Z] [INFO] Inserted/updated section: Exacerbating/Alleviating Factors (ID: 76)
[2025-03-19T02:06:10.512Z] [INFO] Inserting 3 checklist items for section 76
[2025-03-19T02:06:10.693Z] [INFO] Successfully inserted 3 checklist items
[2025-03-19T02:06:10.756Z] [INFO] Inserted/updated section: Associated Symptoms (ID: 77)
[2025-03-19T02:06:10.757Z] [INFO] Inserting 10 checklist items for section 77
[2025-03-19T02:06:11.293Z] [INFO] Successfully inserted 10 checklist items
[2025-03-19T02:06:11.293Z] [INFO] Completed processing file: history.md
[2025-03-19T02:06:11.294Z] [INFO] Processing file: alarm-features.md
[2025-03-19T02:06:11.351Z] [INFO] Inserted/updated section: Critical Signs (ID: 78)
[2025-03-19T02:06:11.351Z] [INFO] Inserting 9 checklist items for section 78
[2025-03-19T02:06:11.814Z] [INFO] Successfully inserted 9 checklist items
[2025-03-19T02:06:11.863Z] [INFO] Inserted/updated section: Neurologic Red Flags (ID: 79)
[2025-03-19T02:06:11.863Z] [INFO] Inserting 11 checklist items for section 79
[2025-03-19T02:06:12.430Z] [INFO] Successfully inserted 11 checklist items
[2025-03-19T02:06:12.490Z] [INFO] Inserted/updated section: Neuromuscular Crisis (ID: 80)
[2025-03-19T02:06:12.491Z] [INFO] Inserting 5 checklist items for section 80
[2025-03-19T02:06:12.777Z] [INFO] Successfully inserted 5 checklist items
[2025-03-19T02:06:12.778Z] [INFO] Completed processing file: alarm-features.md
[2025-03-19T02:06:12.778Z] [INFO] Processing file: medications.md
[2025-03-19T02:06:12.830Z] [INFO] Inserted/updated section: Current Medications (ID: 81)
[2025-03-19T02:06:12.831Z] [INFO] Inserting 11 checklist items for section 81
[2025-03-19T02:06:13.874Z] [INFO] Successfully inserted 11 checklist items
[2025-03-19T02:06:13.932Z] [INFO] Inserted/updated section: Toxin Exposure (ID: 82)
[2025-03-19T02:06:13.933Z] [INFO] Inserting 1 checklist items for section 82
[2025-03-19T02:06:13.993Z] [INFO] Successfully inserted 1 checklist items
[2025-03-19T02:06:13.993Z] [INFO] Completed processing file: medications.md
[2025-03-19T02:06:13.993Z] [INFO] Processing file: diet.md
[2025-03-19T02:06:14.040Z] [INFO] Inserted/updated section: Hydration Status (ID: 83)
[2025-03-19T02:06:14.040Z] [INFO] Inserting 2 checklist items for section 83
[2025-03-19T02:06:14.142Z] [INFO] Successfully inserted 2 checklist items
[2025-03-19T02:06:14.199Z] [INFO] Inserted/updated section: Nutritional Factors (ID: 84)
[2025-03-19T02:06:14.199Z] [INFO] Inserting 2 checklist items for section 84
[2025-03-19T02:06:14.297Z] [INFO] Successfully inserted 2 checklist items
[2025-03-19T02:06:14.298Z] [INFO] Completed processing file: diet.md
[2025-03-19T02:06:14.299Z] [INFO] Processing file: review-systems.md
[2025-03-19T02:06:14.349Z] [INFO] Inserted/updated section: Neurological (ID: 85)
[2025-03-19T02:06:14.349Z] [INFO] Inserting 11 checklist items for section 85
[2025-03-19T02:06:14.944Z] [INFO] Successfully inserted 11 checklist items
[2025-03-19T02:06:15.008Z] [INFO] Inserted/updated section: Cardiovascular (ID: 86)
[2025-03-19T02:06:15.008Z] [INFO] Inserting 3 checklist items for section 86
[2025-03-19T02:06:15.187Z] [INFO] Successfully inserted 3 checklist items
[2025-03-19T02:06:15.243Z] [INFO] Inserted/updated section: Respiratory (ID: 87)
[2025-03-19T02:06:15.243Z] [INFO] Inserting 2 checklist items for section 87
[2025-03-19T02:06:15.350Z] [INFO] Successfully inserted 2 checklist items
[2025-03-19T02:06:15.402Z] [INFO] Inserted/updated section: Gastrointestinal (ID: 88)
[2025-03-19T02:06:15.403Z] [INFO] Inserting 2 checklist items for section 88
[2025-03-19T02:06:15.508Z] [INFO] Successfully inserted 2 checklist items
[2025-03-19T02:06:15.559Z] [INFO] Inserted/updated section: Genitourinary (ID: 89)
[2025-03-19T02:06:15.560Z] [INFO] Inserting 4 checklist items for section 89
[2025-03-19T02:06:15.769Z] [INFO] Successfully inserted 4 checklist items
[2025-03-19T02:06:15.847Z] [INFO] Inserted/updated section: Musculoskeletal (ID: 90)
[2025-03-19T02:06:15.848Z] [INFO] Inserting 7 checklist items for section 90
[2025-03-19T02:06:16.245Z] [INFO] Successfully inserted 7 checklist items
[2025-03-19T02:06:16.294Z] [INFO] Inserted/updated section: Skin (ID: 91)
[2025-03-19T02:06:16.294Z] [INFO] Inserting 2 checklist items for section 91
[2025-03-19T02:06:16.398Z] [INFO] Successfully inserted 2 checklist items
[2025-03-19T02:06:16.459Z] [INFO] Inserted/updated section: Autonomic (ID: 92)
[2025-03-19T02:06:16.460Z] [INFO] Inserting 6 checklist items for section 92
[2025-03-19T02:06:16.791Z] [INFO] Successfully inserted 6 checklist items
[2025-03-19T02:06:16.791Z] [INFO] Completed processing file: review-systems.md
[2025-03-19T02:06:16.792Z] [INFO] Processing file: collateral-history.md
[2025-03-19T02:06:16.845Z] [INFO] Inserted/updated section: Witness Accounts (ID: 93)
[2025-03-19T02:06:16.846Z] [INFO] Inserting 2 checklist items for section 93
[2025-03-19T02:06:16.957Z] [INFO] Successfully inserted 2 checklist items
[2025-03-19T02:06:17.022Z] [INFO] Inserted/updated section: Prior Episodes (ID: 94)
[2025-03-19T02:06:17.023Z] [INFO] Inserting 2 checklist items for section 94
[2025-03-19T02:06:17.125Z] [INFO] Successfully inserted 2 checklist items
[2025-03-19T02:06:17.126Z] [INFO] Completed processing file: collateral-history.md
[2025-03-19T02:06:17.127Z] [INFO] Processing file: risk-factors.md
[2025-03-19T02:06:17.179Z] [INFO] Inserted/updated section: Patient Demographics (ID: 95)
[2025-03-19T02:06:17.180Z] [INFO] Inserting 2 checklist items for section 95
[2025-03-19T02:06:17.279Z] [INFO] Successfully inserted 2 checklist items
[2025-03-19T02:06:17.340Z] [INFO] Inserted/updated section: Vascular Risk Factors (ID: 96)
[2025-03-19T02:06:17.341Z] [INFO] Inserting 1 checklist items for section 96
[2025-03-19T02:06:17.396Z] [INFO] Successfully inserted 1 checklist items
[2025-03-19T02:06:17.455Z] [INFO] Inserted/updated section: Infection Risk (ID: 97)
[2025-03-19T02:06:17.455Z] [INFO] Inserting 4 checklist items for section 97
[2025-03-19T02:06:17.670Z] [INFO] Successfully inserted 4 checklist items
[2025-03-19T02:06:17.730Z] [INFO] Inserted/updated section: Neuromuscular Risk Factors (ID: 98)
[2025-03-19T02:06:17.730Z] [INFO] Inserting 3 checklist items for section 98
[2025-03-19T02:06:17.880Z] [INFO] Successfully inserted 3 checklist items
[2025-03-19T02:06:17.881Z] [INFO] Completed processing file: risk-factors.md
[2025-03-19T02:06:17.881Z] [INFO] Processing file: differential-diagnosis.md
[2025-03-19T02:06:17.934Z] [INFO] Inserted/updated section: Critical Diagnoses (ID: 99)
[2025-03-19T02:06:17.934Z] [INFO] Inserting 31 checklist items for section 99
[2025-03-19T02:06:19.597Z] [INFO] Successfully inserted 31 checklist items
[2025-03-19T02:06:19.658Z] [INFO] Inserted/updated section: Emergent Diagnoses (ID: 100)
[2025-03-19T02:06:19.658Z] [INFO] Inserting 16 checklist items for section 100
[2025-03-19T02:06:20.565Z] [INFO] Successfully inserted 16 checklist items
[2025-03-19T02:06:20.615Z] [INFO] Inserted/updated section: Non-neurologic Causes (ID: 101)
[2025-03-19T02:06:20.616Z] [INFO] Inserting 14 checklist items for section 101
[2025-03-19T02:06:21.405Z] [INFO] Successfully inserted 14 checklist items
[2025-03-19T02:06:21.406Z] [INFO] Completed processing file: differential-diagnosis.md
[2025-03-19T02:06:21.407Z] [INFO] Processing file: past-medical.md
[2025-03-19T02:06:21.455Z] [INFO] Inserted/updated section: Neurological History (ID: 102)
[2025-03-19T02:06:21.456Z] [INFO] Inserting 7 checklist items for section 102
[2025-03-19T02:06:21.836Z] [INFO] Successfully inserted 7 checklist items
[2025-03-19T02:06:21.900Z] [INFO] Inserted/updated section: Cardiac History (ID: 103)
[2025-03-19T02:06:21.901Z] [INFO] Inserting 2 checklist items for section 103
[2025-03-19T02:06:22.003Z] [INFO] Successfully inserted 2 checklist items
[2025-03-19T02:06:22.063Z] [INFO] Inserted/updated section: Other Medical Conditions (ID: 104)
[2025-03-19T02:06:22.064Z] [INFO] Inserting 5 checklist items for section 104
[2025-03-19T02:06:22.322Z] [INFO] Successfully inserted 5 checklist items
[2025-03-19T02:06:22.323Z] [INFO] Completed processing file: past-medical.md
[2025-03-19T02:06:22.323Z] [INFO] Processing file: physical-exam.md
[2025-03-19T02:06:22.387Z] [INFO] Inserted/updated section: Vital Signs (ID: 105)
[2025-03-19T02:06:22.388Z] [INFO] Inserting 5 checklist items for section 105
[2025-03-19T02:06:22.638Z] [INFO] Successfully inserted 5 checklist items
[2025-03-19T02:06:22.689Z] [INFO] Inserted/updated section: Orthostatic Vitals (ID: 106)
[2025-03-19T02:06:22.690Z] [INFO] Inserting 6 checklist items for section 106
[2025-03-19T02:06:23.002Z] [INFO] Successfully inserted 6 checklist items
[2025-03-19T02:06:23.052Z] [INFO] Inserted/updated section: General (ID: 107)
[2025-03-19T02:06:23.052Z] [INFO] Inserting 3 checklist items for section 107
[2025-03-19T02:06:23.265Z] [INFO] Successfully inserted 3 checklist items
[2025-03-19T02:06:23.319Z] [INFO] Inserted/updated section: Neurological Exam (ID: 108)
[2025-03-19T02:06:23.320Z] [INFO] Inserting 75 checklist items for section 108
[2025-03-19T02:06:27.474Z] [INFO] Successfully inserted 75 checklist items
[2025-03-19T02:06:27.529Z] [INFO] Inserted/updated section: Cardiovascular Exam (ID: 109)
[2025-03-19T02:06:27.530Z] [INFO] Inserting 5 checklist items for section 109
[2025-03-19T02:06:27.799Z] [INFO] Successfully inserted 5 checklist items
[2025-03-19T02:06:27.859Z] [INFO] Inserted/updated section: Respiratory Exam (ID: 110)
[2025-03-19T02:06:27.860Z] [INFO] Inserting 2 checklist items for section 110
[2025-03-19T02:06:27.970Z] [INFO] Successfully inserted 2 checklist items
[2025-03-19T02:06:27.971Z] [INFO] Completed processing file: physical-exam.md
[2025-03-19T02:06:27.972Z] [INFO] Processing file: lab-studies.md
[2025-03-19T02:06:28.026Z] [INFO] Inserted/updated section: Basic Studies (ID: 111)
[2025-03-19T02:06:28.027Z] [INFO] Inserting 13 checklist items for section 111
[2025-03-19T02:06:28.738Z] [INFO] Successfully inserted 13 checklist items
[2025-03-19T02:06:28.797Z] [INFO] Inserted/updated section: Cardiac Markers (ID: 112)
[2025-03-19T02:06:28.797Z] [INFO] Inserting 1 checklist items for section 112
[2025-03-19T02:06:28.857Z] [INFO] Successfully inserted 1 checklist items
[2025-03-19T02:06:28.904Z] [INFO] Inserted/updated section: Metabolic Studies (ID: 113)
[2025-03-19T02:06:28.904Z] [INFO] Inserting 3 checklist items for section 113
[2025-03-19T02:06:29.078Z] [INFO] Successfully inserted 3 checklist items
[2025-03-19T02:06:29.142Z] [INFO] Inserted/updated section: Muscle Studies (ID: 114)
[2025-03-19T02:06:29.142Z] [INFO] Inserting 1 checklist items for section 114
[2025-03-19T02:06:29.195Z] [INFO] Successfully inserted 1 checklist items
[2025-03-19T02:06:29.254Z] [INFO] Inserted/updated section: Inflammatory Markers (ID: 115)
[2025-03-19T02:06:29.255Z] [INFO] Inserting 2 checklist items for section 115
[2025-03-19T02:06:29.359Z] [INFO] Successfully inserted 2 checklist items
[2025-03-19T02:06:29.360Z] [INFO] Completed processing file: lab-studies.md
[2025-03-19T02:06:29.361Z] [INFO] Processing file: imaging.md
[2025-03-19T02:06:29.416Z] [INFO] Inserted/updated section: Head Imaging (ID: 116)
[2025-03-19T02:06:29.417Z] [INFO] Inserting 4 checklist items for section 116
[2025-03-19T02:06:29.635Z] [INFO] Successfully inserted 4 checklist items
[2025-03-19T02:06:29.689Z] [INFO] Inserted/updated section: Spine Imaging (ID: 117)
[2025-03-19T02:06:29.690Z] [INFO] Inserting 9 checklist items for section 117
[2025-03-19T02:06:30.187Z] [INFO] Successfully inserted 9 checklist items
[2025-03-19T02:06:30.188Z] [INFO] Completed processing file: imaging.md
[2025-03-19T02:06:30.188Z] [INFO] Processing file: special-tests.md
[2025-03-19T02:06:30.240Z] [INFO] Inserted/updated section: Pulmonary Function Tests (ID: 118)
[2025-03-19T02:06:30.241Z] [INFO] Inserting 2 checklist items for section 118
[2025-03-19T02:06:30.349Z] [INFO] Successfully inserted 2 checklist items
[2025-03-19T02:06:30.399Z] [INFO] Inserted/updated section: Lumbar Puncture (ID: 119)
[2025-03-19T02:06:30.399Z] [INFO] Inserting 5 checklist items for section 119
[2025-03-19T02:06:30.639Z] [INFO] Successfully inserted 5 checklist items
[2025-03-19T02:06:30.694Z] [INFO] Inserted/updated section: Other Tests (ID: 120)
[2025-03-19T02:06:30.695Z] [INFO] Inserting 2 checklist items for section 120
[2025-03-19T02:06:30.797Z] [INFO] Successfully inserted 2 checklist items
[2025-03-19T02:06:30.797Z] [INFO] Completed processing file: special-tests.md
[2025-03-19T02:06:30.798Z] [INFO] Processing file: ecg.md
[2025-03-19T02:06:30.849Z] [INFO] Inserted/updated section: ECG Findings (ID: 121)
[2025-03-19T02:06:30.850Z] [INFO] Inserting 8 checklist items for section 121
[2025-03-19T02:06:31.307Z] [INFO] Successfully inserted 8 checklist items
[2025-03-19T02:06:31.308Z] [INFO] Completed processing file: ecg.md
[2025-03-19T02:06:31.308Z] [INFO] Processing file: assessment.md
[2025-03-19T02:06:31.357Z] [INFO] Inserted/updated section: Neuromuscular Classification (ID: 122)
[2025-03-19T02:06:31.358Z] [INFO] Inserting 13 checklist items for section 122
[2025-03-19T02:06:32.041Z] [INFO] Successfully inserted 13 checklist items
[2025-03-19T02:06:32.105Z] [INFO] Inserted/updated section: Pattern Classification (ID: 123)
[2025-03-19T02:06:32.106Z] [INFO] Inserting 13 checklist items for section 123
[2025-03-19T02:06:32.800Z] [INFO] Successfully inserted 13 checklist items
[2025-03-19T02:06:32.857Z] [INFO] Inserted/updated section: Systemic vs. Focal (ID: 124)
[2025-03-19T02:06:32.858Z] [INFO] Inserting 2 checklist items for section 124
[2025-03-19T02:06:32.963Z] [INFO] Successfully inserted 2 checklist items
[2025-03-19T02:06:33.028Z] [INFO] Inserted/updated section: Severity Assessment (ID: 125)
[2025-03-19T02:06:33.028Z] [INFO] Inserting 4 checklist items for section 125
[2025-03-19T02:06:33.235Z] [INFO] Successfully inserted 4 checklist items
[2025-03-19T02:06:33.289Z] [INFO] Inserted/updated section: Progression (ID: 126)
[2025-03-19T02:06:33.290Z] [INFO] Inserting 3 checklist items for section 126
[2025-03-19T02:06:33.445Z] [INFO] Successfully inserted 3 checklist items
[2025-03-19T02:06:33.445Z] [INFO] Completed processing file: assessment.md
[2025-03-19T02:06:33.446Z] [INFO] Processing file: plan.md
[2025-03-19T02:06:33.496Z] [INFO] Inserted/updated section: Immediate Management (ID: 127)
[2025-03-19T02:06:33.497Z] [INFO] Inserting 7 checklist items for section 127
[2025-03-19T02:06:33.883Z] [INFO] Successfully inserted 7 checklist items
[2025-03-19T02:06:33.932Z] [INFO] Inserted/updated section: Neurological Management (ID: 128)
[2025-03-19T02:06:33.933Z] [INFO] Inserting 3 checklist items for section 128
[2025-03-19T02:06:34.088Z] [INFO] Successfully inserted 3 checklist items
[2025-03-19T02:06:34.140Z] [INFO] Inserted/updated section: Targeted Treatments (ID: 129)
[2025-03-19T02:06:34.141Z] [INFO] Inserting 6 checklist items for section 129
[2025-03-19T02:06:34.481Z] [INFO] Successfully inserted 6 checklist items
[2025-03-19T02:06:34.531Z] [INFO] Inserted/updated section: Additional Diagnostic Testing (ID: 130)
[2025-03-19T02:06:34.532Z] [INFO] Inserting 5 checklist items for section 130
[2025-03-19T02:06:34.809Z] [INFO] Successfully inserted 5 checklist items
[2025-03-19T02:06:34.810Z] [INFO] Completed processing file: plan.md
[2025-03-19T02:06:34.810Z] [INFO] Processing file: disposition.md
[2025-03-19T02:06:34.865Z] [INFO] Inserted/updated section: Admission Criteria (ID: 131)
[2025-03-19T02:06:34.866Z] [INFO] Inserting 8 checklist items for section 131
[2025-03-19T02:06:35.309Z] [INFO] Successfully inserted 8 checklist items
[2025-03-19T02:06:35.364Z] [INFO] Inserted/updated section: Level of Care (ID: 132)
[2025-03-19T02:06:35.364Z] [INFO] Inserting 5 checklist items for section 132
[2025-03-19T02:06:35.638Z] [INFO] Successfully inserted 5 checklist items
[2025-03-19T02:06:35.690Z] [INFO] Inserted/updated section: Discharge Criteria (ID: 133)
[2025-03-19T02:06:35.690Z] [INFO] Inserting 3 checklist items for section 133
[2025-03-19T02:06:35.844Z] [INFO] Successfully inserted 3 checklist items
[2025-03-19T02:06:35.895Z] [INFO] Inserted/updated section: Follow-up (ID: 134)
[2025-03-19T02:06:35.895Z] [INFO] Inserting 3 checklist items for section 134
[2025-03-19T02:06:36.065Z] [INFO] Successfully inserted 3 checklist items
[2025-03-19T02:06:36.066Z] [INFO] Completed processing file: disposition.md
[2025-03-19T02:06:36.067Z] [INFO] Processing file: patient-education.md
[2025-03-19T02:06:36.119Z] [INFO] Inserted/updated section: Disease Information (ID: 135)
[2025-03-19T02:06:36.120Z] [INFO] Inserting 3 checklist items for section 135
[2025-03-19T02:06:36.302Z] [INFO] Successfully inserted 3 checklist items
[2025-03-19T02:06:36.355Z] [INFO] Inserted/updated section: Warning Signs (ID: 136)
[2025-03-19T02:06:36.356Z] [INFO] Inserting 5 checklist items for section 136
[2025-03-19T02:06:36.627Z] [INFO] Successfully inserted 5 checklist items
[2025-03-19T02:06:36.679Z] [INFO] Inserted/updated section: Medication Instructions (ID: 137)
[2025-03-19T02:06:36.679Z] [INFO] Inserting 3 checklist items for section 137
[2025-03-19T02:06:36.866Z] [INFO] Successfully inserted 3 checklist items
[2025-03-19T02:06:36.927Z] [INFO] Inserted/updated section: Follow-up Instructions (ID: 138)
[2025-03-19T02:06:36.927Z] [INFO] Inserting 2 checklist items for section 138
[2025-03-19T02:06:37.034Z] [INFO] Successfully inserted 2 checklist items
[2025-03-19T02:06:37.034Z] [INFO] Completed processing file: patient-education.md
[2025-03-19T02:06:37.035Z] [INFO] Completed processing chapter: Ch9_Weakness
[2025-03-19T02:06:37.036Z] [INFO] Migration completed: 1 chapters processed successfully, 0 chapters had errors
[2025-03-19T02:06:37.036Z] [INFO] Migration completed in 28.896 seconds
