[2025-03-19T02:24:08.942Z] [INFO] Starting migration...
[2025-03-19T02:24:08.942Z] [INFO] Ensuring database schema has required columns...
[2025-03-19T02:24:09.091Z] [WARN] Warning: Could not verify schema columns. If they do not exist, the migration may fail.
[2025-03-19T02:24:09.091Z] [WARN] Error details: Could not find the function public.execute_sql(sql_query) in the schema cache
[2025-03-19T02:24:09.091Z] [INFO] Inserting categories...
[2025-03-19T02:24:09.262Z] [INFO] Inserted 18 categories
[2025-03-19T02:24:09.262Z] [INFO] Found 1 chapter directories to process
[2025-03-19T02:24:09.262Z] [INFO] Processing chapter: Ch9_Weakness
[2025-03-19T02:24:09.314Z] [INFO] Inserted/updated chapter: Weakness (ID: 1)
[2025-03-19T02:24:09.315Z] [INFO] Processing file: history.md
[2025-03-19T02:24:09.372Z] [INFO] Inserted/updated section: Onset (ID: 1)
[2025-03-19T02:24:09.478Z] [INFO] Inserted item: "Sudden onset..." (ID: 1)
[2025-03-19T02:24:09.535Z] [INFO] Inserted item: "Gradual onset..." (ID: 2)
[2025-03-19T02:24:09.595Z] [INFO] Inserted item: "Episodic..." (ID: 3)
[2025-03-19T02:24:09.655Z] [INFO] Inserted/updated section: Progression (ID: 2)
[2025-03-19T02:24:09.705Z] [INFO] Inserted item: "Progressive..." (ID: 4)
[2025-03-19T02:24:09.756Z] [INFO] Inserted item: "Fluctuating..." (ID: 5)
[2025-03-19T02:24:09.814Z] [INFO] Inserted item: "Stable..." (ID: 6)
[2025-03-19T02:24:09.865Z] [INFO] Inserted/updated section: Quality (ID: 3)
[2025-03-19T02:24:09.916Z] [INFO] Inserted item: "Global weakness..." (ID: 7)
[2025-03-19T02:24:09.966Z] [INFO] Inserted item: "Focal weakness..." (ID: 8)
[2025-03-19T02:24:10.022Z] [INFO] Inserted item: "Fatigue..." (ID: 9)
[2025-03-19T02:24:10.073Z] [INFO] Inserted item: "Poor energy..." (ID: 10)
[2025-03-19T02:24:10.130Z] [INFO] Inserted item: "Lethargy..." (ID: 11)
[2025-03-19T02:24:10.183Z] [INFO] Inserted item: "General malaise..." (ID: 12)
[2025-03-19T02:24:10.236Z] [INFO] Inserted/updated section: Region/Radiation (ID: 4)
[2025-03-19T02:24:10.313Z] [INFO] Inserted item: "Unilateral weakness..." (ID: 13)
[2025-03-19T02:24:10.369Z] [INFO] Inserted item: "Affecting face..." (ID: 14)
[2025-03-19T02:24:10.426Z] [INFO] Inserted item: "Affecting arm/hand..." (ID: 15)
[2025-03-19T02:24:10.478Z] [INFO] Inserted item: "Affecting leg..." (ID: 16)
[2025-03-19T02:24:10.532Z] [INFO] Inserted item: "Bilateral weakness..." (ID: 17)
[2025-03-19T02:24:10.594Z] [INFO] Inserted item: "Upper extremities only..." (ID: 18)
[2025-03-19T02:24:10.644Z] [INFO] Inserted item: "Lower extremities only..." (ID: 19)
[2025-03-19T02:24:10.703Z] [INFO] Inserted item: "All four extremities..." (ID: 20)
[2025-03-19T02:24:10.766Z] [INFO] Inserted item: "Proximal muscles..." (ID: 21)
[2025-03-19T02:24:10.829Z] [INFO] Inserted item: "Distal muscles..." (ID: 22)
[2025-03-19T02:24:10.891Z] [INFO] Inserted item: "Facial weakness only..." (ID: 23)
[2025-03-19T02:24:10.955Z] [INFO] Inserted item: "Unilateral..." (ID: 24)
[2025-03-19T02:24:11.030Z] [INFO] Inserted item: "Bilateral..." (ID: 25)
[2025-03-19T02:24:11.082Z] [INFO] Inserted/updated section: Severity (ID: 5)
[2025-03-19T02:24:11.136Z] [INFO] Inserted item: "Mild (decreased dexterity)..." (ID: 26)
[2025-03-19T02:24:11.186Z] [INFO] Inserted item: "Moderate (paresis)..." (ID: 27)
[2025-03-19T02:24:11.243Z] [INFO] Inserted item: "Severe (plegia)..." (ID: 28)
[2025-03-19T02:24:11.299Z] [INFO] Inserted/updated section: Timing (ID: 6)
[2025-03-19T02:24:11.356Z] [INFO] Inserted item: "Worse later in the day..." (ID: 29)
[2025-03-19T02:24:11.417Z] [INFO] Inserted item: "Constant..." (ID: 30)
[2025-03-19T02:24:11.469Z] [INFO] Inserted item: "Intermittent..." (ID: 31)
[2025-03-19T02:24:11.535Z] [INFO] Inserted item: "Duration: _____..." (ID: 32)
[2025-03-19T02:24:11.591Z] [INFO] Inserted/updated section: Exacerbating/Alleviating Factors (ID: 7)
[2025-03-19T02:24:11.647Z] [INFO] Inserted item: "Worsened by activity..." (ID: 33)
[2025-03-19T02:24:11.706Z] [INFO] Inserted item: "Improves with rest..." (ID: 34)
[2025-03-19T02:24:11.759Z] [INFO] Inserted item: "Other factors: _____..." (ID: 35)
[2025-03-19T02:24:11.813Z] [INFO] Inserted/updated section: Associated Symptoms (ID: 8)
[2025-03-19T02:24:11.869Z] [INFO] Inserted item: "Sensory disturbances..." (ID: 36)
[2025-03-19T02:24:11.924Z] [INFO] Inserted item: "Headache..." (ID: 37)
[2025-03-19T02:24:11.980Z] [INFO] Inserted item: "Visual disturbances..." (ID: 38)
[2025-03-19T02:24:12.048Z] [INFO] Inserted item: "Speech difficulties..." (ID: 39)
[2025-03-19T02:24:12.101Z] [INFO] Inserted item: "Swallowing difficulties..." (ID: 40)
[2025-03-19T02:24:12.156Z] [INFO] Inserted item: "Double vision..." (ID: 41)
[2025-03-19T02:24:12.218Z] [INFO] Inserted item: "Vertigo..." (ID: 42)
[2025-03-19T02:24:12.268Z] [INFO] Inserted item: "Nausea/vomiting..." (ID: 43)
[2025-03-19T02:24:12.325Z] [INFO] Inserted item: "Bowel/bladder dysfunction..." (ID: 44)
[2025-03-19T02:24:12.379Z] [INFO] Inserted item: "Respiratory difficulties..." (ID: 45)
[2025-03-19T02:24:12.379Z] [INFO] Completed processing file: history.md
[2025-03-19T02:24:12.380Z] [INFO] Processing file: alarm-features.md
[2025-03-19T02:24:12.434Z] [INFO] Inserted/updated section: Critical Signs (ID: 9)
[2025-03-19T02:24:12.494Z] [INFO] Inserted item: "Respiratory compromise..." (ID: 46)
[2025-03-19T02:24:12.571Z] [INFO] Inserted item: "Airway protective mechanism co..." (ID: 47)
[2025-03-19T02:24:12.627Z] [INFO] Inserted item: "Vital sign abnormalities..." (ID: 48)
[2025-03-19T02:24:12.702Z] [INFO] Inserted item: "Bradycardia..." (ID: 49)
[2025-03-19T02:24:12.752Z] [INFO] Inserted item: "Tachycardia..." (ID: 50)
[2025-03-19T02:24:12.804Z] [INFO] Inserted item: "Tachypnea..." (ID: 51)
[2025-03-19T02:24:12.860Z] [INFO] Inserted item: "Fever..." (ID: 52)
[2025-03-19T02:24:12.916Z] [INFO] Inserted item: "Hypothermia..." (ID: 53)
[2025-03-19T02:24:12.976Z] [INFO] Inserted item: "Hypotension..." (ID: 54)
[2025-03-19T02:24:13.028Z] [INFO] Inserted/updated section: Neurologic Red Flags (ID: 10)
[2025-03-19T02:24:13.081Z] [INFO] Inserted item: "Acute onset of focal weakness..." (ID: 55)
[2025-03-19T02:24:13.135Z] [INFO] Inserted item: "Sudden onset headache with uni..." (ID: 56)
[2025-03-19T02:24:13.188Z] [INFO] Inserted item: "Midline back pain with lower e..." (ID: 57)
[2025-03-19T02:24:13.239Z] [INFO] Inserted item: "New quadriparesis/quadriplegia..." (ID: 58)
[2025-03-19T02:24:13.297Z] [INFO] Inserted item: "Rapidly ascending weakness..." (ID: 59)
[2025-03-19T02:24:13.349Z] [INFO] Inserted item: "UMN signs with new weakness..." (ID: 60)
[2025-03-19T02:24:13.399Z] [INFO] Inserted item: "Bladder/bowel involvement..." (ID: 61)
[2025-03-19T02:24:13.466Z] [INFO] Inserted item: "Urinary retention..." (ID: 62)
[2025-03-19T02:24:13.539Z] [INFO] Inserted item: "Incontinence..." (ID: 63)
[2025-03-19T02:24:13.593Z] [INFO] Inserted item: "Loss of perianal sensation..." (ID: 64)
[2025-03-19T02:24:13.648Z] [INFO] Inserted item: "Decreased rectal tone..." (ID: 65)
[2025-03-19T02:24:13.709Z] [INFO] Inserted/updated section: Neuromuscular Crisis (ID: 11)
[2025-03-19T02:24:13.764Z] [INFO] Inserted item: "Neck muscle weakness..." (ID: 66)
[2025-03-19T02:24:13.814Z] [INFO] Inserted item: "Pharyngeal muscle weakness..." (ID: 67)
[2025-03-19T02:24:13.866Z] [INFO] Inserted item: "Diaphragmatic weakness..." (ID: 68)
[2025-03-19T02:24:13.916Z] [INFO] Inserted item: "Progressive muscle weakness..." (ID: 69)
[2025-03-19T02:24:13.962Z] [INFO] Inserted item: "Respiratory muscle fatigue..." (ID: 70)
[2025-03-19T02:24:13.962Z] [INFO] Completed processing file: alarm-features.md
[2025-03-19T02:24:13.962Z] [INFO] Processing file: medications.md
[2025-03-19T02:24:14.010Z] [INFO] Inserted/updated section: Current Medications (ID: 12)
[2025-03-19T02:24:14.072Z] [INFO] Inserted item: "Multiple medications with pote..." (ID: 71)
[2025-03-19T02:24:14.122Z] [INFO] Inserted item: "Acetylcholinesterase inhibitor..." (ID: 72)
[2025-03-19T02:24:14.174Z] [INFO] Inserted item: "Medications that may worsen NM..." (ID: 73)
[2025-03-19T02:24:14.223Z] [INFO] Inserted item: "Aminoglycosides..." (ID: 74)
[2025-03-19T02:24:14.285Z] [INFO] Inserted item: "Quinolones..." (ID: 75)
[2025-03-19T02:24:14.346Z] [INFO] Inserted item: "Beta blockers..." (ID: 76)
[2025-03-19T02:24:14.399Z] [INFO] Inserted item: "HMG-CoA reductase inhibitors (..." (ID: 77)
[2025-03-19T02:24:14.459Z] [INFO] Inserted item: "Medication reactions..." (ID: 78)
[2025-03-19T02:24:14.510Z] [INFO] Inserted item: "Medication interactions..." (ID: 79)
[2025-03-19T02:24:14.571Z] [INFO] Inserted item: "Sedative medications..." (ID: 80)
[2025-03-19T02:24:14.644Z] [INFO] Inserted item: "Other medications: _____..." (ID: 81)
[2025-03-19T02:24:14.694Z] [INFO] Inserted/updated section: Toxin Exposure (ID: 13)
[2025-03-19T02:24:14.743Z] [INFO] Inserted item: "Organophosphate exposure..." (ID: 82)
[2025-03-19T02:24:14.743Z] [INFO] Completed processing file: medications.md
[2025-03-19T02:24:14.744Z] [INFO] Processing file: diet.md
[2025-03-19T02:24:14.797Z] [INFO] Inserted/updated section: Hydration Status (ID: 14)
[2025-03-19T02:24:14.851Z] [INFO] Inserted item: "Signs of dehydration..." (ID: 83)
[2025-03-19T02:24:14.909Z] [INFO] Inserted item: "Poor oral intake..." (ID: 84)
[2025-03-19T02:24:14.968Z] [INFO] Inserted/updated section: Nutritional Factors (ID: 15)
[2025-03-19T02:24:15.025Z] [INFO] Inserted item: "Recent weight loss..." (ID: 85)
[2025-03-19T02:24:15.076Z] [INFO] Inserted item: "Poor nutritional status..." (ID: 86)
[2025-03-19T02:24:15.076Z] [INFO] Completed processing file: diet.md
[2025-03-19T02:24:15.076Z] [INFO] Processing file: review-systems.md
[2025-03-19T02:24:15.124Z] [INFO] Inserted/updated section: Neurological (ID: 16)
[2025-03-19T02:24:15.169Z] [INFO] Inserted item: "Headache..." (ID: 87)
[2025-03-19T02:24:15.220Z] [INFO] Inserted item: "Visual field loss..." (ID: 88)
[2025-03-19T02:24:15.271Z] [INFO] Inserted item: "Diplopia..." (ID: 89)
[2025-03-19T02:24:15.320Z] [INFO] Inserted item: "Dizziness/vertigo..." (ID: 90)
[2025-03-19T02:24:15.378Z] [INFO] Inserted item: "Speech changes..." (ID: 91)
[2025-03-19T02:24:15.438Z] [INFO] Inserted item: "Dysarthria..." (ID: 92)
[2025-03-19T02:24:15.512Z] [INFO] Inserted item: "Aphasia (expressive or recepti..." (ID: 93)
[2025-03-19T02:24:15.568Z] [INFO] Inserted item: "Sensory disturbances..." (ID: 94)
[2025-03-19T02:24:15.701Z] [INFO] Inserted item: "Coordination problems..." (ID: 95)
[2025-03-19T02:24:15.753Z] [INFO] Inserted item: "Neglect..." (ID: 96)
[2025-03-19T02:24:15.804Z] [INFO] Inserted item: "Trouble swallowing (dysphagia)..." (ID: 97)
[2025-03-19T02:24:15.858Z] [INFO] Inserted/updated section: Cardiovascular (ID: 17)
[2025-03-19T02:24:15.909Z] [INFO] Inserted item: "Orthopnea..." (ID: 98)
[2025-03-19T02:24:15.965Z] [INFO] Inserted item: "Signs of congestive heart fail..." (ID: 99)
[2025-03-19T02:24:16.026Z] [INFO] Inserted item: "Chest pain..." (ID: 100)
[2025-03-19T02:24:16.090Z] [INFO] Inserted/updated section: Respiratory (ID: 18)
[2025-03-19T02:24:16.146Z] [INFO] Inserted item: "Shortness of breath..." (ID: 101)
[2025-03-19T02:24:16.197Z] [INFO] Inserted item: "Pulmonary insufficiency..." (ID: 102)
[2025-03-19T02:24:16.247Z] [INFO] Inserted/updated section: Gastrointestinal (ID: 19)
[2025-03-19T02:24:16.301Z] [INFO] Inserted item: "Gastrointestinal dysmotility..." (ID: 103)
[2025-03-19T02:24:16.355Z] [INFO] Inserted item: "Nausea/vomiting..." (ID: 104)
[2025-03-19T02:24:16.407Z] [INFO] Inserted/updated section: Genitourinary (ID: 20)
[2025-03-19T02:24:16.466Z] [INFO] Inserted item: "Dysuria..." (ID: 105)
[2025-03-19T02:24:16.533Z] [INFO] Inserted item: "Frequency..." (ID: 106)
[2025-03-19T02:24:16.625Z] [INFO] Inserted item: "Urinary retention..." (ID: 107)
[2025-03-19T02:24:16.687Z] [INFO] Inserted item: "Urinary incontinence..." (ID: 108)
[2025-03-19T02:24:16.754Z] [INFO] Inserted/updated section: Musculoskeletal (ID: 21)
[2025-03-19T02:24:16.816Z] [INFO] Inserted item: "Muscle cramps..." (ID: 109)
[2025-03-19T02:24:16.872Z] [INFO] Inserted item: "Fasciculations..." (ID: 110)
[2025-03-19T02:24:16.928Z] [INFO] Inserted item: "Muscle tenderness..." (ID: 111)
[2025-03-19T02:24:16.977Z] [INFO] Inserted item: "Difficulty with fine movements..." (ID: 112)
[2025-03-19T02:24:17.027Z] [INFO] Inserted item: "Trouble raising arms above hea..." (ID: 113)
[2025-03-19T02:24:17.077Z] [INFO] Inserted item: "Difficulty climbing stairs..." (ID: 114)
[2025-03-19T02:24:17.134Z] [INFO] Inserted item: "Difficulty rising from chair..." (ID: 115)
[2025-03-19T02:24:17.188Z] [INFO] Inserted/updated section: Skin (ID: 22)
[2025-03-19T02:24:17.252Z] [INFO] Inserted item: "Skin changes..." (ID: 116)
[2025-03-19T02:24:17.317Z] [INFO] Inserted item: "Mucous membrane changes..." (ID: 117)
[2025-03-19T02:24:17.371Z] [INFO] Inserted/updated section: Autonomic (ID: 23)
[2025-03-19T02:24:17.441Z] [INFO] Inserted item: "Abnormal pupillary response..." (ID: 118)
[2025-03-19T02:24:17.493Z] [INFO] Inserted item: "Dry mouth..." (ID: 119)
[2025-03-19T02:24:17.543Z] [INFO] Inserted item: "Fluctuations in heart rate..." (ID: 120)
[2025-03-19T02:24:17.596Z] [INFO] Inserted item: "Fluctuations in blood pressure..." (ID: 121)
[2025-03-19T02:24:17.645Z] [INFO] Inserted item: "Anhidrosis..." (ID: 122)
[2025-03-19T02:24:17.700Z] [INFO] Inserted item: "Bladder dysmotility..." (ID: 123)
[2025-03-19T02:24:17.701Z] [INFO] Completed processing file: review-systems.md
[2025-03-19T02:24:17.701Z] [INFO] Processing file: collateral-history.md
[2025-03-19T02:24:17.753Z] [INFO] Inserted/updated section: Witness Accounts (ID: 24)
[2025-03-19T02:24:17.811Z] [INFO] Inserted item: "Observed progression of sympto..." (ID: 124)
[2025-03-19T02:24:17.867Z] [INFO] Inserted item: "Observed fluctuations in sever..." (ID: 125)
[2025-03-19T02:24:17.917Z] [INFO] Inserted/updated section: Prior Episodes (ID: 25)
[2025-03-19T02:24:17.974Z] [INFO] Inserted item: "Previous similar episodes..." (ID: 126)
[2025-03-19T02:24:18.036Z] [INFO] Inserted item: "Chronic or recurrent symptoms..." (ID: 127)
[2025-03-19T02:24:18.036Z] [INFO] Completed processing file: collateral-history.md
[2025-03-19T02:24:18.037Z] [INFO] Processing file: risk-factors.md
[2025-03-19T02:24:18.093Z] [INFO] Inserted/updated section: Patient Demographics (ID: 26)
[2025-03-19T02:24:18.145Z] [INFO] Inserted item: "Elder patient..." (ID: 128)
[2025-03-19T02:24:18.197Z] [INFO] Inserted item: "Multiple medical problems..." (ID: 129)
[2025-03-19T02:24:18.250Z] [INFO] Inserted/updated section: Vascular Risk Factors (ID: 27)
[2025-03-19T02:24:18.324Z] [INFO] Inserted item: "Known cardiovascular disease..." (ID: 130)
[2025-03-19T02:24:18.375Z] [INFO] Inserted/updated section: Infection Risk (ID: 28)
[2025-03-19T02:24:18.428Z] [INFO] Inserted item: "Recent infection..." (ID: 131)
[2025-03-19T02:24:18.489Z] [INFO] Inserted item: "Bacterial..." (ID: 132)
[2025-03-19T02:24:18.542Z] [INFO] Inserted item: "Viral..." (ID: 133)
[2025-03-19T02:24:18.595Z] [INFO] Inserted item: "Rickettsial..." (ID: 134)
[2025-03-19T02:24:18.650Z] [INFO] Inserted/updated section: Neuromuscular Risk Factors (ID: 29)
[2025-03-19T02:24:18.725Z] [INFO] Inserted item: "Known neuromuscular disease..." (ID: 135)
[2025-03-19T02:24:18.781Z] [INFO] Inserted item: "Prior neurologic insult..." (ID: 136)
[2025-03-19T02:24:18.842Z] [INFO] Inserted item: "Stimulant withdrawal..." (ID: 137)
[2025-03-19T02:24:18.842Z] [INFO] Completed processing file: risk-factors.md
[2025-03-19T02:24:18.843Z] [INFO] Processing file: differential-diagnosis.md
[2025-03-19T02:24:18.894Z] [INFO] Inserted/updated section: Critical Diagnoses (ID: 30)
[2025-03-19T02:24:18.941Z] [INFO] Inserted header: Cerebral Cortex/Subcortical (level 3, ID: 138)
[2025-03-19T02:24:18.997Z] [INFO] Inserted item: "Ischemic cerebrovascular accid..." (ID: 139)
[2025-03-19T02:24:19.058Z] [INFO] Inserted item: "Hemorrhagic cerebrovascular ac..." (ID: 140)
[2025-03-19T02:24:19.118Z] [INFO] Inserted header: Brainstem (level 3, ID: 141)
[2025-03-19T02:24:19.179Z] [INFO] Inserted item: "Ischemic cerebrovascular accid..." (ID: 142)
[2025-03-19T02:24:19.241Z] [INFO] Inserted item: "Hemorrhagic cerebrovascular ac..." (ID: 143)
[2025-03-19T02:24:19.293Z] [INFO] Inserted item: "Vertebrobasilar insufficiency..." (ID: 144)
[2025-03-19T02:24:19.347Z] [INFO] Inserted header: Spinal Cord (level 3, ID: 145)
[2025-03-19T02:24:19.409Z] [INFO] Inserted item: "Spinal cord ischemia..." (ID: 146)
[2025-03-19T02:24:19.461Z] [INFO] Inserted item: "Spinal cord compression..." (ID: 147)
[2025-03-19T02:24:19.517Z] [INFO] Inserted item: "Disk..." (ID: 148)
[2025-03-19T02:24:19.587Z] [INFO] Inserted item: "Abscess..." (ID: 149)
[2025-03-19T02:24:19.650Z] [INFO] Inserted item: "Hematoma..." (ID: 150)
[2025-03-19T02:24:19.711Z] [INFO] Inserted item: "Anterior cord syndrome..." (ID: 151)
[2025-03-19T02:24:19.777Z] [INFO] Inserted item: "Central cord syndrome..." (ID: 152)
[2025-03-19T02:24:19.839Z] [INFO] Inserted item: "Brown-Séquard hemicord syndrom..." (ID: 153)
[2025-03-19T02:24:19.895Z] [INFO] Inserted item: "Cauda equina syndrome..." (ID: 154)
[2025-03-19T02:24:19.945Z] [INFO] Inserted header: Peripheral Nerve (level 3, ID: 155)
[2025-03-19T02:24:19.997Z] [INFO] Inserted item: "Guillain-Barré syndrome..." (ID: 156)
[2025-03-19T02:24:20.059Z] [INFO] Inserted item: "Radiculopathy..." (ID: 157)
[2025-03-19T02:24:20.117Z] [INFO] Inserted item: "Plexopathy..." (ID: 158)
[2025-03-19T02:24:20.171Z] [INFO] Inserted item: "Peripheral neuropathy..." (ID: 159)
[2025-03-19T02:24:20.224Z] [INFO] Inserted header: Neuromuscular Junction (level 3, ID: 160)
[2025-03-19T02:24:20.277Z] [INFO] Inserted item: "Myasthenic crisis..." (ID: 161)
[2025-03-19T02:24:20.337Z] [INFO] Inserted item: "Cholinergic crisis..." (ID: 162)
[2025-03-19T02:24:20.385Z] [INFO] Inserted item: "Botulism..." (ID: 163)
[2025-03-19T02:24:20.438Z] [INFO] Inserted item: "Tick paralysis..." (ID: 164)
[2025-03-19T02:24:20.493Z] [INFO] Inserted item: "Organophosphate poisoning..." (ID: 165)
[2025-03-19T02:24:20.544Z] [INFO] Inserted item: "Eaton-Lambert syndrome..." (ID: 166)
[2025-03-19T02:24:20.598Z] [INFO] Inserted header: Muscle (level 3, ID: 167)
[2025-03-19T02:24:20.650Z] [INFO] Inserted item: "Rhabdomyolysis..." (ID: 168)
[2025-03-19T02:24:20.699Z] [INFO] Inserted item: "Inflammatory myopathy..." (ID: 169)
[2025-03-19T02:24:20.751Z] [INFO] Inserted item: "Polymyositis..." (ID: 170)
[2025-03-19T02:24:20.803Z] [INFO] Inserted item: "Dermatomyositis..." (ID: 171)
[2025-03-19T02:24:20.889Z] [INFO] Inserted item: "Channelopathies..." (ID: 172)
[2025-03-19T02:24:20.957Z] [INFO] Inserted item: "Hyperkalemic periodic paralysi..." (ID: 173)
[2025-03-19T02:24:21.025Z] [INFO] Inserted item: "Hypokalemic periodic paralysis..." (ID: 174)
[2025-03-19T02:24:21.081Z] [INFO] Inserted/updated section: Emergent Diagnoses (ID: 31)
[2025-03-19T02:24:21.130Z] [INFO] Inserted header: Cerebral Cortex/Subcortical (level 3, ID: 175)
[2025-03-19T02:24:21.181Z] [INFO] Inserted item: "Tumor..." (ID: 176)
[2025-03-19T02:24:21.230Z] [INFO] Inserted item: "Abscess..." (ID: 177)
[2025-03-19T02:24:21.287Z] [INFO] Inserted item: "Demyelination..." (ID: 178)
[2025-03-19T02:24:21.343Z] [INFO] Inserted item: "Complex migraine..." (ID: 179)
[2025-03-19T02:24:21.397Z] [INFO] Inserted header: Brainstem (level 3, ID: 180)
[2025-03-19T02:24:21.446Z] [INFO] Inserted item: "Demyelination..." (ID: 181)
[2025-03-19T02:24:21.498Z] [INFO] Inserted header: Spinal Cord (level 3, ID: 182)
[2025-03-19T02:24:21.548Z] [INFO] Inserted item: "Transverse myelitis..." (ID: 183)
[2025-03-19T02:24:21.606Z] [INFO] Inserted item: "Disk compression..." (ID: 184)
[2025-03-19T02:24:21.662Z] [INFO] Inserted item: "Spondylosis..." (ID: 185)
[2025-03-19T02:24:21.711Z] [INFO] Inserted item: "Syringomyelia..." (ID: 186)
[2025-03-19T02:24:21.765Z] [INFO] Inserted header: Peripheral Nerve (level 3, ID: 187)
[2025-03-19T02:24:21.822Z] [INFO] Inserted item: "Compressive plexopathy..." (ID: 188)
[2025-03-19T02:24:21.880Z] [INFO] Inserted item: "Hematoma..." (ID: 189)
[2025-03-19T02:24:21.930Z] [INFO] Inserted item: "Aneurysm..." (ID: 190)
[2025-03-19T02:24:21.978Z] [INFO] Inserted item: "Paraneoplastic neuropathy..." (ID: 191)
[2025-03-19T02:24:22.046Z] [INFO] Inserted item: "Uremic neuropathy..." (ID: 192)
[2025-03-19T02:24:22.097Z] [INFO] Inserted item: "Cranial polyneuropathy..." (ID: 193)
[2025-03-19T02:24:22.145Z] [INFO] Inserted header: Muscle (level 3, ID: 194)
[2025-03-19T02:24:22.216Z] [INFO] Inserted item: "Inflammatory myositis..." (ID: 195)
[2025-03-19T02:24:22.275Z] [INFO] Inserted/updated section: Non-neurologic Causes (ID: 32)
[2025-03-19T02:24:22.329Z] [INFO] Inserted item: "Dehydration..." (ID: 196)
[2025-03-19T02:24:22.388Z] [INFO] Inserted item: "Electrolyte imbalance..." (ID: 197)
[2025-03-19T02:24:22.440Z] [INFO] Inserted item: "Anemia or polycythemia..." (ID: 198)
[2025-03-19T02:24:22.501Z] [INFO] Inserted item: "Myocardial ischemia..." (ID: 199)
[2025-03-19T02:24:22.551Z] [INFO] Inserted item: "Decreased cardiac function..." (ID: 200)
[2025-03-19T02:24:22.602Z] [INFO] Inserted item: "Vasodilatory shock..." (ID: 201)
[2025-03-19T02:24:22.656Z] [INFO] Inserted item: "Infection..." (ID: 202)
[2025-03-19T02:24:22.712Z] [INFO] Inserted item: "Local..." (ID: 203)
[2025-03-19T02:24:22.763Z] [INFO] Inserted item: "Systemic..." (ID: 204)
[2025-03-19T02:24:22.824Z] [INFO] Inserted item: "Endocrinopathy..." (ID: 205)
[2025-03-19T02:24:22.902Z] [INFO] Inserted item: "Toxin-mediated disorder..." (ID: 206)
[2025-03-19T02:24:22.951Z] [INFO] Inserted item: "Mitochondrial dysfunction..." (ID: 207)
[2025-03-19T02:24:23.001Z] [INFO] Inserted item: "Sedative effects..." (ID: 208)
[2025-03-19T02:24:23.050Z] [INFO] Inserted item: "Stimulant withdrawal..." (ID: 209)
[2025-03-19T02:24:23.051Z] [INFO] Completed processing file: differential-diagnosis.md
[2025-03-19T02:24:23.052Z] [INFO] Processing file: past-medical.md
[2025-03-19T02:24:23.100Z] [INFO] Inserted/updated section: Neurological History (ID: 33)
[2025-03-19T02:24:23.150Z] [INFO] Inserted item: "Prior stroke..." (ID: 210)
[2025-03-19T02:24:23.199Z] [INFO] Inserted item: "Prior transient ischemic attac..." (ID: 211)
[2025-03-19T02:24:23.255Z] [INFO] Inserted item: "Multiple sclerosis..." (ID: 212)
[2025-03-19T02:24:23.305Z] [INFO] Inserted item: "Demyelinating disease..." (ID: 213)
[2025-03-19T02:24:23.359Z] [INFO] Inserted item: "Prior weakness episodes..." (ID: 214)
[2025-03-19T02:24:23.411Z] [INFO] Inserted item: "Neuromuscular disorders..." (ID: 215)
[2025-03-19T02:24:23.464Z] [INFO] Inserted item: "Myasthenia gravis..." (ID: 216)
[2025-03-19T02:24:23.515Z] [INFO] Inserted/updated section: Cardiac History (ID: 34)
[2025-03-19T02:24:23.567Z] [INFO] Inserted item: "Cardiovascular disease..." (ID: 217)
[2025-03-19T02:24:23.624Z] [INFO] Inserted item: "Congestive heart failure..." (ID: 218)
[2025-03-19T02:24:23.682Z] [INFO] Inserted/updated section: Other Medical Conditions (ID: 35)
[2025-03-19T02:24:23.732Z] [INFO] Inserted item: "Diabetes..." (ID: 219)
[2025-03-19T02:24:23.792Z] [INFO] Inserted item: "Chronic kidney disease..." (ID: 220)
[2025-03-19T02:24:23.844Z] [INFO] Inserted item: "Chronic infectious disease..." (ID: 221)
[2025-03-19T02:24:23.898Z] [INFO] Inserted item: "Malignancy..." (ID: 222)
[2025-03-19T02:24:23.950Z] [INFO] Inserted item: "Autoimmune disorders..." (ID: 223)
[2025-03-19T02:24:23.950Z] [INFO] Completed processing file: past-medical.md
[2025-03-19T02:24:23.951Z] [INFO] Processing file: physical-exam.md
[2025-03-19T02:24:23.998Z] [INFO] Inserted/updated section: Vital Signs (ID: 36)
[2025-03-19T02:24:24.050Z] [INFO] Inserted item: "Temperature: _____ °F..." (ID: 224)
[2025-03-19T02:24:24.098Z] [INFO] Inserted item: "Heart rate: _____ bpm..." (ID: 225)
[2025-03-19T02:24:24.152Z] [INFO] Inserted item: "Respiratory rate: _____ breath..." (ID: 226)
[2025-03-19T02:24:24.202Z] [INFO] Inserted item: "Blood pressure: _____ mmHg..." (ID: 227)
[2025-03-19T02:24:24.253Z] [INFO] Inserted item: "Oxygen saturation: _____ %..." (ID: 228)
[2025-03-19T02:24:24.302Z] [INFO] Inserted/updated section: Orthostatic Vitals (ID: 37)
[2025-03-19T02:24:24.356Z] [INFO] Inserted item: "Supine position:..." (ID: 229)
[2025-03-19T02:24:24.404Z] [INFO] Inserted item: "BP: _____ mmHg..." (ID: 230)
[2025-03-19T02:24:24.456Z] [INFO] Inserted item: "HR: _____ bpm..." (ID: 231)
[2025-03-19T02:24:24.508Z] [INFO] Inserted item: "Standing position:..." (ID: 232)
[2025-03-19T02:24:24.564Z] [INFO] Inserted item: "BP: _____ mmHg..." (ID: 233)
[2025-03-19T02:24:24.619Z] [INFO] Inserted item: "HR: _____ bpm..." (ID: 234)
[2025-03-19T02:24:24.674Z] [INFO] Inserted/updated section: General (ID: 38)
[2025-03-19T02:24:24.722Z] [INFO] Inserted item: "Level of consciousness: _____..." (ID: 235)
[2025-03-19T02:24:24.771Z] [INFO] Inserted item: "Mental status: _____..." (ID: 236)
[2025-03-19T02:24:24.827Z] [INFO] Inserted item: "Skin and mucous membranes: ___..." (ID: 237)
[2025-03-19T02:24:24.879Z] [INFO] Inserted/updated section: Neurological Exam (ID: 39)
[2025-03-19T02:24:24.927Z] [INFO] Inserted header: Cranial Nerves (level 3, ID: 238)
[2025-03-19T02:24:24.988Z] [INFO] Inserted item: "CN III (Oculomotor)..." (ID: 239)
[2025-03-19T02:24:25.054Z] [INFO] Inserted item: "Ptosis..." (ID: 240)
[2025-03-19T02:24:25.109Z] [INFO] Inserted item: "Pupillary response..." (ID: 241)
[2025-03-19T02:24:25.160Z] [INFO] Inserted item: "CN V (Trigeminal): _____..." (ID: 242)
[2025-03-19T02:24:25.210Z] [INFO] Inserted item: "CN VI (Abducens): _____..." (ID: 243)
[2025-03-19T02:24:25.262Z] [INFO] Inserted item: "CN VII (Facial)..." (ID: 244)
[2025-03-19T02:24:25.313Z] [INFO] Inserted item: "Facial symmetry..." (ID: 245)
[2025-03-19T02:24:25.363Z] [INFO] Inserted item: "Upper face weakness..." (ID: 246)
[2025-03-19T02:24:25.413Z] [INFO] Inserted item: "Lower face weakness..." (ID: 247)
[2025-03-19T02:24:25.471Z] [INFO] Inserted item: "Nasolabial fold effacement..." (ID: 248)
[2025-03-19T02:24:25.537Z] [INFO] Inserted item: "CN VIII (Vestibulocochlear): _..." (ID: 249)
[2025-03-19T02:24:25.588Z] [INFO] Inserted item: "CN IX (Glossopharyngeal): ____..." (ID: 250)
[2025-03-19T02:24:25.637Z] [INFO] Inserted item: "CN XII (Hypoglossal): _____..." (ID: 251)
[2025-03-19T02:24:25.690Z] [INFO] Inserted header: Motor Exam (level 3, ID: 252)
[2025-03-19T02:24:25.742Z] [INFO] Inserted item: "Muscle bulk: _____..." (ID: 253)
[2025-03-19T02:24:25.794Z] [INFO] Inserted item: "Muscle tone: _____..." (ID: 254)
[2025-03-19T02:24:25.847Z] [INFO] Inserted item: "Fasciculations..." (ID: 255)
[2025-03-19T02:24:25.896Z] [INFO] Inserted item: "Tremor..." (ID: 256)
[2025-03-19T02:24:25.946Z] [INFO] Inserted item: "Spasticity..." (ID: 257)
[2025-03-19T02:24:25.998Z] [INFO] Inserted item: "Upper extremity extension..." (ID: 258)
[2025-03-19T02:24:26.052Z] [INFO] Inserted item: "Lower extremity flexion..." (ID: 259)
[2025-03-19T02:24:26.103Z] [INFO] Inserted header: Strength Testing (0-5 scale) (level 4, ID: 260)
[2025-03-19T02:24:26.157Z] [INFO] Inserted item: "Facial muscles: _____..." (ID: 261)
[2025-03-19T02:24:26.210Z] [INFO] Inserted item: "Upper extremities:..." (ID: 262)
[2025-03-19T02:24:26.260Z] [INFO] Inserted item: "Proximal:..." (ID: 263)
[2025-03-19T02:24:26.311Z] [INFO] Inserted item: "Right: _____..." (ID: 264)
[2025-03-19T02:24:26.374Z] [INFO] Inserted item: "Left: _____..." (ID: 265)
[2025-03-19T02:24:26.424Z] [INFO] Inserted item: "Distal:..." (ID: 266)
[2025-03-19T02:24:26.484Z] [INFO] Inserted item: "Right: _____..." (ID: 267)
[2025-03-19T02:24:26.532Z] [INFO] Inserted item: "Left: _____..." (ID: 268)
[2025-03-19T02:24:26.580Z] [INFO] Inserted item: "Lower extremities:..." (ID: 269)
[2025-03-19T02:24:26.630Z] [INFO] Inserted item: "Proximal:..." (ID: 270)
[2025-03-19T02:24:26.677Z] [INFO] Inserted item: "Right: _____..." (ID: 271)
[2025-03-19T02:24:26.729Z] [INFO] Inserted item: "Left: _____..." (ID: 272)
[2025-03-19T02:24:26.792Z] [INFO] Inserted item: "Distal:..." (ID: 273)
[2025-03-19T02:24:26.844Z] [INFO] Inserted item: "Right: _____..." (ID: 274)
[2025-03-19T02:24:26.910Z] [INFO] Inserted item: "Left: _____..." (ID: 275)
[2025-03-19T02:24:26.964Z] [INFO] Inserted item: "Neck muscles: _____..." (ID: 276)
[2025-03-19T02:24:27.016Z] [INFO] Inserted item: "Respiratory muscles: _____..." (ID: 277)
[2025-03-19T02:24:27.067Z] [INFO] Inserted header: Reflexes (0-4+ scale) (level 3, ID: 278)
[2025-03-19T02:24:27.140Z] [INFO] Inserted item: "Biceps:..." (ID: 279)
[2025-03-19T02:24:27.193Z] [INFO] Inserted item: "Right: _____..." (ID: 280)
[2025-03-19T02:24:27.248Z] [INFO] Inserted item: "Left: _____..." (ID: 281)
[2025-03-19T02:24:27.300Z] [INFO] Inserted item: "Triceps:..." (ID: 282)
[2025-03-19T02:24:27.349Z] [INFO] Inserted item: "Right: _____..." (ID: 283)
[2025-03-19T02:24:27.402Z] [INFO] Inserted item: "Left: _____..." (ID: 284)
[2025-03-19T02:24:27.453Z] [INFO] Inserted item: "Patellar:..." (ID: 285)
[2025-03-19T02:24:27.503Z] [INFO] Inserted item: "Right: _____..." (ID: 286)
[2025-03-19T02:24:27.556Z] [INFO] Inserted item: "Left: _____..." (ID: 287)
[2025-03-19T02:24:27.618Z] [INFO] Inserted item: "Achilles:..." (ID: 288)
[2025-03-19T02:24:27.667Z] [INFO] Inserted item: "Right: _____..." (ID: 289)
[2025-03-19T02:24:27.719Z] [INFO] Inserted item: "Left: _____..." (ID: 290)
[2025-03-19T02:24:27.770Z] [INFO] Inserted item: "Babinski sign:..." (ID: 291)
[2025-03-19T02:24:27.821Z] [INFO] Inserted item: "Right: _____..." (ID: 292)
[2025-03-19T02:24:27.869Z] [INFO] Inserted item: "Left: _____..." (ID: 293)
[2025-03-19T02:24:27.921Z] [INFO] Inserted item: "Hoffmann sign:..." (ID: 294)
[2025-03-19T02:24:27.977Z] [INFO] Inserted item: "Right: _____..." (ID: 295)
[2025-03-19T02:24:28.030Z] [INFO] Inserted item: "Left: _____..." (ID: 296)
[2025-03-19T02:24:28.083Z] [INFO] Inserted header: Sensory Exam (level 3, ID: 297)
[2025-03-19T02:24:28.137Z] [INFO] Inserted item: "Light touch: _____..." (ID: 298)
[2025-03-19T02:24:28.190Z] [INFO] Inserted item: "Pinprick:..." (ID: 299)
[2025-03-19T02:24:28.245Z] [INFO] Inserted item: "Upper extremities: _____..." (ID: 300)
[2025-03-19T02:24:28.300Z] [INFO] Inserted item: "Lower extremities: _____..." (ID: 301)
[2025-03-19T02:24:28.348Z] [INFO] Inserted item: "Dermatome level: _____..." (ID: 302)
[2025-03-19T02:24:28.402Z] [INFO] Inserted item: "Proprioception: _____..." (ID: 303)
[2025-03-19T02:24:28.452Z] [INFO] Inserted item: "Vibration: _____..." (ID: 304)
[2025-03-19T02:24:28.509Z] [INFO] Inserted item: "Perianal sensation: _____..." (ID: 305)
[2025-03-19T02:24:28.565Z] [INFO] Inserted header: Coordination (level 3, ID: 306)
[2025-03-19T02:24:28.617Z] [INFO] Inserted item: "Finger-to-nose:..." (ID: 307)
[2025-03-19T02:24:28.671Z] [INFO] Inserted item: "Right: _____..." (ID: 308)
[2025-03-19T02:24:28.722Z] [INFO] Inserted item: "Left: _____..." (ID: 309)
[2025-03-19T02:24:28.774Z] [INFO] Inserted item: "Heel-to-shin:..." (ID: 310)
[2025-03-19T02:24:28.825Z] [INFO] Inserted item: "Right: _____..." (ID: 311)
[2025-03-19T02:24:28.893Z] [INFO] Inserted item: "Left: _____..." (ID: 312)
[2025-03-19T02:24:28.952Z] [INFO] Inserted item: "Rapid alternating movements: _..." (ID: 313)
[2025-03-19T02:24:29.004Z] [INFO] Inserted header: Other Neurological Signs (level 3, ID: 314)
[2025-03-19T02:24:29.057Z] [INFO] Inserted item: "Pronator drift..." (ID: 315)
[2025-03-19T02:24:29.106Z] [INFO] Inserted item: "Nystagmus..." (ID: 316)
[2025-03-19T02:24:29.155Z] [INFO] Inserted item: "Cerebellar findings..." (ID: 317)
[2025-03-19T02:24:29.206Z] [INFO] Inserted item: "Gait: _____..." (ID: 318)
[2025-03-19T02:24:29.255Z] [INFO] Inserted item: "Rectal tone: _____..." (ID: 319)
[2025-03-19T02:24:29.322Z] [INFO] Inserted/updated section: Cardiovascular Exam (ID: 40)
[2025-03-19T02:24:29.377Z] [INFO] Inserted item: "Heart sounds: _____..." (ID: 320)
[2025-03-19T02:24:29.434Z] [INFO] Inserted item: "Murmurs: _____..." (ID: 321)
[2025-03-19T02:24:29.488Z] [INFO] Inserted item: "Jugular venous distension: ___..." (ID: 322)
[2025-03-19T02:24:29.545Z] [INFO] Inserted item: "Peripheral pulses: _____..." (ID: 323)
[2025-03-19T02:24:29.621Z] [INFO] Inserted item: "Edema: _____..." (ID: 324)
[2025-03-19T02:24:29.673Z] [INFO] Inserted/updated section: Respiratory Exam (ID: 41)
[2025-03-19T02:24:29.727Z] [INFO] Inserted item: "Respiratory effort: _____..." (ID: 325)
[2025-03-19T02:24:29.788Z] [INFO] Inserted item: "Breath sounds: _____..." (ID: 326)
[2025-03-19T02:24:29.788Z] [INFO] Completed processing file: physical-exam.md
[2025-03-19T02:24:29.789Z] [INFO] Processing file: lab-studies.md
[2025-03-19T02:24:29.838Z] [INFO] Inserted/updated section: Basic Studies (ID: 42)
[2025-03-19T02:24:29.893Z] [INFO] Inserted item: "Complete blood count..." (ID: 327)
[2025-03-19T02:24:29.946Z] [INFO] Inserted item: "Hemoglobin: _____ g/dL..." (ID: 328)
[2025-03-19T02:24:30.000Z] [INFO] Inserted item: "Basic metabolic panel..." (ID: 329)
[2025-03-19T02:24:30.048Z] [INFO] Inserted item: "Glucose: _____ mg/dL..." (ID: 330)
[2025-03-19T02:24:30.101Z] [INFO] Inserted item: "Sodium: _____ mmol/L..." (ID: 331)
[2025-03-19T02:24:30.149Z] [INFO] Inserted item: "Potassium: _____ mmol/L..." (ID: 332)
[2025-03-19T02:24:30.199Z] [INFO] Inserted item: "Calcium: _____ mg/dL..." (ID: 333)
[2025-03-19T02:24:30.250Z] [INFO] Inserted item: "BUN: _____ mg/dL..." (ID: 334)
[2025-03-19T02:24:30.301Z] [INFO] Inserted item: "Creatinine: _____ mg/dL..." (ID: 335)
[2025-03-19T02:24:30.353Z] [INFO] Inserted item: "CO2: _____ mmol/L..." (ID: 336)
[2025-03-19T02:24:30.409Z] [INFO] Inserted item: "Liver function tests..." (ID: 337)
[2025-03-19T02:24:30.459Z] [INFO] Inserted item: "Bilirubin: _____ mg/dL..." (ID: 338)
[2025-03-19T02:24:30.516Z] [INFO] Inserted item: "Urinalysis: _____..." (ID: 339)
[2025-03-19T02:24:30.566Z] [INFO] Inserted/updated section: Cardiac Markers (ID: 43)
[2025-03-19T02:24:30.627Z] [INFO] Inserted item: "Troponin: _____ ng/mL..." (ID: 340)
[2025-03-19T02:24:30.689Z] [INFO] Inserted/updated section: Metabolic Studies (ID: 44)
[2025-03-19T02:24:30.740Z] [INFO] Inserted item: "Lactate: _____ mmol/L..." (ID: 341)
[2025-03-19T02:24:30.790Z] [INFO] Inserted item: "Ammonia: _____ μmol/L..." (ID: 342)
[2025-03-19T02:24:30.844Z] [INFO] Inserted item: "Ketones: _____..." (ID: 343)
[2025-03-19T02:24:30.892Z] [INFO] Inserted/updated section: Muscle Studies (ID: 45)
[2025-03-19T02:24:30.941Z] [INFO] Inserted item: "Creatine kinase: _____ U/L..." (ID: 344)
[2025-03-19T02:24:30.989Z] [INFO] Inserted/updated section: Inflammatory Markers (ID: 46)
[2025-03-19T02:24:31.044Z] [INFO] Inserted item: "ESR: _____ mm/hr..." (ID: 345)
[2025-03-19T02:24:31.093Z] [INFO] Inserted item: "CRP: _____ mg/L..." (ID: 346)
[2025-03-19T02:24:31.093Z] [INFO] Completed processing file: lab-studies.md
[2025-03-19T02:24:31.093Z] [INFO] Processing file: imaging.md
[2025-03-19T02:24:31.145Z] [INFO] Inserted/updated section: Head Imaging (ID: 47)
[2025-03-19T02:24:31.197Z] [INFO] Inserted item: "CT head without contrast..." (ID: 347)
[2025-03-19T02:24:31.254Z] [INFO] Inserted item: "CT head with contrast..." (ID: 348)
[2025-03-19T02:24:31.306Z] [INFO] Inserted item: "MRI brain without contrast..." (ID: 349)
[2025-03-19T02:24:31.357Z] [INFO] Inserted item: "MRI brain with contrast..." (ID: 350)
[2025-03-19T02:24:31.412Z] [INFO] Inserted/updated section: Spine Imaging (ID: 48)
[2025-03-19T02:24:31.467Z] [INFO] Inserted item: "Cervical spine X-ray..." (ID: 351)
[2025-03-19T02:24:31.517Z] [INFO] Inserted item: "Thoracic spine X-ray..." (ID: 352)
[2025-03-19T02:24:31.572Z] [INFO] Inserted item: "Lumbar spine X-ray..." (ID: 353)
[2025-03-19T02:24:31.627Z] [INFO] Inserted item: "CT cervical spine..." (ID: 354)
[2025-03-19T02:24:31.675Z] [INFO] Inserted item: "CT thoracic spine..." (ID: 355)
[2025-03-19T02:24:31.734Z] [INFO] Inserted item: "CT lumbar spine..." (ID: 356)
[2025-03-19T02:24:31.796Z] [INFO] Inserted item: "MRI cervical spine..." (ID: 357)
[2025-03-19T02:24:31.845Z] [INFO] Inserted item: "MRI thoracic spine..." (ID: 358)
[2025-03-19T02:24:31.893Z] [INFO] Inserted item: "MRI lumbar spine..." (ID: 359)
[2025-03-19T02:24:31.893Z] [INFO] Completed processing file: imaging.md
[2025-03-19T02:24:31.894Z] [INFO] Processing file: special-tests.md
[2025-03-19T02:24:31.948Z] [INFO] Inserted/updated section: Pulmonary Function Tests (ID: 49)
[2025-03-19T02:24:32.001Z] [INFO] Inserted item: "Forced vital capacity: _____ L..." (ID: 360)
[2025-03-19T02:24:32.052Z] [INFO] Inserted item: "Negative inspiratory force: __..." (ID: 361)
[2025-03-19T02:24:32.105Z] [INFO] Inserted/updated section: Lumbar Puncture (ID: 50)
[2025-03-19T02:24:32.156Z] [INFO] Inserted item: "Opening pressure: _____ cmH2O..." (ID: 362)
[2025-03-19T02:24:32.209Z] [INFO] Inserted item: "CSF appearance: _____..." (ID: 363)
[2025-03-19T02:24:32.261Z] [INFO] Inserted item: "CSF protein: _____ mg/dL..." (ID: 364)
[2025-03-19T02:24:32.317Z] [INFO] Inserted item: "CSF glucose: _____ mg/dL..." (ID: 365)
[2025-03-19T02:24:32.373Z] [INFO] Inserted item: "CSF cell count: _____ cells/μL..." (ID: 366)
[2025-03-19T02:24:32.432Z] [INFO] Inserted/updated section: Other Tests (ID: 51)
[2025-03-19T02:24:32.486Z] [INFO] Inserted item: "Tensilon test..." (ID: 367)
[2025-03-19T02:24:32.542Z] [INFO] Inserted item: "Ice pack test..." (ID: 368)
[2025-03-19T02:24:32.542Z] [INFO] Completed processing file: special-tests.md
[2025-03-19T02:24:32.543Z] [INFO] Processing file: ecg.md
[2025-03-19T02:24:32.596Z] [INFO] Inserted/updated section: ECG Findings (ID: 52)
[2025-03-19T02:24:32.644Z] [INFO] Inserted item: "Normal sinus rhythm..." (ID: 369)
[2025-03-19T02:24:32.697Z] [INFO] Inserted item: "Bradycardia..." (ID: 370)
[2025-03-19T02:24:32.753Z] [INFO] Inserted item: "Tachycardia..." (ID: 371)
[2025-03-19T02:24:32.806Z] [INFO] Inserted item: "Signs of ischemia..." (ID: 372)
[2025-03-19T02:24:32.863Z] [INFO] Inserted item: "ST segment changes..." (ID: 373)
[2025-03-19T02:24:32.921Z] [INFO] Inserted item: "T wave changes..." (ID: 374)
[2025-03-19T02:24:32.973Z] [INFO] Inserted item: "Conduction abnormalities..." (ID: 375)
[2025-03-19T02:24:33.020Z] [INFO] Inserted item: "Arrhythmias..." (ID: 376)
[2025-03-19T02:24:33.021Z] [INFO] Completed processing file: ecg.md
[2025-03-19T02:24:33.022Z] [INFO] Processing file: assessment.md
[2025-03-19T02:24:33.073Z] [INFO] Inserted/updated section: Neuromuscular Classification (ID: 53)
[2025-03-19T02:24:33.126Z] [INFO] Inserted item: "Upper Motor Neuron (UMN) lesio..." (ID: 377)
[2025-03-19T02:24:33.176Z] [INFO] Inserted item: "Cerebral cortex..." (ID: 378)
[2025-03-19T02:24:33.231Z] [INFO] Inserted item: "Corona radiata..." (ID: 379)
[2025-03-19T02:24:33.283Z] [INFO] Inserted item: "Internal capsule..." (ID: 380)
[2025-03-19T02:24:33.334Z] [INFO] Inserted item: "Brainstem..." (ID: 381)
[2025-03-19T02:24:33.383Z] [INFO] Inserted item: "Spinal cord..." (ID: 382)
[2025-03-19T02:24:33.431Z] [INFO] Inserted item: "Lower Motor Neuron (LMN) lesio..." (ID: 383)
[2025-03-19T02:24:33.488Z] [INFO] Inserted item: "Anterior horn cell..." (ID: 384)
[2025-03-19T02:24:33.549Z] [INFO] Inserted item: "Nerve root..." (ID: 385)
[2025-03-19T02:24:33.598Z] [INFO] Inserted item: "Plexus..." (ID: 386)
[2025-03-19T02:24:33.648Z] [INFO] Inserted item: "Peripheral nerve..." (ID: 387)
[2025-03-19T02:24:33.698Z] [INFO] Inserted item: "Neuromuscular Junction disorde..." (ID: 388)
[2025-03-19T02:24:33.750Z] [INFO] Inserted item: "Myofiber disorder..." (ID: 389)
[2025-03-19T02:24:33.802Z] [INFO] Inserted/updated section: Pattern Classification (ID: 54)
[2025-03-19T02:24:33.851Z] [INFO] Inserted item: "Unilateral weakness..." (ID: 390)
[2025-03-19T02:24:33.903Z] [INFO] Inserted item: "With ipsilateral facial involv..." (ID: 391)
[2025-03-19T02:24:33.954Z] [INFO] Inserted item: "With contralateral facial invo..." (ID: 392)
[2025-03-19T02:24:34.001Z] [INFO] Inserted item: "Without facial involvement..." (ID: 393)
[2025-03-19T02:24:34.050Z] [INFO] Inserted item: "Bilateral weakness..." (ID: 394)
[2025-03-19T02:24:34.101Z] [INFO] Inserted item: "Lower extremities only..." (ID: 395)
[2025-03-19T02:24:34.149Z] [INFO] Inserted item: "Upper extremities only..." (ID: 396)
[2025-03-19T02:24:34.199Z] [INFO] Inserted item: "All four extremities..." (ID: 397)
[2025-03-19T02:24:34.247Z] [INFO] Inserted item: "Proximal portions of extremiti..." (ID: 398)
[2025-03-19T02:24:34.322Z] [INFO] Inserted item: "Distal portions of extremities..." (ID: 399)
[2025-03-19T02:24:34.377Z] [INFO] Inserted item: "Facial weakness..." (ID: 400)
[2025-03-19T02:24:34.426Z] [INFO] Inserted item: "Isolated facial weakness..." (ID: 401)
[2025-03-19T02:24:34.478Z] [INFO] Inserted item: "Facial weakness not limited to..." (ID: 402)
[2025-03-19T02:24:34.529Z] [INFO] Inserted/updated section: Systemic vs. Focal (ID: 55)
[2025-03-19T02:24:34.583Z] [INFO] Inserted item: "Systemic cause..." (ID: 403)
[2025-03-19T02:24:34.634Z] [INFO] Inserted item: "Focal neurologic cause..." (ID: 404)
[2025-03-19T02:24:34.683Z] [INFO] Inserted/updated section: Severity Assessment (ID: 56)
[2025-03-19T02:24:34.734Z] [INFO] Inserted item: "Mild..." (ID: 405)
[2025-03-19T02:24:34.783Z] [INFO] Inserted item: "Moderate..." (ID: 406)
[2025-03-19T02:24:34.836Z] [INFO] Inserted item: "Severe..." (ID: 407)
[2025-03-19T02:24:34.893Z] [INFO] Inserted item: "Life-threatening..." (ID: 408)
[2025-03-19T02:24:34.953Z] [INFO] Inserted/updated section: Progression (ID: 57)
[2025-03-19T02:24:35.006Z] [INFO] Inserted item: "Rapid progression..." (ID: 409)
[2025-03-19T02:24:35.060Z] [INFO] Inserted item: "Slow progression..." (ID: 410)
[2025-03-19T02:24:35.127Z] [INFO] Inserted item: "Static..." (ID: 411)
[2025-03-19T02:24:35.128Z] [INFO] Completed processing file: assessment.md
[2025-03-19T02:24:35.129Z] [INFO] Processing file: plan.md
[2025-03-19T02:24:35.184Z] [INFO] Inserted/updated section: Immediate Management (ID: 58)
[2025-03-19T02:24:35.240Z] [INFO] Inserted item: "Airway protection..." (ID: 412)
[2025-03-19T02:24:35.294Z] [INFO] Inserted item: "Endotracheal intubation..." (ID: 413)
[2025-03-19T02:24:35.356Z] [INFO] Inserted item: "Avoid succinylcholine if suspe..." (ID: 414)
[2025-03-19T02:24:35.405Z] [INFO] Inserted item: "Consider rocuronium for neurom..." (ID: 415)
[2025-03-19T02:24:35.456Z] [INFO] Inserted item: "Hemodynamic support..." (ID: 416)
[2025-03-19T02:24:35.512Z] [INFO] Inserted item: "Volume resuscitation..." (ID: 417)
[2025-03-19T02:24:35.578Z] [INFO] Inserted item: "Pressor support..." (ID: 418)
[2025-03-19T02:24:35.649Z] [INFO] Inserted/updated section: Neurological Management (ID: 59)
[2025-03-19T02:24:35.705Z] [INFO] Inserted item: "Neurology consultation..." (ID: 419)
[2025-03-19T02:24:35.766Z] [INFO] Inserted item: "Neurosurgical consultation..." (ID: 420)
[2025-03-19T02:24:35.850Z] [INFO] Inserted item: "Neurointerventional consultati..." (ID: 421)
[2025-03-19T02:24:35.910Z] [INFO] Inserted/updated section: Targeted Treatments (ID: 60)
[2025-03-19T02:24:35.963Z] [INFO] Inserted item: "Fluid resuscitation for rhabdo..." (ID: 422)
[2025-03-19T02:24:36.019Z] [INFO] Inserted item: "Electrolyte replacement..." (ID: 423)
[2025-03-19T02:24:36.078Z] [INFO] Inserted item: "Medication adjustments..." (ID: 424)
[2025-03-19T02:24:36.139Z] [INFO] Inserted item: "Discontinue medications potent..." (ID: 425)
[2025-03-19T02:24:36.190Z] [INFO] Inserted item: "Treatment of infectious causes..." (ID: 426)
[2025-03-19T02:24:36.244Z] [INFO] Inserted item: "Management of metabolic distur..." (ID: 427)
[2025-03-19T02:24:36.297Z] [INFO] Inserted/updated section: Additional Diagnostic Testing (ID: 61)
[2025-03-19T02:24:36.437Z] [INFO] Inserted item: "Electromyography (EMG)..." (ID: 428)
[2025-03-19T02:24:36.488Z] [INFO] Inserted item: "Nerve conduction studies (NCS)..." (ID: 429)
[2025-03-19T02:24:36.549Z] [INFO] Inserted item: "Lumbar puncture..." (ID: 430)
[2025-03-19T02:24:36.603Z] [INFO] Inserted item: "Additional laboratory studies..." (ID: 431)
[2025-03-19T02:24:36.702Z] [INFO] Inserted item: "Additional imaging studies..." (ID: 432)
[2025-03-19T02:24:36.703Z] [INFO] Completed processing file: plan.md
[2025-03-19T02:24:36.703Z] [INFO] Processing file: disposition.md
[2025-03-19T02:24:36.753Z] [INFO] Inserted/updated section: Admission Criteria (ID: 62)
[2025-03-19T02:24:36.811Z] [INFO] Inserted item: "Generalized weakness with syst..." (ID: 433)
[2025-03-19T02:24:36.871Z] [INFO] Inserted item: "New UMN weakness..." (ID: 434)
[2025-03-19T02:24:36.927Z] [INFO] Inserted item: "Severe or progressive LMN or m..." (ID: 435)
[2025-03-19T02:24:36.988Z] [INFO] Inserted item: "Respiratory compromise or risk..." (ID: 436)
[2025-03-19T02:24:37.038Z] [INFO] Inserted item: "Suspicion for ascending paraly..." (ID: 437)
[2025-03-19T02:24:37.089Z] [INFO] Inserted item: "Central vascular lesion..." (ID: 438)
[2025-03-19T02:24:37.143Z] [INFO] Inserted item: "Thrombotic..." (ID: 439)
[2025-03-19T02:24:37.192Z] [INFO] Inserted item: "Hemorrhagic..." (ID: 440)
[2025-03-19T02:24:37.244Z] [INFO] Inserted/updated section: Level of Care (ID: 63)
[2025-03-19T02:24:37.298Z] [INFO] Inserted item: "Intensive care unit..." (ID: 441)
[2025-03-19T02:24:37.364Z] [INFO] Inserted item: "For respiratory monitoring..." (ID: 442)
[2025-03-19T02:24:37.416Z] [INFO] Inserted item: "For neurological monitoring..." (ID: 443)
[2025-03-19T02:24:37.484Z] [INFO] Inserted item: "Step-down unit..." (ID: 444)
[2025-03-19T02:24:37.537Z] [INFO] Inserted item: "General medical/neurological f..." (ID: 445)
[2025-03-19T02:24:37.590Z] [INFO] Inserted/updated section: Discharge Criteria (ID: 64)
[2025-03-19T02:24:37.647Z] [INFO] Inserted item: "Mild LMN or myofiber weakness ..." (ID: 446)
[2025-03-19T02:24:37.706Z] [INFO] Inserted item: "Non-progressive condition..." (ID: 447)
[2025-03-19T02:24:37.756Z] [INFO] Inserted item: "Adequate outpatient follow-up..." (ID: 448)
[2025-03-19T02:24:37.807Z] [INFO] Inserted/updated section: Follow-up (ID: 65)
[2025-03-19T02:24:37.861Z] [INFO] Inserted item: "Primary care: _____..." (ID: 449)
[2025-03-19T02:24:37.917Z] [INFO] Inserted item: "Neurology: _____..." (ID: 450)
[2025-03-19T02:24:37.969Z] [INFO] Inserted item: "Other specialty: _____..." (ID: 451)
[2025-03-19T02:24:37.970Z] [INFO] Completed processing file: disposition.md
[2025-03-19T02:24:37.971Z] [INFO] Processing file: patient-education.md
[2025-03-19T02:24:38.024Z] [INFO] Inserted/updated section: Disease Information (ID: 66)
[2025-03-19T02:24:38.081Z] [INFO] Inserted item: "Explanation of diagnosis..." (ID: 452)
[2025-03-19T02:24:38.137Z] [INFO] Inserted item: "Expected course of illness..." (ID: 453)
[2025-03-19T02:24:38.202Z] [INFO] Inserted item: "Prognosis discussion..." (ID: 454)
[2025-03-19T02:24:38.254Z] [INFO] Inserted/updated section: Warning Signs (ID: 67)
[2025-03-19T02:24:38.307Z] [INFO] Inserted item: "Respiratory distress..." (ID: 455)
[2025-03-19T02:24:38.358Z] [INFO] Inserted item: "Worsening weakness..." (ID: 456)
[2025-03-19T02:24:38.407Z] [INFO] Inserted item: "Swallowing difficulties..." (ID: 457)
[2025-03-19T02:24:38.460Z] [INFO] Inserted item: "Change in mental status..." (ID: 458)
[2025-03-19T02:24:38.511Z] [INFO] Inserted item: "When to seek emergency care..." (ID: 459)
[2025-03-19T02:24:38.560Z] [INFO] Inserted/updated section: Medication Instructions (ID: 68)
[2025-03-19T02:24:38.609Z] [INFO] Inserted item: "Medication regimen explained..." (ID: 460)
[2025-03-19T02:24:38.658Z] [INFO] Inserted item: "Potential side effects discuss..." (ID: 461)
[2025-03-19T02:24:38.710Z] [INFO] Inserted item: "Medications to avoid..." (ID: 462)
[2025-03-19T02:24:38.768Z] [INFO] Inserted/updated section: Follow-up Instructions (ID: 69)
[2025-03-19T02:24:38.821Z] [INFO] Inserted item: "Follow-up appointments schedul..." (ID: 463)
[2025-03-19T02:24:38.882Z] [INFO] Inserted item: "Rehabilitation plan discussed..." (ID: 464)
[2025-03-19T02:24:38.883Z] [INFO] Completed processing file: patient-education.md
[2025-03-19T02:24:38.884Z] [INFO] Completed processing chapter: Ch9_Weakness
[2025-03-19T02:24:38.884Z] [INFO] Migration completed: 1 chapters processed successfully, 0 chapters had errors
[2025-03-19T02:24:38.885Z] [INFO] Migration completed in 29.944 seconds
