[2025-03-14T20:10:21.494Z] [INFO] Starting migration...
[2025-03-14T20:10:21.495Z] [INFO] Inserting categories...
[2025-03-14T20:10:21.717Z] [INFO] All categories already exist, skipping insertion
[2025-03-14T20:10:21.718Z] [INFO] Found 1 chapter directories to process
[2025-03-14T20:10:21.718Z] [INFO] Processing chapter: Ch11_Syncope
[2025-03-14T20:10:21.840Z] [INFO] Inserted/updated chapter: Syncope (ID: 180)
[2025-03-14T20:10:21.888Z] [INFO] Processing file: alarm-features.md
[2025-03-14T20:10:21.949Z] [INFO] Inserted/updated section: High-Risk Features (ID: 269)
[2025-03-14T20:10:21.951Z] [INFO] Inserting 8 checklist items for section 269
[2025-03-14T20:10:22.008Z] [INFO] Successfully inserted 8 checklist items
[2025-03-14T20:10:22.062Z] [INFO] Inserted/updated section: Critical Diagnoses To Consider (ID: 270)
[2025-03-14T20:10:22.062Z] [INFO] Inserting 13 checklist items for section 270
[2025-03-14T20:10:22.162Z] [INFO] Successfully inserted 13 checklist items
[2025-03-14T20:10:22.216Z] [INFO] Inserted/updated section: Emergent Diagnostic Factors (ID: 271)
[2025-03-14T20:10:22.217Z] [INFO] Inserting 11 checklist items for section 271
[2025-03-14T20:10:22.381Z] [INFO] Successfully inserted 11 checklist items
[2025-03-14T20:10:22.438Z] [INFO] Inserted/updated section: Concerning Cardiac Symptoms (ID: 272)
[2025-03-14T20:10:22.438Z] [INFO] Inserting 4 checklist items for section 272
[2025-03-14T20:10:22.506Z] [INFO] Successfully inserted 4 checklist items
[2025-03-14T20:10:22.559Z] [INFO] Inserted/updated section: Concerning Neurological Symptoms (ID: 273)
[2025-03-14T20:10:22.560Z] [INFO] Inserting 4 checklist items for section 273
[2025-03-14T20:10:22.622Z] [INFO] Successfully inserted 4 checklist items
[2025-03-14T20:10:22.676Z] [INFO] Inserted/updated section: Concerning Abdominal/GI Symptoms (ID: 274)
[2025-03-14T20:10:22.677Z] [INFO] Inserting 3 checklist items for section 274
[2025-03-14T20:10:22.728Z] [INFO] Successfully inserted 3 checklist items
[2025-03-14T20:10:22.728Z] [INFO] Completed processing file: alarm-features.md
[2025-03-14T20:10:22.729Z] [INFO] Processing file: assessment.md
[2025-03-14T20:10:22.778Z] [INFO] Inserted/updated section: Syncope Classification (ID: 275)
[2025-03-14T20:10:22.778Z] [INFO] Inserting 17 checklist items for section 275
[2025-03-14T20:10:22.999Z] [ERROR] Error inserting checklist items for section 275: null value in column "display_order" of relation "checklist_items" violates not-null constraint
[2025-03-14T20:10:22.999Z] [ERROR] Error processing file /Users/lucas/Documents/markdown_1-185/1-18/Ch11_Syncope/assessment.md: null value in column "display_order" of relation "checklist_items" violates not-null constraint
[2025-03-14T20:10:23.000Z] [INFO] Processing file: collateral-history.md
[2025-03-14T20:10:23.051Z] [INFO] Inserted/updated section: Witness Account (ID: 276)
[2025-03-14T20:10:23.052Z] [INFO] Inserting 4 checklist items for section 276
[2025-03-14T20:10:23.104Z] [INFO] Successfully inserted 4 checklist items
[2025-03-14T20:10:23.156Z] [INFO] Inserted/updated section: Description of Episode (From Observer) (ID: 277)
[2025-03-14T20:10:23.156Z] [INFO] Inserting 5 checklist items for section 277
[2025-03-14T20:10:23.216Z] [INFO] Successfully inserted 5 checklist items
[2025-03-14T20:10:23.268Z] [INFO] Inserted/updated section: Pre-Episode Observations (ID: 278)
[2025-03-14T20:10:23.268Z] [INFO] Inserting 5 checklist items for section 278
[2025-03-14T20:10:23.330Z] [INFO] Successfully inserted 5 checklist items
[2025-03-14T20:10:23.410Z] [INFO] Inserted/updated section: Episode Characteristics (ID: 279)
[2025-03-14T20:10:23.411Z] [INFO] Inserting 8 checklist items for section 279
[2025-03-14T20:10:23.462Z] [INFO] Successfully inserted 8 checklist items
[2025-03-14T20:10:23.508Z] [INFO] Inserted/updated section: Movement During Episode (ID: 280)
[2025-03-14T20:10:23.508Z] [INFO] Inserting 9 checklist items for section 280
[2025-03-14T20:10:23.567Z] [INFO] Successfully inserted 9 checklist items
[2025-03-14T20:10:23.623Z] [INFO] Inserted/updated section: Autonomic Features (ID: 281)
[2025-03-14T20:10:23.624Z] [INFO] Inserting 4 checklist items for section 281
[2025-03-14T20:10:23.671Z] [INFO] Successfully inserted 4 checklist items
[2025-03-14T20:10:23.732Z] [INFO] Inserted/updated section: Recovery Characteristics (ID: 282)
[2025-03-14T20:10:23.732Z] [INFO] Inserting 11 checklist items for section 282
[2025-03-14T20:10:23.783Z] [INFO] Successfully inserted 11 checklist items
[2025-03-14T20:10:23.836Z] [INFO] Inserted/updated section: EMS/First Responder Report (ID: 283)
[2025-03-14T20:10:23.837Z] [INFO] Inserting 4 checklist items for section 283
[2025-03-14T20:10:23.892Z] [INFO] Successfully inserted 4 checklist items
[2025-03-14T20:10:23.893Z] [INFO] Completed processing file: collateral-history.md
[2025-03-14T20:10:23.893Z] [INFO] Processing file: diet.md
[2025-03-14T20:10:23.952Z] [INFO] Inserted/updated section: Oral Intake (ID: 284)
[2025-03-14T20:10:23.953Z] [INFO] Inserting 5 checklist items for section 284
[2025-03-14T20:10:24.010Z] [INFO] Successfully inserted 5 checklist items
[2025-03-14T20:10:24.104Z] [INFO] Inserted/updated section: Dietary Triggers (ID: 285)
[2025-03-14T20:10:24.104Z] [INFO] Inserting 4 checklist items for section 285
[2025-03-14T20:10:24.163Z] [INFO] Successfully inserted 4 checklist items
[2025-03-14T20:10:24.228Z] [INFO] Inserted/updated section: Specialized Diets (ID: 286)
[2025-03-14T20:10:24.229Z] [INFO] Inserting 5 checklist items for section 286
[2025-03-14T20:10:24.280Z] [INFO] Successfully inserted 5 checklist items
[2025-03-14T20:10:24.338Z] [INFO] Inserted/updated section: Hydration Status (ID: 287)
[2025-03-14T20:10:24.338Z] [INFO] Inserting 4 checklist items for section 287
[2025-03-14T20:10:24.416Z] [INFO] Successfully inserted 4 checklist items
[2025-03-14T20:10:24.469Z] [INFO] Inserted/updated section: Recent Dietary Changes (ID: 288)
[2025-03-14T20:10:24.469Z] [INFO] Inserting 7 checklist items for section 288
[2025-03-14T20:10:24.522Z] [INFO] Successfully inserted 7 checklist items
[2025-03-14T20:10:24.586Z] [INFO] Inserted/updated section: Dietary Supplements (ID: 289)
[2025-03-14T20:10:24.586Z] [INFO] Inserting 6 checklist items for section 289
[2025-03-14T20:10:24.635Z] [INFO] Successfully inserted 6 checklist items
[2025-03-14T20:10:24.687Z] [INFO] Inserted/updated section: Appetite (ID: 290)
[2025-03-14T20:10:24.687Z] [INFO] Inserting 4 checklist items for section 290
[2025-03-14T20:10:24.769Z] [INFO] Successfully inserted 4 checklist items
[2025-03-14T20:10:24.769Z] [INFO] Completed processing file: diet.md
[2025-03-14T20:10:24.770Z] [INFO] Processing file: differential-diagnosis.md
[2025-03-14T20:10:24.823Z] [INFO] Inserted/updated section: Reflex (Neurally Mediated) Syncope (ID: 291)
[2025-03-14T20:10:24.823Z] [INFO] Inserting 12 checklist items for section 291
[2025-03-14T20:10:24.919Z] [ERROR] Error inserting checklist items for section 291: null value in column "display_order" of relation "checklist_items" violates not-null constraint
[2025-03-14T20:10:24.919Z] [ERROR] Error processing file /Users/lucas/Documents/markdown_1-185/1-18/Ch11_Syncope/differential-diagnosis.md: null value in column "display_order" of relation "checklist_items" violates not-null constraint
[2025-03-14T20:10:24.919Z] [INFO] Processing file: disposition.md
[2025-03-14T20:10:24.970Z] [INFO] Inserted/updated section: Primary Disposition Decision (ID: 292)
[2025-03-14T20:10:24.970Z] [INFO] Inserting 8 checklist items for section 292
[2025-03-14T20:10:25.077Z] [ERROR] Error inserting checklist items for section 292: null value in column "display_order" of relation "checklist_items" violates not-null constraint
[2025-03-14T20:10:25.077Z] [ERROR] Error processing file /Users/lucas/Documents/markdown_1-185/1-18/Ch11_Syncope/disposition.md: null value in column "display_order" of relation "checklist_items" violates not-null constraint
[2025-03-14T20:10:25.077Z] [INFO] Processing file: ecg.md
[2025-03-14T20:10:25.131Z] [INFO] Inserted/updated section: Basic ECG Parameters (ID: 293)
[2025-03-14T20:10:25.131Z] [INFO] Inserting 7 checklist items for section 293
[2025-03-14T20:10:25.181Z] [INFO] Successfully inserted 7 checklist items
[2025-03-14T20:10:25.234Z] [INFO] Inserted/updated section: Rhythm (ID: 294)
[2025-03-14T20:10:25.234Z] [INFO] Inserting 9 checklist items for section 294
[2025-03-14T20:10:25.291Z] [INFO] Successfully inserted 9 checklist items
[2025-03-14T20:10:25.338Z] [INFO] Inserted/updated section: Conduction Abnormalities (ID: 295)
[2025-03-14T20:10:25.338Z] [INFO] Inserting 11 checklist items for section 295
[2025-03-14T20:10:25.504Z] [INFO] Successfully inserted 11 checklist items
[2025-03-14T20:10:25.565Z] [INFO] Inserted/updated section: Tachyarrhythmias (ID: 296)
[2025-03-14T20:10:25.565Z] [INFO] Inserting 7 checklist items for section 296
[2025-03-14T20:10:25.619Z] [INFO] Successfully inserted 7 checklist items
[2025-03-14T20:10:25.677Z] [INFO] Inserted/updated section: Ischemia/Infarction (ID: 297)
[2025-03-14T20:10:25.678Z] [INFO] Inserting 6 checklist items for section 297
[2025-03-14T20:10:25.740Z] [INFO] Successfully inserted 6 checklist items
[2025-03-14T20:10:25.800Z] [INFO] Inserted/updated section: Other ECG Findings (ID: 298)
[2025-03-14T20:10:25.800Z] [INFO] Inserting 14 checklist items for section 298
[2025-03-14T20:10:25.873Z] [INFO] Successfully inserted 14 checklist items
[2025-03-14T20:10:25.918Z] [INFO] Inserted/updated section: Serial ECG Changes (ID: 299)
[2025-03-14T20:10:25.919Z] [INFO] Inserting 4 checklist items for section 299
[2025-03-14T20:10:25.967Z] [INFO] Successfully inserted 4 checklist items
[2025-03-14T20:10:26.020Z] [INFO] Inserted/updated section: Cardiac Monitor Findings (if available) (ID: 300)
[2025-03-14T20:10:26.020Z] [INFO] Inserting 2 checklist items for section 300
[2025-03-14T20:10:26.073Z] [INFO] Successfully inserted 2 checklist items
[2025-03-14T20:10:26.073Z] [INFO] Completed processing file: ecg.md
[2025-03-14T20:10:26.073Z] [INFO] Processing file: history.md
[2025-03-14T20:10:26.120Z] [INFO] Inserted/updated section: Chief Complaint (ID: 301)
[2025-03-14T20:10:26.121Z] [INFO] Inserting 3 checklist items for section 301
[2025-03-14T20:10:26.175Z] [INFO] Successfully inserted 3 checklist items
[2025-03-14T20:10:26.228Z] [INFO] Inserted/updated section: Episode Details (ID: 302)
[2025-03-14T20:10:26.230Z] [INFO] Inserting 4 checklist items for section 302
[2025-03-14T20:10:26.285Z] [INFO] Successfully inserted 4 checklist items
[2025-03-14T20:10:26.331Z] [INFO] Inserted/updated section: Position During Episode (ID: 303)
[2025-03-14T20:10:26.332Z] [INFO] Inserting 4 checklist items for section 303
[2025-03-14T20:10:26.387Z] [INFO] Successfully inserted 4 checklist items
[2025-03-14T20:10:26.438Z] [INFO] Inserted/updated section: Activity During Episode (ID: 304)
[2025-03-14T20:10:26.438Z] [INFO] Inserting 5 checklist items for section 304
[2025-03-14T20:10:26.488Z] [INFO] Successfully inserted 5 checklist items
[2025-03-14T20:10:26.541Z] [INFO] Inserted/updated section: Setting (ID: 305)
[2025-03-14T20:10:26.541Z] [INFO] Inserting 11 checklist items for section 305
[2025-03-14T20:10:26.592Z] [INFO] Successfully inserted 11 checklist items
[2025-03-14T20:10:26.645Z] [INFO] Inserted/updated section: Precipitating Factors (ID: 306)
[2025-03-14T20:10:26.645Z] [INFO] Inserting 12 checklist items for section 306
[2025-03-14T20:10:26.699Z] [INFO] Successfully inserted 12 checklist items
[2025-03-14T20:10:26.753Z] [INFO] Inserted/updated section: Associated Prodromal Symptoms (ID: 307)
[2025-03-14T20:10:26.754Z] [INFO] Inserting 10 checklist items for section 307
[2025-03-14T20:10:26.802Z] [INFO] Successfully inserted 10 checklist items
[2025-03-14T20:10:26.846Z] [INFO] Inserted/updated section: Associated Symptoms During/After Episode (ID: 308)
[2025-03-14T20:10:26.847Z] [INFO] Inserting 13 checklist items for section 308
[2025-03-14T20:10:26.897Z] [INFO] Successfully inserted 13 checklist items
[2025-03-14T20:10:26.945Z] [INFO] Inserted/updated section: Post-Episode Status (ID: 309)
[2025-03-14T20:10:26.945Z] [INFO] Inserting 6 checklist items for section 309
[2025-03-14T20:10:26.996Z] [INFO] Successfully inserted 6 checklist items
[2025-03-14T20:10:26.996Z] [INFO] Completed processing file: history.md
[2025-03-14T20:10:26.996Z] [INFO] Processing file: imaging.md
[2025-03-14T20:10:27.050Z] [INFO] Inserted/updated section: Chest X-ray (ID: 310)
[2025-03-14T20:10:27.050Z] [INFO] Inserting 11 checklist items for section 310
[2025-03-14T20:10:27.105Z] [INFO] Successfully inserted 11 checklist items
[2025-03-14T20:10:27.157Z] [INFO] Inserted/updated section: Head CT (ID: 311)
[2025-03-14T20:10:27.157Z] [INFO] Inserting 9 checklist items for section 311
[2025-03-14T20:10:27.206Z] [INFO] Successfully inserted 9 checklist items
[2025-03-14T20:10:27.261Z] [INFO] Inserted/updated section: CT Pulmonary Angiogram (ID: 312)
[2025-03-14T20:10:27.261Z] [INFO] Inserting 10 checklist items for section 312
[2025-03-14T20:10:27.360Z] [ERROR] Error inserting checklist items for section 312: null value in column "display_order" of relation "checklist_items" violates not-null constraint
[2025-03-14T20:10:27.361Z] [ERROR] Error processing file /Users/lucas/Documents/markdown_1-185/1-18/Ch11_Syncope/imaging.md: null value in column "display_order" of relation "checklist_items" violates not-null constraint
[2025-03-14T20:10:27.362Z] [INFO] Processing file: lab-studies.md
[2025-03-14T20:10:27.417Z] [INFO] Inserted/updated section: Complete Blood Count (ID: 313)
[2025-03-14T20:10:27.418Z] [INFO] Inserting 6 checklist items for section 313
[2025-03-14T20:10:27.473Z] [INFO] Successfully inserted 6 checklist items
[2025-03-14T20:10:27.522Z] [INFO] Inserted/updated section: Basic Metabolic Panel (ID: 314)
[2025-03-14T20:10:27.523Z] [INFO] Inserting 10 checklist items for section 314
[2025-03-14T20:10:27.574Z] [INFO] Successfully inserted 10 checklist items
[2025-03-14T20:10:27.624Z] [INFO] Inserted/updated section: Cardiac Biomarkers (ID: 315)
[2025-03-14T20:10:27.624Z] [INFO] Inserting 7 checklist items for section 315
[2025-03-14T20:10:27.676Z] [INFO] Successfully inserted 7 checklist items
[2025-03-14T20:10:27.733Z] [INFO] Inserted/updated section: Coagulation Studies (ID: 316)
[2025-03-14T20:10:27.734Z] [INFO] Inserting 5 checklist items for section 316
[2025-03-14T20:10:27.794Z] [INFO] Successfully inserted 5 checklist items
[2025-03-14T20:10:27.842Z] [INFO] Inserted/updated section: Additional Electrolytes (ID: 317)
[2025-03-14T20:10:27.842Z] [INFO] Inserting 2 checklist items for section 317
[2025-03-14T20:10:27.892Z] [INFO] Successfully inserted 2 checklist items
[2025-03-14T20:10:27.941Z] [INFO] Inserted/updated section: Liver Function Tests (ID: 318)
[2025-03-14T20:10:27.942Z] [INFO] Inserting 7 checklist items for section 318
[2025-03-14T20:10:28.006Z] [INFO] Successfully inserted 7 checklist items
[2025-03-14T20:10:28.058Z] [INFO] Inserted/updated section: Toxicology Screen (ID: 319)
[2025-03-14T20:10:28.059Z] [INFO] Inserting 4 checklist items for section 319
[2025-03-14T20:10:28.155Z] [INFO] Successfully inserted 4 checklist items
[2025-03-14T20:10:28.203Z] [INFO] Inserted/updated section: Pregnancy Test (ID: 320)
[2025-03-14T20:10:28.203Z] [INFO] Inserting 3 checklist items for section 320
[2025-03-14T20:10:28.259Z] [INFO] Successfully inserted 3 checklist items
[2025-03-14T20:10:28.332Z] [INFO] Inserted/updated section: Thyroid Function Tests (ID: 321)
[2025-03-14T20:10:28.333Z] [INFO] Inserting 4 checklist items for section 321
[2025-03-14T20:10:28.391Z] [INFO] Successfully inserted 4 checklist items
[2025-03-14T20:10:28.452Z] [INFO] Inserted/updated section: Arterial Blood Gas (ID: 322)
[2025-03-14T20:10:28.452Z] [INFO] Inserting 8 checklist items for section 322
[2025-03-14T20:10:28.509Z] [INFO] Successfully inserted 8 checklist items
[2025-03-14T20:10:28.569Z] [INFO] Inserted/updated section: Urinalysis (ID: 323)
[2025-03-14T20:10:28.570Z] [INFO] Inserting 10 checklist items for section 323
[2025-03-14T20:10:28.631Z] [INFO] Successfully inserted 10 checklist items
[2025-03-14T20:10:28.679Z] [INFO] Inserted/updated section: Other Laboratory Tests (ID: 324)
[2025-03-14T20:10:28.680Z] [INFO] Inserting 4 checklist items for section 324
[2025-03-14T20:10:28.734Z] [INFO] Successfully inserted 4 checklist items
[2025-03-14T20:10:28.734Z] [INFO] Completed processing file: lab-studies.md
[2025-03-14T20:10:28.734Z] [INFO] Processing file: medications.md
[2025-03-14T20:10:28.788Z] [INFO] Inserted/updated section: Vasodilators (ID: 325)
[2025-03-14T20:10:28.789Z] [INFO] Inserting 8 checklist items for section 325
[2025-03-14T20:10:28.842Z] [INFO] Successfully inserted 8 checklist items
[2025-03-14T20:10:28.889Z] [INFO] Inserted/updated section: Diuretics (ID: 326)
[2025-03-14T20:10:28.890Z] [INFO] Inserting 3 checklist items for section 326
[2025-03-14T20:10:28.943Z] [INFO] Successfully inserted 3 checklist items
[2025-03-14T20:10:29.006Z] [INFO] Inserted/updated section: Central Antihypertensives (ID: 327)
[2025-03-14T20:10:29.007Z] [INFO] Inserting 2 checklist items for section 327
[2025-03-14T20:10:29.063Z] [INFO] Successfully inserted 2 checklist items
[2025-03-14T20:10:29.112Z] [INFO] Inserted/updated section: QT-Prolonging Agents (ID: 328)
[2025-03-14T20:10:29.113Z] [INFO] Inserting 5 checklist items for section 328
[2025-03-14T20:10:29.161Z] [INFO] Successfully inserted 5 checklist items
[2025-03-14T20:10:29.210Z] [INFO] Inserted/updated section: Psychoactive Agents (ID: 329)
[2025-03-14T20:10:29.210Z] [INFO] Inserting 12 checklist items for section 329
[2025-03-14T20:10:29.263Z] [INFO] Successfully inserted 12 checklist items
[2025-03-14T20:10:29.315Z] [INFO] Inserted/updated section: Other Medications (ID: 330)
[2025-03-14T20:10:29.315Z] [INFO] Inserting 7 checklist items for section 330
[2025-03-14T20:10:29.367Z] [INFO] Successfully inserted 7 checklist items
[2025-03-14T20:10:29.418Z] [INFO] Inserted/updated section: Recent Medication Changes (ID: 331)
[2025-03-14T20:10:29.418Z] [INFO] Inserting 5 checklist items for section 331
[2025-03-14T20:10:29.478Z] [INFO] Successfully inserted 5 checklist items
[2025-03-14T20:10:29.535Z] [INFO] Inserted/updated section: Medication Compliance (ID: 332)
[2025-03-14T20:10:29.535Z] [INFO] Inserting 5 checklist items for section 332
[2025-03-14T20:10:29.596Z] [INFO] Successfully inserted 5 checklist items
[2025-03-14T20:10:29.596Z] [INFO] Completed processing file: medications.md
[2025-03-14T20:10:29.596Z] [INFO] Processing file: past-medical.md
[2025-03-14T20:10:29.647Z] [INFO] Inserted/updated section: Cardiac History (ID: 333)
[2025-03-14T20:10:29.647Z] [INFO] Inserting 28 checklist items for section 333
[2025-03-14T20:10:29.749Z] [ERROR] Error inserting checklist items for section 333: null value in column "display_order" of relation "checklist_items" violates not-null constraint
[2025-03-14T20:10:29.749Z] [ERROR] Error processing file /Users/lucas/Documents/markdown_1-185/1-18/Ch11_Syncope/past-medical.md: null value in column "display_order" of relation "checklist_items" violates not-null constraint
[2025-03-14T20:10:29.750Z] [INFO] Processing file: patient-education.md
[2025-03-14T20:10:29.802Z] [INFO] Inserted/updated section: General Syncope Information (ID: 334)
[2025-03-14T20:10:29.802Z] [INFO] Inserting 6 checklist items for section 334
[2025-03-14T20:10:29.870Z] [INFO] Successfully inserted 6 checklist items
[2025-03-14T20:10:29.921Z] [INFO] Inserted/updated section: Safety Considerations (ID: 335)
[2025-03-14T20:10:29.922Z] [INFO] Inserting 8 checklist items for section 335
[2025-03-14T20:10:29.969Z] [INFO] Successfully inserted 8 checklist items
[2025-03-14T20:10:30.019Z] [INFO] Inserted/updated section: Specific Cause Education (if identified) (ID: 336)
[2025-03-14T20:10:30.019Z] [INFO] Inserting 7 checklist items for section 336
[2025-03-14T20:10:30.071Z] [INFO] Successfully inserted 7 checklist items
[2025-03-14T20:10:30.124Z] [INFO] Inserted/updated section: Prodromal Symptom Recognition (ID: 337)
[2025-03-14T20:10:30.124Z] [INFO] Inserting 5 checklist items for section 337
[2025-03-14T20:10:30.175Z] [INFO] Successfully inserted 5 checklist items
[2025-03-14T20:10:30.237Z] [INFO] Inserted/updated section: Physical Counterpressure Maneuvers (ID: 338)
[2025-03-14T20:10:30.237Z] [INFO] Inserting 5 checklist items for section 338
[2025-03-14T20:10:30.293Z] [INFO] Successfully inserted 5 checklist items
[2025-03-14T20:10:30.345Z] [INFO] Inserted/updated section: Lifestyle Modifications (ID: 339)
[2025-03-14T20:10:30.345Z] [INFO] Inserting 8 checklist items for section 339
[2025-03-14T20:10:30.399Z] [INFO] Successfully inserted 8 checklist items
[2025-03-14T20:10:30.446Z] [INFO] Inserted/updated section: Medication Education (ID: 340)
[2025-03-14T20:10:30.447Z] [INFO] Inserting 6 checklist items for section 340
[2025-03-14T20:10:30.511Z] [INFO] Successfully inserted 6 checklist items
[2025-03-14T20:10:30.560Z] [INFO] Inserted/updated section: Follow-up Care (ID: 341)
[2025-03-14T20:10:30.560Z] [INFO] Inserting 7 checklist items for section 341
[2025-03-14T20:10:30.606Z] [INFO] Successfully inserted 7 checklist items
[2025-03-14T20:10:30.665Z] [INFO] Inserted/updated section: Warning Signs Requiring Immediate Attention (ID: 342)
[2025-03-14T20:10:30.665Z] [INFO] Inserting 8 checklist items for section 342
[2025-03-14T20:10:30.720Z] [INFO] Successfully inserted 8 checklist items
[2025-03-14T20:10:30.770Z] [INFO] Inserted/updated section: Family Education (ID: 343)
[2025-03-14T20:10:30.770Z] [INFO] Inserting 6 checklist items for section 343
[2025-03-14T20:10:30.817Z] [INFO] Successfully inserted 6 checklist items
[2025-03-14T20:10:30.818Z] [INFO] Completed processing file: patient-education.md
[2025-03-14T20:10:30.818Z] [INFO] Processing file: physical-exam.md
[2025-03-14T20:10:30.875Z] [INFO] Inserted/updated section: Vital Signs (ID: 344)
[2025-03-14T20:10:30.876Z] [INFO] Inserting 6 checklist items for section 344
[2025-03-14T20:10:30.934Z] [INFO] Successfully inserted 6 checklist items
[2025-03-14T20:10:31.088Z] [INFO] Inserted/updated section: Orthostatic Vital Signs (ID: 345)
[2025-03-14T20:10:31.089Z] [INFO] Inserting 10 checklist items for section 345
[2025-03-14T20:10:31.195Z] [ERROR] Error inserting checklist items for section 345: null value in column "display_order" of relation "checklist_items" violates not-null constraint
[2025-03-14T20:10:31.195Z] [ERROR] Error processing file /Users/lucas/Documents/markdown_1-185/1-18/Ch11_Syncope/physical-exam.md: null value in column "display_order" of relation "checklist_items" violates not-null constraint
[2025-03-14T20:10:31.196Z] [INFO] Processing file: plan.md
[2025-03-14T20:10:31.249Z] [INFO] Inserted/updated section: Immediate Management (ID: 346)
[2025-03-14T20:10:31.250Z] [INFO] Inserting 9 checklist items for section 346
[2025-03-14T20:10:31.305Z] [INFO] Successfully inserted 9 checklist items
[2025-03-14T20:10:31.359Z] [INFO] Inserted/updated section: Additional Testing (ID: 347)
[2025-03-14T20:10:31.359Z] [INFO] Inserting 12 checklist items for section 347
[2025-03-14T20:10:31.410Z] [INFO] Successfully inserted 12 checklist items
[2025-03-14T20:10:31.462Z] [INFO] Inserted/updated section: Medication Recommendations (ID: 348)
[2025-03-14T20:10:31.463Z] [INFO] Inserting 6 checklist items for section 348
[2025-03-14T20:10:31.518Z] [INFO] Successfully inserted 6 checklist items
[2025-03-14T20:10:31.575Z] [INFO] Inserted/updated section: Lifestyle Modifications (ID: 349)
[2025-03-14T20:10:31.575Z] [INFO] Inserting 8 checklist items for section 349
[2025-03-14T20:10:31.628Z] [INFO] Successfully inserted 8 checklist items
[2025-03-14T20:10:31.678Z] [INFO] Inserted/updated section: Cardiac Intervention Considerations (ID: 350)
[2025-03-14T20:10:31.678Z] [INFO] Inserting 6 checklist items for section 350
[2025-03-14T20:10:31.740Z] [INFO] Successfully inserted 6 checklist items
[2025-03-14T20:10:31.791Z] [INFO] Inserted/updated section: Follow-up Care (ID: 351)
[2025-03-14T20:10:31.791Z] [INFO] Inserting 10 checklist items for section 351
[2025-03-14T20:10:31.847Z] [INFO] Successfully inserted 10 checklist items
[2025-03-14T20:10:31.894Z] [INFO] Inserted/updated section: Preventive Measures (ID: 352)
[2025-03-14T20:10:31.895Z] [INFO] Inserting 7 checklist items for section 352
[2025-03-14T20:10:31.947Z] [INFO] Successfully inserted 7 checklist items
[2025-03-14T20:10:31.995Z] [INFO] Inserted/updated section: Special Considerations (ID: 353)
[2025-03-14T20:10:31.995Z] [INFO] Inserting 5 checklist items for section 353
[2025-03-14T20:10:32.048Z] [INFO] Successfully inserted 5 checklist items
[2025-03-14T20:10:32.050Z] [INFO] Completed processing file: plan.md
[2025-03-14T20:10:32.050Z] [INFO] Processing file: review-systems.md
[2025-03-14T20:10:32.102Z] [INFO] Inserted/updated section: Constitutional (ID: 354)
[2025-03-14T20:10:32.102Z] [INFO] Inserting 4 checklist items for section 354
[2025-03-14T20:10:32.150Z] [INFO] Successfully inserted 4 checklist items
[2025-03-14T20:10:32.196Z] [INFO] Inserted/updated section: Cardiovascular (ID: 355)
[2025-03-14T20:10:32.196Z] [INFO] Inserting 8 checklist items for section 355
[2025-03-14T20:10:32.247Z] [INFO] Successfully inserted 8 checklist items
[2025-03-14T20:10:32.330Z] [INFO] Inserted/updated section: Respiratory (ID: 356)
[2025-03-14T20:10:32.330Z] [INFO] Inserting 5 checklist items for section 356
[2025-03-14T20:10:32.378Z] [INFO] Successfully inserted 5 checklist items
[2025-03-14T20:10:32.427Z] [INFO] Inserted/updated section: Neurological (ID: 357)
[2025-03-14T20:10:32.427Z] [INFO] Inserting 11 checklist items for section 357
[2025-03-14T20:10:32.479Z] [INFO] Successfully inserted 11 checklist items
[2025-03-14T20:10:32.526Z] [INFO] Inserted/updated section: Gastrointestinal (ID: 358)
[2025-03-14T20:10:32.527Z] [INFO] Inserting 8 checklist items for section 358
[2025-03-14T20:10:32.578Z] [INFO] Successfully inserted 8 checklist items
[2025-03-14T20:10:32.636Z] [INFO] Inserted/updated section: Genitourinary (ID: 359)
[2025-03-14T20:10:32.637Z] [INFO] Inserting 7 checklist items for section 359
[2025-03-14T20:10:32.689Z] [INFO] Successfully inserted 7 checklist items
[2025-03-14T20:10:32.768Z] [INFO] Inserted/updated section: Psychiatric (ID: 360)
[2025-03-14T20:10:32.769Z] [INFO] Inserting 6 checklist items for section 360
[2025-03-14T20:10:32.818Z] [INFO] Successfully inserted 6 checklist items
[2025-03-14T20:10:32.864Z] [INFO] Inserted/updated section: Endocrine (ID: 361)
[2025-03-14T20:10:32.864Z] [INFO] Inserting 4 checklist items for section 361
[2025-03-14T20:10:32.916Z] [INFO] Successfully inserted 4 checklist items
[2025-03-14T20:10:32.972Z] [INFO] Inserted/updated section: Hematologic (ID: 362)
[2025-03-14T20:10:32.972Z] [INFO] Inserting 3 checklist items for section 362
[2025-03-14T20:10:33.023Z] [INFO] Successfully inserted 3 checklist items
[2025-03-14T20:10:33.072Z] [INFO] Inserted/updated section: Musculoskeletal (ID: 363)
[2025-03-14T20:10:33.072Z] [INFO] Inserting 3 checklist items for section 363
[2025-03-14T20:10:33.120Z] [INFO] Successfully inserted 3 checklist items
[2025-03-14T20:10:33.174Z] [INFO] Inserted/updated section: Ear, Nose, Throat (ID: 364)
[2025-03-14T20:10:33.174Z] [INFO] Inserting 4 checklist items for section 364
[2025-03-14T20:10:33.221Z] [INFO] Successfully inserted 4 checklist items
[2025-03-14T20:10:33.270Z] [INFO] Inserted/updated section: Eyes (ID: 365)
[2025-03-14T20:10:33.270Z] [INFO] Inserting 4 checklist items for section 365
[2025-03-14T20:10:33.324Z] [INFO] Successfully inserted 4 checklist items
[2025-03-14T20:10:33.324Z] [INFO] Completed processing file: review-systems.md
[2025-03-14T20:10:33.324Z] [INFO] Processing file: risk-factors.md
[2025-03-14T20:10:33.378Z] [INFO] Inserted/updated section: Demographic Risk Factors (ID: 366)
[2025-03-14T20:10:33.379Z] [INFO] Inserting 3 checklist items for section 366
[2025-03-14T20:10:33.439Z] [INFO] Successfully inserted 3 checklist items
[2025-03-14T20:10:33.489Z] [INFO] Inserted/updated section: Cardiac Risk Factors (ID: 367)
[2025-03-14T20:10:33.490Z] [INFO] Inserting 15 checklist items for section 367
[2025-03-14T20:10:33.542Z] [INFO] Successfully inserted 15 checklist items
[2025-03-14T20:10:33.595Z] [INFO] Inserted/updated section: Vascular Risk Factors (ID: 368)
[2025-03-14T20:10:33.596Z] [INFO] Inserting 9 checklist items for section 368
[2025-03-14T20:10:33.646Z] [INFO] Successfully inserted 9 checklist items
[2025-03-14T20:10:33.697Z] [INFO] Inserted/updated section: Pulmonary Embolism Risk Factors (ID: 369)
[2025-03-14T20:10:33.697Z] [INFO] Inserting 10 checklist items for section 369
[2025-03-14T20:10:33.768Z] [INFO] Successfully inserted 10 checklist items
[2025-03-14T20:10:33.816Z] [INFO] Inserted/updated section: Orthostatic Hypotension Risk Factors (ID: 370)
[2025-03-14T20:10:33.817Z] [INFO] Inserting 7 checklist items for section 370
[2025-03-14T20:10:33.879Z] [INFO] Successfully inserted 7 checklist items
[2025-03-14T20:10:33.928Z] [INFO] Inserted/updated section: Canadian Syncope Risk Score Factors (ID: 371)
[2025-03-14T20:10:33.929Z] [INFO] Inserting 9 checklist items for section 371
[2025-03-14T20:10:33.980Z] [INFO] Successfully inserted 9 checklist items
[2025-03-14T20:10:34.033Z] [INFO] Inserted/updated section: San Francisco Syncope Rule Factors (ID: 372)
[2025-03-14T20:10:34.033Z] [INFO] Inserting 5 checklist items for section 372
[2025-03-14T20:10:34.082Z] [INFO] Successfully inserted 5 checklist items
[2025-03-14T20:10:34.133Z] [INFO] Inserted/updated section: FAINT Score Factors (ID: 373)
[2025-03-14T20:10:34.133Z] [INFO] Inserting 5 checklist items for section 373
[2025-03-14T20:10:34.180Z] [INFO] Successfully inserted 5 checklist items
[2025-03-14T20:10:34.180Z] [INFO] Completed processing file: risk-factors.md
[2025-03-14T20:10:34.181Z] [INFO] Processing file: special-tests.md
[2025-03-14T20:10:34.238Z] [INFO] Inserted/updated section: Bedside Ultrasonography (ID: 374)
[2025-03-14T20:10:34.238Z] [INFO] Inserting 19 checklist items for section 374
[2025-03-14T20:10:34.337Z] [ERROR] Error inserting checklist items for section 374: null value in column "display_order" of relation "checklist_items" violates not-null constraint
[2025-03-14T20:10:34.338Z] [ERROR] Error processing file /Users/lucas/Documents/markdown_1-185/1-18/Ch11_Syncope/special-tests.md: null value in column "display_order" of relation "checklist_items" violates not-null constraint
[2025-03-14T20:10:34.338Z] [INFO] Completed processing chapter: Ch11_Syncope
[2025-03-14T20:10:34.338Z] [INFO] Migration completed: 1 chapters processed successfully, 0 chapters had errors
