[2025-03-19T18:30:29.094Z] [INFO] Starting migration...
[2025-03-19T18:30:29.095Z] [INFO] Ensuring database schema has required columns...
[2025-03-19T18:30:29.201Z] [WARN] Warning: Could not verify schema columns. If they do not exist, the migration may fail.
[2025-03-19T18:30:29.201Z] [WARN] Error details: Could not find the function public.execute_sql(sql_query) in the schema cache
[2025-03-19T18:30:29.201Z] [INFO] Inserting categories...
[2025-03-19T18:30:29.252Z] [INFO] All categories already exist, skipping insertion
[2025-03-19T18:30:29.252Z] [INFO] Found 1 chapter directories to process
[2025-03-19T18:30:29.252Z] [INFO] Processing chapter: Ch13_Confusion
[2025-03-19T18:30:29.328Z] [INFO] Inserted/updated chapter: Confusion (ID: 570)
[2025-03-19T18:30:29.329Z] [INFO] Processing file: history.md
[2025-03-19T18:30:29.383Z] [INFO] Inserted/updated section: Chief Complaint (ID: 1129)
[2025-03-19T18:30:29.435Z] [INFO] Inserted item: "Confusion..." (ID: 8432, indent: 0)
[2025-03-19T18:30:29.491Z] [INFO] Inserted item: "Delirium..." (ID: 8433, indent: 0)
[2025-03-19T18:30:29.544Z] [INFO] Inserted item: "Altered mental status..." (ID: 8434, indent: 0)
[2025-03-19T18:30:29.599Z] [INFO] Inserted item: "Acute impairment in higher cer..." (ID: 8435, indent: 0)
[2025-03-19T18:30:29.659Z] [INFO] Inserted/updated section: Duration/Onset (ID: 1130)
[2025-03-19T18:30:29.713Z] [INFO] Inserted item: "Acute onset (over hours or day..." (ID: 8436, indent: 0)
[2025-03-19T18:30:29.769Z] [INFO] Inserted item: "Duration: _____..." (ID: 8437, indent: 0)
[2025-03-19T18:30:29.817Z] [INFO] Inserted item: "Fluctuating course..." (ID: 8438, indent: 0)
[2025-03-19T18:30:29.884Z] [INFO] Inserted item: "Persistence for weeks..." (ID: 8439, indent: 0)
[2025-03-19T18:30:29.951Z] [INFO] Inserted/updated section: Description (OPQRST) (ID: 1131)
[2025-03-19T18:30:30.003Z] [INFO] Inserted header: O - Onset (level 3, ID: 8440)
[2025-03-19T18:30:30.058Z] [INFO] Inserted item: "Reported by caregivers/family ..." (ID: 8441, indent: 0)
[2025-03-19T18:30:30.108Z] [INFO] Inserted item: "Time when patient last exhibit..." (ID: 8442, indent: 0)
[2025-03-19T18:30:30.159Z] [INFO] Inserted header: P - Provocation/Palliation (level 3, ID: 8443)
[2025-03-19T18:30:30.216Z] [INFO] Inserted item: "Recent changes in medications..." (ID: 8444, indent: 0)
[2025-03-19T18:30:30.271Z] [INFO] Inserted item: "Recent illnesses..." (ID: 8445, indent: 0)
[2025-03-19T18:30:30.327Z] [INFO] Inserted item: "Environmental factors (specify..." (ID: 8446, indent: 0)
[2025-03-19T18:30:30.383Z] [INFO] Inserted header: Q - Quality (level 3, ID: 8447)
[2025-03-19T18:30:30.437Z] [INFO] Inserted item: "Incoherent speech..." (ID: 8448, indent: 0)
[2025-03-19T18:30:30.487Z] [INFO] Inserted item: "Disorientation..." (ID: 8449, indent: 0)
[2025-03-19T18:30:30.540Z] [INFO] Inserted item: "Hallucinations (primarily visu..." (ID: 8450, indent: 0)
[2025-03-19T18:30:30.603Z] [INFO] Inserted item: "Visuospatial disturbances..." (ID: 8451, indent: 0)
[2025-03-19T18:30:30.656Z] [INFO] Inserted item: ""Not being right"..." (ID: 8452, indent: 0)
[2025-03-19T18:30:30.713Z] [INFO] Inserted header: R - Region/Radiation (level 3, ID: 8453)
[2025-03-19T18:30:30.767Z] [INFO] Inserted item: "Global cognitive impairment..." (ID: 8454, indent: 0)
[2025-03-19T18:30:30.821Z] [INFO] Inserted item: "Memory disturbance..." (ID: 8455, indent: 0)
[2025-03-19T18:30:30.877Z] [INFO] Inserted item: "Attention disturbance..." (ID: 8456, indent: 0)
[2025-03-19T18:30:30.933Z] [INFO] Inserted item: "Awareness disturbance..." (ID: 8457, indent: 0)
[2025-03-19T18:30:30.998Z] [INFO] Inserted header: S - Severity (level 3, ID: 8458)
[2025-03-19T18:30:31.061Z] [INFO] Inserted item: "Mild disturbances of short-ter..." (ID: 8459, indent: 0)
[2025-03-19T18:30:31.122Z] [INFO] Inserted item: "Global inability to relate to ..." (ID: 8460, indent: 0)
[2025-03-19T18:30:31.174Z] [INFO] Inserted item: "Inability to process sensory i..." (ID: 8461, indent: 0)
[2025-03-19T18:30:31.225Z] [INFO] Inserted header: T - Timing (level 3, ID: 8462)
[2025-03-19T18:30:31.283Z] [INFO] Inserted item: "Fluctuating over time..." (ID: 8463, indent: 0)
[2025-03-19T18:30:31.362Z] [INFO] Inserted item: "Previous episodes with spontan..." (ID: 8464, indent: 0)
[2025-03-19T18:30:31.425Z] [INFO] Inserted/updated section: Associated Symptoms (ID: 1132)
[2025-03-19T18:30:31.474Z] [INFO] Inserted item: "Increased anxiety..." (ID: 8465, indent: 0)
[2025-03-19T18:30:31.527Z] [INFO] Inserted item: "Ill-defined delusions of harmf..." (ID: 8466, indent: 0)
[2025-03-19T18:30:31.578Z] [INFO] Inserted item: "Visual hallucinations..." (ID: 8467, indent: 0)
[2025-03-19T18:30:31.628Z] [INFO] Inserted item: "Changes in level of consciousn..." (ID: 8468, indent: 0)
[2025-03-19T18:30:31.681Z] [INFO] Inserted item: "Rate of speech changes:..." (ID: 8469, indent: 0)
[2025-03-19T18:30:31.730Z] [INFO] Inserted item: "Rapid speech..." (ID: 8470, indent: 1)
[2025-03-19T18:30:31.779Z] [INFO] Inserted item: "Slowed speech..." (ID: 8471, indent: 1)
[2025-03-19T18:30:31.779Z] [INFO] Completed processing file: history.md
[2025-03-19T18:30:31.779Z] [INFO] Processing file: alarm-features.md
[2025-03-19T18:30:31.854Z] [INFO] Inserted/updated section: Critical Causes (Require Immediate Intervention) (ID: 1133)
[2025-03-19T18:30:31.909Z] [INFO] Inserted item: "Hypoxia..." (ID: 8472, indent: 0)
[2025-03-19T18:30:31.954Z] [INFO] Inserted item: "Hypoventilation..." (ID: 8473, indent: 0)
[2025-03-19T18:30:32.007Z] [INFO] Inserted item: "Hypoglycemia..." (ID: 8474, indent: 0)
[2025-03-19T18:30:32.055Z] [INFO] Inserted item: "Delirium tremens..." (ID: 8475, indent: 0)
[2025-03-19T18:30:32.101Z] [INFO] Inserted/updated section: Emergent Causes (Primary Intracranial Disease) (ID: 1134)
[2025-03-19T18:30:32.148Z] [INFO] Inserted item: "Seizure..." (ID: 8476, indent: 0)
[2025-03-19T18:30:32.197Z] [INFO] Inserted item: "Nonconvulsive status epileptic..." (ID: 8477, indent: 0)
[2025-03-19T18:30:32.251Z] [INFO] Inserted item: "Traumatic brain injury..." (ID: 8478, indent: 0)
[2025-03-19T18:30:32.302Z] [INFO] Inserted item: "Hypertensive encephalopathy..." (ID: 8479, indent: 0)
[2025-03-19T18:30:32.358Z] [INFO] Inserted/updated section: Emergent Causes (Systemic Diseases) (ID: 1135)
[2025-03-19T18:30:32.409Z] [INFO] Inserted item: "Sepsis..." (ID: 8480, indent: 0)
[2025-03-19T18:30:32.459Z] [INFO] Inserted item: "Hepatic encephalopathy..." (ID: 8481, indent: 0)
[2025-03-19T18:30:32.511Z] [INFO] Inserted item: "Uremia/renal failure..." (ID: 8482, indent: 0)
[2025-03-19T18:30:32.560Z] [INFO] Inserted item: "Hyperthermia..." (ID: 8483, indent: 0)
[2025-03-19T18:30:32.609Z] [INFO] Inserted item: "Hypothermia..." (ID: 8484, indent: 0)
[2025-03-19T18:30:32.663Z] [INFO] Inserted item: "Endocrinopathy..." (ID: 8485, indent: 0)
[2025-03-19T18:30:32.726Z] [INFO] Inserted item: "Nutritional deficiency..." (ID: 8486, indent: 0)
[2025-03-19T18:30:32.775Z] [INFO] Inserted/updated section: Emergent Causes (Exogenous Toxins) (ID: 1136)
[2025-03-19T18:30:32.832Z] [INFO] Inserted item: "Sedatives/hallucinogens..." (ID: 8487, indent: 0)
[2025-03-19T18:30:32.879Z] [INFO] Inserted item: "Ethanol/toxic alcohols..." (ID: 8488, indent: 0)
[2025-03-19T18:30:32.932Z] [INFO] Inserted item: "Narcotics..." (ID: 8489, indent: 0)
[2025-03-19T18:30:32.982Z] [INFO] Inserted item: "Antihistamines..." (ID: 8490, indent: 0)
[2025-03-19T18:30:33.031Z] [INFO] Inserted/updated section: Emergent Causes (Drug Withdrawal) (ID: 1137)
[2025-03-19T18:30:33.077Z] [INFO] Inserted item: "Alcohol withdrawal..." (ID: 8491, indent: 0)
[2025-03-19T18:30:33.134Z] [INFO] Inserted item: "Drugs of abuse withdrawal..." (ID: 8492, indent: 0)
[2025-03-19T18:30:33.184Z] [INFO] Inserted/updated section: Neurological Red Flags (ID: 1138)
[2025-03-19T18:30:33.248Z] [INFO] Inserted item: "Postictal state not resolving ..." (ID: 8493, indent: 0)
[2025-03-19T18:30:33.323Z] [INFO] Inserted item: "Focal neurologic deficits..." (ID: 8494, indent: 0)
[2025-03-19T18:30:33.398Z] [INFO] Inserted item: "Signs of increased intracrania..." (ID: 8495, indent: 0)
[2025-03-19T18:30:33.398Z] [INFO] Completed processing file: alarm-features.md
[2025-03-19T18:30:33.399Z] [INFO] Processing file: medications.md
[2025-03-19T18:30:33.454Z] [INFO] Inserted/updated section: Medication History (ID: 1139)
[2025-03-19T18:30:33.508Z] [INFO] Inserted item: "Recent medication changes..." (ID: 8496, indent: 0)
[2025-03-19T18:30:33.560Z] [INFO] Inserted item: "History of benzodiazepine use/..." (ID: 8497, indent: 0)
[2025-03-19T18:30:33.611Z] [INFO] Inserted item: "History of alcohol use/cessati..." (ID: 8498, indent: 0)
[2025-03-19T18:30:33.664Z] [INFO] Inserted/updated section: Medications Potentially Causing Confusion (ID: 1140)
[2025-03-19T18:30:33.718Z] [INFO] Inserted item: "Sedatives..." (ID: 8499, indent: 0)
[2025-03-19T18:30:33.768Z] [INFO] Inserted item: "Hallucinogens..." (ID: 8500, indent: 0)
[2025-03-19T18:30:33.825Z] [INFO] Inserted item: "Narcotics..." (ID: 8501, indent: 0)
[2025-03-19T18:30:33.876Z] [INFO] Inserted item: "Antihistamines..." (ID: 8502, indent: 0)
[2025-03-19T18:30:33.927Z] [INFO] Inserted item: "Other (specify): _____..." (ID: 8503, indent: 0)
[2025-03-19T18:30:33.988Z] [INFO] Inserted/updated section: Medication For Management (ID: 1141)
[2025-03-19T18:30:34.055Z] [INFO] Inserted item: "Antipsychotics..." (ID: 8504, indent: 0)
[2025-03-19T18:30:34.107Z] [INFO] Inserted item: "Haloperidol 1-5 mg..." (ID: 8505, indent: 1)
[2025-03-19T18:30:34.154Z] [INFO] Inserted item: "Maximum daily dose: _____ mg (..." (ID: 8506, indent: 1)
[2025-03-19T18:30:34.220Z] [INFO] Inserted item: "Contraindicated in Parkinson's..." (ID: 8507, indent: 1)
[2025-03-19T18:30:34.270Z] [INFO] Inserted item: "Atypical antipsychotics:..." (ID: 8508, indent: 0)
[2025-03-19T18:30:34.321Z] [INFO] Inserted item: "Quetiapine 25-50 mg PO..." (ID: 8509, indent: 1)
[2025-03-19T18:30:34.383Z] [INFO] Inserted item: "Administered: _____ times dail..." (ID: 8510, indent: 1)
[2025-03-19T18:30:34.433Z] [INFO] Inserted item: "Olanzapine 5-10 mg IM..." (ID: 8511, indent: 1)
[2025-03-19T18:30:34.484Z] [INFO] Inserted item: "Administered: _____ hours (eve..." (ID: 8512, indent: 1)
[2025-03-19T18:30:34.534Z] [INFO] Inserted item: "Maximum daily dose: _____ mg (..." (ID: 8513, indent: 1)
[2025-03-19T18:30:34.582Z] [INFO] Inserted/updated section: Other Treatment Medications (ID: 1142)
[2025-03-19T18:30:34.631Z] [INFO] Inserted item: "Dextrose for hypoglycemia..." (ID: 8514, indent: 0)
[2025-03-19T18:30:34.677Z] [INFO] Inserted item: "D50: _____ mL..." (ID: 8515, indent: 1)
[2025-03-19T18:30:34.722Z] [INFO] Inserted item: "D10: _____ mL..." (ID: 8516, indent: 1)
[2025-03-19T18:30:34.770Z] [INFO] Inserted item: "Thiamine..." (ID: 8517, indent: 0)
[2025-03-19T18:30:34.816Z] [INFO] Inserted item: "100 mg IV..." (ID: 8518, indent: 1)
[2025-03-19T18:30:34.865Z] [INFO] Inserted item: "Benzodiazepines (for alcohol w..." (ID: 8519, indent: 0)
[2025-03-19T18:30:34.914Z] [INFO] Inserted item: "Type: _____..." (ID: 8520, indent: 1)
[2025-03-19T18:30:34.958Z] [INFO] Inserted item: "Dose: _____..." (ID: 8521, indent: 1)
[2025-03-19T18:30:35.004Z] [INFO] Inserted item: "Empirical antibiotics..." (ID: 8522, indent: 0)
[2025-03-19T18:30:35.054Z] [INFO] Inserted item: "Type: _____..." (ID: 8523, indent: 1)
[2025-03-19T18:30:35.102Z] [INFO] Inserted item: "Dose: _____..." (ID: 8524, indent: 1)
[2025-03-19T18:30:35.158Z] [INFO] Inserted item: "Antiepileptics (e.g., levetira..." (ID: 8525, indent: 0)
[2025-03-19T18:30:35.209Z] [INFO] Inserted item: "Dose: _____..." (ID: 8526, indent: 1)
[2025-03-19T18:30:35.258Z] [INFO] Inserted item: "Migraine treatments (e.g., pro..." (ID: 8527, indent: 0)
[2025-03-19T18:30:35.306Z] [INFO] Inserted item: "Dose: _____..." (ID: 8528, indent: 1)
[2025-03-19T18:30:35.306Z] [INFO] Completed processing file: medications.md
[2025-03-19T18:30:35.306Z] [INFO] Processing file: diet.md
[2025-03-19T18:30:35.352Z] [INFO] Inserted/updated section: Nutrition Status (ID: 1143)
[2025-03-19T18:30:35.417Z] [INFO] Inserted item: "Nutritional deficiency suspect..." (ID: 8529, indent: 0)
[2025-03-19T18:30:35.470Z] [INFO] Inserted item: "Recent dietary changes: _____..." (ID: 8530, indent: 0)
[2025-03-19T18:30:35.521Z] [INFO] Inserted item: "Ability to take oral intake: _..." (ID: 8531, indent: 0)
[2025-03-19T18:30:35.573Z] [INFO] Inserted/updated section: Dietary Considerations (ID: 1144)
[2025-03-19T18:30:35.627Z] [INFO] Inserted item: "Special diet required: _____..." (ID: 8532, indent: 0)
[2025-03-19T18:30:35.678Z] [INFO] Inserted item: "NPO (Nothing by mouth) status:..." (ID: 8533, indent: 0)
[2025-03-19T18:30:35.748Z] [INFO] Inserted item: "Dysphagia precautions needed: ..." (ID: 8534, indent: 0)
[2025-03-19T18:30:35.749Z] [INFO] Completed processing file: diet.md
[2025-03-19T18:30:35.750Z] [INFO] Processing file: review-systems.md
[2025-03-19T18:30:35.802Z] [INFO] Inserted/updated section: Neurological (ID: 1145)
[2025-03-19T18:30:35.852Z] [INFO] Inserted item: "Memory impairment..." (ID: 8535, indent: 0)
[2025-03-19T18:30:35.902Z] [INFO] Inserted item: "Attention disturbances..." (ID: 8536, indent: 0)
[2025-03-19T18:30:35.952Z] [INFO] Inserted item: "Awareness disturbances..." (ID: 8537, indent: 0)
[2025-03-19T18:30:36.006Z] [INFO] Inserted item: "Disorientation..." (ID: 8538, indent: 0)
[2025-03-19T18:30:36.056Z] [INFO] Inserted item: "Fluctuating level of conscious..." (ID: 8539, indent: 0)
[2025-03-19T18:30:36.108Z] [INFO] Inserted item: "Visual hallucinations..." (ID: 8540, indent: 0)
[2025-03-19T18:30:36.158Z] [INFO] Inserted item: "Tactile hallucinations..." (ID: 8541, indent: 0)
[2025-03-19T18:30:36.206Z] [INFO] Inserted item: "Delusions..." (ID: 8542, indent: 0)
[2025-03-19T18:30:36.255Z] [INFO] Inserted item: "Incoherent speech..." (ID: 8543, indent: 0)
[2025-03-19T18:30:36.314Z] [INFO] Inserted item: "History of seizures..." (ID: 8544, indent: 0)
[2025-03-19T18:30:36.371Z] [INFO] Inserted item: "History of migraines..." (ID: 8545, indent: 0)
[2025-03-19T18:30:36.427Z] [INFO] Inserted/updated section: Psychiatric (ID: 1146)
[2025-03-19T18:30:36.474Z] [INFO] Inserted item: "Pre-existing psychiatric diagn..." (ID: 8546, indent: 0)
[2025-03-19T18:30:36.525Z] [INFO] Inserted item: "Schizophrenia..." (ID: 8547, indent: 1)
[2025-03-19T18:30:36.579Z] [INFO] Inserted item: "Bipolar disorder..." (ID: 8548, indent: 1)
[2025-03-19T18:30:36.640Z] [INFO] Inserted item: "Major depressive disorder..." (ID: 8549, indent: 1)
[2025-03-19T18:30:36.695Z] [INFO] Inserted item: "Auditory hallucinations (sugge..." (ID: 8550, indent: 0)
[2025-03-19T18:30:36.747Z] [INFO] Inserted/updated section: Respiratory (ID: 1147)
[2025-03-19T18:30:36.800Z] [INFO] Inserted item: "Hypoxia..." (ID: 8551, indent: 0)
[2025-03-19T18:30:36.850Z] [INFO] Inserted item: "Hypoventilation..." (ID: 8552, indent: 0)
[2025-03-19T18:30:36.902Z] [INFO] Inserted item: "Hypercarbia..." (ID: 8553, indent: 0)
[2025-03-19T18:30:36.957Z] [INFO] Inserted/updated section: Cardiovascular (ID: 1148)
[2025-03-19T18:30:37.011Z] [INFO] Inserted item: "Hypotension..." (ID: 8554, indent: 0)
[2025-03-19T18:30:37.058Z] [INFO] Inserted item: "Hypertension..." (ID: 8555, indent: 0)
[2025-03-19T18:30:37.105Z] [INFO] Inserted/updated section: Gastrointestinal (ID: 1149)
[2025-03-19T18:30:37.151Z] [INFO] Inserted item: "Liver dysfunction..." (ID: 8556, indent: 0)
[2025-03-19T18:30:37.197Z] [INFO] Inserted item: "Jaundice..." (ID: 8557, indent: 0)
[2025-03-19T18:30:37.242Z] [INFO] Inserted item: "Asterixis..." (ID: 8558, indent: 0)
[2025-03-19T18:30:37.298Z] [INFO] Inserted/updated section: Genitourinary (ID: 1150)
[2025-03-19T18:30:37.346Z] [INFO] Inserted item: "Dysuria..." (ID: 8559, indent: 0)
[2025-03-19T18:30:37.401Z] [INFO] Inserted item: "Urinary symptoms..." (ID: 8560, indent: 0)
[2025-03-19T18:30:37.452Z] [INFO] Inserted/updated section: Infectious (ID: 1151)
[2025-03-19T18:30:37.507Z] [INFO] Inserted item: "Fever..." (ID: 8561, indent: 0)
[2025-03-19T18:30:37.557Z] [INFO] Inserted item: "Signs of infection: _____..." (ID: 8562, indent: 0)
[2025-03-19T18:30:37.558Z] [INFO] Completed processing file: review-systems.md
[2025-03-19T18:30:37.558Z] [INFO] Processing file: collateral-history.md
[2025-03-19T18:30:37.609Z] [INFO] Inserted/updated section: Sources of Collateral Information (ID: 1152)
[2025-03-19T18:30:37.666Z] [INFO] Inserted item: "Family members..." (ID: 8563, indent: 0)
[2025-03-19T18:30:37.730Z] [INFO] Inserted item: "Caregivers..." (ID: 8564, indent: 0)
[2025-03-19T18:30:37.779Z] [INFO] Inserted item: "Physicians with established re..." (ID: 8565, indent: 0)
[2025-03-19T18:30:37.832Z] [INFO] Inserted item: "Other healthcare providers: __..." (ID: 8566, indent: 0)
[2025-03-19T18:30:37.883Z] [INFO] Inserted/updated section: Key Collateral Information (ID: 1153)
[2025-03-19T18:30:37.934Z] [INFO] Inserted item: "Baseline level of neurologic f..." (ID: 8567, indent: 0)
[2025-03-19T18:30:37.986Z] [INFO] Inserted item: "When patient last exhibited ba..." (ID: 8568, indent: 0)
[2025-03-19T18:30:38.038Z] [INFO] Inserted item: "Duration of current confusion:..." (ID: 8569, indent: 0)
[2025-03-19T18:30:38.086Z] [INFO] Inserted item: "Recent changes in medications..." (ID: 8570, indent: 0)
[2025-03-19T18:30:38.135Z] [INFO] Inserted item: "Recent illnesses..." (ID: 8571, indent: 0)
[2025-03-19T18:30:38.185Z] [INFO] Inserted item: "History of previous episodes t..." (ID: 8572, indent: 0)
[2025-03-19T18:30:38.234Z] [INFO] Inserted item: "Specific behaviors of concern ..." (ID: 8573, indent: 0)
[2025-03-19T18:30:38.294Z] [INFO] Inserted item: "Changes in personality reporte..." (ID: 8574, indent: 0)
[2025-03-19T18:30:38.344Z] [INFO] Inserted item: "History of medication or subst..." (ID: 8575, indent: 0)
[2025-03-19T18:30:38.402Z] [INFO] Inserted item: "Recent changes or cessation of..." (ID: 8576, indent: 0)
[2025-03-19T18:30:38.450Z] [INFO] Inserted/updated section: Behavior Patterns Reported (ID: 1154)
[2025-03-19T18:30:38.502Z] [INFO] Inserted item: "Incoherent speech..." (ID: 8577, indent: 0)
[2025-03-19T18:30:38.558Z] [INFO] Inserted item: "Disorientation..." (ID: 8578, indent: 0)
[2025-03-19T18:30:38.609Z] [INFO] Inserted item: "Hallucinations..." (ID: 8579, indent: 0)
[2025-03-19T18:30:38.657Z] [INFO] Inserted item: "Visuospatial disturbances..." (ID: 8580, indent: 0)
[2025-03-19T18:30:38.716Z] [INFO] Inserted item: ""Not being right"..." (ID: 8581, indent: 0)
[2025-03-19T18:30:38.773Z] [INFO] Inserted item: "Increased anxiety..." (ID: 8582, indent: 0)
[2025-03-19T18:30:38.821Z] [INFO] Inserted item: "Delusions of harmful intent..." (ID: 8583, indent: 0)
[2025-03-19T18:30:38.822Z] [INFO] Completed processing file: collateral-history.md
[2025-03-19T18:30:38.822Z] [INFO] Processing file: risk-factors.md
[2025-03-19T18:30:38.875Z] [INFO] Inserted/updated section: Patient Characteristics (ID: 1155)
[2025-03-19T18:30:38.930Z] [INFO] Inserted item: "Elderly..." (ID: 8584, indent: 0)
[2025-03-19T18:30:38.985Z] [INFO] Inserted item: "Frail..." (ID: 8585, indent: 0)
[2025-03-19T18:30:39.040Z] [INFO] Inserted item: "Critically ill..." (ID: 8586, indent: 0)
[2025-03-19T18:30:39.090Z] [INFO] Inserted item: "Pre-existing dementia..." (ID: 8587, indent: 0)
[2025-03-19T18:30:39.138Z] [INFO] Inserted item: "Pre-existing cognitive impairm..." (ID: 8588, indent: 0)
[2025-03-19T18:30:39.187Z] [INFO] Inserted/updated section: Medication and Substance Related (ID: 1156)
[2025-03-19T18:30:39.242Z] [INFO] Inserted item: "Recent medication changes..." (ID: 8589, indent: 0)
[2025-03-19T18:30:39.291Z] [INFO] Inserted item: "Sedative use..." (ID: 8590, indent: 0)
[2025-03-19T18:30:39.341Z] [INFO] Inserted item: "Hallucinogen use..." (ID: 8591, indent: 0)
[2025-03-19T18:30:39.398Z] [INFO] Inserted item: "Narcotic use..." (ID: 8592, indent: 0)
[2025-03-19T18:30:39.457Z] [INFO] Inserted item: "Antihistamine use..." (ID: 8593, indent: 0)
[2025-03-19T18:30:39.505Z] [INFO] Inserted item: "Alcohol use..." (ID: 8594, indent: 0)
[2025-03-19T18:30:39.565Z] [INFO] Inserted item: "Recent cessation of benzodiaze..." (ID: 8595, indent: 0)
[2025-03-19T18:30:39.614Z] [INFO] Inserted item: "Recent cessation of alcohol..." (ID: 8596, indent: 0)
[2025-03-19T18:30:39.663Z] [INFO] Inserted/updated section: Medical Conditions (ID: 1157)
[2025-03-19T18:30:39.722Z] [INFO] Inserted item: "History of seizures..." (ID: 8597, indent: 0)
[2025-03-19T18:30:39.772Z] [INFO] Inserted item: "History of migraines..." (ID: 8598, indent: 0)
[2025-03-19T18:30:39.819Z] [INFO] Inserted item: "Preexisting impairment of CNS ..." (ID: 8599, indent: 0)
[2025-03-19T18:30:39.820Z] [INFO] Completed processing file: risk-factors.md
[2025-03-19T18:30:39.821Z] [INFO] Processing file: differential-diagnosis.md
[2025-03-19T18:30:39.870Z] [INFO] Inserted/updated section: Systemic Diseases Secondarily Affecting CNS (ID: 1158)
[2025-03-19T18:30:39.920Z] [INFO] Inserted item: "Hypoxia..." (ID: 8600, indent: 0)
[2025-03-19T18:30:39.988Z] [INFO] Inserted item: "Hypoventilation..." (ID: 8601, indent: 0)
[2025-03-19T18:30:40.035Z] [INFO] Inserted item: "Hypoglycemia..." (ID: 8602, indent: 0)
[2025-03-19T18:30:40.083Z] [INFO] Inserted item: "Hyperglycemia..." (ID: 8603, indent: 0)
[2025-03-19T18:30:40.132Z] [INFO] Inserted item: "Hypotension..." (ID: 8604, indent: 0)
[2025-03-19T18:30:40.182Z] [INFO] Inserted item: "Sepsis..." (ID: 8605, indent: 0)
[2025-03-19T18:30:40.231Z] [INFO] Inserted item: "Hepatic encephalopathy..." (ID: 8606, indent: 0)
[2025-03-19T18:30:40.283Z] [INFO] Inserted item: "Uremia/renal failure..." (ID: 8607, indent: 0)
[2025-03-19T18:30:40.333Z] [INFO] Inserted item: "Hyperthermia..." (ID: 8608, indent: 0)
[2025-03-19T18:30:40.382Z] [INFO] Inserted item: "Hypothermia..." (ID: 8609, indent: 0)
[2025-03-19T18:30:40.432Z] [INFO] Inserted item: "Endocrinopathy..." (ID: 8610, indent: 0)
[2025-03-19T18:30:40.483Z] [INFO] Inserted item: "Nutritional deficiency..." (ID: 8611, indent: 0)
[2025-03-19T18:30:40.532Z] [INFO] Inserted/updated section: Primary Intracranial Disease (ID: 1159)
[2025-03-19T18:30:40.582Z] [INFO] Inserted item: "Seizure..." (ID: 8612, indent: 0)
[2025-03-19T18:30:40.646Z] [INFO] Inserted item: "Nonconvulsive status epileptic..." (ID: 8613, indent: 0)
[2025-03-19T18:30:40.701Z] [INFO] Inserted item: "Traumatic brain injury..." (ID: 8614, indent: 0)
[2025-03-19T18:30:40.751Z] [INFO] Inserted item: "Hypertensive encephalopathy..." (ID: 8615, indent: 0)
[2025-03-19T18:30:40.800Z] [INFO] Inserted item: "Stroke..." (ID: 8616, indent: 0)
[2025-03-19T18:30:40.851Z] [INFO] Inserted item: "Tumor..." (ID: 8617, indent: 0)
[2025-03-19T18:30:40.897Z] [INFO] Inserted item: "Meningitis..." (ID: 8618, indent: 0)
[2025-03-19T18:30:40.943Z] [INFO] Inserted item: "Encephalitis..." (ID: 8619, indent: 0)
[2025-03-19T18:30:40.993Z] [INFO] Inserted item: "Atypical migraines/migraine va..." (ID: 8620, indent: 0)
[2025-03-19T18:30:41.062Z] [INFO] Inserted/updated section: Exogenous Toxins (ID: 1160)
[2025-03-19T18:30:41.111Z] [INFO] Inserted item: "Sedatives/hallucinogens..." (ID: 8621, indent: 0)
[2025-03-19T18:30:41.161Z] [INFO] Inserted item: "Ethanol/toxic alcohols..." (ID: 8622, indent: 0)
[2025-03-19T18:30:41.216Z] [INFO] Inserted item: "Narcotics..." (ID: 8623, indent: 0)
[2025-03-19T18:30:41.282Z] [INFO] Inserted item: "Antihistamines..." (ID: 8624, indent: 0)
[2025-03-19T18:30:41.338Z] [INFO] Inserted/updated section: Drug Withdrawal States (ID: 1161)
[2025-03-19T18:30:41.399Z] [INFO] Inserted item: "Alcohol withdrawal..." (ID: 8625, indent: 0)
[2025-03-19T18:30:41.450Z] [INFO] Inserted item: "Drugs of abuse withdrawal..." (ID: 8626, indent: 0)
[2025-03-19T18:30:41.500Z] [INFO] Inserted item: "Benzodiazepine withdrawal..." (ID: 8627, indent: 0)
[2025-03-19T18:30:41.555Z] [INFO] Inserted/updated section: Psychiatric Considerations (ID: 1162)
[2025-03-19T18:30:41.608Z] [INFO] Inserted item: "Schizophrenia..." (ID: 8628, indent: 0)
[2025-03-19T18:30:41.658Z] [INFO] Inserted item: "Bipolar disorder..." (ID: 8629, indent: 0)
[2025-03-19T18:30:41.716Z] [INFO] Inserted item: "Major depressive disorder..." (ID: 8630, indent: 0)
[2025-03-19T18:30:41.766Z] [INFO] Inserted/updated section: Other Causes (ID: 1163)
[2025-03-19T18:30:41.821Z] [INFO] Inserted item: "Postictal state..." (ID: 8631, indent: 0)
[2025-03-19T18:30:41.872Z] [INFO] Inserted item: "Confusional migraine..." (ID: 8632, indent: 0)
[2025-03-19T18:30:41.872Z] [INFO] Completed processing file: differential-diagnosis.md
[2025-03-19T18:30:41.873Z] [INFO] Processing file: past-medical.md
[2025-03-19T18:30:41.924Z] [INFO] Inserted/updated section: Neurological History (ID: 1164)
[2025-03-19T18:30:41.976Z] [INFO] Inserted item: "Pre-existing cognitive impairm..." (ID: 8633, indent: 0)
[2025-03-19T18:30:42.024Z] [INFO] Inserted item: "Dementia..." (ID: 8634, indent: 0)
[2025-03-19T18:30:42.083Z] [INFO] Inserted item: "Seizure disorder..." (ID: 8635, indent: 0)
[2025-03-19T18:30:42.129Z] [INFO] Inserted item: "History of stroke..." (ID: 8636, indent: 0)
[2025-03-19T18:30:42.177Z] [INFO] Inserted item: "History of traumatic brain inj..." (ID: 8637, indent: 0)
[2025-03-19T18:30:42.226Z] [INFO] Inserted item: "History of migraines..." (ID: 8638, indent: 0)
[2025-03-19T18:30:42.277Z] [INFO] Inserted item: "History of atypical migraines/..." (ID: 8639, indent: 0)
[2025-03-19T18:30:42.328Z] [INFO] Inserted/updated section: Psychiatric History (ID: 1165)
[2025-03-19T18:30:42.375Z] [INFO] Inserted item: "Schizophrenia..." (ID: 8640, indent: 0)
[2025-03-19T18:30:42.423Z] [INFO] Inserted item: "Bipolar disorder..." (ID: 8641, indent: 0)
[2025-03-19T18:30:42.482Z] [INFO] Inserted item: "Major depressive disorder..." (ID: 8642, indent: 0)
[2025-03-19T18:30:42.537Z] [INFO] Inserted/updated section: Medical Conditions (ID: 1166)
[2025-03-19T18:30:42.592Z] [INFO] Inserted item: "Liver disease..." (ID: 8643, indent: 0)
[2025-03-19T18:30:42.640Z] [INFO] Inserted item: "Renal disease..." (ID: 8644, indent: 0)
[2025-03-19T18:30:42.690Z] [INFO] Inserted item: "Endocrine disorders..." (ID: 8645, indent: 0)
[2025-03-19T18:30:42.744Z] [INFO] Inserted item: "Hypertension..." (ID: 8646, indent: 0)
[2025-03-19T18:30:42.797Z] [INFO] Inserted item: "History of sepsis..." (ID: 8647, indent: 0)
[2025-03-19T18:30:42.847Z] [INFO] Inserted item: "History of delirium..." (ID: 8648, indent: 0)
[2025-03-19T18:30:42.905Z] [INFO] Inserted item: "Previous episodes of confusion..." (ID: 8649, indent: 0)
[2025-03-19T18:30:42.956Z] [INFO] Inserted/updated section: Substance Use History (ID: 1167)
[2025-03-19T18:30:43.010Z] [INFO] Inserted item: "Alcohol use..." (ID: 8650, indent: 0)
[2025-03-19T18:30:43.064Z] [INFO] Inserted item: "Recreational drug use..." (ID: 8651, indent: 0)
[2025-03-19T18:30:43.118Z] [INFO] Inserted item: "Prescription medication misuse..." (ID: 8652, indent: 0)
[2025-03-19T18:30:43.119Z] [INFO] Completed processing file: past-medical.md
[2025-03-19T18:30:43.120Z] [INFO] Processing file: physical-exam.md
[2025-03-19T18:30:43.174Z] [INFO] Inserted/updated section: Vital Signs (ID: 1168)
[2025-03-19T18:30:43.226Z] [INFO] Inserted item: "Temperature: _____ °F/°C..." (ID: 8653, indent: 0)
[2025-03-19T18:30:43.284Z] [INFO] Inserted item: "Blood pressure: _____ mmHg..." (ID: 8654, indent: 0)
[2025-03-19T18:30:43.351Z] [INFO] Inserted item: "Heart rate: _____ bpm..." (ID: 8655, indent: 0)
[2025-03-19T18:30:43.401Z] [INFO] Inserted item: "Respiratory rate: _____ breath..." (ID: 8656, indent: 0)
[2025-03-19T18:30:43.455Z] [INFO] Inserted item: "Oxygen saturation: _____ %..." (ID: 8657, indent: 0)
[2025-03-19T18:30:43.505Z] [INFO] Inserted/updated section: General Appearance (ID: 1169)
[2025-03-19T18:30:43.556Z] [INFO] Inserted item: "Level of alertness: _____..." (ID: 8658, indent: 0)
[2025-03-19T18:30:43.611Z] [INFO] Inserted item: "Agitation..." (ID: 8659, indent: 0)
[2025-03-19T18:30:43.673Z] [INFO] Inserted item: "Signs of illness/distress: ___..." (ID: 8660, indent: 0)
[2025-03-19T18:30:43.722Z] [INFO] Inserted/updated section: Neurological Exam (ID: 1170)
[2025-03-19T18:30:43.771Z] [INFO] Inserted item: "Level of consciousness (RASS s..." (ID: 8661, indent: 0)
[2025-03-19T18:30:43.821Z] [INFO] Inserted item: "Orientation assessment:..." (ID: 8662, indent: 0)
[2025-03-19T18:30:43.871Z] [INFO] Inserted item: "Person: _____..." (ID: 8663, indent: 1)
[2025-03-19T18:30:43.923Z] [INFO] Inserted item: "Place: _____..." (ID: 8664, indent: 1)
[2025-03-19T18:30:43.976Z] [INFO] Inserted item: "Time: _____..." (ID: 8665, indent: 1)
[2025-03-19T18:30:44.028Z] [INFO] Inserted item: "Situation: _____..." (ID: 8666, indent: 1)
[2025-03-19T18:30:44.084Z] [INFO] Inserted item: "Attention assessment:..." (ID: 8667, indent: 0)
[2025-03-19T18:30:44.138Z] [INFO] Inserted item: "Months backwards (December to ..." (ID: 8668, indent: 1)
[2025-03-19T18:30:44.192Z] [INFO] Inserted item: "Spelling five-letter word back..." (ID: 8669, indent: 1)
[2025-03-19T18:30:44.255Z] [INFO] Inserted item: "Speech assessment:..." (ID: 8670, indent: 0)
[2025-03-19T18:30:44.316Z] [INFO] Inserted item: "Rate (rapid/normal/slow): ____..." (ID: 8671, indent: 1)
[2025-03-19T18:30:44.365Z] [INFO] Inserted item: "Coherence: _____..." (ID: 8672, indent: 1)
[2025-03-19T18:30:44.422Z] [INFO] Inserted item: "Fluency: _____..." (ID: 8673, indent: 1)
[2025-03-19T18:30:44.468Z] [INFO] Inserted item: "Disorganized thinking assessme..." (ID: 8674, indent: 0)
[2025-03-19T18:30:44.517Z] [INFO] Inserted item: ""Will a stone float on water?"..." (ID: 8675, indent: 1)
[2025-03-19T18:30:44.565Z] [INFO] Inserted item: ""Are there fish in the sea?": ..." (ID: 8676, indent: 1)
[2025-03-19T18:30:44.621Z] [INFO] Inserted item: ""Does one pound weigh more tha..." (ID: 8677, indent: 1)
[2025-03-19T18:30:44.670Z] [INFO] Inserted item: ""Can you use a hammer to pound..." (ID: 8678, indent: 1)
[2025-03-19T18:30:44.719Z] [INFO] Inserted item: "Command following:..." (ID: 8679, indent: 0)
[2025-03-19T18:30:44.768Z] [INFO] Inserted item: ""Hold up this many fingers" (h..." (ID: 8680, indent: 1)
[2025-03-19T18:30:44.815Z] [INFO] Inserted item: ""Now do the same thing with th..." (ID: 8681, indent: 1)
[2025-03-19T18:30:44.874Z] [INFO] Inserted item: "Focal neurologic deficits: ___..." (ID: 8682, indent: 0)
[2025-03-19T18:30:44.928Z] [INFO] Inserted/updated section: Delirium Assessment Tools (ID: 1171)
[2025-03-19T18:30:44.975Z] [INFO] Inserted item: "Delirium Triage Screen (DTS): ..." (ID: 8683, indent: 0)
[2025-03-19T18:30:45.023Z] [INFO] Inserted item: "Brief Confusion Assessment Met..." (ID: 8684, indent: 0)
[2025-03-19T18:30:45.075Z] [INFO] Inserted/updated section: HEENT (ID: 1172)
[2025-03-19T18:30:45.121Z] [INFO] Inserted item: "Head trauma evidence: _____..." (ID: 8685, indent: 0)
[2025-03-19T18:30:45.181Z] [INFO] Inserted/updated section: Cardiovascular (ID: 1173)
[2025-03-19T18:30:45.235Z] [INFO] Inserted item: "Murmurs: _____..." (ID: 8686, indent: 0)
[2025-03-19T18:30:45.282Z] [INFO] Inserted item: "Dysrhythmias: _____..." (ID: 8687, indent: 0)
[2025-03-19T18:30:45.329Z] [INFO] Inserted/updated section: Respiratory (ID: 1174)
[2025-03-19T18:30:45.377Z] [INFO] Inserted item: "Breathing pattern: _____..." (ID: 8688, indent: 0)
[2025-03-19T18:30:45.436Z] [INFO] Inserted item: "Lung sounds: _____..." (ID: 8689, indent: 0)
[2025-03-19T18:30:45.487Z] [INFO] Inserted/updated section: Abdominal (ID: 1175)
[2025-03-19T18:30:45.544Z] [INFO] Inserted item: "Liver findings..." (ID: 8690, indent: 0)
[2025-03-19T18:30:45.595Z] [INFO] Inserted item: "Ascites..." (ID: 8691, indent: 0)
[2025-03-19T18:30:45.640Z] [INFO] Inserted item: "Other abnormalities: _____..." (ID: 8692, indent: 0)
[2025-03-19T18:30:45.688Z] [INFO] Inserted/updated section: Skin (ID: 1176)
[2025-03-19T18:30:45.735Z] [INFO] Inserted item: "Jaundice..." (ID: 8693, indent: 0)
[2025-03-19T18:30:45.784Z] [INFO] Inserted item: "Asterixis..." (ID: 8694, indent: 0)
[2025-03-19T18:30:45.831Z] [INFO] Inserted item: "Injection marks..." (ID: 8695, indent: 0)
[2025-03-19T18:30:45.879Z] [INFO] Inserted item: "Skin infections (including sac..." (ID: 8696, indent: 0)
[2025-03-19T18:30:45.935Z] [INFO] Inserted/updated section: Toxidrome Assessment (ID: 1177)
[2025-03-19T18:30:45.982Z] [INFO] Inserted item: "Serotonin syndrome features: _..." (ID: 8697, indent: 0)
[2025-03-19T18:30:46.032Z] [INFO] Inserted item: "Other toxidrome features: ____..." (ID: 8698, indent: 0)
[2025-03-19T18:30:46.033Z] [INFO] Completed processing file: physical-exam.md
[2025-03-19T18:30:46.033Z] [INFO] Processing file: lab-studies.md
[2025-03-19T18:30:46.088Z] [INFO] Inserted/updated section: Point of Care Testing (ID: 1178)
[2025-03-19T18:30:46.135Z] [INFO] Inserted item: "Fingerstick glucose: _____ mg/..." (ID: 8699, indent: 0)
[2025-03-19T18:30:46.183Z] [INFO] Inserted item: "Pulse oximetry: _____ %..." (ID: 8700, indent: 0)
[2025-03-19T18:30:46.233Z] [INFO] Inserted/updated section: Basic Studies (ID: 1179)
[2025-03-19T18:30:46.283Z] [INFO] Inserted item: "Complete blood count..." (ID: 8701, indent: 0)
[2025-03-19T18:30:46.336Z] [INFO] Inserted item: "White blood cell count: _____..." (ID: 8702, indent: 1)
[2025-03-19T18:30:46.388Z] [INFO] Inserted item: "Hemoglobin: _____..." (ID: 8703, indent: 1)
[2025-03-19T18:30:46.437Z] [INFO] Inserted item: "Platelets: _____..." (ID: 8704, indent: 1)
[2025-03-19T18:30:46.489Z] [INFO] Inserted item: "Basic metabolic panel..." (ID: 8705, indent: 0)
[2025-03-19T18:30:46.537Z] [INFO] Inserted item: "Sodium: _____..." (ID: 8706, indent: 1)
[2025-03-19T18:30:46.585Z] [INFO] Inserted item: "Potassium: _____..." (ID: 8707, indent: 1)
[2025-03-19T18:30:46.632Z] [INFO] Inserted item: "Chloride: _____..." (ID: 8708, indent: 1)
[2025-03-19T18:30:46.684Z] [INFO] Inserted item: "Bicarbonate: _____..." (ID: 8709, indent: 1)
[2025-03-19T18:30:46.734Z] [INFO] Inserted item: "BUN: _____..." (ID: 8710, indent: 1)
[2025-03-19T18:30:46.782Z] [INFO] Inserted item: "Creatinine: _____..." (ID: 8711, indent: 1)
[2025-03-19T18:30:46.831Z] [INFO] Inserted item: "Glucose: _____..." (ID: 8712, indent: 1)
[2025-03-19T18:30:46.879Z] [INFO] Inserted item: "Calcium: _____..." (ID: 8713, indent: 1)
[2025-03-19T18:30:46.926Z] [INFO] Inserted/updated section: Extended Studies (ID: 1180)
[2025-03-19T18:30:46.972Z] [INFO] Inserted item: "Liver function tests..." (ID: 8714, indent: 0)
[2025-03-19T18:30:47.023Z] [INFO] Inserted item: "AST: _____..." (ID: 8715, indent: 1)
[2025-03-19T18:30:47.071Z] [INFO] Inserted item: "ALT: _____..." (ID: 8716, indent: 1)
[2025-03-19T18:30:47.121Z] [INFO] Inserted item: "Alkaline phosphatase: _____..." (ID: 8717, indent: 1)
[2025-03-19T18:30:47.174Z] [INFO] Inserted item: "Total bilirubin: _____..." (ID: 8718, indent: 1)
[2025-03-19T18:30:47.221Z] [INFO] Inserted item: "Albumin: _____..." (ID: 8719, indent: 1)
[2025-03-19T18:30:47.270Z] [INFO] Inserted item: "Ammonia level: _____ (not requ..." (ID: 8720, indent: 0)
[2025-03-19T18:30:47.328Z] [INFO] Inserted item: "Thyroid-stimulating hormone (T..." (ID: 8721, indent: 0)
[2025-03-19T18:30:47.388Z] [INFO] Inserted/updated section: Blood Gas Analysis (ID: 1181)
[2025-03-19T18:30:47.438Z] [INFO] Inserted item: "Arterial blood gas..." (ID: 8722, indent: 0)
[2025-03-19T18:30:47.491Z] [INFO] Inserted item: "pH: _____..." (ID: 8723, indent: 1)
[2025-03-19T18:30:47.541Z] [INFO] Inserted item: "pCO2: _____..." (ID: 8724, indent: 1)
[2025-03-19T18:30:47.592Z] [INFO] Inserted item: "pO2: _____..." (ID: 8725, indent: 1)
[2025-03-19T18:30:47.638Z] [INFO] Inserted item: "HCO3: _____..." (ID: 8726, indent: 1)
[2025-03-19T18:30:47.687Z] [INFO] Inserted item: "Venous blood gas..." (ID: 8727, indent: 0)
[2025-03-19T18:30:47.749Z] [INFO] Inserted item: "pH: _____..." (ID: 8728, indent: 1)
[2025-03-19T18:30:47.797Z] [INFO] Inserted item: "pCO2: _____..." (ID: 8729, indent: 1)
[2025-03-19T18:30:47.844Z] [INFO] Inserted item: "HCO3: _____..." (ID: 8730, indent: 1)
[2025-03-19T18:30:47.898Z] [INFO] Inserted/updated section: Microbiology (ID: 1182)
[2025-03-19T18:30:47.946Z] [INFO] Inserted item: "Blood cultures: _____..." (ID: 8731, indent: 0)
[2025-03-19T18:30:48.000Z] [INFO] Inserted item: "Urine culture: _____..." (ID: 8732, indent: 0)
[2025-03-19T18:30:48.053Z] [INFO] Inserted/updated section: Toxicology (ID: 1183)
[2025-03-19T18:30:48.102Z] [INFO] Inserted item: "Urine drug screen: _____..." (ID: 8733, indent: 0)
[2025-03-19T18:30:48.152Z] [INFO] Inserted item: "Blood alcohol level: _____..." (ID: 8734, indent: 0)
[2025-03-19T18:30:48.200Z] [INFO] Inserted item: "Specific drug levels: _____..." (ID: 8735, indent: 0)
[2025-03-19T18:30:48.248Z] [INFO] Inserted/updated section: Cerebrospinal Fluid Analysis (if performed) (ID: 1184)
[2025-03-19T18:30:48.299Z] [INFO] Inserted item: "Opening pressure: _____..." (ID: 8736, indent: 0)
[2025-03-19T18:30:48.354Z] [INFO] Inserted item: "Appearance: _____..." (ID: 8737, indent: 0)
[2025-03-19T18:30:48.405Z] [INFO] Inserted item: "Cell count: _____..." (ID: 8738, indent: 0)
[2025-03-19T18:30:48.456Z] [INFO] Inserted item: "Glucose: _____..." (ID: 8739, indent: 0)
[2025-03-19T18:30:48.512Z] [INFO] Inserted item: "Protein: _____..." (ID: 8740, indent: 0)
[2025-03-19T18:30:48.560Z] [INFO] Inserted item: "Gram stain: _____..." (ID: 8741, indent: 0)
[2025-03-19T18:30:48.614Z] [INFO] Inserted item: "Culture: _____..." (ID: 8742, indent: 0)
[2025-03-19T18:30:48.615Z] [INFO] Completed processing file: lab-studies.md
[2025-03-19T18:30:48.616Z] [INFO] Processing file: imaging.md
[2025-03-19T18:30:48.665Z] [INFO] Inserted/updated section: Cranial Imaging (ID: 1185)
[2025-03-19T18:30:48.714Z] [INFO] Inserted item: "CT head without contrast..." (ID: 8743, indent: 0)
[2025-03-19T18:30:48.760Z] [INFO] Inserted item: "Evidence of mass lesion: _____..." (ID: 8744, indent: 1)
[2025-03-19T18:30:48.808Z] [INFO] Inserted item: "Evidence of stroke: _____..." (ID: 8745, indent: 1)
[2025-03-19T18:30:48.862Z] [INFO] Inserted item: "Evidence of trauma: _____..." (ID: 8746, indent: 1)
[2025-03-19T18:30:48.910Z] [INFO] Inserted item: "Other findings: _____..." (ID: 8747, indent: 1)
[2025-03-19T18:30:48.959Z] [INFO] Inserted item: "MRI brain..." (ID: 8748, indent: 0)
[2025-03-19T18:30:49.007Z] [INFO] Inserted item: "Evidence of stroke: _____..." (ID: 8749, indent: 1)
[2025-03-19T18:30:49.056Z] [INFO] Inserted item: "Other findings: _____..." (ID: 8750, indent: 1)
[2025-03-19T18:30:49.103Z] [INFO] Inserted/updated section: Chest Imaging (ID: 1186)
[2025-03-19T18:30:49.153Z] [INFO] Inserted item: "Chest X-ray..." (ID: 8751, indent: 0)
[2025-03-19T18:30:49.203Z] [INFO] Inserted item: "Evidence of infection: _____..." (ID: 8752, indent: 1)
[2025-03-19T18:30:49.264Z] [INFO] Inserted item: "Other findings: _____..." (ID: 8753, indent: 1)
[2025-03-19T18:30:49.315Z] [INFO] Inserted/updated section: Other Imaging (ID: 1187)
[2025-03-19T18:30:49.365Z] [INFO] Inserted item: "Abdominal imaging: _____..." (ID: 8754, indent: 0)
[2025-03-19T18:30:49.366Z] [INFO] Completed processing file: imaging.md
[2025-03-19T18:30:49.366Z] [INFO] Processing file: special-tests.md
[2025-03-19T18:30:49.414Z] [INFO] Inserted/updated section: Neurological Tests (ID: 1188)
[2025-03-19T18:30:49.462Z] [INFO] Inserted item: "Electroencephalography (EEG)..." (ID: 8755, indent: 0)
[2025-03-19T18:30:49.514Z] [INFO] Inserted item: "Evidence of seizures: _____..." (ID: 8756, indent: 1)
[2025-03-19T18:30:49.564Z] [INFO] Inserted item: "Evidence of nonconvulsive stat..." (ID: 8757, indent: 1)
[2025-03-19T18:30:49.616Z] [INFO] Inserted item: "Other findings: _____..." (ID: 8758, indent: 1)
[2025-03-19T18:30:49.666Z] [INFO] Inserted/updated section: Paracentesis (if applicable) (ID: 1189)
[2025-03-19T18:30:49.715Z] [INFO] Inserted item: "Performed: _____..." (ID: 8759, indent: 0)
[2025-03-19T18:30:49.770Z] [INFO] Inserted item: "Results: _____..." (ID: 8760, indent: 0)
[2025-03-19T18:30:49.822Z] [INFO] Inserted/updated section: Thoracentesis (if applicable) (ID: 1190)
[2025-03-19T18:30:49.870Z] [INFO] Inserted item: "Performed: _____..." (ID: 8761, indent: 0)
[2025-03-19T18:30:49.941Z] [INFO] Inserted item: "Results: _____..." (ID: 8762, indent: 0)
[2025-03-19T18:30:49.993Z] [INFO] Inserted/updated section: Lumbar Puncture (ID: 1191)
[2025-03-19T18:30:50.042Z] [INFO] Inserted item: "Performed: _____..." (ID: 8763, indent: 0)
[2025-03-19T18:30:50.093Z] [INFO] Inserted item: "Results: _____..." (ID: 8764, indent: 0)
[2025-03-19T18:30:50.148Z] [INFO] Inserted/updated section: Cognitive Assessment Tools (ID: 1192)
[2025-03-19T18:30:50.197Z] [INFO] Inserted item: "Delirium Triage Screen (DTS): ..." (ID: 8765, indent: 0)
[2025-03-19T18:30:50.252Z] [INFO] Inserted item: "Brief Confusion Assessment Met..." (ID: 8766, indent: 0)
[2025-03-19T18:30:50.303Z] [INFO] Inserted item: "Quick Confusion Scale (QCS): _..." (ID: 8767, indent: 0)
[2025-03-19T18:30:50.351Z] [INFO] Inserted item: "Mini-Mental State Exam (MMSE):..." (ID: 8768, indent: 0)
[2025-03-19T18:30:50.352Z] [INFO] Completed processing file: special-tests.md
[2025-03-19T18:30:50.352Z] [INFO] Processing file: ecg.md
[2025-03-19T18:30:50.400Z] [INFO] Inserted/updated section: ECG Findings (ID: 1193)
[2025-03-19T18:30:50.459Z] [INFO] Inserted item: "Rate: _____ bpm..." (ID: 8769, indent: 0)
[2025-03-19T18:30:50.508Z] [INFO] Inserted item: "Rhythm: _____..." (ID: 8770, indent: 0)
[2025-03-19T18:30:50.557Z] [INFO] Inserted item: "Evidence of myocardial infarct..." (ID: 8771, indent: 0)
[2025-03-19T18:30:50.607Z] [INFO] Inserted item: "QT prolongation (relevant if u..." (ID: 8772, indent: 0)
[2025-03-19T18:30:50.667Z] [INFO] Inserted item: "Other abnormalities: _____..." (ID: 8773, indent: 0)
[2025-03-19T18:30:50.730Z] [INFO] Inserted/updated section: Interpretation (ID: 1194)
[2025-03-19T18:30:50.783Z] [INFO] Inserted item: "Normal..." (ID: 8774, indent: 0)
[2025-03-19T18:30:50.838Z] [INFO] Inserted item: "Abnormal..." (ID: 8775, indent: 0)
[2025-03-19T18:30:50.887Z] [INFO] Inserted item: "Clinical significance: _____..." (ID: 8776, indent: 0)
[2025-03-19T18:30:50.888Z] [INFO] Completed processing file: ecg.md
[2025-03-19T18:30:50.889Z] [INFO] Processing file: assessment.md
[2025-03-19T18:30:50.942Z] [INFO] Inserted/updated section: Primary Diagnosis (ID: 1195)
[2025-03-19T18:30:50.992Z] [INFO] Inserted item: "Delirium (specify type if know..." (ID: 8777, indent: 0)
[2025-03-19T18:30:51.043Z] [INFO] Inserted item: "Hyperactive delirium..." (ID: 8778, indent: 1)
[2025-03-19T18:30:51.099Z] [INFO] Inserted item: "Hypoactive delirium..." (ID: 8779, indent: 1)
[2025-03-19T18:30:51.152Z] [INFO] Inserted item: "Mixed delirium..." (ID: 8780, indent: 1)
[2025-03-19T18:30:51.201Z] [INFO] Inserted/updated section: Underlying Etiology (if identified) (ID: 1196)
[2025-03-19T18:30:51.253Z] [INFO] Inserted item: "Systemic disease affecting CNS..." (ID: 8781, indent: 0)
[2025-03-19T18:30:51.309Z] [INFO] Inserted item: "Primary intracranial disease: ..." (ID: 8782, indent: 0)
[2025-03-19T18:30:51.369Z] [INFO] Inserted item: "Exogenous toxin: _____..." (ID: 8783, indent: 0)
[2025-03-19T18:30:51.423Z] [INFO] Inserted item: "Drug withdrawal state: _____..." (ID: 8784, indent: 0)
[2025-03-19T18:30:51.474Z] [INFO] Inserted item: "Other: _____..." (ID: 8785, indent: 0)
[2025-03-19T18:30:51.523Z] [INFO] Inserted/updated section: Severity Assessment (ID: 1197)
[2025-03-19T18:30:51.575Z] [INFO] Inserted item: "Critical (immediate interventi..." (ID: 8786, indent: 0)
[2025-03-19T18:30:51.628Z] [INFO] Inserted item: "Emergent..." (ID: 8787, indent: 0)
[2025-03-19T18:30:51.682Z] [INFO] Inserted item: "Urgent..." (ID: 8788, indent: 0)
[2025-03-19T18:30:51.735Z] [INFO] Inserted item: "Non-urgent..." (ID: 8789, indent: 0)
[2025-03-19T18:30:51.804Z] [INFO] Inserted/updated section: Contributing Factors (ID: 1198)
[2025-03-19T18:30:51.855Z] [INFO] Inserted item: "Pre-existing dementia..." (ID: 8790, indent: 0)
[2025-03-19T18:30:51.906Z] [INFO] Inserted item: "Other pre-existing cognitive i..." (ID: 8791, indent: 0)
[2025-03-19T18:30:51.957Z] [INFO] Inserted item: "Age-related vulnerabilities..." (ID: 8792, indent: 0)
[2025-03-19T18:30:52.008Z] [INFO] Inserted item: "Multiple medical comorbidities..." (ID: 8793, indent: 0)
[2025-03-19T18:30:52.055Z] [INFO] Inserted item: "Medication effects..." (ID: 8794, indent: 0)
[2025-03-19T18:30:52.108Z] [INFO] Inserted item: "Other: _____..." (ID: 8795, indent: 0)
[2025-03-19T18:30:52.195Z] [INFO] Inserted/updated section: Prognostic Indicators (ID: 1199)
[2025-03-19T18:30:52.247Z] [INFO] Inserted item: "Elderly patient (higher risk f..." (ID: 8796, indent: 0)
[2025-03-19T18:30:52.303Z] [INFO] Inserted item: "Critically ill patient..." (ID: 8797, indent: 0)
[2025-03-19T18:30:52.353Z] [INFO] Inserted item: "Duration of delirium: _____..." (ID: 8798, indent: 0)
[2025-03-19T18:30:52.353Z] [INFO] Completed processing file: assessment.md
[2025-03-19T18:30:52.353Z] [INFO] Processing file: plan.md
[2025-03-19T18:30:52.400Z] [INFO] Inserted/updated section: Immediate Interventions (ID: 1200)
[2025-03-19T18:30:52.451Z] [INFO] Inserted item: "Oxygen therapy for hypoxia..." (ID: 8799, indent: 0)
[2025-03-19T18:30:52.507Z] [INFO] Inserted item: "Ventilation support for hypove..." (ID: 8800, indent: 0)
[2025-03-19T18:30:52.556Z] [INFO] Inserted item: "Dextrose administration for hy..." (ID: 8801, indent: 0)
[2025-03-19T18:30:52.612Z] [INFO] Inserted item: "One IV dose of dextrose: _____..." (ID: 8802, indent: 1)
[2025-03-19T18:30:52.663Z] [INFO] Inserted item: "Bedside glucose check after ad..." (ID: 8803, indent: 1)
[2025-03-19T18:30:52.717Z] [INFO] Inserted item: "Thiamine 100mg IV..." (ID: 8804, indent: 0)
[2025-03-19T18:30:52.777Z] [INFO] Inserted item: "Medication for agitation..." (ID: 8805, indent: 0)
[2025-03-19T18:30:52.826Z] [INFO] Inserted item: "Haloperidol: _____ mg IV/IM..." (ID: 8806, indent: 1)
[2025-03-19T18:30:52.879Z] [INFO] Inserted item: "Atypical antipsychotic: _____ ..." (ID: 8807, indent: 1)
[2025-03-19T18:30:52.936Z] [INFO] Inserted item: "Benzodiazepines (for alcohol w..." (ID: 8808, indent: 1)
[2025-03-19T18:30:52.985Z] [INFO] Inserted/updated section: Empirical Treatment (ID: 1201)
[2025-03-19T18:30:53.035Z] [INFO] Inserted item: "Age-appropriate empirical anti..." (ID: 8809, indent: 0)
[2025-03-19T18:30:53.090Z] [INFO] Inserted item: "Antiepileptics: _____..." (ID: 8810, indent: 0)
[2025-03-19T18:30:53.150Z] [INFO] Inserted item: "Migraine treatment: _____..." (ID: 8811, indent: 0)
[2025-03-19T18:30:53.202Z] [INFO] Inserted/updated section: Supportive Care (ID: 1202)
[2025-03-19T18:30:53.266Z] [INFO] Inserted item: "Close observation..." (ID: 8812, indent: 0)
[2025-03-19T18:30:53.318Z] [INFO] Inserted item: "Environmental modification..." (ID: 8813, indent: 0)
[2025-03-19T18:30:53.372Z] [INFO] Inserted item: "Dim lighting..." (ID: 8814, indent: 1)
[2025-03-19T18:30:53.428Z] [INFO] Inserted item: "Quiet environment..." (ID: 8815, indent: 1)
[2025-03-19T18:30:53.492Z] [INFO] Inserted item: "Safety measures..." (ID: 8816, indent: 0)
[2025-03-19T18:30:53.540Z] [INFO] Inserted item: "Family assistance with observa..." (ID: 8817, indent: 1)
[2025-03-19T18:30:53.594Z] [INFO] Inserted item: "Physical restraints (if necess..." (ID: 8818, indent: 1)
[2025-03-19T18:30:53.642Z] [INFO] Inserted item: "Avoid bladder catheterization ..." (ID: 8819, indent: 1)
[2025-03-19T18:30:53.695Z] [INFO] Inserted/updated section: Diagnostic Plan (ID: 1203)
[2025-03-19T18:30:53.743Z] [INFO] Inserted item: "Additional laboratory studies:..." (ID: 8820, indent: 0)
[2025-03-19T18:30:53.788Z] [INFO] Inserted item: "Additional imaging: _____..." (ID: 8821, indent: 0)
[2025-03-19T18:30:53.837Z] [INFO] Inserted item: "Consultations: _____..." (ID: 8822, indent: 0)
[2025-03-19T18:30:53.887Z] [INFO] Inserted/updated section: Treatment of Underlying Cause (ID: 1204)
[2025-03-19T18:30:53.937Z] [INFO] Inserted item: "Specific treatment plan for id..." (ID: 8823, indent: 0)
[2025-03-19T18:30:53.937Z] [INFO] Completed processing file: plan.md
[2025-03-19T18:30:53.937Z] [INFO] Processing file: disposition.md
[2025-03-19T18:30:53.985Z] [INFO] Inserted/updated section: Disposition Decision (ID: 1205)
[2025-03-19T18:30:54.034Z] [INFO] Inserted item: "Admission to hospital..." (ID: 8824, indent: 0)
[2025-03-19T18:30:54.086Z] [INFO] Inserted item: "ICU..." (ID: 8825, indent: 1)
[2025-03-19T18:30:54.136Z] [INFO] Inserted item: "Regular medical floor..." (ID: 8826, indent: 1)
[2025-03-19T18:30:54.184Z] [INFO] Inserted item: "Observation unit..." (ID: 8827, indent: 1)
[2025-03-19T18:30:54.237Z] [INFO] Inserted item: "Transfer to another facility..." (ID: 8828, indent: 0)
[2025-03-19T18:30:54.290Z] [INFO] Inserted item: "Discharge (if safe and diagnos..." (ID: 8829, indent: 0)
[2025-03-19T18:30:54.339Z] [INFO] Inserted/updated section: Consults Obtained/Recommended (ID: 1206)
[2025-03-19T18:30:54.391Z] [INFO] Inserted item: "Neurology..." (ID: 8830, indent: 0)
[2025-03-19T18:30:54.441Z] [INFO] Inserted item: "Psychiatry..." (ID: 8831, indent: 0)
[2025-03-19T18:30:54.490Z] [INFO] Inserted item: "Infectious Disease..." (ID: 8832, indent: 0)
[2025-03-19T18:30:54.548Z] [INFO] Inserted item: "Other: _____..." (ID: 8833, indent: 0)
[2025-03-19T18:30:54.598Z] [INFO] Inserted/updated section: Follow-up Recommendations (ID: 1207)
[2025-03-19T18:30:54.648Z] [INFO] Inserted item: "Primary care follow-up: _____..." (ID: 8834, indent: 0)
[2025-03-19T18:30:54.701Z] [INFO] Inserted item: "Specialist follow-up: _____..." (ID: 8835, indent: 0)
[2025-03-19T18:30:54.752Z] [INFO] Inserted item: "Repeat testing: _____..." (ID: 8836, indent: 0)
[2025-03-19T18:30:54.805Z] [INFO] Inserted/updated section: Special Considerations (ID: 1208)
[2025-03-19T18:30:54.853Z] [INFO] Inserted item: "Care coordination with consult..." (ID: 8837, indent: 0)
[2025-03-19T18:30:54.903Z] [INFO] Inserted item: "Care coordination with admitti..." (ID: 8838, indent: 0)
[2025-03-19T18:30:54.903Z] [INFO] Completed processing file: disposition.md
[2025-03-19T18:30:54.904Z] [INFO] Processing file: patient-education.md
[2025-03-19T18:30:54.951Z] [INFO] Inserted/updated section: Explanation to Patient/Family (ID: 1209)
[2025-03-19T18:30:55.006Z] [INFO] Inserted item: "Nature of delirium/confusion..." (ID: 8839, indent: 0)
[2025-03-19T18:30:55.057Z] [INFO] Inserted item: "Underlying causes identified..." (ID: 8840, indent: 0)
[2025-03-19T18:30:55.103Z] [INFO] Inserted item: "Expected course and prognosis..." (ID: 8841, indent: 0)
[2025-03-19T18:30:55.154Z] [INFO] Inserted item: "Importance of treatment adhere..." (ID: 8842, indent: 0)
[2025-03-19T18:30:55.204Z] [INFO] Inserted item: "Warning signs requiring medica..." (ID: 8843, indent: 0)
[2025-03-19T18:30:55.261Z] [INFO] Inserted/updated section: Education Points for Caregivers (ID: 1210)
[2025-03-19T18:30:55.328Z] [INFO] Inserted item: "Delirium is a symptom, not a d..." (ID: 8844, indent: 0)
[2025-03-19T18:30:55.390Z] [INFO] Inserted item: "Confusion has many causes and ..." (ID: 8845, indent: 0)
[2025-03-19T18:30:55.441Z] [INFO] Inserted item: "Delirium carries negative prog..." (ID: 8846, indent: 0)
[2025-03-19T18:30:55.500Z] [INFO] Inserted item: "Higher mortality..." (ID: 8847, indent: 1)
[2025-03-19T18:30:55.553Z] [INFO] Inserted item: "Worse functional outcomes..." (ID: 8848, indent: 1)
[2025-03-19T18:30:55.611Z] [INFO] Inserted item: "Worse cognitive outcomes..." (ID: 8849, indent: 1)
[2025-03-19T18:30:55.673Z] [INFO] Inserted item: "Decreased rates of home discha..." (ID: 8850, indent: 1)
[2025-03-19T18:30:55.735Z] [INFO] Inserted item: "Importance of providing a supp..." (ID: 8851, indent: 0)
[2025-03-19T18:30:55.812Z] [INFO] Inserted item: "Recognition of signs of worsen..." (ID: 8852, indent: 0)
[2025-03-19T18:30:55.864Z] [INFO] Inserted/updated section: Follow-up Instructions (ID: 1211)
[2025-03-19T18:30:55.917Z] [INFO] Inserted item: "Medication instructions: _____..." (ID: 8853, indent: 0)
[2025-03-19T18:30:55.966Z] [INFO] Inserted item: "When to seek emergency care: _..." (ID: 8854, indent: 0)
[2025-03-19T18:30:56.022Z] [INFO] Inserted item: "Follow-up appointment informat..." (ID: 8855, indent: 0)
[2025-03-19T18:30:56.023Z] [INFO] Completed processing file: patient-education.md
[2025-03-19T18:30:56.024Z] [INFO] Completed processing chapter: Ch13_Confusion
[2025-03-19T18:30:56.025Z] [INFO] Migration completed: 1 chapters processed successfully, 0 chapters had errors
[2025-03-19T18:30:56.026Z] [INFO] Migration completed in 26.933 seconds
