[2025-03-19T22:30:07.247Z] [INFO] Starting migration...
[2025-03-19T22:30:07.249Z] [INFO] Ensuring database schema has required columns...
[2025-03-19T22:30:07.343Z] [WARN] Warning: Could not verify schema columns. If they do not exist, the migration may fail.
[2025-03-19T22:30:07.343Z] [WARN] Error details: Could not find the function public.execute_sql(sql_query) in the schema cache
[2025-03-19T22:30:07.343Z] [INFO] Inserting categories...
[2025-03-19T22:30:07.402Z] [INFO] All categories already exist, skipping insertion
[2025-03-19T22:30:07.403Z] [INFO] Found 1 chapter directories to process
[2025-03-19T22:30:07.403Z] [INFO] Processing chapter: Ch13_Confusion
[2025-03-19T22:30:07.403Z] [INFO] Checking if chapter 13 exists...
[2025-03-19T22:30:07.508Z] [INFO] Inserted new chapter: Confusion (ID: 9)
[2025-03-19T22:30:07.509Z] [INFO] Processing file: history.md
[2025-03-19T22:30:07.509Z] [INFO] Preprocessing file: history.md
[2025-03-19T22:30:07.509Z] [INFO] Using title as initial section: "Main" at line 0
[2025-03-19T22:30:07.509Z] [INFO] Found section: "Chief Complaint" at line 2
[2025-03-19T22:30:07.510Z] [INFO] Found section: "Duration/Onset" at line 8
[2025-03-19T22:30:07.510Z] [INFO] Found section: "Onset" at line 14
[2025-03-19T22:30:07.510Z] [INFO] Found section: "Provocation/Palliation" at line 18
[2025-03-19T22:30:07.510Z] [INFO] Found section: "Quality" at line 23
[2025-03-19T22:30:07.510Z] [INFO] Found section: "Region/Radiation" at line 30
[2025-03-19T22:30:07.510Z] [INFO] Found section: "Severity" at line 36
[2025-03-19T22:30:07.511Z] [INFO] Found section: "Timing" at line 41
[2025-03-19T22:30:07.511Z] [INFO] Found section: "Associated Symptoms" at line 45
[2025-03-19T22:30:07.511Z] [INFO] Found 9 sections in file: Chief Complaint, Duration/Onset, Onset, Provocation/Palliation, Quality, Region/Radiation, Severity, Timing, Associated Symptoms
[2025-03-19T22:30:07.511Z] [INFO] Detected sections: ["Chief Complaint","Duration/Onset","Onset","Provocation/Palliation","Quality","Region/Radiation","Severity","Timing","Associated Symptoms"]
[2025-03-19T22:30:07.511Z] [INFO] Attempting to insert section: "Chief Complaint"
[2025-03-19T22:30:07.569Z] [INFO] Inserted/updated section: Chief Complaint (ID: 353)
[2025-03-19T22:30:07.569Z] [INFO] Attempting to insert section: "Duration/Onset"
[2025-03-19T22:30:07.620Z] [INFO] Inserted/updated section: Duration/Onset (ID: 354)
[2025-03-19T22:30:07.621Z] [INFO] Attempting to insert section: "Onset"
[2025-03-19T22:30:07.677Z] [INFO] Inserted/updated section: Onset (ID: 355)
[2025-03-19T22:30:07.678Z] [INFO] Attempting to insert section: "Provocation/Palliation"
[2025-03-19T22:30:07.731Z] [INFO] Inserted/updated section: Provocation/Palliation (ID: 356)
[2025-03-19T22:30:07.731Z] [INFO] Attempting to insert section: "Quality"
[2025-03-19T22:30:07.813Z] [INFO] Inserted/updated section: Quality (ID: 357)
[2025-03-19T22:30:07.814Z] [INFO] Attempting to insert section: "Region/Radiation"
[2025-03-19T22:30:07.870Z] [INFO] Inserted/updated section: Region/Radiation (ID: 358)
[2025-03-19T22:30:07.871Z] [INFO] Attempting to insert section: "Severity"
[2025-03-19T22:30:07.923Z] [INFO] Inserted/updated section: Severity (ID: 359)
[2025-03-19T22:30:07.924Z] [INFO] Attempting to insert section: "Timing"
[2025-03-19T22:30:07.976Z] [INFO] Inserted/updated section: Timing (ID: 360)
[2025-03-19T22:30:07.976Z] [INFO] Attempting to insert section: "Associated Symptoms"
[2025-03-19T22:30:08.073Z] [INFO] Inserted/updated section: Associated Symptoms (ID: 361)
[2025-03-19T22:30:08.073Z] [INFO] Section ID map: {"Chief Complaint":353,"Duration/Onset":354,"Onset":355,"Provocation/Palliation":356,"Quality":357,"Region/Radiation":358,"Severity":359,"Timing":360,"Associated Symptoms":361}
[2025-03-19T22:30:08.073Z] [INFO] Prepared 34 items for insertion (filtered from 34 total items)
[2025-03-19T22:30:08.126Z] [INFO] Inserted batch of 34 items (total: 34/34)
[2025-03-19T22:30:08.126Z] [INFO] Updating parent-child relationships...
[2025-03-19T22:30:08.304Z] [INFO] Completed parent-child relationship updates: 2 successful, 0 failed
[2025-03-19T22:30:08.305Z] [INFO] Successfully processed file history.md: inserted 34 items
[2025-03-19T22:30:08.306Z] [INFO] Processing file: alarm-features.md
[2025-03-19T22:30:08.306Z] [INFO] Preprocessing file: alarm-features.md
[2025-03-19T22:30:08.307Z] [INFO] Using title as initial section: "Main" at line 0
[2025-03-19T22:30:08.307Z] [INFO] Found section: "Critical Causes (Require Immediate Intervention)" at line 2
[2025-03-19T22:30:08.307Z] [INFO] Found section: "Emergent Causes (Primary Intracranial Disease)" at line 8
[2025-03-19T22:30:08.307Z] [INFO] Found section: "Emergent Causes (Systemic Diseases)" at line 14
[2025-03-19T22:30:08.307Z] [INFO] Found section: "Emergent Causes (Exogenous Toxins)" at line 23
[2025-03-19T22:30:08.307Z] [INFO] Found section: "Emergent Causes (Drug Withdrawal)" at line 29
[2025-03-19T22:30:08.307Z] [INFO] Found section: "Neurological Red Flags" at line 33
[2025-03-19T22:30:08.308Z] [INFO] Found 6 sections in file: Critical Causes (Require Immediate Intervention), Emergent Causes (Primary Intracranial Disease), Emergent Causes (Systemic Diseases), Emergent Causes (Exogenous Toxins), Emergent Causes (Drug Withdrawal), Neurological Red Flags
[2025-03-19T22:30:08.308Z] [INFO] Detected sections: ["Critical Causes (Require Immediate Intervention)","Emergent Causes (Primary Intracranial Disease)","Emergent Causes (Systemic Diseases)","Emergent Causes (Exogenous Toxins)","Emergent Causes (Drug Withdrawal)","Neurological Red Flags"]
[2025-03-19T22:30:08.308Z] [INFO] Attempting to insert section: "Critical Causes (Require Immediate Intervention)"
[2025-03-19T22:30:08.361Z] [INFO] Inserted/updated section: Critical Causes (Require Immediate Intervention) (ID: 362)
[2025-03-19T22:30:08.362Z] [INFO] Attempting to insert section: "Emergent Causes (Primary Intracranial Disease)"
[2025-03-19T22:30:08.415Z] [INFO] Inserted/updated section: Emergent Causes (Primary Intracranial Disease) (ID: 363)
[2025-03-19T22:30:08.416Z] [INFO] Attempting to insert section: "Emergent Causes (Systemic Diseases)"
[2025-03-19T22:30:08.470Z] [INFO] Inserted/updated section: Emergent Causes (Systemic Diseases) (ID: 364)
[2025-03-19T22:30:08.470Z] [INFO] Attempting to insert section: "Emergent Causes (Exogenous Toxins)"
[2025-03-19T22:30:08.522Z] [INFO] Inserted/updated section: Emergent Causes (Exogenous Toxins) (ID: 365)
[2025-03-19T22:30:08.523Z] [INFO] Attempting to insert section: "Emergent Causes (Drug Withdrawal)"
[2025-03-19T22:30:08.574Z] [INFO] Inserted/updated section: Emergent Causes (Drug Withdrawal) (ID: 366)
[2025-03-19T22:30:08.575Z] [INFO] Attempting to insert section: "Neurological Red Flags"
[2025-03-19T22:30:08.634Z] [INFO] Inserted/updated section: Neurological Red Flags (ID: 367)
[2025-03-19T22:30:08.635Z] [INFO] Section ID map: {"Critical Causes (Require Immediate Intervention)":362,"Emergent Causes (Primary Intracranial Disease)":363,"Emergent Causes (Systemic Diseases)":364,"Emergent Causes (Exogenous Toxins)":365,"Emergent Causes (Drug Withdrawal)":366,"Neurological Red Flags":367}
[2025-03-19T22:30:08.636Z] [INFO] Prepared 24 items for insertion (filtered from 24 total items)
[2025-03-19T22:30:08.692Z] [INFO] Inserted batch of 24 items (total: 24/24)
[2025-03-19T22:30:08.692Z] [INFO] Updating parent-child relationships...
[2025-03-19T22:30:08.693Z] [INFO] Completed parent-child relationship updates: 0 successful, 0 failed
[2025-03-19T22:30:08.694Z] [INFO] Successfully processed file alarm-features.md: inserted 24 items
[2025-03-19T22:30:08.694Z] [INFO] Processing file: medications.md
[2025-03-19T22:30:08.695Z] [INFO] Preprocessing file: medications.md
[2025-03-19T22:30:08.696Z] [INFO] Using title as initial section: "Main" at line 0
[2025-03-19T22:30:08.697Z] [INFO] Found section: "Medication History" at line 2
[2025-03-19T22:30:08.697Z] [INFO] Found section: "Medications Potentially Causing Confusion" at line 7
[2025-03-19T22:30:08.697Z] [INFO] Found section: "Medication For Management" at line 14
[2025-03-19T22:30:08.698Z] [INFO] Found section: "Other Treatment Medications" at line 26
[2025-03-19T22:30:08.698Z] [INFO] Found 4 sections in file: Medication History, Medications Potentially Causing Confusion, Medication For Management, Other Treatment Medications
[2025-03-19T22:30:08.698Z] [INFO] Detected sections: ["Medication History","Medications Potentially Causing Confusion","Medication For Management","Other Treatment Medications"]
[2025-03-19T22:30:08.698Z] [INFO] Attempting to insert section: "Medication History"
[2025-03-19T22:30:08.752Z] [INFO] Inserted/updated section: Medication History (ID: 368)
[2025-03-19T22:30:08.753Z] [INFO] Attempting to insert section: "Medications Potentially Causing Confusion"
[2025-03-19T22:30:08.806Z] [INFO] Inserted/updated section: Medications Potentially Causing Confusion (ID: 369)
[2025-03-19T22:30:08.806Z] [INFO] Attempting to insert section: "Medication For Management"
[2025-03-19T22:30:08.862Z] [INFO] Inserted/updated section: Medication For Management (ID: 370)
[2025-03-19T22:30:08.863Z] [INFO] Attempting to insert section: "Other Treatment Medications"
[2025-03-19T22:30:08.915Z] [INFO] Inserted/updated section: Other Treatment Medications (ID: 371)
[2025-03-19T22:30:08.916Z] [INFO] Section ID map: {"Medication History":368,"Medications Potentially Causing Confusion":369,"Medication For Management":370,"Other Treatment Medications":371}
[2025-03-19T22:30:08.916Z] [INFO] Prepared 33 items for insertion (filtered from 33 total items)
[2025-03-19T22:30:08.981Z] [INFO] Inserted batch of 33 items (total: 33/33)
[2025-03-19T22:30:08.982Z] [INFO] Updating parent-child relationships...
[2025-03-19T22:30:09.941Z] [INFO] Completed parent-child relationship updates: 15 successful, 0 failed
[2025-03-19T22:30:09.942Z] [INFO] Successfully processed file medications.md: inserted 33 items
[2025-03-19T22:30:09.943Z] [INFO] Processing file: diet.md
[2025-03-19T22:30:09.943Z] [INFO] Preprocessing file: diet.md
[2025-03-19T22:30:09.943Z] [INFO] Using title as initial section: "Main" at line 0
[2025-03-19T22:30:09.944Z] [INFO] Found section: "Nutrition Status" at line 2
[2025-03-19T22:30:09.944Z] [INFO] Found section: "Dietary Considerations" at line 7
[2025-03-19T22:30:09.944Z] [INFO] Found 2 sections in file: Nutrition Status, Dietary Considerations
[2025-03-19T22:30:09.944Z] [INFO] Detected sections: ["Nutrition Status","Dietary Considerations"]
[2025-03-19T22:30:09.944Z] [INFO] Attempting to insert section: "Nutrition Status"
[2025-03-19T22:30:10.022Z] [INFO] Inserted/updated section: Nutrition Status (ID: 372)
[2025-03-19T22:30:10.023Z] [INFO] Attempting to insert section: "Dietary Considerations"
[2025-03-19T22:30:10.076Z] [INFO] Inserted/updated section: Dietary Considerations (ID: 373)
[2025-03-19T22:30:10.077Z] [INFO] Section ID map: {"Nutrition Status":372,"Dietary Considerations":373}
[2025-03-19T22:30:10.077Z] [INFO] Prepared 6 items for insertion (filtered from 6 total items)
[2025-03-19T22:30:10.137Z] [INFO] Inserted batch of 6 items (total: 6/6)
[2025-03-19T22:30:10.137Z] [INFO] Updating parent-child relationships...
[2025-03-19T22:30:10.138Z] [INFO] Completed parent-child relationship updates: 0 successful, 0 failed
[2025-03-19T22:30:10.138Z] [INFO] Successfully processed file diet.md: inserted 6 items
[2025-03-19T22:30:10.139Z] [INFO] Processing file: review-systems.md
[2025-03-19T22:30:10.139Z] [INFO] Preprocessing file: review-systems.md
[2025-03-19T22:30:10.140Z] [INFO] Using title as initial section: "Main" at line 0
[2025-03-19T22:30:10.141Z] [INFO] Found section: "Neurological" at line 2
[2025-03-19T22:30:10.141Z] [INFO] Found section: "Psychiatric" at line 15
[2025-03-19T22:30:10.141Z] [INFO] Found section: "Respiratory" at line 22
[2025-03-19T22:30:10.142Z] [INFO] Found section: "Cardiovascular" at line 27
[2025-03-19T22:30:10.143Z] [INFO] Found section: "Gastrointestinal" at line 31
[2025-03-19T22:30:10.143Z] [INFO] Found section: "Genitourinary" at line 36
[2025-03-19T22:30:10.143Z] [INFO] Found section: "Infectious" at line 40
[2025-03-19T22:30:10.144Z] [INFO] Found 7 sections in file: Neurological, Psychiatric, Respiratory, Cardiovascular, Gastrointestinal, Genitourinary, Infectious
[2025-03-19T22:30:10.144Z] [INFO] Detected sections: ["Neurological","Psychiatric","Respiratory","Cardiovascular","Gastrointestinal","Genitourinary","Infectious"]
[2025-03-19T22:30:10.144Z] [INFO] Attempting to insert section: "Neurological"
[2025-03-19T22:30:10.198Z] [INFO] Inserted/updated section: Neurological (ID: 374)
[2025-03-19T22:30:10.198Z] [INFO] Attempting to insert section: "Psychiatric"
[2025-03-19T22:30:10.248Z] [INFO] Inserted/updated section: Psychiatric (ID: 375)
[2025-03-19T22:30:10.248Z] [INFO] Attempting to insert section: "Respiratory"
[2025-03-19T22:30:10.314Z] [INFO] Inserted/updated section: Respiratory (ID: 376)
[2025-03-19T22:30:10.315Z] [INFO] Attempting to insert section: "Cardiovascular"
[2025-03-19T22:30:10.365Z] [INFO] Inserted/updated section: Cardiovascular (ID: 377)
[2025-03-19T22:30:10.365Z] [INFO] Attempting to insert section: "Gastrointestinal"
[2025-03-19T22:30:10.431Z] [INFO] Inserted/updated section: Gastrointestinal (ID: 378)
[2025-03-19T22:30:10.431Z] [INFO] Attempting to insert section: "Genitourinary"
[2025-03-19T22:30:10.485Z] [INFO] Inserted/updated section: Genitourinary (ID: 379)
[2025-03-19T22:30:10.486Z] [INFO] Attempting to insert section: "Infectious"
[2025-03-19T22:30:10.541Z] [INFO] Inserted/updated section: Infectious (ID: 380)
[2025-03-19T22:30:10.542Z] [INFO] Section ID map: {"Neurological":374,"Psychiatric":375,"Respiratory":376,"Cardiovascular":377,"Gastrointestinal":378,"Genitourinary":379,"Infectious":380}
[2025-03-19T22:30:10.542Z] [INFO] Prepared 28 items for insertion (filtered from 28 total items)
[2025-03-19T22:30:10.664Z] [INFO] Inserted batch of 28 items (total: 28/28)
[2025-03-19T22:30:10.665Z] [INFO] Updating parent-child relationships...
[2025-03-19T22:30:10.846Z] [INFO] Completed parent-child relationship updates: 3 successful, 0 failed
[2025-03-19T22:30:10.847Z] [INFO] Successfully processed file review-systems.md: inserted 28 items
[2025-03-19T22:30:10.847Z] [INFO] Processing file: collateral-history.md
[2025-03-19T22:30:10.847Z] [INFO] Preprocessing file: collateral-history.md
[2025-03-19T22:30:10.848Z] [INFO] Using title as initial section: "Main" at line 0
[2025-03-19T22:30:10.849Z] [INFO] Found section: "Sources of Collateral Information" at line 2
[2025-03-19T22:30:10.849Z] [INFO] Found section: "Key Collateral Information" at line 8
[2025-03-19T22:30:10.849Z] [INFO] Found section: "Behavior Patterns Reported" at line 20
[2025-03-19T22:30:10.849Z] [INFO] Found 3 sections in file: Sources of Collateral Information, Key Collateral Information, Behavior Patterns Reported
[2025-03-19T22:30:10.849Z] [INFO] Detected sections: ["Sources of Collateral Information","Key Collateral Information","Behavior Patterns Reported"]
[2025-03-19T22:30:10.849Z] [INFO] Attempting to insert section: "Sources of Collateral Information"
[2025-03-19T22:30:10.904Z] [INFO] Inserted/updated section: Sources of Collateral Information (ID: 381)
[2025-03-19T22:30:10.905Z] [INFO] Attempting to insert section: "Key Collateral Information"
[2025-03-19T22:30:10.997Z] [INFO] Inserted/updated section: Key Collateral Information (ID: 382)
[2025-03-19T22:30:10.997Z] [INFO] Attempting to insert section: "Behavior Patterns Reported"
[2025-03-19T22:30:11.050Z] [INFO] Inserted/updated section: Behavior Patterns Reported (ID: 383)
[2025-03-19T22:30:11.051Z] [INFO] Section ID map: {"Sources of Collateral Information":381,"Key Collateral Information":382,"Behavior Patterns Reported":383}
[2025-03-19T22:30:11.052Z] [INFO] Prepared 21 items for insertion (filtered from 21 total items)
[2025-03-19T22:30:11.108Z] [INFO] Inserted batch of 21 items (total: 21/21)
[2025-03-19T22:30:11.109Z] [INFO] Updating parent-child relationships...
[2025-03-19T22:30:11.110Z] [INFO] Completed parent-child relationship updates: 0 successful, 0 failed
[2025-03-19T22:30:11.111Z] [INFO] Successfully processed file collateral-history.md: inserted 21 items
[2025-03-19T22:30:11.112Z] [INFO] Processing file: risk-factors.md
[2025-03-19T22:30:11.113Z] [INFO] Preprocessing file: risk-factors.md
[2025-03-19T22:30:11.114Z] [INFO] Using title as initial section: "Main" at line 0
[2025-03-19T22:30:11.114Z] [INFO] Found section: "Patient Characteristics" at line 2
[2025-03-19T22:30:11.114Z] [INFO] Found section: "Medication and Substance Related" at line 9
[2025-03-19T22:30:11.115Z] [INFO] Found section: "Medical Conditions" at line 19
[2025-03-19T22:30:11.115Z] [INFO] Found 3 sections in file: Patient Characteristics, Medication and Substance Related, Medical Conditions
[2025-03-19T22:30:11.116Z] [INFO] Detected sections: ["Patient Characteristics","Medication and Substance Related","Medical Conditions"]
[2025-03-19T22:30:11.116Z] [INFO] Attempting to insert section: "Patient Characteristics"
[2025-03-19T22:30:11.166Z] [INFO] Inserted/updated section: Patient Characteristics (ID: 384)
[2025-03-19T22:30:11.166Z] [INFO] Attempting to insert section: "Medication and Substance Related"
[2025-03-19T22:30:11.226Z] [INFO] Inserted/updated section: Medication and Substance Related (ID: 385)
[2025-03-19T22:30:11.227Z] [INFO] Attempting to insert section: "Medical Conditions"
[2025-03-19T22:30:11.281Z] [INFO] Inserted/updated section: Medical Conditions (ID: 386)
[2025-03-19T22:30:11.282Z] [INFO] Section ID map: {"Patient Characteristics":384,"Medication and Substance Related":385,"Medical Conditions":386}
[2025-03-19T22:30:11.282Z] [INFO] Prepared 16 items for insertion (filtered from 16 total items)
[2025-03-19T22:30:11.339Z] [INFO] Inserted batch of 16 items (total: 16/16)
[2025-03-19T22:30:11.340Z] [INFO] Updating parent-child relationships...
[2025-03-19T22:30:11.340Z] [INFO] Completed parent-child relationship updates: 0 successful, 0 failed
[2025-03-19T22:30:11.340Z] [INFO] Successfully processed file risk-factors.md: inserted 16 items
[2025-03-19T22:30:11.340Z] [INFO] Processing file: differential-diagnosis.md
[2025-03-19T22:30:11.340Z] [INFO] Preprocessing file: differential-diagnosis.md
[2025-03-19T22:30:11.341Z] [INFO] Using title as initial section: "Main" at line 0
[2025-03-19T22:30:11.341Z] [INFO] Found section: "Systemic Diseases Secondarily Affecting CNS" at line 2
[2025-03-19T22:30:11.341Z] [INFO] Found section: "Primary Intracranial Disease" at line 16
[2025-03-19T22:30:11.341Z] [INFO] Found section: "Exogenous Toxins" at line 27
[2025-03-19T22:30:11.341Z] [INFO] Found section: "Drug Withdrawal States" at line 33
[2025-03-19T22:30:11.341Z] [INFO] Found section: "Psychiatric Considerations" at line 38
[2025-03-19T22:30:11.341Z] [INFO] Found section: "Other Causes" at line 43
[2025-03-19T22:30:11.341Z] [INFO] Found 6 sections in file: Systemic Diseases Secondarily Affecting CNS, Primary Intracranial Disease, Exogenous Toxins, Drug Withdrawal States, Psychiatric Considerations, Other Causes
[2025-03-19T22:30:11.341Z] [INFO] Detected sections: ["Systemic Diseases Secondarily Affecting CNS","Primary Intracranial Disease","Exogenous Toxins","Drug Withdrawal States","Psychiatric Considerations","Other Causes"]
[2025-03-19T22:30:11.341Z] [INFO] Attempting to insert section: "Systemic Diseases Secondarily Affecting CNS"
[2025-03-19T22:30:11.391Z] [INFO] Inserted/updated section: Systemic Diseases Secondarily Affecting CNS (ID: 387)
[2025-03-19T22:30:11.392Z] [INFO] Attempting to insert section: "Primary Intracranial Disease"
[2025-03-19T22:30:11.449Z] [INFO] Inserted/updated section: Primary Intracranial Disease (ID: 388)
[2025-03-19T22:30:11.449Z] [INFO] Attempting to insert section: "Exogenous Toxins"
[2025-03-19T22:30:11.514Z] [INFO] Inserted/updated section: Exogenous Toxins (ID: 389)
[2025-03-19T22:30:11.514Z] [INFO] Attempting to insert section: "Drug Withdrawal States"
[2025-03-19T22:30:11.586Z] [INFO] Inserted/updated section: Drug Withdrawal States (ID: 390)
[2025-03-19T22:30:11.587Z] [INFO] Attempting to insert section: "Psychiatric Considerations"
[2025-03-19T22:30:11.640Z] [INFO] Inserted/updated section: Psychiatric Considerations (ID: 391)
[2025-03-19T22:30:11.641Z] [INFO] Attempting to insert section: "Other Causes"
[2025-03-19T22:30:11.689Z] [INFO] Inserted/updated section: Other Causes (ID: 392)
[2025-03-19T22:30:11.689Z] [INFO] Section ID map: {"Systemic Diseases Secondarily Affecting CNS":387,"Primary Intracranial Disease":388,"Exogenous Toxins":389,"Drug Withdrawal States":390,"Psychiatric Considerations":391,"Other Causes":392}
[2025-03-19T22:30:11.689Z] [INFO] Prepared 33 items for insertion (filtered from 33 total items)
[2025-03-19T22:30:11.753Z] [INFO] Inserted batch of 33 items (total: 33/33)
[2025-03-19T22:30:11.754Z] [INFO] Updating parent-child relationships...
[2025-03-19T22:30:11.754Z] [INFO] Completed parent-child relationship updates: 0 successful, 0 failed
[2025-03-19T22:30:11.754Z] [INFO] Successfully processed file differential-diagnosis.md: inserted 33 items
[2025-03-19T22:30:11.754Z] [INFO] Processing file: past-medical.md
[2025-03-19T22:30:11.754Z] [INFO] Preprocessing file: past-medical.md
[2025-03-19T22:30:11.754Z] [INFO] Using title as initial section: "Main" at line 0
[2025-03-19T22:30:11.754Z] [INFO] Found section: "Neurological History" at line 2
[2025-03-19T22:30:11.754Z] [INFO] Found section: "Psychiatric History" at line 11
[2025-03-19T22:30:11.755Z] [INFO] Found section: "Medical Conditions" at line 16
[2025-03-19T22:30:11.755Z] [INFO] Found section: "Substance Use History" at line 25
[2025-03-19T22:30:11.755Z] [INFO] Found 4 sections in file: Neurological History, Psychiatric History, Medical Conditions, Substance Use History
[2025-03-19T22:30:11.755Z] [INFO] Detected sections: ["Neurological History","Psychiatric History","Medical Conditions","Substance Use History"]
[2025-03-19T22:30:11.755Z] [INFO] Attempting to insert section: "Neurological History"
[2025-03-19T22:30:11.809Z] [INFO] Inserted/updated section: Neurological History (ID: 393)
[2025-03-19T22:30:11.809Z] [INFO] Attempting to insert section: "Psychiatric History"
[2025-03-19T22:30:11.860Z] [INFO] Inserted/updated section: Psychiatric History (ID: 394)
[2025-03-19T22:30:11.860Z] [INFO] Attempting to insert section: "Medical Conditions"
[2025-03-19T22:30:11.913Z] [INFO] Inserted/updated section: Medical Conditions (ID: 395)
[2025-03-19T22:30:11.914Z] [INFO] Attempting to insert section: "Substance Use History"
[2025-03-19T22:30:11.968Z] [INFO] Inserted/updated section: Substance Use History (ID: 396)
[2025-03-19T22:30:11.968Z] [INFO] Section ID map: {"Neurological History":393,"Psychiatric History":394,"Medical Conditions":395,"Substance Use History":396}
[2025-03-19T22:30:11.969Z] [INFO] Prepared 20 items for insertion (filtered from 20 total items)
[2025-03-19T22:30:12.029Z] [INFO] Inserted batch of 20 items (total: 20/20)
[2025-03-19T22:30:12.029Z] [INFO] Updating parent-child relationships...
[2025-03-19T22:30:12.030Z] [INFO] Completed parent-child relationship updates: 0 successful, 0 failed
[2025-03-19T22:30:12.030Z] [INFO] Successfully processed file past-medical.md: inserted 20 items
[2025-03-19T22:30:12.030Z] [INFO] Processing file: physical-exam.md
[2025-03-19T22:30:12.030Z] [INFO] Preprocessing file: physical-exam.md
[2025-03-19T22:30:12.031Z] [INFO] Using title as initial section: "Main" at line 0
[2025-03-19T22:30:12.031Z] [INFO] Found section: "Vital Signs" at line 2
[2025-03-19T22:30:12.031Z] [INFO] Found section: "General Appearance" at line 9
[2025-03-19T22:30:12.031Z] [INFO] Found section: "Neurological Exam" at line 14
[2025-03-19T22:30:12.031Z] [INFO] ORIENTATION DEBUG: Processing "Orientation assessment:"
[2025-03-19T22:30:12.031Z] [INFO]   - Line 16, Indent level: 0, Spaces: 0
[2025-03-19T22:30:12.031Z] [INFO]   - Current hierarchy stack: [1]
[2025-03-19T22:30:12.031Z] [INFO]   - MARKER: This is the parent item
[2025-03-19T22:30:12.031Z] [INFO] ORIENTATION DEBUG: Processing "Person: _____"
[2025-03-19T22:30:12.032Z] [INFO]   - Line 17, Indent level: 1, Spaces: 2
[2025-03-19T22:30:12.032Z] [INFO]   - Current hierarchy stack: [2]
[2025-03-19T22:30:12.032Z] [INFO]   - MARKER: This should be a child of Orientation assessment
[2025-03-19T22:30:12.032Z] [INFO] ORIENTATION DEBUG: Processing "Place: _____"
[2025-03-19T22:30:12.032Z] [INFO]   - Line 18, Indent level: 1, Spaces: 2
[2025-03-19T22:30:12.032Z] [INFO]   - Current hierarchy stack: [2, 3]
[2025-03-19T22:30:12.032Z] [INFO]   - MARKER: This should be a child of Orientation assessment
[2025-03-19T22:30:12.032Z] [INFO] ORIENTATION DEBUG: Processing "Time: _____"
[2025-03-19T22:30:12.032Z] [INFO]   - Line 19, Indent level: 1, Spaces: 2
[2025-03-19T22:30:12.032Z] [INFO]   - Current hierarchy stack: [2, 4]
[2025-03-19T22:30:12.032Z] [INFO]   - MARKER: This should be a child of Orientation assessment
[2025-03-19T22:30:12.032Z] [INFO] ORIENTATION DEBUG: Processing "Situation: _____"
[2025-03-19T22:30:12.032Z] [INFO]   - Line 20, Indent level: 1, Spaces: 2
[2025-03-19T22:30:12.032Z] [INFO]   - Current hierarchy stack: [2, 5]
[2025-03-19T22:30:12.032Z] [INFO]   - MARKER: This should be a child of Orientation assessment
[2025-03-19T22:30:12.032Z] [INFO] Found section: "Delirium Assessment Tools" at line 38
[2025-03-19T22:30:12.033Z] [INFO] Found section: "HEENT" at line 42
[2025-03-19T22:30:12.033Z] [INFO] Found section: "Cardiovascular" at line 45
[2025-03-19T22:30:12.033Z] [INFO] Found section: "Respiratory" at line 49
[2025-03-19T22:30:12.033Z] [INFO] Found section: "Abdominal" at line 53
[2025-03-19T22:30:12.033Z] [INFO] Found section: "Skin" at line 58
[2025-03-19T22:30:12.033Z] [INFO] Found section: "Toxidrome Assessment" at line 64
[2025-03-19T22:30:12.033Z] [INFO] Found 10 sections in file: Vital Signs, General Appearance, Neurological Exam, Delirium Assessment Tools, HEENT, Cardiovascular, Respiratory, Abdominal, Skin, Toxidrome Assessment
[2025-03-19T22:30:12.033Z] [INFO] Detected sections: ["Vital Signs","General Appearance","Neurological Exam","Delirium Assessment Tools","HEENT","Cardiovascular","Respiratory","Abdominal","Skin","Toxidrome Assessment"]
[2025-03-19T22:30:12.033Z] [INFO] Attempting to insert section: "Vital Signs"
[2025-03-19T22:30:12.087Z] [INFO] Inserted/updated section: Vital Signs (ID: 397)
[2025-03-19T22:30:12.088Z] [INFO] Attempting to insert section: "General Appearance"
[2025-03-19T22:30:12.139Z] [INFO] Inserted/updated section: General Appearance (ID: 398)
[2025-03-19T22:30:12.140Z] [INFO] Attempting to insert section: "Neurological Exam"
[2025-03-19T22:30:12.189Z] [INFO] Inserted/updated section: Neurological Exam (ID: 399)
[2025-03-19T22:30:12.190Z] [INFO] Attempting to insert section: "Delirium Assessment Tools"
[2025-03-19T22:30:12.242Z] [INFO] Inserted/updated section: Delirium Assessment Tools (ID: 400)
[2025-03-19T22:30:12.242Z] [INFO] Attempting to insert section: "HEENT"
[2025-03-19T22:30:12.290Z] [INFO] Inserted/updated section: HEENT (ID: 401)
[2025-03-19T22:30:12.290Z] [INFO] Attempting to insert section: "Cardiovascular"
[2025-03-19T22:30:12.343Z] [INFO] Inserted/updated section: Cardiovascular (ID: 402)
[2025-03-19T22:30:12.343Z] [INFO] Attempting to insert section: "Respiratory"
[2025-03-19T22:30:12.395Z] [INFO] Inserted/updated section: Respiratory (ID: 403)
[2025-03-19T22:30:12.396Z] [INFO] Attempting to insert section: "Abdominal"
[2025-03-19T22:30:12.451Z] [INFO] Inserted/updated section: Abdominal (ID: 404)
[2025-03-19T22:30:12.451Z] [INFO] Attempting to insert section: "Skin"
[2025-03-19T22:30:12.509Z] [INFO] Inserted/updated section: Skin (ID: 405)
[2025-03-19T22:30:12.511Z] [INFO] Attempting to insert section: "Toxidrome Assessment"
[2025-03-19T22:30:12.569Z] [INFO] Inserted/updated section: Toxidrome Assessment (ID: 406)
[2025-03-19T22:30:12.569Z] [INFO] Section ID map: {"Vital Signs":397,"General Appearance":398,"Neurological Exam":399,"Delirium Assessment Tools":400,"HEENT":401,"Cardiovascular":402,"Respiratory":403,"Abdominal":404,"Skin":405,"Toxidrome Assessment":406}
[2025-03-19T22:30:12.570Z] [INFO] Prepared 46 items for insertion (filtered from 46 total items)
[2025-03-19T22:30:12.629Z] [INFO] Inserted batch of 46 items (total: 46/46)
[2025-03-19T22:30:12.630Z] [INFO] Updating parent-child relationships...
[2025-03-19T22:30:13.454Z] [INFO] Completed parent-child relationship updates: 15 successful, 0 failed
[2025-03-19T22:30:13.455Z] [INFO] Successfully processed file physical-exam.md: inserted 46 items
[2025-03-19T22:30:13.455Z] [INFO] Processing file: lab-studies.md
[2025-03-19T22:30:13.456Z] [INFO] Preprocessing file: lab-studies.md
[2025-03-19T22:30:13.457Z] [INFO] Using title as initial section: "Main" at line 0
[2025-03-19T22:30:13.457Z] [INFO] Found section: "Point of Care Testing" at line 2
[2025-03-19T22:30:13.457Z] [INFO] Found section: "Basic Studies" at line 6
[2025-03-19T22:30:13.458Z] [INFO] Found section: "Extended Studies" at line 21
[2025-03-19T22:30:13.458Z] [INFO] Found section: "Blood Gas Analysis" at line 31
[2025-03-19T22:30:13.458Z] [INFO] Found section: "Microbiology" at line 42
[2025-03-19T22:30:13.459Z] [INFO] Found section: "Toxicology" at line 46
[2025-03-19T22:30:13.459Z] [INFO] Found section: "Cerebrospinal Fluid Analysis (if performed)" at line 51
[2025-03-19T22:30:13.460Z] [INFO] Found 7 sections in file: Point of Care Testing, Basic Studies, Extended Studies, Blood Gas Analysis, Microbiology, Toxicology, Cerebrospinal Fluid Analysis (if performed)
[2025-03-19T22:30:13.461Z] [INFO] Detected sections: ["Point of Care Testing","Basic Studies","Extended Studies","Blood Gas Analysis","Microbiology","Toxicology","Cerebrospinal Fluid Analysis (if performed)"]
[2025-03-19T22:30:13.461Z] [INFO] Attempting to insert section: "Point of Care Testing"
[2025-03-19T22:30:13.508Z] [INFO] Inserted/updated section: Point of Care Testing (ID: 407)
[2025-03-19T22:30:13.509Z] [INFO] Attempting to insert section: "Basic Studies"
[2025-03-19T22:30:13.557Z] [INFO] Inserted/updated section: Basic Studies (ID: 408)
[2025-03-19T22:30:13.558Z] [INFO] Attempting to insert section: "Extended Studies"
[2025-03-19T22:30:13.621Z] [INFO] Inserted/updated section: Extended Studies (ID: 409)
[2025-03-19T22:30:13.621Z] [INFO] Attempting to insert section: "Blood Gas Analysis"
[2025-03-19T22:30:13.682Z] [INFO] Inserted/updated section: Blood Gas Analysis (ID: 410)
[2025-03-19T22:30:13.682Z] [INFO] Attempting to insert section: "Microbiology"
[2025-03-19T22:30:13.745Z] [INFO] Inserted/updated section: Microbiology (ID: 411)
[2025-03-19T22:30:13.745Z] [INFO] Attempting to insert section: "Toxicology"
[2025-03-19T22:30:13.799Z] [INFO] Inserted/updated section: Toxicology (ID: 412)
[2025-03-19T22:30:13.799Z] [INFO] Attempting to insert section: "Cerebrospinal Fluid Analysis (if performed)"
[2025-03-19T22:30:13.872Z] [INFO] Inserted/updated section: Cerebrospinal Fluid Analysis (if performed) (ID: 413)
[2025-03-19T22:30:13.873Z] [INFO] Section ID map: {"Point of Care Testing":407,"Basic Studies":408,"Extended Studies":409,"Blood Gas Analysis":410,"Microbiology":411,"Toxicology":412,"Cerebrospinal Fluid Analysis (if performed)":413}
[2025-03-19T22:30:13.874Z] [INFO] Prepared 44 items for insertion (filtered from 44 total items)
[2025-03-19T22:30:13.937Z] [INFO] Inserted batch of 44 items (total: 44/44)
[2025-03-19T22:30:13.938Z] [INFO] Updating parent-child relationships...
[2025-03-19T22:30:14.786Z] [INFO] Completed parent-child relationship updates: 16 successful, 0 failed
[2025-03-19T22:30:14.786Z] [INFO] Successfully processed file lab-studies.md: inserted 44 items
[2025-03-19T22:30:14.787Z] [INFO] Processing file: imaging.md
[2025-03-19T22:30:14.788Z] [INFO] Preprocessing file: imaging.md
[2025-03-19T22:30:14.789Z] [INFO] Using title as initial section: "Main" at line 0
[2025-03-19T22:30:14.790Z] [INFO] Found section: "Cranial Imaging" at line 2
[2025-03-19T22:30:14.790Z] [INFO] Found section: "Chest Imaging" at line 12
[2025-03-19T22:30:14.791Z] [INFO] Found section: "Other Imaging" at line 17
[2025-03-19T22:30:14.791Z] [INFO] Found 3 sections in file: Cranial Imaging, Chest Imaging, Other Imaging
[2025-03-19T22:30:14.792Z] [INFO] Detected sections: ["Cranial Imaging","Chest Imaging","Other Imaging"]
[2025-03-19T22:30:14.792Z] [INFO] Attempting to insert section: "Cranial Imaging"
[2025-03-19T22:30:14.842Z] [INFO] Inserted/updated section: Cranial Imaging (ID: 414)
[2025-03-19T22:30:14.843Z] [INFO] Attempting to insert section: "Chest Imaging"
[2025-03-19T22:30:14.894Z] [INFO] Inserted/updated section: Chest Imaging (ID: 415)
[2025-03-19T22:30:14.895Z] [INFO] Attempting to insert section: "Other Imaging"
[2025-03-19T22:30:14.943Z] [INFO] Inserted/updated section: Other Imaging (ID: 416)
[2025-03-19T22:30:14.943Z] [INFO] Section ID map: {"Cranial Imaging":414,"Chest Imaging":415,"Other Imaging":416}
[2025-03-19T22:30:14.944Z] [INFO] Prepared 12 items for insertion (filtered from 12 total items)
[2025-03-19T22:30:15.000Z] [INFO] Inserted batch of 12 items (total: 12/12)
[2025-03-19T22:30:15.001Z] [INFO] Updating parent-child relationships...
[2025-03-19T22:30:15.314Z] [INFO] Completed parent-child relationship updates: 6 successful, 0 failed
[2025-03-19T22:30:15.315Z] [INFO] Successfully processed file imaging.md: inserted 12 items
[2025-03-19T22:30:15.315Z] [INFO] Processing file: special-tests.md
[2025-03-19T22:30:15.316Z] [INFO] Preprocessing file: special-tests.md
[2025-03-19T22:30:15.317Z] [INFO] Using title as initial section: "Main" at line 0
[2025-03-19T22:30:15.318Z] [INFO] Found section: "Neurological Tests" at line 2
[2025-03-19T22:30:15.318Z] [INFO] Found section: "Paracentesis (if applicable)" at line 8
[2025-03-19T22:30:15.318Z] [INFO] Found section: "Thoracentesis (if applicable)" at line 12
[2025-03-19T22:30:15.319Z] [INFO] Found section: "Lumbar Puncture" at line 16
[2025-03-19T22:30:15.319Z] [INFO] Found section: "Cognitive Assessment Tools" at line 20
[2025-03-19T22:30:15.319Z] [INFO] Found 5 sections in file: Neurological Tests, Paracentesis (if applicable), Thoracentesis (if applicable), Lumbar Puncture, Cognitive Assessment Tools
[2025-03-19T22:30:15.319Z] [INFO] Detected sections: ["Neurological Tests","Paracentesis (if applicable)","Thoracentesis (if applicable)","Lumbar Puncture","Cognitive Assessment Tools"]
[2025-03-19T22:30:15.319Z] [INFO] Attempting to insert section: "Neurological Tests"
[2025-03-19T22:30:15.370Z] [INFO] Inserted/updated section: Neurological Tests (ID: 417)
[2025-03-19T22:30:15.371Z] [INFO] Attempting to insert section: "Paracentesis (if applicable)"
[2025-03-19T22:30:15.428Z] [INFO] Inserted/updated section: Paracentesis (if applicable) (ID: 418)
[2025-03-19T22:30:15.431Z] [INFO] Attempting to insert section: "Thoracentesis (if applicable)"
[2025-03-19T22:30:15.489Z] [INFO] Inserted/updated section: Thoracentesis (if applicable) (ID: 419)
[2025-03-19T22:30:15.490Z] [INFO] Attempting to insert section: "Lumbar Puncture"
[2025-03-19T22:30:15.544Z] [INFO] Inserted/updated section: Lumbar Puncture (ID: 420)
[2025-03-19T22:30:15.545Z] [INFO] Attempting to insert section: "Cognitive Assessment Tools"
[2025-03-19T22:30:15.607Z] [INFO] Inserted/updated section: Cognitive Assessment Tools (ID: 421)
[2025-03-19T22:30:15.607Z] [INFO] Section ID map: {"Neurological Tests":417,"Paracentesis (if applicable)":418,"Thoracentesis (if applicable)":419,"Lumbar Puncture":420,"Cognitive Assessment Tools":421}
[2025-03-19T22:30:15.607Z] [INFO] Prepared 14 items for insertion (filtered from 14 total items)
[2025-03-19T22:30:15.660Z] [INFO] Inserted batch of 14 items (total: 14/14)
[2025-03-19T22:30:15.660Z] [INFO] Updating parent-child relationships...
[2025-03-19T22:30:15.811Z] [INFO] Completed parent-child relationship updates: 3 successful, 0 failed
[2025-03-19T22:30:15.812Z] [INFO] Successfully processed file special-tests.md: inserted 14 items
[2025-03-19T22:30:15.813Z] [INFO] Processing file: ecg.md
[2025-03-19T22:30:15.814Z] [INFO] Preprocessing file: ecg.md
[2025-03-19T22:30:15.814Z] [INFO] Using title as initial section: "Main" at line 0
[2025-03-19T22:30:15.815Z] [INFO] Found section: "ECG Findings" at line 2
[2025-03-19T22:30:15.815Z] [INFO] Found section: "Interpretation" at line 9
[2025-03-19T22:30:15.815Z] [INFO] Found 2 sections in file: ECG Findings, Interpretation
[2025-03-19T22:30:15.816Z] [INFO] Detected sections: ["ECG Findings","Interpretation"]
[2025-03-19T22:30:15.816Z] [INFO] Attempting to insert section: "ECG Findings"
[2025-03-19T22:30:15.873Z] [INFO] Inserted/updated section: ECG Findings (ID: 422)
[2025-03-19T22:30:15.873Z] [INFO] Attempting to insert section: "Interpretation"
[2025-03-19T22:30:15.927Z] [INFO] Inserted/updated section: Interpretation (ID: 423)
[2025-03-19T22:30:15.928Z] [INFO] Section ID map: {"ECG Findings":422,"Interpretation":423}
[2025-03-19T22:30:15.928Z] [INFO] Prepared 8 items for insertion (filtered from 8 total items)
[2025-03-19T22:30:15.982Z] [INFO] Inserted batch of 8 items (total: 8/8)
[2025-03-19T22:30:15.982Z] [INFO] Updating parent-child relationships...
[2025-03-19T22:30:15.983Z] [INFO] Completed parent-child relationship updates: 0 successful, 0 failed
[2025-03-19T22:30:15.983Z] [INFO] Successfully processed file ecg.md: inserted 8 items
[2025-03-19T22:30:15.983Z] [INFO] Processing file: assessment.md
[2025-03-19T22:30:15.983Z] [INFO] Preprocessing file: assessment.md
[2025-03-19T22:30:15.983Z] [INFO] Using title as initial section: "Main" at line 0
[2025-03-19T22:30:15.984Z] [INFO] Found section: "Primary Diagnosis" at line 2
[2025-03-19T22:30:15.984Z] [INFO] Found section: "Underlying Etiology (if identified)" at line 8
[2025-03-19T22:30:15.984Z] [INFO] Found section: "Severity Assessment" at line 15
[2025-03-19T22:30:15.984Z] [INFO] Found section: "Contributing Factors" at line 21
[2025-03-19T22:30:15.984Z] [INFO] Found section: "Prognostic Indicators" at line 29
[2025-03-19T22:30:15.984Z] [INFO] Found 5 sections in file: Primary Diagnosis, Underlying Etiology (if identified), Severity Assessment, Contributing Factors, Prognostic Indicators
[2025-03-19T22:30:15.984Z] [INFO] Detected sections: ["Primary Diagnosis","Underlying Etiology (if identified)","Severity Assessment","Contributing Factors","Prognostic Indicators"]
[2025-03-19T22:30:15.984Z] [INFO] Attempting to insert section: "Primary Diagnosis"
[2025-03-19T22:30:16.054Z] [INFO] Inserted/updated section: Primary Diagnosis (ID: 424)
[2025-03-19T22:30:16.055Z] [INFO] Attempting to insert section: "Underlying Etiology (if identified)"
[2025-03-19T22:30:16.117Z] [INFO] Inserted/updated section: Underlying Etiology (if identified) (ID: 425)
[2025-03-19T22:30:16.118Z] [INFO] Attempting to insert section: "Severity Assessment"
[2025-03-19T22:30:16.169Z] [INFO] Inserted/updated section: Severity Assessment (ID: 426)
[2025-03-19T22:30:16.170Z] [INFO] Attempting to insert section: "Contributing Factors"
[2025-03-19T22:30:16.218Z] [INFO] Inserted/updated section: Contributing Factors (ID: 427)
[2025-03-19T22:30:16.219Z] [INFO] Attempting to insert section: "Prognostic Indicators"
[2025-03-19T22:30:16.280Z] [INFO] Inserted/updated section: Prognostic Indicators (ID: 428)
[2025-03-19T22:30:16.281Z] [INFO] Section ID map: {"Primary Diagnosis":424,"Underlying Etiology (if identified)":425,"Severity Assessment":426,"Contributing Factors":427,"Prognostic Indicators":428}
[2025-03-19T22:30:16.281Z] [INFO] Prepared 22 items for insertion (filtered from 22 total items)
[2025-03-19T22:30:16.331Z] [INFO] Inserted batch of 22 items (total: 22/22)
[2025-03-19T22:30:16.332Z] [INFO] Updating parent-child relationships...
[2025-03-19T22:30:16.493Z] [INFO] Completed parent-child relationship updates: 3 successful, 0 failed
[2025-03-19T22:30:16.494Z] [INFO] Successfully processed file assessment.md: inserted 22 items
[2025-03-19T22:30:16.495Z] [INFO] Processing file: plan.md
[2025-03-19T22:30:16.496Z] [INFO] Preprocessing file: plan.md
[2025-03-19T22:30:16.497Z] [INFO] Using title as initial section: "Main" at line 0
[2025-03-19T22:30:16.497Z] [INFO] Found section: "Immediate Interventions" at line 2
[2025-03-19T22:30:16.498Z] [INFO] Found section: "Empirical Treatment" at line 14
[2025-03-19T22:30:16.498Z] [INFO] Found section: "Supportive Care" at line 19
[2025-03-19T22:30:16.499Z] [INFO] Found section: "Diagnostic Plan" at line 29
[2025-03-19T22:30:16.499Z] [INFO] Found section: "Treatment of Underlying Cause" at line 34
[2025-03-19T22:30:16.500Z] [INFO] Found 5 sections in file: Immediate Interventions, Empirical Treatment, Supportive Care, Diagnostic Plan, Treatment of Underlying Cause
[2025-03-19T22:30:16.500Z] [INFO] Detected sections: ["Immediate Interventions","Empirical Treatment","Supportive Care","Diagnostic Plan","Treatment of Underlying Cause"]
[2025-03-19T22:30:16.501Z] [INFO] Attempting to insert section: "Immediate Interventions"
[2025-03-19T22:30:16.555Z] [INFO] Inserted/updated section: Immediate Interventions (ID: 429)
[2025-03-19T22:30:16.556Z] [INFO] Attempting to insert section: "Empirical Treatment"
[2025-03-19T22:30:16.606Z] [INFO] Inserted/updated section: Empirical Treatment (ID: 430)
[2025-03-19T22:30:16.607Z] [INFO] Attempting to insert section: "Supportive Care"
[2025-03-19T22:30:16.661Z] [INFO] Inserted/updated section: Supportive Care (ID: 431)
[2025-03-19T22:30:16.661Z] [INFO] Attempting to insert section: "Diagnostic Plan"
[2025-03-19T22:30:16.708Z] [INFO] Inserted/updated section: Diagnostic Plan (ID: 432)
[2025-03-19T22:30:16.708Z] [INFO] Attempting to insert section: "Treatment of Underlying Cause"
[2025-03-19T22:30:16.761Z] [INFO] Inserted/updated section: Treatment of Underlying Cause (ID: 433)
[2025-03-19T22:30:16.761Z] [INFO] Section ID map: {"Immediate Interventions":429,"Empirical Treatment":430,"Supportive Care":431,"Diagnostic Plan":432,"Treatment of Underlying Cause":433}
[2025-03-19T22:30:16.761Z] [INFO] Prepared 25 items for insertion (filtered from 25 total items)
[2025-03-19T22:30:16.815Z] [INFO] Inserted batch of 25 items (total: 25/25)
[2025-03-19T22:30:16.816Z] [INFO] Updating parent-child relationships...
[2025-03-19T22:30:17.324Z] [INFO] Completed parent-child relationship updates: 10 successful, 0 failed
[2025-03-19T22:30:17.325Z] [INFO] Successfully processed file plan.md: inserted 25 items
[2025-03-19T22:30:17.326Z] [INFO] Processing file: disposition.md
[2025-03-19T22:30:17.327Z] [INFO] Preprocessing file: disposition.md
[2025-03-19T22:30:17.328Z] [INFO] Using title as initial section: "Main" at line 0
[2025-03-19T22:30:17.328Z] [INFO] Found section: "Disposition Decision" at line 2
[2025-03-19T22:30:17.329Z] [INFO] Found section: "Consults Obtained/Recommended" at line 10
[2025-03-19T22:30:17.329Z] [INFO] Found section: "Follow-up Recommendations" at line 16
[2025-03-19T22:30:17.330Z] [INFO] Found section: "Special Considerations" at line 21
[2025-03-19T22:30:17.330Z] [INFO] Found 4 sections in file: Disposition Decision, Consults Obtained/Recommended, Follow-up Recommendations, Special Considerations
[2025-03-19T22:30:17.331Z] [INFO] Detected sections: ["Disposition Decision","Consults Obtained/Recommended","Follow-up Recommendations","Special Considerations"]
[2025-03-19T22:30:17.331Z] [INFO] Attempting to insert section: "Disposition Decision"
[2025-03-19T22:30:17.395Z] [INFO] Inserted/updated section: Disposition Decision (ID: 434)
[2025-03-19T22:30:17.396Z] [INFO] Attempting to insert section: "Consults Obtained/Recommended"
[2025-03-19T22:30:17.447Z] [INFO] Inserted/updated section: Consults Obtained/Recommended (ID: 435)
[2025-03-19T22:30:17.447Z] [INFO] Attempting to insert section: "Follow-up Recommendations"
[2025-03-19T22:30:17.510Z] [INFO] Inserted/updated section: Follow-up Recommendations (ID: 436)
[2025-03-19T22:30:17.511Z] [INFO] Attempting to insert section: "Special Considerations"
[2025-03-19T22:30:17.579Z] [INFO] Inserted/updated section: Special Considerations (ID: 437)
[2025-03-19T22:30:17.580Z] [INFO] Section ID map: {"Disposition Decision":434,"Consults Obtained/Recommended":435,"Follow-up Recommendations":436,"Special Considerations":437}
[2025-03-19T22:30:17.581Z] [INFO] Prepared 15 items for insertion (filtered from 15 total items)
[2025-03-19T22:30:17.638Z] [INFO] Inserted batch of 15 items (total: 15/15)
[2025-03-19T22:30:17.639Z] [INFO] Updating parent-child relationships...
[2025-03-19T22:30:17.801Z] [INFO] Completed parent-child relationship updates: 3 successful, 0 failed
[2025-03-19T22:30:17.802Z] [INFO] Successfully processed file disposition.md: inserted 15 items
[2025-03-19T22:30:17.803Z] [INFO] Processing file: patient-education.md
[2025-03-19T22:30:17.803Z] [INFO] Preprocessing file: patient-education.md
[2025-03-19T22:30:17.804Z] [INFO] Using title as initial section: "Main" at line 0
[2025-03-19T22:30:17.805Z] [INFO] Found section: "Explanation to Patient/Family" at line 2
[2025-03-19T22:30:17.805Z] [INFO] Found section: "Education Points for Caregivers" at line 9
[2025-03-19T22:30:17.806Z] [INFO] Found section: "Follow-up Instructions" at line 20
[2025-03-19T22:30:17.806Z] [INFO] Found 3 sections in file: Explanation to Patient/Family, Education Points for Caregivers, Follow-up Instructions
[2025-03-19T22:30:17.807Z] [INFO] Detected sections: ["Explanation to Patient/Family","Education Points for Caregivers","Follow-up Instructions"]
[2025-03-19T22:30:17.807Z] [INFO] Attempting to insert section: "Explanation to Patient/Family"
[2025-03-19T22:30:17.858Z] [INFO] Inserted/updated section: Explanation to Patient/Family (ID: 438)
[2025-03-19T22:30:17.859Z] [INFO] Attempting to insert section: "Education Points for Caregivers"
[2025-03-19T22:30:17.911Z] [INFO] Inserted/updated section: Education Points for Caregivers (ID: 439)
[2025-03-19T22:30:17.912Z] [INFO] Attempting to insert section: "Follow-up Instructions"
[2025-03-19T22:30:17.964Z] [INFO] Inserted/updated section: Follow-up Instructions (ID: 440)
[2025-03-19T22:30:17.965Z] [INFO] Section ID map: {"Explanation to Patient/Family":438,"Education Points for Caregivers":439,"Follow-up Instructions":440}
[2025-03-19T22:30:17.965Z] [INFO] Prepared 17 items for insertion (filtered from 17 total items)
[2025-03-19T22:30:18.021Z] [INFO] Inserted batch of 17 items (total: 17/17)
[2025-03-19T22:30:18.022Z] [INFO] Updating parent-child relationships...
[2025-03-19T22:30:18.237Z] [INFO] Completed parent-child relationship updates: 4 successful, 0 failed
[2025-03-19T22:30:18.238Z] [INFO] Successfully processed file patient-education.md: inserted 17 items
[2025-03-19T22:30:18.239Z] [INFO] Completed processing chapter Ch13_Confusion: 18 files processed, 0 files had errors
[2025-03-19T22:30:18.239Z] [INFO] Migration completed: 1 chapters processed successfully, 0 chapters had errors
[2025-03-19T22:30:18.240Z] [INFO] Migration completed in 10.993 seconds
