[2025-03-15T02:56:46.252Z] [INFO] Starting migration...
[2025-03-15T02:56:46.253Z] [INFO] Inserting categories...
[2025-03-15T02:56:46.351Z] [INFO] All categories already exist, skipping insertion
[2025-03-15T02:56:46.351Z] [INFO] Found 1 chapter directories to process
[2025-03-15T02:56:46.351Z] [INFO] Processing chapter: Ch11_Syncope
[2025-03-15T02:56:46.406Z] [INFO] Inserted/updated chapter: Syncope (ID: 368)
[2025-03-15T02:56:46.454Z] [INFO] Processing file: alarm-features.md
[2025-03-15T02:56:46.511Z] [INFO] Inserted/updated section: High-Risk Features (ID: 1647)
[2025-03-15T02:56:46.511Z] [INFO] Inserting 8 checklist items for section 1647
[2025-03-15T02:56:46.594Z] [INFO] Successfully inserted 8 checklist items
[2025-03-15T02:56:46.647Z] [INFO] Inserted/updated section: Critical Diagnoses To Consider (ID: 1648)
[2025-03-15T02:56:46.647Z] [INFO] Inserting 13 checklist items for section 1648
[2025-03-15T02:56:46.712Z] [INFO] Successfully inserted 13 checklist items
[2025-03-15T02:56:46.762Z] [INFO] Inserted/updated section: Emergent Diagnostic Factors (ID: 1649)
[2025-03-15T02:56:46.762Z] [INFO] Inserting 11 checklist items for section 1649
[2025-03-15T02:56:46.819Z] [INFO] Successfully inserted 11 checklist items
[2025-03-15T02:56:46.879Z] [INFO] Inserted/updated section: Concerning Cardiac Symptoms (ID: 1650)
[2025-03-15T02:56:46.879Z] [INFO] Inserting 4 checklist items for section 1650
[2025-03-15T02:56:46.928Z] [INFO] Successfully inserted 4 checklist items
[2025-03-15T02:56:46.991Z] [INFO] Inserted/updated section: Concerning Neurological Symptoms (ID: 1651)
[2025-03-15T02:56:46.991Z] [INFO] Inserting 4 checklist items for section 1651
[2025-03-15T02:56:47.046Z] [INFO] Successfully inserted 4 checklist items
[2025-03-15T02:56:47.094Z] [INFO] Inserted/updated section: Concerning Abdominal/GI Symptoms (ID: 1652)
[2025-03-15T02:56:47.095Z] [INFO] Inserting 3 checklist items for section 1652
[2025-03-15T02:56:47.147Z] [INFO] Successfully inserted 3 checklist items
[2025-03-15T02:56:47.147Z] [INFO] Completed processing file: alarm-features.md
[2025-03-15T02:56:47.147Z] [INFO] Processing file: assessment.md
[2025-03-15T02:56:47.214Z] [INFO] Inserted/updated section: Syncope Classification (ID: 1653)
[2025-03-15T02:56:47.214Z] [INFO] Inserting 17 checklist items for section 1653
[2025-03-15T02:56:47.318Z] [ERROR] Error inserting checklist items for section 1653: null value in column "display_order" of relation "checklist_items" violates not-null constraint
[2025-03-15T02:56:47.318Z] [ERROR] Error inserting items for section Syncope Classification: null value in column "display_order" of relation "checklist_items" violates not-null constraint
[2025-03-15T02:56:47.382Z] [INFO] Inserted/updated section: Diagnostic Certainty (ID: 1654)
[2025-03-15T02:56:47.382Z] [INFO] Inserting 5 checklist items for section 1654
[2025-03-15T02:56:47.431Z] [INFO] Successfully inserted 5 checklist items
[2025-03-15T02:56:47.484Z] [INFO] Inserted/updated section: Risk Stratification (ID: 1655)
[2025-03-15T02:56:47.484Z] [INFO] Inserting 4 checklist items for section 1655
[2025-03-15T02:56:47.532Z] [INFO] Successfully inserted 4 checklist items
[2025-03-15T02:56:47.578Z] [INFO] Inserted/updated section: Canadian Syncope Risk Score Calculation (ID: 1656)
[2025-03-15T02:56:47.578Z] [INFO] Inserting 10 checklist items for section 1656
[2025-03-15T02:56:47.627Z] [INFO] Successfully inserted 10 checklist items
[2025-03-15T02:56:47.674Z] [INFO] Inserted/updated section: FAINT Score Calculation (ID: 1657)
[2025-03-15T02:56:47.674Z] [INFO] Inserting 6 checklist items for section 1657
[2025-03-15T02:56:47.729Z] [INFO] Successfully inserted 6 checklist items
[2025-03-15T02:56:47.777Z] [INFO] Inserted/updated section: San Francisco Syncope Rule Assessment (ID: 1658)
[2025-03-15T02:56:47.777Z] [INFO] Inserting 7 checklist items for section 1658
[2025-03-15T02:56:47.824Z] [INFO] Successfully inserted 7 checklist items
[2025-03-15T02:56:47.872Z] [INFO] Inserted/updated section: Clinical Impression (ID: 1659)
[2025-03-15T02:56:47.872Z] [INFO] Inserting 4 checklist items for section 1659
[2025-03-15T02:56:47.920Z] [INFO] Successfully inserted 4 checklist items
[2025-03-15T02:56:47.974Z] [INFO] Inserted/updated section: Degree of Functional Impairment (ID: 1660)
[2025-03-15T02:56:47.974Z] [INFO] Inserting 4 checklist items for section 1660
[2025-03-15T02:56:48.025Z] [INFO] Successfully inserted 4 checklist items
[2025-03-15T02:56:48.076Z] [INFO] Inserted/updated section: Injury Assessment (ID: 1661)
[2025-03-15T02:56:48.076Z] [INFO] Inserting 4 checklist items for section 1661
[2025-03-15T02:56:48.133Z] [INFO] Successfully inserted 4 checklist items
[2025-03-15T02:56:48.133Z] [INFO] Completed processing file: assessment.md
[2025-03-15T02:56:48.133Z] [INFO] Processing file: collateral-history.md
[2025-03-15T02:56:48.183Z] [INFO] Inserted/updated section: Witness Account (ID: 1662)
[2025-03-15T02:56:48.183Z] [INFO] Inserting 4 checklist items for section 1662
[2025-03-15T02:56:48.229Z] [INFO] Successfully inserted 4 checklist items
[2025-03-15T02:56:48.277Z] [INFO] Inserted/updated section: Description of Episode (From Observer) (ID: 1663)
[2025-03-15T02:56:48.277Z] [INFO] Inserting 5 checklist items for section 1663
[2025-03-15T02:56:48.334Z] [INFO] Successfully inserted 5 checklist items
[2025-03-15T02:56:48.381Z] [INFO] Inserted/updated section: Pre-Episode Observations (ID: 1664)
[2025-03-15T02:56:48.381Z] [INFO] Inserting 5 checklist items for section 1664
[2025-03-15T02:56:48.429Z] [INFO] Successfully inserted 5 checklist items
[2025-03-15T02:56:48.475Z] [INFO] Inserted/updated section: Episode Characteristics (ID: 1665)
[2025-03-15T02:56:48.475Z] [INFO] Inserting 8 checklist items for section 1665
[2025-03-15T02:56:48.527Z] [INFO] Successfully inserted 8 checklist items
[2025-03-15T02:56:48.572Z] [INFO] Inserted/updated section: Movement During Episode (ID: 1666)
[2025-03-15T02:56:48.572Z] [INFO] Inserting 9 checklist items for section 1666
[2025-03-15T02:56:48.619Z] [INFO] Successfully inserted 9 checklist items
[2025-03-15T02:56:48.665Z] [INFO] Inserted/updated section: Autonomic Features (ID: 1667)
[2025-03-15T02:56:48.665Z] [INFO] Inserting 4 checklist items for section 1667
[2025-03-15T02:56:48.714Z] [INFO] Successfully inserted 4 checklist items
[2025-03-15T02:56:48.760Z] [INFO] Inserted/updated section: Recovery Characteristics (ID: 1668)
[2025-03-15T02:56:48.760Z] [INFO] Inserting 11 checklist items for section 1668
[2025-03-15T02:56:48.814Z] [INFO] Successfully inserted 11 checklist items
[2025-03-15T02:56:48.867Z] [INFO] Inserted/updated section: EMS/First Responder Report (ID: 1669)
[2025-03-15T02:56:48.868Z] [INFO] Inserting 4 checklist items for section 1669
[2025-03-15T02:56:48.919Z] [INFO] Successfully inserted 4 checklist items
[2025-03-15T02:56:48.919Z] [INFO] Completed processing file: collateral-history.md
[2025-03-15T02:56:48.919Z] [INFO] Processing file: diet.md
[2025-03-15T02:56:48.966Z] [INFO] Inserted/updated section: Oral Intake (ID: 1670)
[2025-03-15T02:56:48.966Z] [INFO] Inserting 5 checklist items for section 1670
[2025-03-15T02:56:49.018Z] [INFO] Successfully inserted 5 checklist items
[2025-03-15T02:56:49.066Z] [INFO] Inserted/updated section: Dietary Triggers (ID: 1671)
[2025-03-15T02:56:49.066Z] [INFO] Inserting 4 checklist items for section 1671
[2025-03-15T02:56:49.114Z] [INFO] Successfully inserted 4 checklist items
[2025-03-15T02:56:49.160Z] [INFO] Inserted/updated section: Specialized Diets (ID: 1672)
[2025-03-15T02:56:49.160Z] [INFO] Inserting 5 checklist items for section 1672
[2025-03-15T02:56:49.207Z] [INFO] Successfully inserted 5 checklist items
[2025-03-15T02:56:49.259Z] [INFO] Inserted/updated section: Hydration Status (ID: 1673)
[2025-03-15T02:56:49.259Z] [INFO] Inserting 4 checklist items for section 1673
[2025-03-15T02:56:49.340Z] [INFO] Successfully inserted 4 checklist items
[2025-03-15T02:56:49.388Z] [INFO] Inserted/updated section: Recent Dietary Changes (ID: 1674)
[2025-03-15T02:56:49.388Z] [INFO] Inserting 7 checklist items for section 1674
[2025-03-15T02:56:49.441Z] [INFO] Successfully inserted 7 checklist items
[2025-03-15T02:56:49.485Z] [INFO] Inserted/updated section: Dietary Supplements (ID: 1675)
[2025-03-15T02:56:49.486Z] [INFO] Inserting 6 checklist items for section 1675
[2025-03-15T02:56:49.532Z] [INFO] Successfully inserted 6 checklist items
[2025-03-15T02:56:49.576Z] [INFO] Inserted/updated section: Appetite (ID: 1676)
[2025-03-15T02:56:49.576Z] [INFO] Inserting 4 checklist items for section 1676
[2025-03-15T02:56:49.631Z] [INFO] Successfully inserted 4 checklist items
[2025-03-15T02:56:49.631Z] [INFO] Completed processing file: diet.md
[2025-03-15T02:56:49.631Z] [INFO] Processing file: differential-diagnosis.md
[2025-03-15T02:56:49.678Z] [INFO] Inserted/updated section: Reflex (Neurally Mediated) Syncope (ID: 1677)
[2025-03-15T02:56:49.678Z] [INFO] Inserting 12 checklist items for section 1677
[2025-03-15T02:56:49.782Z] [ERROR] Error inserting checklist items for section 1677: null value in column "display_order" of relation "checklist_items" violates not-null constraint
[2025-03-15T02:56:49.782Z] [ERROR] Error inserting items for section Reflex (Neurally Mediated) Syncope: null value in column "display_order" of relation "checklist_items" violates not-null constraint
[2025-03-15T02:56:49.831Z] [INFO] Inserted/updated section: Orthostatic Syncope (ID: 1678)
[2025-03-15T02:56:49.831Z] [INFO] Inserting 7 checklist items for section 1678
[2025-03-15T02:56:49.923Z] [ERROR] Error inserting checklist items for section 1678: null value in column "display_order" of relation "checklist_items" violates not-null constraint
[2025-03-15T02:56:49.923Z] [ERROR] Error inserting items for section Orthostatic Syncope: null value in column "display_order" of relation "checklist_items" violates not-null constraint
[2025-03-15T02:56:49.969Z] [INFO] Inserted/updated section: Cardiac Syncope (ID: 1679)
[2025-03-15T02:56:49.969Z] [INFO] Inserting 31 checklist items for section 1679
[2025-03-15T02:56:50.064Z] [ERROR] Error inserting checklist items for section 1679: null value in column "display_order" of relation "checklist_items" violates not-null constraint
[2025-03-15T02:56:50.064Z] [ERROR] Error inserting items for section Cardiac Syncope: null value in column "display_order" of relation "checklist_items" violates not-null constraint
[2025-03-15T02:56:50.110Z] [INFO] Inserted/updated section: Cerebrovascular Causes (ID: 1680)
[2025-03-15T02:56:50.110Z] [INFO] Inserting 5 checklist items for section 1680
[2025-03-15T02:56:50.156Z] [INFO] Successfully inserted 5 checklist items
[2025-03-15T02:56:50.203Z] [INFO] Inserted/updated section: Metabolic/Toxic Causes (ID: 1681)
[2025-03-15T02:56:50.203Z] [INFO] Inserting 6 checklist items for section 1681
[2025-03-15T02:56:50.249Z] [INFO] Successfully inserted 6 checklist items
[2025-03-15T02:56:50.296Z] [INFO] Inserted/updated section: Other Medical Causes (ID: 1682)
[2025-03-15T02:56:50.296Z] [INFO] Inserting 6 checklist items for section 1682
[2025-03-15T02:56:50.384Z] [INFO] Successfully inserted 6 checklist items
[2025-03-15T02:56:50.430Z] [INFO] Inserted/updated section: Syncope Mimics (ID: 1683)
[2025-03-15T02:56:50.430Z] [INFO] Inserting 8 checklist items for section 1683
[2025-03-15T02:56:50.476Z] [INFO] Successfully inserted 8 checklist items
[2025-03-15T02:56:50.477Z] [INFO] Completed processing file: differential-diagnosis.md
[2025-03-15T02:56:50.477Z] [INFO] Processing file: disposition.md
[2025-03-15T02:56:50.572Z] [INFO] Inserted/updated section: Primary Disposition Decision (ID: 1684)
[2025-03-15T02:56:50.572Z] [INFO] Inserting 8 checklist items for section 1684
[2025-03-15T02:56:50.675Z] [ERROR] Error inserting checklist items for section 1684: null value in column "display_order" of relation "checklist_items" violates not-null constraint
[2025-03-15T02:56:50.675Z] [ERROR] Error inserting items for section Primary Disposition Decision: null value in column "display_order" of relation "checklist_items" violates not-null constraint
[2025-03-15T02:56:50.726Z] [INFO] Inserted/updated section: Disposition Rationale (ID: 1685)
[2025-03-15T02:56:50.726Z] [INFO] Inserting 7 checklist items for section 1685
[2025-03-15T02:56:50.778Z] [INFO] Successfully inserted 7 checklist items
[2025-03-15T02:56:50.824Z] [INFO] Inserted/updated section: Discharge Considerations (ID: 1686)
[2025-03-15T02:56:50.825Z] [INFO] Inserting 7 checklist items for section 1686
[2025-03-15T02:56:50.871Z] [INFO] Successfully inserted 7 checklist items
[2025-03-15T02:56:50.923Z] [INFO] Inserted/updated section: Observation Unit Considerations (ID: 1687)
[2025-03-15T02:56:50.923Z] [INFO] Inserting 7 checklist items for section 1687
[2025-03-15T02:56:50.979Z] [INFO] Successfully inserted 7 checklist items
[2025-03-15T02:56:51.032Z] [INFO] Inserted/updated section: Hospital Admission Considerations (ID: 1688)
[2025-03-15T02:56:51.032Z] [INFO] Inserting 8 checklist items for section 1688
[2025-03-15T02:56:51.080Z] [INFO] Successfully inserted 8 checklist items
[2025-03-15T02:56:51.124Z] [INFO] Inserted/updated section: Telemetry Monitoring Indications (ID: 1689)
[2025-03-15T02:56:51.124Z] [INFO] Inserting 6 checklist items for section 1689
[2025-03-15T02:56:51.174Z] [INFO] Successfully inserted 6 checklist items
[2025-03-15T02:56:51.221Z] [INFO] Inserted/updated section: Intensive Care Unit Indications (ID: 1690)
[2025-03-15T02:56:51.221Z] [INFO] Inserting 7 checklist items for section 1690
[2025-03-15T02:56:51.267Z] [INFO] Successfully inserted 7 checklist items
[2025-03-15T02:56:51.316Z] [INFO] Inserted/updated section: Transfer Considerations (ID: 1691)
[2025-03-15T02:56:51.316Z] [INFO] Inserting 6 checklist items for section 1691
[2025-03-15T02:56:51.363Z] [INFO] Successfully inserted 6 checklist items
[2025-03-15T02:56:51.363Z] [INFO] Completed processing file: disposition.md
[2025-03-15T02:56:51.363Z] [INFO] Processing file: ecg.md
[2025-03-15T02:56:51.407Z] [INFO] Inserted/updated section: Basic ECG Parameters (ID: 1692)
[2025-03-15T02:56:51.407Z] [INFO] Inserting 7 checklist items for section 1692
[2025-03-15T02:56:51.453Z] [INFO] Successfully inserted 7 checklist items
[2025-03-15T02:56:51.504Z] [INFO] Inserted/updated section: Rhythm (ID: 1693)
[2025-03-15T02:56:51.504Z] [INFO] Inserting 9 checklist items for section 1693
[2025-03-15T02:56:51.550Z] [INFO] Successfully inserted 9 checklist items
[2025-03-15T02:56:51.605Z] [INFO] Inserted/updated section: Conduction Abnormalities (ID: 1694)
[2025-03-15T02:56:51.605Z] [INFO] Inserting 11 checklist items for section 1694
[2025-03-15T02:56:51.654Z] [INFO] Successfully inserted 11 checklist items
[2025-03-15T02:56:51.706Z] [INFO] Inserted/updated section: Tachyarrhythmias (ID: 1695)
[2025-03-15T02:56:51.706Z] [INFO] Inserting 7 checklist items for section 1695
[2025-03-15T02:56:51.768Z] [INFO] Successfully inserted 7 checklist items
[2025-03-15T02:56:51.815Z] [INFO] Inserted/updated section: Ischemia/Infarction (ID: 1696)
[2025-03-15T02:56:51.815Z] [INFO] Inserting 6 checklist items for section 1696
[2025-03-15T02:56:51.862Z] [INFO] Successfully inserted 6 checklist items
[2025-03-15T02:56:51.916Z] [INFO] Inserted/updated section: Other ECG Findings (ID: 1697)
[2025-03-15T02:56:51.916Z] [INFO] Inserting 14 checklist items for section 1697
[2025-03-15T02:56:51.966Z] [INFO] Successfully inserted 14 checklist items
[2025-03-15T02:56:52.011Z] [INFO] Inserted/updated section: Serial ECG Changes (ID: 1698)
[2025-03-15T02:56:52.011Z] [INFO] Inserting 4 checklist items for section 1698
[2025-03-15T02:56:52.068Z] [INFO] Successfully inserted 4 checklist items
[2025-03-15T02:56:52.117Z] [INFO] Inserted/updated section: Cardiac Monitor Findings (if available) (ID: 1699)
[2025-03-15T02:56:52.117Z] [INFO] Inserting 2 checklist items for section 1699
[2025-03-15T02:56:52.164Z] [INFO] Successfully inserted 2 checklist items
[2025-03-15T02:56:52.164Z] [INFO] Completed processing file: ecg.md
[2025-03-15T02:56:52.164Z] [INFO] Processing file: history.md
[2025-03-15T02:56:52.210Z] [INFO] Inserted/updated section: Chief Complaint (ID: 1700)
[2025-03-15T02:56:52.211Z] [INFO] Inserting 3 checklist items for section 1700
[2025-03-15T02:56:52.259Z] [INFO] Successfully inserted 3 checklist items
[2025-03-15T02:56:52.311Z] [INFO] Inserted/updated section: Episode Details (ID: 1701)
[2025-03-15T02:56:52.311Z] [INFO] Inserting 4 checklist items for section 1701
[2025-03-15T02:56:52.359Z] [INFO] Successfully inserted 4 checklist items
[2025-03-15T02:56:52.411Z] [INFO] Inserted/updated section: Position During Episode (ID: 1702)
[2025-03-15T02:56:52.411Z] [INFO] Inserting 4 checklist items for section 1702
[2025-03-15T02:56:52.462Z] [INFO] Successfully inserted 4 checklist items
[2025-03-15T02:56:52.524Z] [INFO] Inserted/updated section: Activity During Episode (ID: 1703)
[2025-03-15T02:56:52.524Z] [INFO] Inserting 5 checklist items for section 1703
[2025-03-15T02:56:52.575Z] [INFO] Successfully inserted 5 checklist items
[2025-03-15T02:56:52.635Z] [INFO] Inserted/updated section: Setting (ID: 1704)
[2025-03-15T02:56:52.635Z] [INFO] Inserting 11 checklist items for section 1704
[2025-03-15T02:56:52.682Z] [INFO] Successfully inserted 11 checklist items
[2025-03-15T02:56:52.726Z] [INFO] Inserted/updated section: Precipitating Factors (ID: 1705)
[2025-03-15T02:56:52.726Z] [INFO] Inserting 12 checklist items for section 1705
[2025-03-15T02:56:52.776Z] [INFO] Successfully inserted 12 checklist items
[2025-03-15T02:56:52.821Z] [INFO] Inserted/updated section: Associated Prodromal Symptoms (ID: 1706)
[2025-03-15T02:56:52.821Z] [INFO] Inserting 10 checklist items for section 1706
[2025-03-15T02:56:52.868Z] [INFO] Successfully inserted 10 checklist items
[2025-03-15T02:56:52.922Z] [INFO] Inserted/updated section: Associated Symptoms During/After Episode (ID: 1707)
[2025-03-15T02:56:52.922Z] [INFO] Inserting 13 checklist items for section 1707
[2025-03-15T02:56:52.971Z] [INFO] Successfully inserted 13 checklist items
[2025-03-15T02:56:53.024Z] [INFO] Inserted/updated section: Post-Episode Status (ID: 1708)
[2025-03-15T02:56:53.024Z] [INFO] Inserting 6 checklist items for section 1708
[2025-03-15T02:56:53.075Z] [INFO] Successfully inserted 6 checklist items
[2025-03-15T02:56:53.075Z] [INFO] Completed processing file: history.md
[2025-03-15T02:56:53.075Z] [INFO] Processing file: imaging.md
[2025-03-15T02:56:53.133Z] [INFO] Inserted/updated section: Chest X-ray (ID: 1709)
[2025-03-15T02:56:53.134Z] [INFO] Inserting 11 checklist items for section 1709
[2025-03-15T02:56:53.192Z] [INFO] Successfully inserted 11 checklist items
[2025-03-15T02:56:53.241Z] [INFO] Inserted/updated section: Head CT (ID: 1710)
[2025-03-15T02:56:53.241Z] [INFO] Inserting 9 checklist items for section 1710
[2025-03-15T02:56:53.291Z] [INFO] Successfully inserted 9 checklist items
[2025-03-15T02:56:53.336Z] [INFO] Inserted/updated section: CT Pulmonary Angiogram (ID: 1711)
[2025-03-15T02:56:53.336Z] [INFO] Inserting 10 checklist items for section 1711
[2025-03-15T02:56:53.432Z] [ERROR] Error inserting checklist items for section 1711: null value in column "display_order" of relation "checklist_items" violates not-null constraint
[2025-03-15T02:56:53.432Z] [ERROR] Error inserting items for section CT Pulmonary Angiogram: null value in column "display_order" of relation "checklist_items" violates not-null constraint
[2025-03-15T02:56:53.483Z] [INFO] Inserted/updated section: CT Abdomen/Pelvis (ID: 1712)
[2025-03-15T02:56:53.483Z] [INFO] Inserting 9 checklist items for section 1712
[2025-03-15T02:56:53.540Z] [INFO] Successfully inserted 9 checklist items
[2025-03-15T02:56:53.585Z] [INFO] Inserted/updated section: CT Angiogram of Chest (ID: 1713)
[2025-03-15T02:56:53.585Z] [INFO] Inserting 6 checklist items for section 1713
[2025-03-15T02:56:53.635Z] [INFO] Successfully inserted 6 checklist items
[2025-03-15T02:56:53.689Z] [INFO] Inserted/updated section: MRI Brain (ID: 1714)
[2025-03-15T02:56:53.689Z] [INFO] Inserting 8 checklist items for section 1714
[2025-03-15T02:56:53.738Z] [INFO] Successfully inserted 8 checklist items
[2025-03-15T02:56:53.785Z] [INFO] Inserted/updated section: MR Angiography (ID: 1715)
[2025-03-15T02:56:53.785Z] [INFO] Inserting 8 checklist items for section 1715
[2025-03-15T02:56:53.835Z] [INFO] Successfully inserted 8 checklist items
[2025-03-15T02:56:53.884Z] [INFO] Inserted/updated section: Carotid Ultrasound (ID: 1716)
[2025-03-15T02:56:53.884Z] [INFO] Inserting 6 checklist items for section 1716
[2025-03-15T02:56:53.929Z] [INFO] Successfully inserted 6 checklist items
[2025-03-15T02:56:53.975Z] [INFO] Inserted/updated section: Abdominal Ultrasound (ID: 1717)
[2025-03-15T02:56:53.976Z] [INFO] Inserting 6 checklist items for section 1717
[2025-03-15T02:56:54.030Z] [INFO] Successfully inserted 6 checklist items
[2025-03-15T02:56:54.076Z] [INFO] Inserted/updated section: Pelvic Ultrasound (if applicable) (ID: 1718)
[2025-03-15T02:56:54.077Z] [INFO] Inserting 8 checklist items for section 1718
[2025-03-15T02:56:54.124Z] [INFO] Successfully inserted 8 checklist items
[2025-03-15T02:56:54.124Z] [INFO] Completed processing file: imaging.md
[2025-03-15T02:56:54.124Z] [INFO] Processing file: lab-studies.md
[2025-03-15T02:56:54.168Z] [INFO] Inserted/updated section: Complete Blood Count (ID: 1719)
[2025-03-15T02:56:54.168Z] [INFO] Inserting 6 checklist items for section 1719
[2025-03-15T02:56:54.223Z] [INFO] Successfully inserted 6 checklist items
[2025-03-15T02:56:54.272Z] [INFO] Inserted/updated section: Basic Metabolic Panel (ID: 1720)
[2025-03-15T02:56:54.272Z] [INFO] Inserting 10 checklist items for section 1720
[2025-03-15T02:56:54.318Z] [INFO] Successfully inserted 10 checklist items
[2025-03-15T02:56:54.367Z] [INFO] Inserted/updated section: Cardiac Biomarkers (ID: 1721)
[2025-03-15T02:56:54.367Z] [INFO] Inserting 7 checklist items for section 1721
[2025-03-15T02:56:54.459Z] [INFO] Successfully inserted 7 checklist items
[2025-03-15T02:56:54.506Z] [INFO] Inserted/updated section: Coagulation Studies (ID: 1722)
[2025-03-15T02:56:54.506Z] [INFO] Inserting 5 checklist items for section 1722
[2025-03-15T02:56:54.552Z] [INFO] Successfully inserted 5 checklist items
[2025-03-15T02:56:54.599Z] [INFO] Inserted/updated section: Additional Electrolytes (ID: 1723)
[2025-03-15T02:56:54.599Z] [INFO] Inserting 2 checklist items for section 1723
[2025-03-15T02:56:54.648Z] [INFO] Successfully inserted 2 checklist items
[2025-03-15T02:56:54.694Z] [INFO] Inserted/updated section: Liver Function Tests (ID: 1724)
[2025-03-15T02:56:54.695Z] [INFO] Inserting 7 checklist items for section 1724
[2025-03-15T02:56:54.744Z] [INFO] Successfully inserted 7 checklist items
[2025-03-15T02:56:54.791Z] [INFO] Inserted/updated section: Toxicology Screen (ID: 1725)
[2025-03-15T02:56:54.791Z] [INFO] Inserting 4 checklist items for section 1725
[2025-03-15T02:56:54.856Z] [INFO] Successfully inserted 4 checklist items
[2025-03-15T02:56:54.904Z] [INFO] Inserted/updated section: Pregnancy Test (ID: 1726)
[2025-03-15T02:56:54.905Z] [INFO] Inserting 3 checklist items for section 1726
[2025-03-15T02:56:54.953Z] [INFO] Successfully inserted 3 checklist items
[2025-03-15T02:56:55.001Z] [INFO] Inserted/updated section: Thyroid Function Tests (ID: 1727)
[2025-03-15T02:56:55.001Z] [INFO] Inserting 4 checklist items for section 1727
[2025-03-15T02:56:55.049Z] [INFO] Successfully inserted 4 checklist items
[2025-03-15T02:56:55.096Z] [INFO] Inserted/updated section: Arterial Blood Gas (ID: 1728)
[2025-03-15T02:56:55.096Z] [INFO] Inserting 8 checklist items for section 1728
[2025-03-15T02:56:55.147Z] [INFO] Successfully inserted 8 checklist items
[2025-03-15T02:56:55.193Z] [INFO] Inserted/updated section: Urinalysis (ID: 1729)
[2025-03-15T02:56:55.193Z] [INFO] Inserting 10 checklist items for section 1729
[2025-03-15T02:56:55.245Z] [INFO] Successfully inserted 10 checklist items
[2025-03-15T02:56:55.291Z] [INFO] Inserted/updated section: Other Laboratory Tests (ID: 1730)
[2025-03-15T02:56:55.291Z] [INFO] Inserting 4 checklist items for section 1730
[2025-03-15T02:56:55.335Z] [INFO] Successfully inserted 4 checklist items
[2025-03-15T02:56:55.336Z] [INFO] Completed processing file: lab-studies.md
[2025-03-15T02:56:55.336Z] [INFO] Processing file: medications.md
[2025-03-15T02:56:55.383Z] [INFO] Inserted/updated section: Vasodilators (ID: 1731)
[2025-03-15T02:56:55.383Z] [INFO] Inserting 8 checklist items for section 1731
[2025-03-15T02:56:55.433Z] [INFO] Successfully inserted 8 checklist items
[2025-03-15T02:56:55.483Z] [INFO] Inserted/updated section: Diuretics (ID: 1732)
[2025-03-15T02:56:55.483Z] [INFO] Inserting 3 checklist items for section 1732
[2025-03-15T02:56:55.532Z] [INFO] Successfully inserted 3 checklist items
[2025-03-15T02:56:55.583Z] [INFO] Inserted/updated section: Central Antihypertensives (ID: 1733)
[2025-03-15T02:56:55.583Z] [INFO] Inserting 2 checklist items for section 1733
[2025-03-15T02:56:55.654Z] [INFO] Successfully inserted 2 checklist items
[2025-03-15T02:56:55.702Z] [INFO] Inserted/updated section: QT-Prolonging Agents (ID: 1734)
[2025-03-15T02:56:55.703Z] [INFO] Inserting 5 checklist items for section 1734
[2025-03-15T02:56:55.756Z] [INFO] Successfully inserted 5 checklist items
[2025-03-15T02:56:55.807Z] [INFO] Inserted/updated section: Psychoactive Agents (ID: 1735)
[2025-03-15T02:56:55.807Z] [INFO] Inserting 12 checklist items for section 1735
[2025-03-15T02:56:55.861Z] [INFO] Successfully inserted 12 checklist items
[2025-03-15T02:56:55.907Z] [INFO] Inserted/updated section: Other Medications (ID: 1736)
[2025-03-15T02:56:55.907Z] [INFO] Inserting 7 checklist items for section 1736
[2025-03-15T02:56:55.960Z] [INFO] Successfully inserted 7 checklist items
[2025-03-15T02:56:56.007Z] [INFO] Inserted/updated section: Recent Medication Changes (ID: 1737)
[2025-03-15T02:56:56.007Z] [INFO] Inserting 5 checklist items for section 1737
[2025-03-15T02:56:56.054Z] [INFO] Successfully inserted 5 checklist items
[2025-03-15T02:56:56.100Z] [INFO] Inserted/updated section: Medication Compliance (ID: 1738)
[2025-03-15T02:56:56.101Z] [INFO] Inserting 5 checklist items for section 1738
[2025-03-15T02:56:56.147Z] [INFO] Successfully inserted 5 checklist items
[2025-03-15T02:56:56.147Z] [INFO] Completed processing file: medications.md
[2025-03-15T02:56:56.147Z] [INFO] Processing file: past-medical.md
[2025-03-15T02:56:56.197Z] [INFO] Inserted/updated section: Cardiac History (ID: 1739)
[2025-03-15T02:56:56.197Z] [INFO] Inserting 28 checklist items for section 1739
[2025-03-15T02:56:56.291Z] [ERROR] Error inserting checklist items for section 1739: null value in column "display_order" of relation "checklist_items" violates not-null constraint
[2025-03-15T02:56:56.292Z] [ERROR] Error inserting items for section Cardiac History: null value in column "display_order" of relation "checklist_items" violates not-null constraint
[2025-03-15T02:56:56.336Z] [INFO] Inserted/updated section: Vascular History (ID: 1740)
[2025-03-15T02:56:56.336Z] [INFO] Inserting 9 checklist items for section 1740
[2025-03-15T02:56:56.383Z] [INFO] Successfully inserted 9 checklist items
[2025-03-15T02:56:56.436Z] [INFO] Inserted/updated section: Pulmonary History (ID: 1741)
[2025-03-15T02:56:56.436Z] [INFO] Inserting 5 checklist items for section 1741
[2025-03-15T02:56:56.485Z] [INFO] Successfully inserted 5 checklist items
[2025-03-15T02:56:56.532Z] [INFO] Inserted/updated section: Neurological History (ID: 1742)
[2025-03-15T02:56:56.532Z] [INFO] Inserting 8 checklist items for section 1742
[2025-03-15T02:56:56.610Z] [INFO] Successfully inserted 8 checklist items
[2025-03-15T02:56:56.655Z] [INFO] Inserted/updated section: Endocrine History (ID: 1743)
[2025-03-15T02:56:56.655Z] [INFO] Inserting 4 checklist items for section 1743
[2025-03-15T02:56:56.699Z] [INFO] Successfully inserted 4 checklist items
[2025-03-15T02:56:56.745Z] [INFO] Inserted/updated section: Hematologic History (ID: 1744)
[2025-03-15T02:56:56.745Z] [INFO] Inserting 3 checklist items for section 1744
[2025-03-15T02:56:56.796Z] [INFO] Successfully inserted 3 checklist items
[2025-03-15T02:56:56.841Z] [INFO] Inserted/updated section: Gastrointestinal History (ID: 1745)
[2025-03-15T02:56:56.842Z] [INFO] Inserting 3 checklist items for section 1745
[2025-03-15T02:56:56.890Z] [INFO] Successfully inserted 3 checklist items
[2025-03-15T02:56:56.935Z] [INFO] Inserted/updated section: Genitourinary History (ID: 1746)
[2025-03-15T02:56:56.935Z] [INFO] Inserting 2 checklist items for section 1746
[2025-03-15T02:56:56.981Z] [INFO] Successfully inserted 2 checklist items
[2025-03-15T02:56:57.028Z] [INFO] Inserted/updated section: Psychiatric History (ID: 1747)
[2025-03-15T02:56:57.029Z] [INFO] Inserting 5 checklist items for section 1747
[2025-03-15T02:56:57.078Z] [INFO] Successfully inserted 5 checklist items
[2025-03-15T02:56:57.125Z] [INFO] Inserted/updated section: Previous Episodes (ID: 1748)
[2025-03-15T02:56:57.125Z] [INFO] Inserting 7 checklist items for section 1748
[2025-03-15T02:56:57.217Z] [ERROR] Error inserting checklist items for section 1748: null value in column "display_order" of relation "checklist_items" violates not-null constraint
[2025-03-15T02:56:57.217Z] [ERROR] Error inserting items for final section Previous Episodes: null value in column "display_order" of relation "checklist_items" violates not-null constraint
[2025-03-15T02:56:57.217Z] [INFO] Completed processing file: past-medical.md
[2025-03-15T02:56:57.217Z] [INFO] Processing file: patient-education.md
[2025-03-15T02:56:57.264Z] [INFO] Inserted/updated section: General Syncope Information (ID: 1749)
[2025-03-15T02:56:57.264Z] [INFO] Inserting 6 checklist items for section 1749
[2025-03-15T02:56:57.316Z] [INFO] Successfully inserted 6 checklist items
[2025-03-15T02:56:57.362Z] [INFO] Inserted/updated section: Safety Considerations (ID: 1750)
[2025-03-15T02:56:57.362Z] [INFO] Inserting 8 checklist items for section 1750
[2025-03-15T02:56:57.408Z] [INFO] Successfully inserted 8 checklist items
[2025-03-15T02:56:57.455Z] [INFO] Inserted/updated section: Specific Cause Education (if identified) (ID: 1751)
[2025-03-15T02:56:57.456Z] [INFO] Inserting 7 checklist items for section 1751
[2025-03-15T02:56:57.502Z] [INFO] Successfully inserted 7 checklist items
[2025-03-15T02:56:57.547Z] [INFO] Inserted/updated section: Prodromal Symptom Recognition (ID: 1752)
[2025-03-15T02:56:57.547Z] [INFO] Inserting 5 checklist items for section 1752
[2025-03-15T02:56:57.634Z] [INFO] Successfully inserted 5 checklist items
[2025-03-15T02:56:57.688Z] [INFO] Inserted/updated section: Physical Counterpressure Maneuvers (ID: 1753)
[2025-03-15T02:56:57.688Z] [INFO] Inserting 5 checklist items for section 1753
[2025-03-15T02:56:57.736Z] [INFO] Successfully inserted 5 checklist items
[2025-03-15T02:56:57.788Z] [INFO] Inserted/updated section: Lifestyle Modifications (ID: 1754)
[2025-03-15T02:56:57.788Z] [INFO] Inserting 8 checklist items for section 1754
[2025-03-15T02:56:57.839Z] [INFO] Successfully inserted 8 checklist items
[2025-03-15T02:56:57.889Z] [INFO] Inserted/updated section: Medication Education (ID: 1755)
[2025-03-15T02:56:57.889Z] [INFO] Inserting 6 checklist items for section 1755
[2025-03-15T02:56:57.947Z] [INFO] Successfully inserted 6 checklist items
[2025-03-15T02:56:57.993Z] [INFO] Inserted/updated section: Follow-up Care (ID: 1756)
[2025-03-15T02:56:57.993Z] [INFO] Inserting 7 checklist items for section 1756
[2025-03-15T02:56:58.040Z] [INFO] Successfully inserted 7 checklist items
[2025-03-15T02:56:58.086Z] [INFO] Inserted/updated section: Warning Signs Requiring Immediate Attention (ID: 1757)
[2025-03-15T02:56:58.086Z] [INFO] Inserting 8 checklist items for section 1757
[2025-03-15T02:56:58.136Z] [INFO] Successfully inserted 8 checklist items
[2025-03-15T02:56:58.184Z] [INFO] Inserted/updated section: Family Education (ID: 1758)
[2025-03-15T02:56:58.184Z] [INFO] Inserting 6 checklist items for section 1758
[2025-03-15T02:56:58.230Z] [INFO] Successfully inserted 6 checklist items
[2025-03-15T02:56:58.230Z] [INFO] Completed processing file: patient-education.md
[2025-03-15T02:56:58.230Z] [INFO] Processing file: physical-exam.md
[2025-03-15T02:56:58.280Z] [INFO] Inserted/updated section: Vital Signs (ID: 1759)
[2025-03-15T02:56:58.280Z] [INFO] Inserting 6 checklist items for section 1759
[2025-03-15T02:56:58.329Z] [INFO] Successfully inserted 6 checklist items
[2025-03-15T02:56:58.378Z] [INFO] Inserted/updated section: Orthostatic Vital Signs (ID: 1760)
[2025-03-15T02:56:58.378Z] [INFO] Inserting 13 checklist items for section 1760
[2025-03-15T02:56:58.483Z] [ERROR] Error inserting checklist items for section 1760: null value in column "display_order" of relation "checklist_items" violates not-null constraint
[2025-03-15T02:56:58.483Z] [ERROR] Error inserting items for section Orthostatic Vital Signs: null value in column "display_order" of relation "checklist_items" violates not-null constraint
[2025-03-15T02:56:58.529Z] [INFO] Inserted/updated section: General Appearance (ID: 1761)
[2025-03-15T02:56:58.529Z] [INFO] Inserting 6 checklist items for section 1761
[2025-03-15T02:56:58.577Z] [INFO] Successfully inserted 6 checklist items
[2025-03-15T02:56:58.628Z] [INFO] Inserted/updated section: Head, Eyes, Ears, Nose, Throat (ID: 1762)
[2025-03-15T02:56:58.628Z] [INFO] Inserting 9 checklist items for section 1762
[2025-03-15T02:56:58.761Z] [INFO] Successfully inserted 9 checklist items
[2025-03-15T02:56:58.806Z] [INFO] Inserted/updated section: Cardiovascular (ID: 1763)
[2025-03-15T02:56:58.806Z] [INFO] Inserting 19 checklist items for section 1763
[2025-03-15T02:56:58.909Z] [ERROR] Error inserting checklist items for section 1763: null value in column "display_order" of relation "checklist_items" violates not-null constraint
[2025-03-15T02:56:58.909Z] [ERROR] Error inserting items for section Cardiovascular: null value in column "display_order" of relation "checklist_items" violates not-null constraint
[2025-03-15T02:56:58.955Z] [INFO] Inserted/updated section: Pulmonary (ID: 1764)
[2025-03-15T02:56:58.955Z] [INFO] Inserting 7 checklist items for section 1764
[2025-03-15T02:56:59.008Z] [INFO] Successfully inserted 7 checklist items
[2025-03-15T02:56:59.054Z] [INFO] Inserted/updated section: Abdominal (ID: 1765)
[2025-03-15T02:56:59.054Z] [INFO] Inserting 12 checklist items for section 1765
[2025-03-15T02:56:59.104Z] [INFO] Successfully inserted 12 checklist items
[2025-03-15T02:56:59.150Z] [INFO] Inserted/updated section: Neurological (ID: 1766)
[2025-03-15T02:56:59.150Z] [INFO] Inserting 20 checklist items for section 1766
[2025-03-15T02:56:59.196Z] [INFO] Successfully inserted 20 checklist items
[2025-03-15T02:56:59.243Z] [INFO] Inserted/updated section: Extremities (ID: 1767)
[2025-03-15T02:56:59.243Z] [INFO] Inserting 7 checklist items for section 1767
[2025-03-15T02:56:59.291Z] [INFO] Successfully inserted 7 checklist items
[2025-03-15T02:56:59.337Z] [INFO] Inserted/updated section: Skin (ID: 1768)
[2025-03-15T02:56:59.337Z] [INFO] Inserting 8 checklist items for section 1768
[2025-03-15T02:56:59.386Z] [INFO] Successfully inserted 8 checklist items
[2025-03-15T02:56:59.431Z] [INFO] Inserted/updated section: Rectal Examination (if indicated) (ID: 1769)
[2025-03-15T02:56:59.431Z] [INFO] Inserting 3 checklist items for section 1769
[2025-03-15T02:56:59.483Z] [INFO] Successfully inserted 3 checklist items
[2025-03-15T02:56:59.483Z] [INFO] Completed processing file: physical-exam.md
[2025-03-15T02:56:59.483Z] [INFO] Processing file: plan.md
[2025-03-15T02:56:59.533Z] [INFO] Inserted/updated section: Immediate Management (ID: 1770)
[2025-03-15T02:56:59.533Z] [INFO] Inserting 9 checklist items for section 1770
[2025-03-15T02:56:59.683Z] [INFO] Successfully inserted 9 checklist items
[2025-03-15T02:56:59.734Z] [INFO] Inserted/updated section: Additional Testing (ID: 1771)
[2025-03-15T02:56:59.734Z] [INFO] Inserting 12 checklist items for section 1771
[2025-03-15T02:56:59.784Z] [INFO] Successfully inserted 12 checklist items
[2025-03-15T02:56:59.831Z] [INFO] Inserted/updated section: Medication Recommendations (ID: 1772)
[2025-03-15T02:56:59.832Z] [INFO] Inserting 6 checklist items for section 1772
[2025-03-15T02:56:59.880Z] [INFO] Successfully inserted 6 checklist items
[2025-03-15T02:56:59.928Z] [INFO] Inserted/updated section: Lifestyle Modifications (ID: 1773)
[2025-03-15T02:56:59.928Z] [INFO] Inserting 8 checklist items for section 1773
[2025-03-15T02:56:59.976Z] [INFO] Successfully inserted 8 checklist items
[2025-03-15T02:57:00.023Z] [INFO] Inserted/updated section: Cardiac Intervention Considerations (ID: 1774)
[2025-03-15T02:57:00.023Z] [INFO] Inserting 6 checklist items for section 1774
[2025-03-15T02:57:00.085Z] [INFO] Successfully inserted 6 checklist items
[2025-03-15T02:57:00.150Z] [INFO] Inserted/updated section: Follow-up Care (ID: 1775)
[2025-03-15T02:57:00.150Z] [INFO] Inserting 10 checklist items for section 1775
[2025-03-15T02:57:00.200Z] [INFO] Successfully inserted 10 checklist items
[2025-03-15T02:57:00.256Z] [INFO] Inserted/updated section: Preventive Measures (ID: 1776)
[2025-03-15T02:57:00.256Z] [INFO] Inserting 7 checklist items for section 1776
[2025-03-15T02:57:00.310Z] [INFO] Successfully inserted 7 checklist items
[2025-03-15T02:57:00.358Z] [INFO] Inserted/updated section: Special Considerations (ID: 1777)
[2025-03-15T02:57:00.358Z] [INFO] Inserting 5 checklist items for section 1777
[2025-03-15T02:57:00.408Z] [INFO] Successfully inserted 5 checklist items
[2025-03-15T02:57:00.409Z] [INFO] Completed processing file: plan.md
[2025-03-15T02:57:00.409Z] [INFO] Processing file: review-systems.md
[2025-03-15T02:57:00.454Z] [INFO] Inserted/updated section: Constitutional (ID: 1778)
[2025-03-15T02:57:00.454Z] [INFO] Inserting 4 checklist items for section 1778
[2025-03-15T02:57:00.505Z] [INFO] Successfully inserted 4 checklist items
[2025-03-15T02:57:00.573Z] [INFO] Inserted/updated section: Cardiovascular (ID: 1779)
[2025-03-15T02:57:00.573Z] [INFO] Inserting 8 checklist items for section 1779
[2025-03-15T02:57:00.623Z] [INFO] Successfully inserted 8 checklist items
[2025-03-15T02:57:00.671Z] [INFO] Inserted/updated section: Respiratory (ID: 1780)
[2025-03-15T02:57:00.671Z] [INFO] Inserting 5 checklist items for section 1780
[2025-03-15T02:57:00.727Z] [INFO] Successfully inserted 5 checklist items
[2025-03-15T02:57:00.784Z] [INFO] Inserted/updated section: Neurological (ID: 1781)
[2025-03-15T02:57:00.784Z] [INFO] Inserting 11 checklist items for section 1781
[2025-03-15T02:57:00.839Z] [INFO] Successfully inserted 11 checklist items
[2025-03-15T02:57:00.888Z] [INFO] Inserted/updated section: Gastrointestinal (ID: 1782)
[2025-03-15T02:57:00.888Z] [INFO] Inserting 8 checklist items for section 1782
[2025-03-15T02:57:00.938Z] [INFO] Successfully inserted 8 checklist items
[2025-03-15T02:57:00.987Z] [INFO] Inserted/updated section: Genitourinary (ID: 1783)
[2025-03-15T02:57:00.987Z] [INFO] Inserting 7 checklist items for section 1783
[2025-03-15T02:57:01.035Z] [INFO] Successfully inserted 7 checklist items
[2025-03-15T02:57:01.085Z] [INFO] Inserted/updated section: Psychiatric (ID: 1784)
[2025-03-15T02:57:01.085Z] [INFO] Inserting 6 checklist items for section 1784
[2025-03-15T02:57:01.137Z] [INFO] Successfully inserted 6 checklist items
[2025-03-15T02:57:01.182Z] [INFO] Inserted/updated section: Endocrine (ID: 1785)
[2025-03-15T02:57:01.183Z] [INFO] Inserting 4 checklist items for section 1785
[2025-03-15T02:57:01.233Z] [INFO] Successfully inserted 4 checklist items
[2025-03-15T02:57:01.280Z] [INFO] Inserted/updated section: Hematologic (ID: 1786)
[2025-03-15T02:57:01.280Z] [INFO] Inserting 3 checklist items for section 1786
[2025-03-15T02:57:01.328Z] [INFO] Successfully inserted 3 checklist items
[2025-03-15T02:57:01.395Z] [INFO] Inserted/updated section: Musculoskeletal (ID: 1787)
[2025-03-15T02:57:01.395Z] [INFO] Inserting 3 checklist items for section 1787
[2025-03-15T02:57:01.447Z] [INFO] Successfully inserted 3 checklist items
[2025-03-15T02:57:01.498Z] [INFO] Inserted/updated section: Ear, Nose, Throat (ID: 1788)
[2025-03-15T02:57:01.498Z] [INFO] Inserting 4 checklist items for section 1788
[2025-03-15T02:57:01.554Z] [INFO] Successfully inserted 4 checklist items
[2025-03-15T02:57:01.601Z] [INFO] Inserted/updated section: Eyes (ID: 1789)
[2025-03-15T02:57:01.601Z] [INFO] Inserting 4 checklist items for section 1789
[2025-03-15T02:57:01.657Z] [INFO] Successfully inserted 4 checklist items
[2025-03-15T02:57:01.658Z] [INFO] Completed processing file: review-systems.md
[2025-03-15T02:57:01.658Z] [INFO] Processing file: risk-factors.md
[2025-03-15T02:57:01.706Z] [INFO] Inserted/updated section: Demographic Risk Factors (ID: 1790)
[2025-03-15T02:57:01.706Z] [INFO] Inserting 3 checklist items for section 1790
[2025-03-15T02:57:01.752Z] [INFO] Successfully inserted 3 checklist items
[2025-03-15T02:57:01.803Z] [INFO] Inserted/updated section: Cardiac Risk Factors (ID: 1791)
[2025-03-15T02:57:01.803Z] [INFO] Inserting 15 checklist items for section 1791
[2025-03-15T02:57:01.851Z] [INFO] Successfully inserted 15 checklist items
[2025-03-15T02:57:01.901Z] [INFO] Inserted/updated section: Vascular Risk Factors (ID: 1792)
[2025-03-15T02:57:01.901Z] [INFO] Inserting 9 checklist items for section 1792
[2025-03-15T02:57:01.950Z] [INFO] Successfully inserted 9 checklist items
[2025-03-15T02:57:02.008Z] [INFO] Inserted/updated section: Pulmonary Embolism Risk Factors (ID: 1793)
[2025-03-15T02:57:02.008Z] [INFO] Inserting 10 checklist items for section 1793
[2025-03-15T02:57:02.066Z] [INFO] Successfully inserted 10 checklist items
[2025-03-15T02:57:02.117Z] [INFO] Inserted/updated section: Orthostatic Hypotension Risk Factors (ID: 1794)
[2025-03-15T02:57:02.117Z] [INFO] Inserting 7 checklist items for section 1794
[2025-03-15T02:57:02.172Z] [INFO] Successfully inserted 7 checklist items
[2025-03-15T02:57:02.229Z] [INFO] Inserted/updated section: Canadian Syncope Risk Score Factors (ID: 1795)
[2025-03-15T02:57:02.229Z] [INFO] Inserting 9 checklist items for section 1795
[2025-03-15T02:57:02.297Z] [INFO] Successfully inserted 9 checklist items
[2025-03-15T02:57:02.355Z] [INFO] Inserted/updated section: San Francisco Syncope Rule Factors (ID: 1796)
[2025-03-15T02:57:02.355Z] [INFO] Inserting 5 checklist items for section 1796
[2025-03-15T02:57:02.420Z] [INFO] Successfully inserted 5 checklist items
[2025-03-15T02:57:02.471Z] [INFO] Inserted/updated section: FAINT Score Factors (ID: 1797)
[2025-03-15T02:57:02.471Z] [INFO] Inserting 5 checklist items for section 1797
[2025-03-15T02:57:02.523Z] [INFO] Successfully inserted 5 checklist items
[2025-03-15T02:57:02.523Z] [INFO] Completed processing file: risk-factors.md
[2025-03-15T02:57:02.523Z] [INFO] Processing file: special-tests.md
[2025-03-15T02:57:02.574Z] [INFO] Inserted/updated section: Bedside Ultrasonography (ID: 1798)
[2025-03-15T02:57:02.574Z] [INFO] Inserting 19 checklist items for section 1798
[2025-03-15T02:57:02.686Z] [ERROR] Error inserting checklist items for section 1798: null value in column "display_order" of relation "checklist_items" violates not-null constraint
[2025-03-15T02:57:02.686Z] [ERROR] Error inserting items for section Bedside Ultrasonography: null value in column "display_order" of relation "checklist_items" violates not-null constraint
[2025-03-15T02:57:02.738Z] [INFO] Inserted/updated section: Tilt Table Test (ID: 1799)
[2025-03-15T02:57:02.739Z] [INFO] Inserting 17 checklist items for section 1799
[2025-03-15T02:57:02.843Z] [ERROR] Error inserting checklist items for section 1799: null value in column "display_order" of relation "checklist_items" violates not-null constraint
[2025-03-15T02:57:02.843Z] [ERROR] Error inserting items for section Tilt Table Test: null value in column "display_order" of relation "checklist_items" violates not-null constraint
[2025-03-15T02:57:02.893Z] [INFO] Inserted/updated section: Carotid Sinus Massage (ID: 1800)
[2025-03-15T02:57:02.893Z] [INFO] Inserting 15 checklist items for section 1800
[2025-03-15T02:57:02.998Z] [ERROR] Error inserting checklist items for section 1800: null value in column "display_order" of relation "checklist_items" violates not-null constraint
[2025-03-15T02:57:02.998Z] [ERROR] Error inserting items for section Carotid Sinus Massage: null value in column "display_order" of relation "checklist_items" violates not-null constraint
[2025-03-15T02:57:03.050Z] [INFO] Inserted/updated section: Stress Test (ID: 1801)
[2025-03-15T02:57:03.050Z] [INFO] Inserting 11 checklist items for section 1801
[2025-03-15T02:57:03.152Z] [ERROR] Error inserting checklist items for section 1801: null value in column "display_order" of relation "checklist_items" violates not-null constraint
[2025-03-15T02:57:03.152Z] [ERROR] Error inserting items for section Stress Test: null value in column "display_order" of relation "checklist_items" violates not-null constraint
[2025-03-15T02:57:03.201Z] [INFO] Inserted/updated section: Ambulatory Cardiac Monitoring (ID: 1802)
[2025-03-15T02:57:03.201Z] [INFO] Inserting 14 checklist items for section 1802
[2025-03-15T02:57:03.305Z] [ERROR] Error inserting checklist items for section 1802: null value in column "display_order" of relation "checklist_items" violates not-null constraint
[2025-03-15T02:57:03.306Z] [ERROR] Error inserting items for section Ambulatory Cardiac Monitoring: null value in column "display_order" of relation "checklist_items" violates not-null constraint
[2025-03-15T02:57:03.355Z] [INFO] Inserted/updated section: Electroencephalogram (EEG) (ID: 1803)
[2025-03-15T02:57:03.355Z] [INFO] Inserting 7 checklist items for section 1803
[2025-03-15T02:57:03.461Z] [ERROR] Error inserting checklist items for section 1803: null value in column "display_order" of relation "checklist_items" violates not-null constraint
[2025-03-15T02:57:03.462Z] [ERROR] Error inserting items for section Electroencephalogram (EEG): null value in column "display_order" of relation "checklist_items" violates not-null constraint
[2025-03-15T02:57:03.514Z] [INFO] Inserted/updated section: Cardiac Catheterization (ID: 1804)
[2025-03-15T02:57:03.514Z] [INFO] Inserting 7 checklist items for section 1804
[2025-03-15T02:57:03.618Z] [ERROR] Error inserting checklist items for section 1804: null value in column "display_order" of relation "checklist_items" violates not-null constraint
[2025-03-15T02:57:03.618Z] [ERROR] Error inserting items for section Cardiac Catheterization: null value in column "display_order" of relation "checklist_items" violates not-null constraint
[2025-03-15T02:57:03.669Z] [INFO] Inserted/updated section: Electrophysiology Study (ID: 1805)
[2025-03-15T02:57:03.670Z] [INFO] Inserting 6 checklist items for section 1805
[2025-03-15T02:57:03.790Z] [ERROR] Error inserting checklist items for section 1805: null value in column "display_order" of relation "checklist_items" violates not-null constraint
[2025-03-15T02:57:03.790Z] [ERROR] Error inserting items for final section Electrophysiology Study: null value in column "display_order" of relation "checklist_items" violates not-null constraint
[2025-03-15T02:57:03.790Z] [INFO] Completed processing file: special-tests.md
[2025-03-15T02:57:03.790Z] [INFO] Completed processing chapter: Ch11_Syncope
[2025-03-15T02:57:03.790Z] [INFO] Migration completed: 1 chapters processed successfully, 0 chapters had errors
