[2025-03-15T01:55:42.160Z] [INFO] Starting migration...
[2025-03-15T01:55:42.161Z] [INFO] Inserting categories...
[2025-03-15T01:55:42.262Z] [INFO] All categories already exist, skipping insertion
[2025-03-15T01:55:42.263Z] [INFO] Found 1 chapter directories to process
[2025-03-15T01:55:42.263Z] [INFO] Processing chapter: Ch11_Syncope
[2025-03-15T01:55:42.263Z] [INFO] Cleaning up existing data for chapter 11...
[2025-03-15T01:55:42.327Z] [INFO] No existing data found for chapter 11
[2025-03-15T01:55:42.379Z] [INFO] Inserted chapter: Syncope (ID: 185)
[2025-03-15T01:55:42.429Z] [INFO] Processing file: alarm-features.md
[2025-03-15T01:55:42.480Z] [INFO] Inserted section: High-Risk Features (ID: 852)
[2025-03-15T01:55:42.532Z] [INFO] Inserted section: Critical Diagnoses To Consider (ID: 853)
[2025-03-15T01:55:42.584Z] [INFO] Inserted section: Emergent Diagnostic Factors (ID: 854)
[2025-03-15T01:55:42.637Z] [INFO] Inserted section: Concerning Cardiac Symptoms (ID: 855)
[2025-03-15T01:55:42.693Z] [INFO] Inserted section: Concerning Neurological Symptoms (ID: 856)
[2025-03-15T01:55:42.743Z] [INFO] Inserted section: Concerning Abdominal/GI Symptoms (ID: 857)
[2025-03-15T01:55:42.744Z] [INFO] Inserting 43 items for section 857
[2025-03-15T01:55:42.744Z] [INFO] Inserting 8 items for section 852
[2025-03-15T01:55:42.796Z] [INFO] Successfully inserted items for section 852
[2025-03-15T01:55:42.797Z] [INFO] Inserting 13 items for section 853
[2025-03-15T01:55:42.847Z] [INFO] Successfully inserted items for section 853
[2025-03-15T01:55:42.847Z] [INFO] Inserting 11 items for section 854
[2025-03-15T01:55:42.895Z] [INFO] Successfully inserted items for section 854
[2025-03-15T01:55:42.895Z] [INFO] Inserting 4 items for section 855
[2025-03-15T01:55:42.950Z] [INFO] Successfully inserted items for section 855
[2025-03-15T01:55:42.950Z] [INFO] Inserting 4 items for section 856
[2025-03-15T01:55:43.006Z] [INFO] Successfully inserted items for section 856
[2025-03-15T01:55:43.006Z] [INFO] Inserting 3 items for section 857
[2025-03-15T01:55:43.067Z] [INFO] Successfully inserted items for section 857
[2025-03-15T01:55:43.371Z] [INFO] Completed processing file: alarm-features.md
[2025-03-15T01:55:43.371Z] [INFO] Processing file: assessment.md
[2025-03-15T01:55:43.418Z] [INFO] Inserted section: Syncope Classification (ID: 858)
[2025-03-15T01:55:43.463Z] [INFO] Inserted section: Diagnostic Certainty (ID: 859)
[2025-03-15T01:55:43.510Z] [INFO] Inserted section: Risk Stratification (ID: 860)
[2025-03-15T01:55:43.555Z] [INFO] Inserted section: Canadian Syncope Risk Score Calculation (ID: 861)
[2025-03-15T01:55:43.605Z] [INFO] Inserted section: FAINT Score Calculation (ID: 862)
[2025-03-15T01:55:43.650Z] [INFO] Inserted section: San Francisco Syncope Rule Assessment (ID: 863)
[2025-03-15T01:55:43.702Z] [INFO] Inserted section: Clinical Impression (ID: 864)
[2025-03-15T01:55:43.753Z] [INFO] Inserted section: Degree of Functional Impairment (ID: 865)
[2025-03-15T01:55:43.803Z] [INFO] Inserted section: Injury Assessment (ID: 866)
[2025-03-15T01:55:43.803Z] [INFO] Inserting 61 items for section 866
[2025-03-15T01:55:43.803Z] [INFO] Inserting 17 items for section 858
[2025-03-15T01:55:43.851Z] [INFO] Successfully inserted items for section 858
[2025-03-15T01:55:43.851Z] [INFO] Inserting 5 items for section 859
[2025-03-15T01:55:43.902Z] [INFO] Successfully inserted items for section 859
[2025-03-15T01:55:43.902Z] [INFO] Inserting 4 items for section 860
[2025-03-15T01:55:43.948Z] [INFO] Successfully inserted items for section 860
[2025-03-15T01:55:43.948Z] [INFO] Inserting 10 items for section 861
[2025-03-15T01:55:43.998Z] [INFO] Successfully inserted items for section 861
[2025-03-15T01:55:43.999Z] [INFO] Inserting 6 items for section 862
[2025-03-15T01:55:44.045Z] [INFO] Successfully inserted items for section 862
[2025-03-15T01:55:44.045Z] [INFO] Inserting 7 items for section 863
[2025-03-15T01:55:44.190Z] [INFO] Successfully inserted items for section 863
[2025-03-15T01:55:44.190Z] [INFO] Inserting 4 items for section 864
[2025-03-15T01:55:44.236Z] [INFO] Successfully inserted items for section 864
[2025-03-15T01:55:44.236Z] [INFO] Inserting 4 items for section 865
[2025-03-15T01:55:44.281Z] [INFO] Successfully inserted items for section 865
[2025-03-15T01:55:44.281Z] [INFO] Inserting 4 items for section 866
[2025-03-15T01:55:44.326Z] [INFO] Successfully inserted items for section 866
[2025-03-15T01:55:44.441Z] [ERROR] Error processing file /Users/lucas/Documents/markdown_1-185/1-18/Ch11_Syncope/assessment.md: null value in column "item_text" of relation "checklist_items" violates not-null constraint
[2025-03-15T01:55:44.441Z] [INFO] Processing file: collateral-history.md
[2025-03-15T01:55:44.490Z] [INFO] Inserted section: Witness Account (ID: 867)
[2025-03-15T01:55:44.535Z] [INFO] Inserted section: Description of Episode (From Observer) (ID: 868)
[2025-03-15T01:55:44.580Z] [INFO] Inserted section: Pre-Episode Observations (ID: 869)
[2025-03-15T01:55:44.626Z] [INFO] Inserted section: Episode Characteristics (ID: 870)
[2025-03-15T01:55:44.677Z] [INFO] Inserted section: Movement During Episode (ID: 871)
[2025-03-15T01:55:44.728Z] [INFO] Inserted section: Autonomic Features (ID: 872)
[2025-03-15T01:55:44.773Z] [INFO] Inserted section: Recovery Characteristics (ID: 873)
[2025-03-15T01:55:44.825Z] [INFO] Inserted section: EMS/First Responder Report (ID: 874)
[2025-03-15T01:55:44.825Z] [INFO] Inserting 50 items for section 874
[2025-03-15T01:55:44.826Z] [INFO] Inserting 4 items for section 867
[2025-03-15T01:55:44.875Z] [INFO] Successfully inserted items for section 867
[2025-03-15T01:55:44.875Z] [INFO] Inserting 5 items for section 868
[2025-03-15T01:55:44.924Z] [INFO] Successfully inserted items for section 868
[2025-03-15T01:55:44.924Z] [INFO] Inserting 5 items for section 869
[2025-03-15T01:55:44.973Z] [INFO] Successfully inserted items for section 869
[2025-03-15T01:55:44.973Z] [INFO] Inserting 8 items for section 870
[2025-03-15T01:55:45.112Z] [INFO] Successfully inserted items for section 870
[2025-03-15T01:55:45.112Z] [INFO] Inserting 9 items for section 871
[2025-03-15T01:55:45.161Z] [INFO] Successfully inserted items for section 871
[2025-03-15T01:55:45.161Z] [INFO] Inserting 4 items for section 872
[2025-03-15T01:55:45.206Z] [INFO] Successfully inserted items for section 872
[2025-03-15T01:55:45.206Z] [INFO] Inserting 11 items for section 873
[2025-03-15T01:55:45.253Z] [INFO] Successfully inserted items for section 873
[2025-03-15T01:55:45.253Z] [INFO] Inserting 4 items for section 874
[2025-03-15T01:55:45.301Z] [INFO] Successfully inserted items for section 874
[2025-03-15T01:55:45.695Z] [INFO] Completed processing file: collateral-history.md
[2025-03-15T01:55:45.696Z] [INFO] Processing file: diet.md
[2025-03-15T01:55:45.750Z] [INFO] Inserted section: Oral Intake (ID: 875)
[2025-03-15T01:55:45.812Z] [INFO] Inserted section: Dietary Triggers (ID: 876)
[2025-03-15T01:55:45.861Z] [INFO] Inserted section: Specialized Diets (ID: 877)
[2025-03-15T01:55:45.908Z] [INFO] Inserted section: Hydration Status (ID: 878)
[2025-03-15T01:55:45.955Z] [INFO] Inserted section: Recent Dietary Changes (ID: 879)
[2025-03-15T01:55:46.007Z] [INFO] Inserted section: Dietary Supplements (ID: 880)
[2025-03-15T01:55:46.053Z] [INFO] Inserted section: Appetite (ID: 881)
[2025-03-15T01:55:46.053Z] [INFO] Inserting 35 items for section 881
[2025-03-15T01:55:46.053Z] [INFO] Inserting 5 items for section 875
[2025-03-15T01:55:46.102Z] [INFO] Successfully inserted items for section 875
[2025-03-15T01:55:46.102Z] [INFO] Inserting 4 items for section 876
[2025-03-15T01:55:46.152Z] [INFO] Successfully inserted items for section 876
[2025-03-15T01:55:46.152Z] [INFO] Inserting 5 items for section 877
[2025-03-15T01:55:46.200Z] [INFO] Successfully inserted items for section 877
[2025-03-15T01:55:46.200Z] [INFO] Inserting 4 items for section 878
[2025-03-15T01:55:46.250Z] [INFO] Successfully inserted items for section 878
[2025-03-15T01:55:46.250Z] [INFO] Inserting 7 items for section 879
[2025-03-15T01:55:46.299Z] [INFO] Successfully inserted items for section 879
[2025-03-15T01:55:46.300Z] [INFO] Inserting 6 items for section 880
[2025-03-15T01:55:46.350Z] [INFO] Successfully inserted items for section 880
[2025-03-15T01:55:46.350Z] [INFO] Inserting 4 items for section 881
[2025-03-15T01:55:46.405Z] [INFO] Successfully inserted items for section 881
[2025-03-15T01:55:46.790Z] [INFO] Completed processing file: diet.md
[2025-03-15T01:55:46.791Z] [INFO] Processing file: differential-diagnosis.md
[2025-03-15T01:55:46.842Z] [INFO] Inserted section: Reflex (Neurally Mediated) Syncope (ID: 882)
[2025-03-15T01:55:46.890Z] [INFO] Inserted section: Orthostatic Syncope (ID: 883)
[2025-03-15T01:55:46.935Z] [INFO] Inserted section: Cardiac Syncope (ID: 884)
[2025-03-15T01:55:46.980Z] [INFO] Inserted section: Cerebrovascular Causes (ID: 885)
[2025-03-15T01:55:47.042Z] [INFO] Inserted section: Metabolic/Toxic Causes (ID: 886)
[2025-03-15T01:55:47.100Z] [INFO] Inserted section: Other Medical Causes (ID: 887)
[2025-03-15T01:55:47.145Z] [INFO] Inserted section: Syncope Mimics (ID: 888)
[2025-03-15T01:55:47.146Z] [INFO] Inserting 75 items for section 888
[2025-03-15T01:55:47.146Z] [INFO] Inserting 12 items for section 882
[2025-03-15T01:55:47.193Z] [INFO] Successfully inserted items for section 882
[2025-03-15T01:55:47.194Z] [INFO] Inserting 7 items for section 883
[2025-03-15T01:55:47.242Z] [INFO] Successfully inserted items for section 883
[2025-03-15T01:55:47.242Z] [INFO] Inserting 31 items for section 884
[2025-03-15T01:55:47.296Z] [INFO] Successfully inserted items for section 884
[2025-03-15T01:55:47.296Z] [INFO] Inserting 5 items for section 885
[2025-03-15T01:55:47.347Z] [INFO] Successfully inserted items for section 885
[2025-03-15T01:55:47.347Z] [INFO] Inserting 6 items for section 886
[2025-03-15T01:55:47.394Z] [INFO] Successfully inserted items for section 886
[2025-03-15T01:55:47.394Z] [INFO] Inserting 6 items for section 887
[2025-03-15T01:55:47.448Z] [INFO] Successfully inserted items for section 887
[2025-03-15T01:55:47.448Z] [INFO] Inserting 8 items for section 888
[2025-03-15T01:55:47.498Z] [INFO] Successfully inserted items for section 888
[2025-03-15T01:55:47.603Z] [ERROR] Error processing file /Users/lucas/Documents/markdown_1-185/1-18/Ch11_Syncope/differential-diagnosis.md: null value in column "item_text" of relation "checklist_items" violates not-null constraint
[2025-03-15T01:55:47.603Z] [INFO] Processing file: disposition.md
[2025-03-15T01:55:47.661Z] [INFO] Inserted section: Primary Disposition Decision (ID: 889)
[2025-03-15T01:55:47.710Z] [INFO] Inserted section: Disposition Rationale (ID: 890)
[2025-03-15T01:55:47.762Z] [INFO] Inserted section: Discharge Considerations (ID: 891)
[2025-03-15T01:55:47.809Z] [INFO] Inserted section: Observation Unit Considerations (ID: 892)
[2025-03-15T01:55:47.854Z] [INFO] Inserted section: Hospital Admission Considerations (ID: 893)
[2025-03-15T01:55:47.933Z] [INFO] Inserted section: Telemetry Monitoring Indications (ID: 894)
[2025-03-15T01:55:47.981Z] [INFO] Inserted section: Intensive Care Unit Indications (ID: 895)
[2025-03-15T01:55:48.027Z] [INFO] Inserted section: Transfer Considerations (ID: 896)
[2025-03-15T01:55:48.027Z] [INFO] Inserting 56 items for section 896
[2025-03-15T01:55:48.027Z] [INFO] Inserting 8 items for section 889
[2025-03-15T01:55:48.083Z] [INFO] Successfully inserted items for section 889
[2025-03-15T01:55:48.083Z] [INFO] Inserting 7 items for section 890
[2025-03-15T01:55:48.133Z] [INFO] Successfully inserted items for section 890
[2025-03-15T01:55:48.133Z] [INFO] Inserting 7 items for section 891
[2025-03-15T01:55:48.182Z] [INFO] Successfully inserted items for section 891
[2025-03-15T01:55:48.183Z] [INFO] Inserting 7 items for section 892
[2025-03-15T01:55:48.230Z] [INFO] Successfully inserted items for section 892
[2025-03-15T01:55:48.231Z] [INFO] Inserting 8 items for section 893
[2025-03-15T01:55:48.278Z] [INFO] Successfully inserted items for section 893
[2025-03-15T01:55:48.278Z] [INFO] Inserting 6 items for section 894
[2025-03-15T01:55:48.326Z] [INFO] Successfully inserted items for section 894
[2025-03-15T01:55:48.326Z] [INFO] Inserting 7 items for section 895
[2025-03-15T01:55:48.374Z] [INFO] Successfully inserted items for section 895
[2025-03-15T01:55:48.374Z] [INFO] Inserting 6 items for section 896
[2025-03-15T01:55:48.428Z] [INFO] Successfully inserted items for section 896
[2025-03-15T01:55:48.525Z] [ERROR] Error processing file /Users/lucas/Documents/markdown_1-185/1-18/Ch11_Syncope/disposition.md: null value in column "item_text" of relation "checklist_items" violates not-null constraint
[2025-03-15T01:55:48.525Z] [INFO] Processing file: ecg.md
[2025-03-15T01:55:48.573Z] [INFO] Inserted section: Basic ECG Parameters (ID: 897)
[2025-03-15T01:55:48.628Z] [INFO] Inserted section: Rhythm (ID: 898)
[2025-03-15T01:55:48.677Z] [INFO] Inserted section: Conduction Abnormalities (ID: 899)
[2025-03-15T01:55:48.728Z] [INFO] Inserted section: Tachyarrhythmias (ID: 900)
[2025-03-15T01:55:48.783Z] [INFO] Inserted section: Ischemia/Infarction (ID: 901)
[2025-03-15T01:55:48.838Z] [INFO] Inserted section: Other ECG Findings (ID: 902)
[2025-03-15T01:55:48.895Z] [INFO] Inserted section: Serial ECG Changes (ID: 903)
[2025-03-15T01:55:48.951Z] [INFO] Inserted section: Cardiac Monitor Findings (if available) (ID: 904)
[2025-03-15T01:55:48.951Z] [INFO] Inserting 60 items for section 904
[2025-03-15T01:55:48.951Z] [INFO] Inserting 7 items for section 897
[2025-03-15T01:55:48.997Z] [INFO] Successfully inserted items for section 897
[2025-03-15T01:55:48.998Z] [INFO] Inserting 9 items for section 898
[2025-03-15T01:55:49.043Z] [INFO] Successfully inserted items for section 898
[2025-03-15T01:55:49.043Z] [INFO] Inserting 11 items for section 899
[2025-03-15T01:55:49.088Z] [INFO] Successfully inserted items for section 899
[2025-03-15T01:55:49.089Z] [INFO] Inserting 7 items for section 900
[2025-03-15T01:55:49.137Z] [INFO] Successfully inserted items for section 900
[2025-03-15T01:55:49.137Z] [INFO] Inserting 6 items for section 901
[2025-03-15T01:55:49.206Z] [INFO] Successfully inserted items for section 901
[2025-03-15T01:55:49.206Z] [INFO] Inserting 14 items for section 902
[2025-03-15T01:55:49.256Z] [INFO] Successfully inserted items for section 902
[2025-03-15T01:55:49.256Z] [INFO] Inserting 4 items for section 903
[2025-03-15T01:55:49.305Z] [INFO] Successfully inserted items for section 903
[2025-03-15T01:55:49.305Z] [INFO] Inserting 2 items for section 904
[2025-03-15T01:55:49.355Z] [INFO] Successfully inserted items for section 904
[2025-03-15T01:55:49.761Z] [INFO] Completed processing file: ecg.md
[2025-03-15T01:55:49.761Z] [INFO] Processing file: history.md
[2025-03-15T01:55:49.811Z] [INFO] Inserted section: Chief Complaint (ID: 905)
[2025-03-15T01:55:49.859Z] [INFO] Inserted section: Episode Details (ID: 906)
[2025-03-15T01:55:49.907Z] [INFO] Inserted section: Position During Episode (ID: 907)
[2025-03-15T01:55:49.955Z] [INFO] Inserted section: Activity During Episode (ID: 908)
[2025-03-15T01:55:50.003Z] [INFO] Inserted section: Setting (ID: 909)
[2025-03-15T01:55:50.051Z] [INFO] Inserted section: Precipitating Factors (ID: 910)
[2025-03-15T01:55:50.102Z] [INFO] Inserted section: Associated Prodromal Symptoms (ID: 911)
[2025-03-15T01:55:50.148Z] [INFO] Inserted section: Associated Symptoms During/After Episode (ID: 912)
[2025-03-15T01:55:50.195Z] [INFO] Inserted section: Post-Episode Status (ID: 913)
[2025-03-15T01:55:50.196Z] [INFO] Inserting 68 items for section 913
[2025-03-15T01:55:50.196Z] [INFO] Inserting 3 items for section 905
[2025-03-15T01:55:50.241Z] [INFO] Successfully inserted items for section 905
[2025-03-15T01:55:50.241Z] [INFO] Inserting 4 items for section 906
[2025-03-15T01:55:50.294Z] [INFO] Successfully inserted items for section 906
[2025-03-15T01:55:50.294Z] [INFO] Inserting 4 items for section 907
[2025-03-15T01:55:50.346Z] [INFO] Successfully inserted items for section 907
[2025-03-15T01:55:50.346Z] [INFO] Inserting 5 items for section 908
[2025-03-15T01:55:50.393Z] [INFO] Successfully inserted items for section 908
[2025-03-15T01:55:50.393Z] [INFO] Inserting 11 items for section 909
[2025-03-15T01:55:50.449Z] [INFO] Successfully inserted items for section 909
[2025-03-15T01:55:50.449Z] [INFO] Inserting 12 items for section 910
[2025-03-15T01:55:50.496Z] [INFO] Successfully inserted items for section 910
[2025-03-15T01:55:50.496Z] [INFO] Inserting 10 items for section 911
[2025-03-15T01:55:50.551Z] [INFO] Successfully inserted items for section 911
[2025-03-15T01:55:50.551Z] [INFO] Inserting 13 items for section 912
[2025-03-15T01:55:50.603Z] [INFO] Successfully inserted items for section 912
[2025-03-15T01:55:50.604Z] [INFO] Inserting 6 items for section 913
[2025-03-15T01:55:50.655Z] [INFO] Successfully inserted items for section 913
[2025-03-15T01:55:51.100Z] [INFO] Completed processing file: history.md
[2025-03-15T01:55:51.101Z] [INFO] Processing file: imaging.md
[2025-03-15T01:55:51.152Z] [INFO] Inserted section: Chest X-ray (ID: 914)
[2025-03-15T01:55:51.214Z] [INFO] Inserted section: Head CT (ID: 915)
[2025-03-15T01:55:51.262Z] [INFO] Inserted section: CT Pulmonary Angiogram (ID: 916)
[2025-03-15T01:55:51.314Z] [INFO] Inserted section: CT Abdomen/Pelvis (ID: 917)
[2025-03-15T01:55:51.361Z] [INFO] Inserted section: CT Angiogram of Chest (ID: 918)
[2025-03-15T01:55:51.411Z] [INFO] Inserted section: MRI Brain (ID: 919)
[2025-03-15T01:55:51.456Z] [INFO] Inserted section: MR Angiography (ID: 920)
[2025-03-15T01:55:51.505Z] [INFO] Inserted section: Carotid Ultrasound (ID: 921)
[2025-03-15T01:55:51.549Z] [INFO] Inserted section: Abdominal Ultrasound (ID: 922)
[2025-03-15T01:55:51.597Z] [INFO] Inserted section: Pelvic Ultrasound (if applicable) (ID: 923)
[2025-03-15T01:55:51.597Z] [INFO] Inserting 81 items for section 923
[2025-03-15T01:55:51.597Z] [INFO] Inserting 11 items for section 914
[2025-03-15T01:55:51.650Z] [INFO] Successfully inserted items for section 914
[2025-03-15T01:55:51.650Z] [INFO] Inserting 9 items for section 915
[2025-03-15T01:55:51.698Z] [INFO] Successfully inserted items for section 915
[2025-03-15T01:55:51.698Z] [INFO] Inserting 10 items for section 916
[2025-03-15T01:55:51.744Z] [INFO] Successfully inserted items for section 916
[2025-03-15T01:55:51.744Z] [INFO] Inserting 9 items for section 917
[2025-03-15T01:55:51.790Z] [INFO] Successfully inserted items for section 917
[2025-03-15T01:55:51.790Z] [INFO] Inserting 6 items for section 918
[2025-03-15T01:55:51.837Z] [INFO] Successfully inserted items for section 918
[2025-03-15T01:55:51.837Z] [INFO] Inserting 8 items for section 919
[2025-03-15T01:55:51.885Z] [INFO] Successfully inserted items for section 919
[2025-03-15T01:55:51.885Z] [INFO] Inserting 8 items for section 920
[2025-03-15T01:55:51.934Z] [INFO] Successfully inserted items for section 920
[2025-03-15T01:55:51.934Z] [INFO] Inserting 6 items for section 921
[2025-03-15T01:55:51.981Z] [INFO] Successfully inserted items for section 921
[2025-03-15T01:55:51.982Z] [INFO] Inserting 6 items for section 922
[2025-03-15T01:55:52.029Z] [INFO] Successfully inserted items for section 922
[2025-03-15T01:55:52.029Z] [INFO] Inserting 8 items for section 923
[2025-03-15T01:55:52.097Z] [INFO] Successfully inserted items for section 923
[2025-03-15T01:55:52.298Z] [ERROR] Error processing file /Users/lucas/Documents/markdown_1-185/1-18/Ch11_Syncope/imaging.md: null value in column "item_text" of relation "checklist_items" violates not-null constraint
[2025-03-15T01:55:52.298Z] [INFO] Processing file: lab-studies.md
[2025-03-15T01:55:52.350Z] [INFO] Inserted section: Complete Blood Count (ID: 924)
[2025-03-15T01:55:52.395Z] [INFO] Inserted section: Basic Metabolic Panel (ID: 925)
[2025-03-15T01:55:52.443Z] [INFO] Inserted section: Cardiac Biomarkers (ID: 926)
[2025-03-15T01:55:52.490Z] [INFO] Inserted section: Coagulation Studies (ID: 927)
[2025-03-15T01:55:52.538Z] [INFO] Inserted section: Additional Electrolytes (ID: 928)
[2025-03-15T01:55:52.610Z] [INFO] Inserted section: Liver Function Tests (ID: 929)
[2025-03-15T01:55:52.659Z] [INFO] Inserted section: Toxicology Screen (ID: 930)
[2025-03-15T01:55:52.713Z] [INFO] Inserted section: Pregnancy Test (ID: 931)
[2025-03-15T01:55:52.762Z] [INFO] Inserted section: Thyroid Function Tests (ID: 932)
[2025-03-15T01:55:52.812Z] [INFO] Inserted section: Arterial Blood Gas (ID: 933)
[2025-03-15T01:55:52.862Z] [INFO] Inserted section: Urinalysis (ID: 934)
[2025-03-15T01:55:52.910Z] [INFO] Inserted section: Other Laboratory Tests (ID: 935)
[2025-03-15T01:55:52.910Z] [INFO] Inserting 70 items for section 935
[2025-03-15T01:55:52.910Z] [INFO] Inserting 6 items for section 924
[2025-03-15T01:55:52.962Z] [INFO] Successfully inserted items for section 924
[2025-03-15T01:55:52.962Z] [INFO] Inserting 10 items for section 925
[2025-03-15T01:55:53.008Z] [INFO] Successfully inserted items for section 925
[2025-03-15T01:55:53.009Z] [INFO] Inserting 7 items for section 926
[2025-03-15T01:55:53.066Z] [INFO] Successfully inserted items for section 926
[2025-03-15T01:55:53.066Z] [INFO] Inserting 5 items for section 927
[2025-03-15T01:55:53.115Z] [INFO] Successfully inserted items for section 927
[2025-03-15T01:55:53.115Z] [INFO] Inserting 2 items for section 928
[2025-03-15T01:55:53.164Z] [INFO] Successfully inserted items for section 928
[2025-03-15T01:55:53.164Z] [INFO] Inserting 7 items for section 929
[2025-03-15T01:55:53.218Z] [INFO] Successfully inserted items for section 929
[2025-03-15T01:55:53.218Z] [INFO] Inserting 4 items for section 930
[2025-03-15T01:55:53.264Z] [INFO] Successfully inserted items for section 930
[2025-03-15T01:55:53.264Z] [INFO] Inserting 3 items for section 931
[2025-03-15T01:55:53.310Z] [INFO] Successfully inserted items for section 931
[2025-03-15T01:55:53.310Z] [INFO] Inserting 4 items for section 932
[2025-03-15T01:55:53.357Z] [INFO] Successfully inserted items for section 932
[2025-03-15T01:55:53.357Z] [INFO] Inserting 8 items for section 933
[2025-03-15T01:55:53.403Z] [INFO] Successfully inserted items for section 933
[2025-03-15T01:55:53.403Z] [INFO] Inserting 10 items for section 934
[2025-03-15T01:55:53.456Z] [INFO] Successfully inserted items for section 934
[2025-03-15T01:55:53.456Z] [INFO] Inserting 4 items for section 935
[2025-03-15T01:55:53.524Z] [INFO] Successfully inserted items for section 935
[2025-03-15T01:55:54.119Z] [INFO] Completed processing file: lab-studies.md
[2025-03-15T01:55:54.119Z] [INFO] Processing file: medications.md
[2025-03-15T01:55:54.166Z] [INFO] Inserted section: Vasodilators (ID: 936)
[2025-03-15T01:55:54.212Z] [INFO] Inserted section: Diuretics (ID: 937)
[2025-03-15T01:55:54.265Z] [INFO] Inserted section: Central Antihypertensives (ID: 938)
[2025-03-15T01:55:54.316Z] [INFO] Inserted section: QT-Prolonging Agents (ID: 939)
[2025-03-15T01:55:54.371Z] [INFO] Inserted section: Psychoactive Agents (ID: 940)
[2025-03-15T01:55:54.422Z] [INFO] Inserted section: Other Medications (ID: 941)
[2025-03-15T01:55:54.476Z] [INFO] Inserted section: Recent Medication Changes (ID: 942)
[2025-03-15T01:55:54.525Z] [INFO] Inserted section: Medication Compliance (ID: 943)
[2025-03-15T01:55:54.526Z] [INFO] Inserting 47 items for section 943
[2025-03-15T01:55:54.526Z] [INFO] Inserting 8 items for section 936
[2025-03-15T01:55:54.579Z] [INFO] Successfully inserted items for section 936
[2025-03-15T01:55:54.579Z] [INFO] Inserting 3 items for section 937
[2025-03-15T01:55:54.625Z] [INFO] Successfully inserted items for section 937
[2025-03-15T01:55:54.625Z] [INFO] Inserting 2 items for section 938
[2025-03-15T01:55:54.670Z] [INFO] Successfully inserted items for section 938
[2025-03-15T01:55:54.670Z] [INFO] Inserting 5 items for section 939
[2025-03-15T01:55:54.719Z] [INFO] Successfully inserted items for section 939
[2025-03-15T01:55:54.719Z] [INFO] Inserting 12 items for section 940
[2025-03-15T01:55:54.773Z] [INFO] Successfully inserted items for section 940
[2025-03-15T01:55:54.773Z] [INFO] Inserting 7 items for section 941
[2025-03-15T01:55:54.832Z] [INFO] Successfully inserted items for section 941
[2025-03-15T01:55:54.833Z] [INFO] Inserting 5 items for section 942
[2025-03-15T01:55:54.884Z] [INFO] Successfully inserted items for section 942
[2025-03-15T01:55:54.884Z] [INFO] Inserting 5 items for section 943
[2025-03-15T01:55:54.949Z] [INFO] Successfully inserted items for section 943
[2025-03-15T01:55:55.351Z] [INFO] Completed processing file: medications.md
[2025-03-15T01:55:55.351Z] [INFO] Processing file: past-medical.md
[2025-03-15T01:55:55.403Z] [INFO] Inserted section: Cardiac History (ID: 944)
[2025-03-15T01:55:55.453Z] [INFO] Inserted section: Vascular History (ID: 945)
[2025-03-15T01:55:55.506Z] [INFO] Inserted section: Pulmonary History (ID: 946)
[2025-03-15T01:55:55.557Z] [INFO] Inserted section: Neurological History (ID: 947)
[2025-03-15T01:55:55.603Z] [INFO] Inserted section: Endocrine History (ID: 948)
[2025-03-15T01:55:55.649Z] [INFO] Inserted section: Hematologic History (ID: 949)
[2025-03-15T01:55:55.711Z] [INFO] Inserted section: Gastrointestinal History (ID: 950)
[2025-03-15T01:55:55.756Z] [INFO] Inserted section: Genitourinary History (ID: 951)
[2025-03-15T01:55:55.807Z] [INFO] Inserted section: Psychiatric History (ID: 952)
[2025-03-15T01:55:55.859Z] [INFO] Inserted section: Previous Episodes (ID: 953)
[2025-03-15T01:55:55.859Z] [INFO] Inserting 74 items for section 953
[2025-03-15T01:55:55.859Z] [INFO] Inserting 28 items for section 944
[2025-03-15T01:55:55.909Z] [INFO] Successfully inserted items for section 944
[2025-03-15T01:55:55.910Z] [INFO] Inserting 9 items for section 945
[2025-03-15T01:55:55.956Z] [INFO] Successfully inserted items for section 945
[2025-03-15T01:55:55.956Z] [INFO] Inserting 5 items for section 946
[2025-03-15T01:55:56.004Z] [INFO] Successfully inserted items for section 946
[2025-03-15T01:55:56.004Z] [INFO] Inserting 8 items for section 947
[2025-03-15T01:55:56.052Z] [INFO] Successfully inserted items for section 947
[2025-03-15T01:55:56.052Z] [INFO] Inserting 4 items for section 948
[2025-03-15T01:55:56.102Z] [INFO] Successfully inserted items for section 948
[2025-03-15T01:55:56.102Z] [INFO] Inserting 3 items for section 949
[2025-03-15T01:55:56.152Z] [INFO] Successfully inserted items for section 949
[2025-03-15T01:55:56.152Z] [INFO] Inserting 3 items for section 950
[2025-03-15T01:55:56.200Z] [INFO] Successfully inserted items for section 950
[2025-03-15T01:55:56.200Z] [INFO] Inserting 2 items for section 951
[2025-03-15T01:55:56.248Z] [INFO] Successfully inserted items for section 951
[2025-03-15T01:55:56.248Z] [INFO] Inserting 5 items for section 952
[2025-03-15T01:55:56.295Z] [INFO] Successfully inserted items for section 952
[2025-03-15T01:55:56.295Z] [INFO] Inserting 7 items for section 953
[2025-03-15T01:55:56.349Z] [INFO] Successfully inserted items for section 953
[2025-03-15T01:55:56.446Z] [ERROR] Error processing file /Users/lucas/Documents/markdown_1-185/1-18/Ch11_Syncope/past-medical.md: null value in column "item_text" of relation "checklist_items" violates not-null constraint
[2025-03-15T01:55:56.446Z] [INFO] Processing file: patient-education.md
[2025-03-15T01:55:56.491Z] [INFO] Inserted section: General Syncope Information (ID: 954)
[2025-03-15T01:55:56.543Z] [INFO] Inserted section: Safety Considerations (ID: 955)
[2025-03-15T01:55:56.588Z] [INFO] Inserted section: Specific Cause Education (if identified) (ID: 956)
[2025-03-15T01:55:56.642Z] [INFO] Inserted section: Prodromal Symptom Recognition (ID: 957)
[2025-03-15T01:55:56.689Z] [INFO] Inserted section: Physical Counterpressure Maneuvers (ID: 958)
[2025-03-15T01:55:56.736Z] [INFO] Inserted section: Lifestyle Modifications (ID: 959)
[2025-03-15T01:55:56.785Z] [INFO] Inserted section: Medication Education (ID: 960)
[2025-03-15T01:55:56.833Z] [INFO] Inserted section: Follow-up Care (ID: 961)
[2025-03-15T01:55:56.881Z] [INFO] Inserted section: Warning Signs Requiring Immediate Attention (ID: 962)
[2025-03-15T01:55:56.925Z] [INFO] Inserted section: Family Education (ID: 963)
[2025-03-15T01:55:56.925Z] [INFO] Inserting 66 items for section 963
[2025-03-15T01:55:56.925Z] [INFO] Inserting 6 items for section 954
[2025-03-15T01:55:56.971Z] [INFO] Successfully inserted items for section 954
[2025-03-15T01:55:56.971Z] [INFO] Inserting 8 items for section 955
[2025-03-15T01:55:57.022Z] [INFO] Successfully inserted items for section 955
[2025-03-15T01:55:57.022Z] [INFO] Inserting 7 items for section 956
[2025-03-15T01:55:57.068Z] [INFO] Successfully inserted items for section 956
[2025-03-15T01:55:57.068Z] [INFO] Inserting 5 items for section 957
[2025-03-15T01:55:57.118Z] [INFO] Successfully inserted items for section 957
[2025-03-15T01:55:57.118Z] [INFO] Inserting 5 items for section 958
[2025-03-15T01:55:57.168Z] [INFO] Successfully inserted items for section 958
[2025-03-15T01:55:57.168Z] [INFO] Inserting 8 items for section 959
[2025-03-15T01:55:57.216Z] [INFO] Successfully inserted items for section 959
[2025-03-15T01:55:57.216Z] [INFO] Inserting 6 items for section 960
[2025-03-15T01:55:57.266Z] [INFO] Successfully inserted items for section 960
[2025-03-15T01:55:57.266Z] [INFO] Inserting 7 items for section 961
[2025-03-15T01:55:57.318Z] [INFO] Successfully inserted items for section 961
[2025-03-15T01:55:57.318Z] [INFO] Inserting 8 items for section 962
[2025-03-15T01:55:57.380Z] [INFO] Successfully inserted items for section 962
[2025-03-15T01:55:57.380Z] [INFO] Inserting 6 items for section 963
[2025-03-15T01:55:57.427Z] [INFO] Successfully inserted items for section 963
[2025-03-15T01:55:57.911Z] [INFO] Completed processing file: patient-education.md
[2025-03-15T01:55:57.911Z] [INFO] Processing file: physical-exam.md
[2025-03-15T01:55:57.957Z] [INFO] Inserted section: Vital Signs (ID: 964)
[2025-03-15T01:55:58.009Z] [INFO] Inserted section: Orthostatic Vital Signs (ID: 965)
[2025-03-15T01:55:58.055Z] [INFO] Inserted section: General Appearance (ID: 966)
[2025-03-15T01:55:58.101Z] [INFO] Inserted section: Head, Eyes, Ears, Nose, Throat (ID: 967)
[2025-03-15T01:55:58.161Z] [INFO] Inserted section: Cardiovascular (ID: 968)
[2025-03-15T01:55:58.221Z] [INFO] Inserted section: Pulmonary (ID: 969)
[2025-03-15T01:55:58.273Z] [INFO] Inserted section: Abdominal (ID: 970)
[2025-03-15T01:55:58.320Z] [INFO] Inserted section: Neurological (ID: 971)
[2025-03-15T01:55:58.380Z] [INFO] Inserted section: Extremities (ID: 972)
[2025-03-15T01:55:58.431Z] [INFO] Inserted section: Skin (ID: 973)
[2025-03-15T01:55:58.481Z] [INFO] Inserted section: Rectal Examination (if indicated) (ID: 974)
[2025-03-15T01:55:58.481Z] [INFO] Inserting 107 items for section 974
[2025-03-15T01:55:58.481Z] [INFO] Inserting 6 items for section 964
[2025-03-15T01:55:58.529Z] [INFO] Successfully inserted items for section 964
[2025-03-15T01:55:58.529Z] [INFO] Inserting 10 items for section 965
[2025-03-15T01:55:58.574Z] [INFO] Successfully inserted items for section 965
[2025-03-15T01:55:58.574Z] [INFO] Inserting 6 items for section 966
[2025-03-15T01:55:58.624Z] [INFO] Successfully inserted items for section 966
[2025-03-15T01:55:58.624Z] [INFO] Inserting 9 items for section 967
[2025-03-15T01:55:58.677Z] [INFO] Successfully inserted items for section 967
[2025-03-15T01:55:58.677Z] [INFO] Inserting 19 items for section 968
[2025-03-15T01:55:58.729Z] [INFO] Successfully inserted items for section 968
[2025-03-15T01:55:58.730Z] [INFO] Inserting 7 items for section 969
[2025-03-15T01:55:58.777Z] [INFO] Successfully inserted items for section 969
[2025-03-15T01:55:58.777Z] [INFO] Inserting 12 items for section 970
[2025-03-15T01:55:58.822Z] [INFO] Successfully inserted items for section 970
[2025-03-15T01:55:58.822Z] [INFO] Inserting 20 items for section 971
[2025-03-15T01:55:58.869Z] [INFO] Successfully inserted items for section 971
[2025-03-15T01:55:58.870Z] [INFO] Inserting 7 items for section 972
[2025-03-15T01:55:58.917Z] [INFO] Successfully inserted items for section 972
[2025-03-15T01:55:58.917Z] [INFO] Inserting 8 items for section 973
[2025-03-15T01:55:58.966Z] [INFO] Successfully inserted items for section 973
[2025-03-15T01:55:58.966Z] [INFO] Inserting 3 items for section 974
[2025-03-15T01:55:59.028Z] [INFO] Successfully inserted items for section 974
[2025-03-15T01:55:59.336Z] [ERROR] Error processing file /Users/lucas/Documents/markdown_1-185/1-18/Ch11_Syncope/physical-exam.md: null value in column "item_text" of relation "checklist_items" violates not-null constraint
[2025-03-15T01:55:59.336Z] [INFO] Processing file: plan.md
[2025-03-15T01:55:59.388Z] [INFO] Inserted section: Immediate Management (ID: 975)
[2025-03-15T01:55:59.434Z] [INFO] Inserted section: Additional Testing (ID: 976)
[2025-03-15T01:55:59.481Z] [INFO] Inserted section: Medication Recommendations (ID: 977)
[2025-03-15T01:55:59.534Z] [INFO] Inserted section: Lifestyle Modifications (ID: 978)
[2025-03-15T01:55:59.580Z] [INFO] Inserted section: Cardiac Intervention Considerations (ID: 979)
[2025-03-15T01:55:59.629Z] [INFO] Inserted section: Follow-up Care (ID: 980)
[2025-03-15T01:55:59.674Z] [INFO] Inserted section: Preventive Measures (ID: 981)
[2025-03-15T01:55:59.724Z] [INFO] Inserted section: Special Considerations (ID: 982)
[2025-03-15T01:55:59.724Z] [INFO] Inserting 63 items for section 982
[2025-03-15T01:55:59.724Z] [INFO] Inserting 9 items for section 975
[2025-03-15T01:55:59.776Z] [INFO] Successfully inserted items for section 975
[2025-03-15T01:55:59.777Z] [INFO] Inserting 12 items for section 976
[2025-03-15T01:55:59.823Z] [INFO] Successfully inserted items for section 976
[2025-03-15T01:55:59.823Z] [INFO] Inserting 6 items for section 977
[2025-03-15T01:55:59.875Z] [INFO] Successfully inserted items for section 977
[2025-03-15T01:55:59.875Z] [INFO] Inserting 8 items for section 978
[2025-03-15T01:55:59.922Z] [INFO] Successfully inserted items for section 978
[2025-03-15T01:55:59.922Z] [INFO] Inserting 6 items for section 979
[2025-03-15T01:55:59.965Z] [INFO] Successfully inserted items for section 979
[2025-03-15T01:55:59.966Z] [INFO] Inserting 10 items for section 980
[2025-03-15T01:56:00.013Z] [INFO] Successfully inserted items for section 980
[2025-03-15T01:56:00.014Z] [INFO] Inserting 7 items for section 981
[2025-03-15T01:56:00.061Z] [INFO] Successfully inserted items for section 981
[2025-03-15T01:56:00.061Z] [INFO] Inserting 5 items for section 982
[2025-03-15T01:56:00.108Z] [INFO] Successfully inserted items for section 982
[2025-03-15T01:56:00.492Z] [INFO] Completed processing file: plan.md
[2025-03-15T01:56:00.494Z] [INFO] Processing file: review-systems.md
[2025-03-15T01:56:00.542Z] [INFO] Inserted section: Constitutional (ID: 983)
[2025-03-15T01:56:00.588Z] [INFO] Inserted section: Cardiovascular (ID: 984)
[2025-03-15T01:56:00.634Z] [INFO] Inserted section: Respiratory (ID: 985)
[2025-03-15T01:56:00.682Z] [INFO] Inserted section: Neurological (ID: 986)
[2025-03-15T01:56:00.728Z] [INFO] Inserted section: Gastrointestinal (ID: 987)
[2025-03-15T01:56:00.777Z] [INFO] Inserted section: Genitourinary (ID: 988)
[2025-03-15T01:56:00.838Z] [INFO] Inserted section: Psychiatric (ID: 989)
[2025-03-15T01:56:00.887Z] [INFO] Inserted section: Endocrine (ID: 990)
[2025-03-15T01:56:00.934Z] [INFO] Inserted section: Hematologic (ID: 991)
[2025-03-15T01:56:00.979Z] [INFO] Inserted section: Musculoskeletal (ID: 992)
[2025-03-15T01:56:01.028Z] [INFO] Inserted section: Ear, Nose, Throat (ID: 993)
[2025-03-15T01:56:01.073Z] [INFO] Inserted section: Eyes (ID: 994)
[2025-03-15T01:56:01.073Z] [INFO] Inserting 67 items for section 994
[2025-03-15T01:56:01.074Z] [INFO] Inserting 4 items for section 983
[2025-03-15T01:56:01.121Z] [INFO] Successfully inserted items for section 983
[2025-03-15T01:56:01.121Z] [INFO] Inserting 8 items for section 984
[2025-03-15T01:56:01.175Z] [INFO] Successfully inserted items for section 984
[2025-03-15T01:56:01.175Z] [INFO] Inserting 5 items for section 985
[2025-03-15T01:56:01.225Z] [INFO] Successfully inserted items for section 985
[2025-03-15T01:56:01.225Z] [INFO] Inserting 11 items for section 986
[2025-03-15T01:56:01.288Z] [INFO] Successfully inserted items for section 986
[2025-03-15T01:56:01.288Z] [INFO] Inserting 8 items for section 987
[2025-03-15T01:56:01.345Z] [INFO] Successfully inserted items for section 987
[2025-03-15T01:56:01.345Z] [INFO] Inserting 7 items for section 988
[2025-03-15T01:56:01.396Z] [INFO] Successfully inserted items for section 988
[2025-03-15T01:56:01.396Z] [INFO] Inserting 6 items for section 989
[2025-03-15T01:56:01.445Z] [INFO] Successfully inserted items for section 989
[2025-03-15T01:56:01.445Z] [INFO] Inserting 4 items for section 990
[2025-03-15T01:56:01.501Z] [INFO] Successfully inserted items for section 990
[2025-03-15T01:56:01.501Z] [INFO] Inserting 3 items for section 991
[2025-03-15T01:56:01.565Z] [INFO] Successfully inserted items for section 991
[2025-03-15T01:56:01.566Z] [INFO] Inserting 3 items for section 992
[2025-03-15T01:56:01.618Z] [INFO] Successfully inserted items for section 992
[2025-03-15T01:56:01.618Z] [INFO] Inserting 4 items for section 993
[2025-03-15T01:56:01.664Z] [INFO] Successfully inserted items for section 993
[2025-03-15T01:56:01.665Z] [INFO] Inserting 4 items for section 994
[2025-03-15T01:56:01.723Z] [INFO] Successfully inserted items for section 994
[2025-03-15T01:56:02.341Z] [INFO] Completed processing file: review-systems.md
[2025-03-15T01:56:02.341Z] [INFO] Processing file: risk-factors.md
[2025-03-15T01:56:02.397Z] [INFO] Inserted section: Demographic Risk Factors (ID: 995)
[2025-03-15T01:56:02.443Z] [INFO] Inserted section: Cardiac Risk Factors (ID: 996)
[2025-03-15T01:56:02.490Z] [INFO] Inserted section: Vascular Risk Factors (ID: 997)
[2025-03-15T01:56:02.537Z] [INFO] Inserted section: Pulmonary Embolism Risk Factors (ID: 998)
[2025-03-15T01:56:02.584Z] [INFO] Inserted section: Orthostatic Hypotension Risk Factors (ID: 999)
[2025-03-15T01:56:02.630Z] [INFO] Inserted section: Canadian Syncope Risk Score Factors (ID: 1000)
[2025-03-15T01:56:02.690Z] [INFO] Inserted section: San Francisco Syncope Rule Factors (ID: 1001)
[2025-03-15T01:56:02.739Z] [INFO] Inserted section: FAINT Score Factors (ID: 1002)
[2025-03-15T01:56:02.739Z] [INFO] Inserting 63 items for section 1002
[2025-03-15T01:56:02.740Z] [INFO] Inserting 3 items for section 995
[2025-03-15T01:56:02.806Z] [INFO] Successfully inserted items for section 995
[2025-03-15T01:56:02.806Z] [INFO] Inserting 15 items for section 996
[2025-03-15T01:56:02.863Z] [INFO] Successfully inserted items for section 996
[2025-03-15T01:56:02.863Z] [INFO] Inserting 9 items for section 997
[2025-03-15T01:56:02.914Z] [INFO] Successfully inserted items for section 997
[2025-03-15T01:56:02.914Z] [INFO] Inserting 10 items for section 998
[2025-03-15T01:56:02.970Z] [INFO] Successfully inserted items for section 998
[2025-03-15T01:56:02.970Z] [INFO] Inserting 7 items for section 999
[2025-03-15T01:56:03.022Z] [INFO] Successfully inserted items for section 999
[2025-03-15T01:56:03.022Z] [INFO] Inserting 9 items for section 1000
[2025-03-15T01:56:03.074Z] [INFO] Successfully inserted items for section 1000
[2025-03-15T01:56:03.074Z] [INFO] Inserting 5 items for section 1001
[2025-03-15T01:56:03.139Z] [INFO] Successfully inserted items for section 1001
[2025-03-15T01:56:03.139Z] [INFO] Inserting 5 items for section 1002
[2025-03-15T01:56:03.196Z] [INFO] Successfully inserted items for section 1002
[2025-03-15T01:56:03.592Z] [INFO] Completed processing file: risk-factors.md
[2025-03-15T01:56:03.592Z] [INFO] Processing file: special-tests.md
[2025-03-15T01:56:03.640Z] [INFO] Inserted section: Bedside Ultrasonography (ID: 1003)
[2025-03-15T01:56:03.684Z] [INFO] Inserted section: Tilt Table Test (ID: 1004)
[2025-03-15T01:56:03.733Z] [INFO] Inserted section: Carotid Sinus Massage (ID: 1005)
[2025-03-15T01:56:03.779Z] [INFO] Inserted section: Stress Test (ID: 1006)
[2025-03-15T01:56:03.834Z] [INFO] Inserted section: Ambulatory Cardiac Monitoring (ID: 1007)
[2025-03-15T01:56:03.881Z] [INFO] Inserted section: Electroencephalogram (EEG) (ID: 1008)
[2025-03-15T01:56:03.928Z] [INFO] Inserted section: Cardiac Catheterization (ID: 1009)
[2025-03-15T01:56:03.974Z] [INFO] Inserted section: Electrophysiology Study (ID: 1010)
[2025-03-15T01:56:03.974Z] [INFO] Inserting 90 items for section 1010
[2025-03-15T01:56:03.974Z] [INFO] Inserting 19 items for section 1003
[2025-03-15T01:56:04.030Z] [INFO] Successfully inserted items for section 1003
[2025-03-15T01:56:04.030Z] [INFO] Inserting 14 items for section 1004
[2025-03-15T01:56:04.093Z] [INFO] Successfully inserted items for section 1004
[2025-03-15T01:56:04.093Z] [INFO] Inserting 12 items for section 1005
[2025-03-15T01:56:04.143Z] [INFO] Successfully inserted items for section 1005
[2025-03-15T01:56:04.143Z] [INFO] Inserting 11 items for section 1006
[2025-03-15T01:56:04.191Z] [INFO] Successfully inserted items for section 1006
[2025-03-15T01:56:04.191Z] [INFO] Inserting 14 items for section 1007
[2025-03-15T01:56:04.247Z] [INFO] Successfully inserted items for section 1007
[2025-03-15T01:56:04.247Z] [INFO] Inserting 7 items for section 1008
[2025-03-15T01:56:04.303Z] [INFO] Successfully inserted items for section 1008
[2025-03-15T01:56:04.303Z] [INFO] Inserting 7 items for section 1009
[2025-03-15T01:56:04.353Z] [INFO] Successfully inserted items for section 1009
[2025-03-15T01:56:04.353Z] [INFO] Inserting 6 items for section 1010
[2025-03-15T01:56:04.408Z] [INFO] Successfully inserted items for section 1010
[2025-03-15T01:56:04.535Z] [ERROR] Error processing file /Users/lucas/Documents/markdown_1-185/1-18/Ch11_Syncope/special-tests.md: null value in column "item_text" of relation "checklist_items" violates not-null constraint
[2025-03-15T01:56:04.536Z] [INFO] Completed processing chapter: Ch11_Syncope
[2025-03-15T01:56:04.536Z] [INFO] Migration completed: 1 chapters processed successfully, 0 chapters had errors
