[2025-03-19T18:32:48.723Z] [INFO] Starting migration...
[2025-03-19T18:32:48.724Z] [INFO] Ensuring database schema has required columns...
[2025-03-19T18:32:48.845Z] [WARN] Warning: Could not verify schema columns. If they do not exist, the migration may fail.
[2025-03-19T18:32:48.845Z] [WARN] Error details: Could not find the function public.execute_sql(sql_query) in the schema cache
[2025-03-19T18:32:48.846Z] [INFO] Inserting categories...
[2025-03-19T18:32:48.944Z] [INFO] All categories already exist, skipping insertion
[2025-03-19T18:32:48.945Z] [INFO] Found 1 chapter directories to process
[2025-03-19T18:32:48.945Z] [INFO] Processing chapter: Ch13_Confusion
[2025-03-19T18:32:49.048Z] [INFO] Inserted/updated chapter: Confusion (ID: 571)
[2025-03-19T18:32:49.049Z] [INFO] Processing file: history.md
[2025-03-19T18:32:49.110Z] [INFO] Inserted/updated section: Chief Complaint (ID: 1212)
[2025-03-19T18:32:49.166Z] [INFO] Inserted item: "Confusion..." (ID: 8856, indent: 0)
[2025-03-19T18:32:49.234Z] [INFO] Inserted item: "Delirium..." (ID: 8857, indent: 0)
[2025-03-19T18:32:49.292Z] [INFO] Inserted item: "Altered mental status..." (ID: 8858, indent: 0)
[2025-03-19T18:32:49.365Z] [INFO] Inserted item: "Acute impairment in higher cer..." (ID: 8859, indent: 0)
[2025-03-19T18:32:49.426Z] [INFO] Inserted/updated section: Duration/Onset (ID: 1213)
[2025-03-19T18:32:49.489Z] [INFO] Inserted item: "Acute onset (over hours or day..." (ID: 8860, indent: 0)
[2025-03-19T18:32:49.550Z] [INFO] Inserted item: "Duration: _____..." (ID: 8861, indent: 0)
[2025-03-19T18:32:49.605Z] [INFO] Inserted item: "Fluctuating course..." (ID: 8862, indent: 0)
[2025-03-19T18:32:49.657Z] [INFO] Inserted item: "Persistence for weeks..." (ID: 8863, indent: 0)
[2025-03-19T18:32:49.710Z] [INFO] Inserted/updated section: O - Onset (ID: 1214)
[2025-03-19T18:32:49.765Z] [INFO] Inserted item: "Reported by caregivers/family ..." (ID: 8864, indent: 0)
[2025-03-19T18:32:49.818Z] [INFO] Inserted item: "Time when patient last exhibit..." (ID: 8865, indent: 0)
[2025-03-19T18:32:49.872Z] [INFO] Inserted/updated section: P - Provocation/Palliation (ID: 1215)
[2025-03-19T18:32:49.924Z] [INFO] Inserted item: "Recent changes in medications..." (ID: 8866, indent: 0)
[2025-03-19T18:32:49.975Z] [INFO] Inserted item: "Recent illnesses..." (ID: 8867, indent: 0)
[2025-03-19T18:32:50.039Z] [INFO] Inserted item: "Environmental factors (specify..." (ID: 8868, indent: 0)
[2025-03-19T18:32:50.099Z] [INFO] Inserted/updated section: Q - Quality (ID: 1216)
[2025-03-19T18:32:50.158Z] [INFO] Inserted item: "Incoherent speech..." (ID: 8869, indent: 0)
[2025-03-19T18:32:50.214Z] [INFO] Inserted item: "Disorientation..." (ID: 8870, indent: 0)
[2025-03-19T18:32:50.276Z] [INFO] Inserted item: "Hallucinations (primarily visu..." (ID: 8871, indent: 0)
[2025-03-19T18:32:50.338Z] [INFO] Inserted item: "Visuospatial disturbances..." (ID: 8872, indent: 0)
[2025-03-19T18:32:50.389Z] [INFO] Inserted item: ""Not being right"..." (ID: 8873, indent: 0)
[2025-03-19T18:32:50.442Z] [INFO] Inserted/updated section: R - Region/Radiation (ID: 1217)
[2025-03-19T18:32:50.494Z] [INFO] Inserted item: "Global cognitive impairment..." (ID: 8874, indent: 0)
[2025-03-19T18:32:50.552Z] [INFO] Inserted item: "Memory disturbance..." (ID: 8875, indent: 0)
[2025-03-19T18:32:50.616Z] [INFO] Inserted item: "Attention disturbance..." (ID: 8876, indent: 0)
[2025-03-19T18:32:50.664Z] [INFO] Inserted item: "Awareness disturbance..." (ID: 8877, indent: 0)
[2025-03-19T18:32:50.727Z] [INFO] Inserted/updated section: S - Severity (ID: 1218)
[2025-03-19T18:32:50.783Z] [INFO] Inserted item: "Mild disturbances of short-ter..." (ID: 8878, indent: 0)
[2025-03-19T18:32:50.847Z] [INFO] Inserted item: "Global inability to relate to ..." (ID: 8879, indent: 0)
[2025-03-19T18:32:50.907Z] [INFO] Inserted item: "Inability to process sensory i..." (ID: 8880, indent: 0)
[2025-03-19T18:32:50.962Z] [INFO] Inserted/updated section: T - Timing (ID: 1219)
[2025-03-19T18:32:51.020Z] [INFO] Inserted item: "Fluctuating over time..." (ID: 8881, indent: 0)
[2025-03-19T18:32:51.087Z] [INFO] Inserted item: "Previous episodes with spontan..." (ID: 8882, indent: 0)
[2025-03-19T18:32:51.148Z] [INFO] Inserted/updated section: Associated Symptoms (ID: 1220)
[2025-03-19T18:32:51.204Z] [INFO] Inserted item: "Increased anxiety..." (ID: 8883, indent: 0)
[2025-03-19T18:32:51.252Z] [INFO] Inserted item: "Ill-defined delusions of harmf..." (ID: 8884, indent: 0)
[2025-03-19T18:32:51.300Z] [INFO] Inserted item: "Visual hallucinations..." (ID: 8885, indent: 0)
[2025-03-19T18:32:51.354Z] [INFO] Inserted item: "Changes in level of consciousn..." (ID: 8886, indent: 0)
[2025-03-19T18:32:51.404Z] [INFO] Inserted item: "Rate of speech changes:..." (ID: 8887, indent: 0)
[2025-03-19T18:32:51.457Z] [INFO] Inserted item: "Rapid speech..." (ID: 8888, indent: 1)
[2025-03-19T18:32:51.518Z] [INFO] Inserted item: "Slowed speech..." (ID: 8889, indent: 1)
[2025-03-19T18:32:51.519Z] [INFO] Completed processing file: history.md
[2025-03-19T18:32:51.519Z] [INFO] Processing file: alarm-features.md
[2025-03-19T18:32:51.586Z] [INFO] Inserted/updated section: Critical Causes (Require Immediate Intervention) (ID: 1221)
[2025-03-19T18:32:51.660Z] [INFO] Inserted item: "Hypoxia..." (ID: 8890, indent: 0)
[2025-03-19T18:32:51.726Z] [INFO] Inserted item: "Hypoventilation..." (ID: 8891, indent: 0)
[2025-03-19T18:32:51.794Z] [INFO] Inserted item: "Hypoglycemia..." (ID: 8892, indent: 0)
[2025-03-19T18:32:51.844Z] [INFO] Inserted item: "Delirium tremens..." (ID: 8893, indent: 0)
[2025-03-19T18:32:51.899Z] [INFO] Inserted/updated section: Emergent Causes (Primary Intracranial Disease) (ID: 1222)
[2025-03-19T18:32:51.949Z] [INFO] Inserted item: "Seizure..." (ID: 8894, indent: 0)
[2025-03-19T18:32:52.007Z] [INFO] Inserted item: "Nonconvulsive status epileptic..." (ID: 8895, indent: 0)
[2025-03-19T18:32:52.065Z] [INFO] Inserted item: "Traumatic brain injury..." (ID: 8896, indent: 0)
[2025-03-19T18:32:52.124Z] [INFO] Inserted item: "Hypertensive encephalopathy..." (ID: 8897, indent: 0)
[2025-03-19T18:32:52.188Z] [INFO] Inserted/updated section: Emergent Causes (Systemic Diseases) (ID: 1223)
[2025-03-19T18:32:52.239Z] [INFO] Inserted item: "Sepsis..." (ID: 8898, indent: 0)
[2025-03-19T18:32:52.291Z] [INFO] Inserted item: "Hepatic encephalopathy..." (ID: 8899, indent: 0)
[2025-03-19T18:32:52.345Z] [INFO] Inserted item: "Uremia/renal failure..." (ID: 8900, indent: 0)
[2025-03-19T18:32:52.397Z] [INFO] Inserted item: "Hyperthermia..." (ID: 8901, indent: 0)
[2025-03-19T18:32:52.451Z] [INFO] Inserted item: "Hypothermia..." (ID: 8902, indent: 0)
[2025-03-19T18:32:52.508Z] [INFO] Inserted item: "Endocrinopathy..." (ID: 8903, indent: 0)
[2025-03-19T18:32:52.563Z] [INFO] Inserted item: "Nutritional deficiency..." (ID: 8904, indent: 0)
[2025-03-19T18:32:52.615Z] [INFO] Inserted/updated section: Emergent Causes (Exogenous Toxins) (ID: 1224)
[2025-03-19T18:32:52.667Z] [INFO] Inserted item: "Sedatives/hallucinogens..." (ID: 8905, indent: 0)
[2025-03-19T18:32:52.725Z] [INFO] Inserted item: "Ethanol/toxic alcohols..." (ID: 8906, indent: 0)
[2025-03-19T18:32:52.779Z] [INFO] Inserted item: "Narcotics..." (ID: 8907, indent: 0)
[2025-03-19T18:32:52.848Z] [INFO] Inserted item: "Antihistamines..." (ID: 8908, indent: 0)
[2025-03-19T18:32:52.905Z] [INFO] Inserted/updated section: Emergent Causes (Drug Withdrawal) (ID: 1225)
[2025-03-19T18:32:52.964Z] [INFO] Inserted item: "Alcohol withdrawal..." (ID: 8909, indent: 0)
[2025-03-19T18:32:53.027Z] [INFO] Inserted item: "Drugs of abuse withdrawal..." (ID: 8910, indent: 0)
[2025-03-19T18:32:53.083Z] [INFO] Inserted/updated section: Neurological Red Flags (ID: 1226)
[2025-03-19T18:32:53.143Z] [INFO] Inserted item: "Postictal state not resolving ..." (ID: 8911, indent: 0)
[2025-03-19T18:32:53.197Z] [INFO] Inserted item: "Focal neurologic deficits..." (ID: 8912, indent: 0)
[2025-03-19T18:32:53.253Z] [INFO] Inserted item: "Signs of increased intracrania..." (ID: 8913, indent: 0)
[2025-03-19T18:32:53.253Z] [INFO] Completed processing file: alarm-features.md
[2025-03-19T18:32:53.253Z] [INFO] Processing file: medications.md
[2025-03-19T18:32:53.314Z] [INFO] Inserted/updated section: Medication History (ID: 1227)
[2025-03-19T18:32:53.372Z] [INFO] Inserted item: "Recent medication changes..." (ID: 8914, indent: 0)
[2025-03-19T18:32:53.429Z] [INFO] Inserted item: "History of benzodiazepine use/..." (ID: 8915, indent: 0)
[2025-03-19T18:32:53.483Z] [INFO] Inserted item: "History of alcohol use/cessati..." (ID: 8916, indent: 0)
[2025-03-19T18:32:53.539Z] [INFO] Inserted/updated section: Medications Potentially Causing Confusion (ID: 1228)
[2025-03-19T18:32:53.589Z] [INFO] Inserted item: "Sedatives..." (ID: 8917, indent: 0)
[2025-03-19T18:32:53.640Z] [INFO] Inserted item: "Hallucinogens..." (ID: 8918, indent: 0)
[2025-03-19T18:32:53.696Z] [INFO] Inserted item: "Narcotics..." (ID: 8919, indent: 0)
[2025-03-19T18:32:53.750Z] [INFO] Inserted item: "Antihistamines..." (ID: 8920, indent: 0)
[2025-03-19T18:32:53.802Z] [INFO] Inserted item: "Other (specify): _____..." (ID: 8921, indent: 0)
[2025-03-19T18:32:53.854Z] [INFO] Inserted/updated section: Medication For Management (ID: 1229)
[2025-03-19T18:32:53.905Z] [INFO] Inserted item: "Antipsychotics..." (ID: 8922, indent: 0)
[2025-03-19T18:32:53.956Z] [INFO] Inserted item: "Haloperidol 1-5 mg..." (ID: 8923, indent: 1)
[2025-03-19T18:32:54.017Z] [INFO] Inserted item: "Maximum daily dose: _____ mg (..." (ID: 8924, indent: 1)
[2025-03-19T18:32:54.068Z] [INFO] Inserted item: "Contraindicated in Parkinson's..." (ID: 8925, indent: 1)
[2025-03-19T18:32:54.120Z] [INFO] Inserted item: "Atypical antipsychotics:..." (ID: 8926, indent: 0)
[2025-03-19T18:32:54.178Z] [INFO] Inserted item: "Quetiapine 25-50 mg PO..." (ID: 8927, indent: 1)
[2025-03-19T18:32:54.232Z] [INFO] Inserted item: "Administered: _____ times dail..." (ID: 8928, indent: 1)
[2025-03-19T18:32:54.286Z] [INFO] Inserted item: "Olanzapine 5-10 mg IM..." (ID: 8929, indent: 1)
[2025-03-19T18:32:54.338Z] [INFO] Inserted item: "Administered: _____ hours (eve..." (ID: 8930, indent: 1)
[2025-03-19T18:32:54.402Z] [INFO] Inserted item: "Maximum daily dose: _____ mg (..." (ID: 8931, indent: 1)
[2025-03-19T18:32:54.455Z] [INFO] Inserted/updated section: Other Treatment Medications (ID: 1230)
[2025-03-19T18:32:54.515Z] [INFO] Inserted item: "Dextrose for hypoglycemia..." (ID: 8932, indent: 0)
[2025-03-19T18:32:54.581Z] [INFO] Inserted item: "D50: _____ mL..." (ID: 8933, indent: 1)
[2025-03-19T18:32:54.642Z] [INFO] Inserted item: "D10: _____ mL..." (ID: 8934, indent: 1)
[2025-03-19T18:32:54.697Z] [INFO] Inserted item: "Thiamine..." (ID: 8935, indent: 0)
[2025-03-19T18:32:54.766Z] [INFO] Inserted item: "100 mg IV..." (ID: 8936, indent: 1)
[2025-03-19T18:32:54.826Z] [INFO] Inserted item: "Benzodiazepines (for alcohol w..." (ID: 8937, indent: 0)
[2025-03-19T18:32:54.876Z] [INFO] Inserted item: "Type: _____..." (ID: 8938, indent: 1)
[2025-03-19T18:32:54.927Z] [INFO] Inserted item: "Dose: _____..." (ID: 8939, indent: 1)
[2025-03-19T18:32:54.989Z] [INFO] Inserted item: "Empirical antibiotics..." (ID: 8940, indent: 0)
[2025-03-19T18:32:55.048Z] [INFO] Inserted item: "Type: _____..." (ID: 8941, indent: 1)
[2025-03-19T18:32:55.105Z] [INFO] Inserted item: "Dose: _____..." (ID: 8942, indent: 1)
[2025-03-19T18:32:55.154Z] [INFO] Inserted item: "Antiepileptics (e.g., levetira..." (ID: 8943, indent: 0)
[2025-03-19T18:32:55.209Z] [INFO] Inserted item: "Dose: _____..." (ID: 8944, indent: 1)
[2025-03-19T18:32:55.262Z] [INFO] Inserted item: "Migraine treatments (e.g., pro..." (ID: 8945, indent: 0)
[2025-03-19T18:32:55.315Z] [INFO] Inserted item: "Dose: _____..." (ID: 8946, indent: 1)
[2025-03-19T18:32:55.316Z] [INFO] Completed processing file: medications.md
[2025-03-19T18:32:55.317Z] [INFO] Processing file: diet.md
[2025-03-19T18:32:55.375Z] [INFO] Inserted/updated section: Nutrition Status (ID: 1231)
[2025-03-19T18:32:55.445Z] [INFO] Inserted item: "Nutritional deficiency suspect..." (ID: 8947, indent: 0)
[2025-03-19T18:32:55.501Z] [INFO] Inserted item: "Recent dietary changes: _____..." (ID: 8948, indent: 0)
[2025-03-19T18:32:55.552Z] [INFO] Inserted item: "Ability to take oral intake: _..." (ID: 8949, indent: 0)
[2025-03-19T18:32:55.605Z] [INFO] Inserted/updated section: Dietary Considerations (ID: 1232)
[2025-03-19T18:32:55.662Z] [INFO] Inserted item: "Special diet required: _____..." (ID: 8950, indent: 0)
[2025-03-19T18:32:55.718Z] [INFO] Inserted item: "NPO (Nothing by mouth) status:..." (ID: 8951, indent: 0)
[2025-03-19T18:32:55.772Z] [INFO] Inserted item: "Dysphagia precautions needed: ..." (ID: 8952, indent: 0)
[2025-03-19T18:32:55.773Z] [INFO] Completed processing file: diet.md
[2025-03-19T18:32:55.773Z] [INFO] Processing file: review-systems.md
[2025-03-19T18:32:55.834Z] [INFO] Inserted/updated section: Neurological (ID: 1233)
[2025-03-19T18:32:55.892Z] [INFO] Inserted item: "Memory impairment..." (ID: 8953, indent: 0)
[2025-03-19T18:32:55.946Z] [INFO] Inserted item: "Attention disturbances..." (ID: 8954, indent: 0)
[2025-03-19T18:32:56.011Z] [INFO] Inserted item: "Awareness disturbances..." (ID: 8955, indent: 0)
[2025-03-19T18:32:56.073Z] [INFO] Inserted item: "Disorientation..." (ID: 8956, indent: 0)
[2025-03-19T18:32:56.126Z] [INFO] Inserted item: "Fluctuating level of conscious..." (ID: 8957, indent: 0)
[2025-03-19T18:32:56.181Z] [INFO] Inserted item: "Visual hallucinations..." (ID: 8958, indent: 0)
[2025-03-19T18:32:56.251Z] [INFO] Inserted item: "Tactile hallucinations..." (ID: 8959, indent: 0)
[2025-03-19T18:32:56.304Z] [INFO] Inserted item: "Delusions..." (ID: 8960, indent: 0)
[2025-03-19T18:32:56.358Z] [INFO] Inserted item: "Incoherent speech..." (ID: 8961, indent: 0)
[2025-03-19T18:32:56.437Z] [INFO] Inserted item: "History of seizures..." (ID: 8962, indent: 0)
[2025-03-19T18:32:56.494Z] [INFO] Inserted item: "History of migraines..." (ID: 8963, indent: 0)
[2025-03-19T18:32:56.549Z] [INFO] Inserted/updated section: Psychiatric (ID: 1234)
[2025-03-19T18:32:56.601Z] [INFO] Inserted item: "Pre-existing psychiatric diagn..." (ID: 8964, indent: 0)
[2025-03-19T18:32:56.657Z] [INFO] Inserted item: "Schizophrenia..." (ID: 8965, indent: 1)
[2025-03-19T18:32:56.716Z] [INFO] Inserted item: "Bipolar disorder..." (ID: 8966, indent: 1)
[2025-03-19T18:32:56.771Z] [INFO] Inserted item: "Major depressive disorder..." (ID: 8967, indent: 1)
[2025-03-19T18:32:56.819Z] [INFO] Inserted item: "Auditory hallucinations (sugge..." (ID: 8968, indent: 0)
[2025-03-19T18:32:56.867Z] [INFO] Inserted/updated section: Respiratory (ID: 1235)
[2025-03-19T18:32:56.928Z] [INFO] Inserted item: "Hypoxia..." (ID: 8969, indent: 0)
[2025-03-19T18:32:56.979Z] [INFO] Inserted item: "Hypoventilation..." (ID: 8970, indent: 0)
[2025-03-19T18:32:57.029Z] [INFO] Inserted item: "Hypercarbia..." (ID: 8971, indent: 0)
[2025-03-19T18:32:57.081Z] [INFO] Inserted/updated section: Cardiovascular (ID: 1236)
[2025-03-19T18:32:57.134Z] [INFO] Inserted item: "Hypotension..." (ID: 8972, indent: 0)
[2025-03-19T18:32:57.184Z] [INFO] Inserted item: "Hypertension..." (ID: 8973, indent: 0)
[2025-03-19T18:32:57.267Z] [INFO] Inserted/updated section: Gastrointestinal (ID: 1237)
[2025-03-19T18:32:57.322Z] [INFO] Inserted item: "Liver dysfunction..." (ID: 8974, indent: 0)
[2025-03-19T18:32:57.380Z] [INFO] Inserted item: "Jaundice..." (ID: 8975, indent: 0)
[2025-03-19T18:32:57.433Z] [INFO] Inserted item: "Asterixis..." (ID: 8976, indent: 0)
[2025-03-19T18:32:57.501Z] [INFO] Inserted/updated section: Genitourinary (ID: 1238)
[2025-03-19T18:32:57.569Z] [INFO] Inserted item: "Dysuria..." (ID: 8977, indent: 0)
[2025-03-19T18:32:57.626Z] [INFO] Inserted item: "Urinary symptoms..." (ID: 8978, indent: 0)
[2025-03-19T18:32:57.684Z] [INFO] Inserted/updated section: Infectious (ID: 1239)
[2025-03-19T18:32:57.742Z] [INFO] Inserted item: "Fever..." (ID: 8979, indent: 0)
[2025-03-19T18:32:57.801Z] [INFO] Inserted item: "Signs of infection: _____..." (ID: 8980, indent: 0)
[2025-03-19T18:32:57.802Z] [INFO] Completed processing file: review-systems.md
[2025-03-19T18:32:57.802Z] [INFO] Processing file: collateral-history.md
[2025-03-19T18:32:57.854Z] [INFO] Inserted/updated section: Sources of Collateral Information (ID: 1240)
[2025-03-19T18:32:57.908Z] [INFO] Inserted item: "Family members..." (ID: 8981, indent: 0)
[2025-03-19T18:32:57.974Z] [INFO] Inserted item: "Caregivers..." (ID: 8982, indent: 0)
[2025-03-19T18:32:58.025Z] [INFO] Inserted item: "Physicians with established re..." (ID: 8983, indent: 0)
[2025-03-19T18:32:58.082Z] [INFO] Inserted item: "Other healthcare providers: __..." (ID: 8984, indent: 0)
[2025-03-19T18:32:58.149Z] [INFO] Inserted/updated section: Key Collateral Information (ID: 1241)
[2025-03-19T18:32:58.201Z] [INFO] Inserted item: "Baseline level of neurologic f..." (ID: 8985, indent: 0)
[2025-03-19T18:32:58.256Z] [INFO] Inserted item: "When patient last exhibited ba..." (ID: 8986, indent: 0)
[2025-03-19T18:32:58.304Z] [INFO] Inserted item: "Duration of current confusion:..." (ID: 8987, indent: 0)
[2025-03-19T18:32:58.358Z] [INFO] Inserted item: "Recent changes in medications..." (ID: 8988, indent: 0)
[2025-03-19T18:32:58.414Z] [INFO] Inserted item: "Recent illnesses..." (ID: 8989, indent: 0)
[2025-03-19T18:32:58.466Z] [INFO] Inserted item: "History of previous episodes t..." (ID: 8990, indent: 0)
[2025-03-19T18:32:58.525Z] [INFO] Inserted item: "Specific behaviors of concern ..." (ID: 8991, indent: 0)
[2025-03-19T18:32:58.573Z] [INFO] Inserted item: "Changes in personality reporte..." (ID: 8992, indent: 0)
[2025-03-19T18:32:58.625Z] [INFO] Inserted item: "History of medication or subst..." (ID: 8993, indent: 0)
[2025-03-19T18:32:58.671Z] [INFO] Inserted item: "Recent changes or cessation of..." (ID: 8994, indent: 0)
[2025-03-19T18:32:58.721Z] [INFO] Inserted/updated section: Behavior Patterns Reported (ID: 1242)
[2025-03-19T18:32:58.772Z] [INFO] Inserted item: "Incoherent speech..." (ID: 8995, indent: 0)
[2025-03-19T18:32:58.826Z] [INFO] Inserted item: "Disorientation..." (ID: 8996, indent: 0)
[2025-03-19T18:32:58.878Z] [INFO] Inserted item: "Hallucinations..." (ID: 8997, indent: 0)
[2025-03-19T18:32:58.934Z] [INFO] Inserted item: "Visuospatial disturbances..." (ID: 8998, indent: 0)
[2025-03-19T18:32:58.990Z] [INFO] Inserted item: ""Not being right"..." (ID: 8999, indent: 0)
[2025-03-19T18:32:59.047Z] [INFO] Inserted item: "Increased anxiety..." (ID: 9000, indent: 0)
[2025-03-19T18:32:59.104Z] [INFO] Inserted item: "Delusions of harmful intent..." (ID: 9001, indent: 0)
[2025-03-19T18:32:59.104Z] [INFO] Completed processing file: collateral-history.md
[2025-03-19T18:32:59.104Z] [INFO] Processing file: risk-factors.md
[2025-03-19T18:32:59.160Z] [INFO] Inserted/updated section: Patient Characteristics (ID: 1243)
[2025-03-19T18:32:59.247Z] [INFO] Inserted item: "Elderly..." (ID: 9002, indent: 0)
[2025-03-19T18:32:59.298Z] [INFO] Inserted item: "Frail..." (ID: 9003, indent: 0)
[2025-03-19T18:32:59.346Z] [INFO] Inserted item: "Critically ill..." (ID: 9004, indent: 0)
[2025-03-19T18:32:59.403Z] [INFO] Inserted item: "Pre-existing dementia..." (ID: 9005, indent: 0)
[2025-03-19T18:32:59.462Z] [INFO] Inserted item: "Pre-existing cognitive impairm..." (ID: 9006, indent: 0)
[2025-03-19T18:32:59.511Z] [INFO] Inserted/updated section: Medication and Substance Related (ID: 1244)
[2025-03-19T18:32:59.570Z] [INFO] Inserted item: "Recent medication changes..." (ID: 9007, indent: 0)
[2025-03-19T18:32:59.618Z] [INFO] Inserted item: "Sedative use..." (ID: 9008, indent: 0)
[2025-03-19T18:32:59.668Z] [INFO] Inserted item: "Hallucinogen use..." (ID: 9009, indent: 0)
[2025-03-19T18:32:59.718Z] [INFO] Inserted item: "Narcotic use..." (ID: 9010, indent: 0)
[2025-03-19T18:32:59.774Z] [INFO] Inserted item: "Antihistamine use..." (ID: 9011, indent: 0)
[2025-03-19T18:32:59.825Z] [INFO] Inserted item: "Alcohol use..." (ID: 9012, indent: 0)
[2025-03-19T18:32:59.879Z] [INFO] Inserted item: "Recent cessation of benzodiaze..." (ID: 9013, indent: 0)
[2025-03-19T18:32:59.937Z] [INFO] Inserted item: "Recent cessation of alcohol..." (ID: 9014, indent: 0)
[2025-03-19T18:32:59.992Z] [INFO] Inserted/updated section: Medical Conditions (ID: 1245)
[2025-03-19T18:33:00.053Z] [INFO] Inserted item: "History of seizures..." (ID: 9015, indent: 0)
[2025-03-19T18:33:00.109Z] [INFO] Inserted item: "History of migraines..." (ID: 9016, indent: 0)
[2025-03-19T18:33:00.160Z] [INFO] Inserted item: "Preexisting impairment of CNS ..." (ID: 9017, indent: 0)
[2025-03-19T18:33:00.161Z] [INFO] Completed processing file: risk-factors.md
[2025-03-19T18:33:00.161Z] [INFO] Processing file: differential-diagnosis.md
[2025-03-19T18:33:00.214Z] [INFO] Inserted/updated section: Systemic Diseases Secondarily Affecting CNS (ID: 1246)
[2025-03-19T18:33:00.267Z] [INFO] Inserted item: "Hypoxia..." (ID: 9018, indent: 0)
[2025-03-19T18:33:00.322Z] [INFO] Inserted item: "Hypoventilation..." (ID: 9019, indent: 0)
[2025-03-19T18:33:00.374Z] [INFO] Inserted item: "Hypoglycemia..." (ID: 9020, indent: 0)
[2025-03-19T18:33:00.431Z] [INFO] Inserted item: "Hyperglycemia..." (ID: 9021, indent: 0)
[2025-03-19T18:33:00.494Z] [INFO] Inserted item: "Hypotension..." (ID: 9022, indent: 0)
[2025-03-19T18:33:00.545Z] [INFO] Inserted item: "Sepsis..." (ID: 9023, indent: 0)
[2025-03-19T18:33:00.592Z] [INFO] Inserted item: "Hepatic encephalopathy..." (ID: 9024, indent: 0)
[2025-03-19T18:33:00.640Z] [INFO] Inserted item: "Uremia/renal failure..." (ID: 9025, indent: 0)
[2025-03-19T18:33:00.691Z] [INFO] Inserted item: "Hyperthermia..." (ID: 9026, indent: 0)
[2025-03-19T18:33:00.752Z] [INFO] Inserted item: "Hypothermia..." (ID: 9027, indent: 0)
[2025-03-19T18:33:00.808Z] [INFO] Inserted item: "Endocrinopathy..." (ID: 9028, indent: 0)
[2025-03-19T18:33:00.864Z] [INFO] Inserted item: "Nutritional deficiency..." (ID: 9029, indent: 0)
[2025-03-19T18:33:00.924Z] [INFO] Inserted/updated section: Primary Intracranial Disease (ID: 1247)
[2025-03-19T18:33:00.978Z] [INFO] Inserted item: "Seizure..." (ID: 9030, indent: 0)
[2025-03-19T18:33:01.039Z] [INFO] Inserted item: "Nonconvulsive status epileptic..." (ID: 9031, indent: 0)
[2025-03-19T18:33:01.090Z] [INFO] Inserted item: "Traumatic brain injury..." (ID: 9032, indent: 0)
[2025-03-19T18:33:01.142Z] [INFO] Inserted item: "Hypertensive encephalopathy..." (ID: 9033, indent: 0)
[2025-03-19T18:33:01.198Z] [INFO] Inserted item: "Stroke..." (ID: 9034, indent: 0)
[2025-03-19T18:33:01.256Z] [INFO] Inserted item: "Tumor..." (ID: 9035, indent: 0)
[2025-03-19T18:33:01.322Z] [INFO] Inserted item: "Meningitis..." (ID: 9036, indent: 0)
[2025-03-19T18:33:01.380Z] [INFO] Inserted item: "Encephalitis..." (ID: 9037, indent: 0)
[2025-03-19T18:33:01.448Z] [INFO] Inserted item: "Atypical migraines/migraine va..." (ID: 9038, indent: 0)
[2025-03-19T18:33:01.501Z] [INFO] Inserted/updated section: Exogenous Toxins (ID: 1248)
[2025-03-19T18:33:01.555Z] [INFO] Inserted item: "Sedatives/hallucinogens..." (ID: 9039, indent: 0)
[2025-03-19T18:33:01.610Z] [INFO] Inserted item: "Ethanol/toxic alcohols..." (ID: 9040, indent: 0)
[2025-03-19T18:33:01.668Z] [INFO] Inserted item: "Narcotics..." (ID: 9041, indent: 0)
[2025-03-19T18:33:01.722Z] [INFO] Inserted item: "Antihistamines..." (ID: 9042, indent: 0)
[2025-03-19T18:33:01.773Z] [INFO] Inserted/updated section: Drug Withdrawal States (ID: 1249)
[2025-03-19T18:33:01.824Z] [INFO] Inserted item: "Alcohol withdrawal..." (ID: 9043, indent: 0)
[2025-03-19T18:33:01.880Z] [INFO] Inserted item: "Drugs of abuse withdrawal..." (ID: 9044, indent: 0)
[2025-03-19T18:33:01.941Z] [INFO] Inserted item: "Benzodiazepine withdrawal..." (ID: 9045, indent: 0)
[2025-03-19T18:33:01.998Z] [INFO] Inserted/updated section: Psychiatric Considerations (ID: 1250)
[2025-03-19T18:33:02.058Z] [INFO] Inserted item: "Schizophrenia..." (ID: 9046, indent: 0)
[2025-03-19T18:33:02.118Z] [INFO] Inserted item: "Bipolar disorder..." (ID: 9047, indent: 0)
[2025-03-19T18:33:02.172Z] [INFO] Inserted item: "Major depressive disorder..." (ID: 9048, indent: 0)
[2025-03-19T18:33:02.224Z] [INFO] Inserted/updated section: Other Causes (ID: 1251)
[2025-03-19T18:33:02.276Z] [INFO] Inserted item: "Postictal state..." (ID: 9049, indent: 0)
[2025-03-19T18:33:02.327Z] [INFO] Inserted item: "Confusional migraine..." (ID: 9050, indent: 0)
[2025-03-19T18:33:02.327Z] [INFO] Completed processing file: differential-diagnosis.md
[2025-03-19T18:33:02.328Z] [INFO] Processing file: past-medical.md
[2025-03-19T18:33:02.377Z] [INFO] Inserted/updated section: Neurological History (ID: 1252)
[2025-03-19T18:33:02.429Z] [INFO] Inserted item: "Pre-existing cognitive impairm..." (ID: 9051, indent: 0)
[2025-03-19T18:33:02.487Z] [INFO] Inserted item: "Dementia..." (ID: 9052, indent: 0)
[2025-03-19T18:33:02.539Z] [INFO] Inserted item: "Seizure disorder..." (ID: 9053, indent: 0)
[2025-03-19T18:33:02.611Z] [INFO] Inserted item: "History of stroke..." (ID: 9054, indent: 0)
[2025-03-19T18:33:02.660Z] [INFO] Inserted item: "History of traumatic brain inj..." (ID: 9055, indent: 0)
[2025-03-19T18:33:02.717Z] [INFO] Inserted item: "History of migraines..." (ID: 9056, indent: 0)
[2025-03-19T18:33:02.774Z] [INFO] Inserted item: "History of atypical migraines/..." (ID: 9057, indent: 0)
[2025-03-19T18:33:02.831Z] [INFO] Inserted/updated section: Psychiatric History (ID: 1253)
[2025-03-19T18:33:02.885Z] [INFO] Inserted item: "Schizophrenia..." (ID: 9058, indent: 0)
[2025-03-19T18:33:02.938Z] [INFO] Inserted item: "Bipolar disorder..." (ID: 9059, indent: 0)
[2025-03-19T18:33:02.986Z] [INFO] Inserted item: "Major depressive disorder..." (ID: 9060, indent: 0)
[2025-03-19T18:33:03.047Z] [INFO] Inserted/updated section: Medical Conditions (ID: 1254)
[2025-03-19T18:33:03.107Z] [INFO] Inserted item: "Liver disease..." (ID: 9061, indent: 0)
[2025-03-19T18:33:03.163Z] [INFO] Inserted item: "Renal disease..." (ID: 9062, indent: 0)
[2025-03-19T18:33:03.212Z] [INFO] Inserted item: "Endocrine disorders..." (ID: 9063, indent: 0)
[2025-03-19T18:33:03.264Z] [INFO] Inserted item: "Hypertension..." (ID: 9064, indent: 0)
[2025-03-19T18:33:03.323Z] [INFO] Inserted item: "History of sepsis..." (ID: 9065, indent: 0)
[2025-03-19T18:33:03.373Z] [INFO] Inserted item: "History of delirium..." (ID: 9066, indent: 0)
[2025-03-19T18:33:03.428Z] [INFO] Inserted item: "Previous episodes of confusion..." (ID: 9067, indent: 0)
[2025-03-19T18:33:03.479Z] [INFO] Inserted/updated section: Substance Use History (ID: 1255)
[2025-03-19T18:33:03.532Z] [INFO] Inserted item: "Alcohol use..." (ID: 9068, indent: 0)
[2025-03-19T18:33:03.582Z] [INFO] Inserted item: "Recreational drug use..." (ID: 9069, indent: 0)
[2025-03-19T18:33:03.663Z] [INFO] Inserted item: "Prescription medication misuse..." (ID: 9070, indent: 0)
[2025-03-19T18:33:03.664Z] [INFO] Completed processing file: past-medical.md
[2025-03-19T18:33:03.664Z] [INFO] Processing file: physical-exam.md
[2025-03-19T18:33:03.714Z] [INFO] Inserted/updated section: Vital Signs (ID: 1256)
[2025-03-19T18:33:03.766Z] [INFO] Inserted item: "Temperature: _____ °F/°C..." (ID: 9071, indent: 0)
[2025-03-19T18:33:03.821Z] [INFO] Inserted item: "Blood pressure: _____ mmHg..." (ID: 9072, indent: 0)
[2025-03-19T18:33:03.870Z] [INFO] Inserted item: "Heart rate: _____ bpm..." (ID: 9073, indent: 0)
[2025-03-19T18:33:03.921Z] [INFO] Inserted item: "Respiratory rate: _____ breath..." (ID: 9074, indent: 0)
[2025-03-19T18:33:03.975Z] [INFO] Inserted item: "Oxygen saturation: _____ %..." (ID: 9075, indent: 0)
[2025-03-19T18:33:04.026Z] [INFO] Inserted/updated section: General Appearance (ID: 1257)
[2025-03-19T18:33:04.080Z] [INFO] Inserted item: "Level of alertness: _____..." (ID: 9076, indent: 0)
[2025-03-19T18:33:04.141Z] [INFO] Inserted item: "Agitation..." (ID: 9077, indent: 0)
[2025-03-19T18:33:04.204Z] [INFO] Inserted item: "Signs of illness/distress: ___..." (ID: 9078, indent: 0)
[2025-03-19T18:33:04.255Z] [INFO] Inserted/updated section: Neurological Exam (ID: 1258)
[2025-03-19T18:33:04.308Z] [INFO] Inserted item: "Level of consciousness (RASS s..." (ID: 9079, indent: 0)
[2025-03-19T18:33:04.375Z] [INFO] Inserted item: "Orientation assessment:..." (ID: 9080, indent: 0)
[2025-03-19T18:33:04.426Z] [INFO] Inserted item: "Person: _____..." (ID: 9081, indent: 1)
[2025-03-19T18:33:04.475Z] [INFO] Inserted item: "Place: _____..." (ID: 9082, indent: 1)
[2025-03-19T18:33:04.528Z] [INFO] Inserted item: "Time: _____..." (ID: 9083, indent: 1)
[2025-03-19T18:33:04.582Z] [INFO] Inserted item: "Situation: _____..." (ID: 9084, indent: 1)
[2025-03-19T18:33:04.633Z] [INFO] Inserted item: "Attention assessment:..." (ID: 9085, indent: 0)
[2025-03-19T18:33:04.695Z] [INFO] Inserted item: "Months backwards (December to ..." (ID: 9086, indent: 1)
[2025-03-19T18:33:04.749Z] [INFO] Inserted item: "Spelling five-letter word back..." (ID: 9087, indent: 1)
[2025-03-19T18:33:04.803Z] [INFO] Inserted item: "Speech assessment:..." (ID: 9088, indent: 0)
[2025-03-19T18:33:04.872Z] [INFO] Inserted item: "Rate (rapid/normal/slow): ____..." (ID: 9089, indent: 1)
[2025-03-19T18:33:04.922Z] [INFO] Inserted item: "Coherence: _____..." (ID: 9090, indent: 1)
[2025-03-19T18:33:04.982Z] [INFO] Inserted item: "Fluency: _____..." (ID: 9091, indent: 1)
[2025-03-19T18:33:05.041Z] [INFO] Inserted item: "Disorganized thinking assessme..." (ID: 9092, indent: 0)
[2025-03-19T18:33:05.091Z] [INFO] Inserted item: ""Will a stone float on water?"..." (ID: 9093, indent: 1)
[2025-03-19T18:33:05.140Z] [INFO] Inserted item: ""Are there fish in the sea?": ..." (ID: 9094, indent: 1)
[2025-03-19T18:33:05.195Z] [INFO] Inserted item: ""Does one pound weigh more tha..." (ID: 9095, indent: 1)
[2025-03-19T18:33:05.247Z] [INFO] Inserted item: ""Can you use a hammer to pound..." (ID: 9096, indent: 1)
[2025-03-19T18:33:05.295Z] [INFO] Inserted item: "Command following:..." (ID: 9097, indent: 0)
[2025-03-19T18:33:05.349Z] [INFO] Inserted item: ""Hold up this many fingers" (h..." (ID: 9098, indent: 1)
[2025-03-19T18:33:05.399Z] [INFO] Inserted item: ""Now do the same thing with th..." (ID: 9099, indent: 1)
[2025-03-19T18:33:05.458Z] [INFO] Inserted item: "Focal neurologic deficits: ___..." (ID: 9100, indent: 0)
[2025-03-19T18:33:05.508Z] [INFO] Inserted/updated section: Delirium Assessment Tools (ID: 1259)
[2025-03-19T18:33:05.557Z] [INFO] Inserted item: "Delirium Triage Screen (DTS): ..." (ID: 9101, indent: 0)
[2025-03-19T18:33:05.605Z] [INFO] Inserted item: "Brief Confusion Assessment Met..." (ID: 9102, indent: 0)
[2025-03-19T18:33:05.665Z] [INFO] Inserted/updated section: HEENT (ID: 1260)
[2025-03-19T18:33:05.734Z] [INFO] Inserted item: "Head trauma evidence: _____..." (ID: 9103, indent: 0)
[2025-03-19T18:33:05.789Z] [INFO] Inserted/updated section: Cardiovascular (ID: 1261)
[2025-03-19T18:33:05.839Z] [INFO] Inserted item: "Murmurs: _____..." (ID: 9104, indent: 0)
[2025-03-19T18:33:05.889Z] [INFO] Inserted item: "Dysrhythmias: _____..." (ID: 9105, indent: 0)
[2025-03-19T18:33:05.943Z] [INFO] Inserted/updated section: Respiratory (ID: 1262)
[2025-03-19T18:33:05.993Z] [INFO] Inserted item: "Breathing pattern: _____..." (ID: 9106, indent: 0)
[2025-03-19T18:33:06.056Z] [INFO] Inserted item: "Lung sounds: _____..." (ID: 9107, indent: 0)
[2025-03-19T18:33:06.113Z] [INFO] Inserted/updated section: Abdominal (ID: 1263)
[2025-03-19T18:33:06.179Z] [INFO] Inserted item: "Liver findings..." (ID: 9108, indent: 0)
[2025-03-19T18:33:06.238Z] [INFO] Inserted item: "Ascites..." (ID: 9109, indent: 0)
[2025-03-19T18:33:06.305Z] [INFO] Inserted item: "Other abnormalities: _____..." (ID: 9110, indent: 0)
[2025-03-19T18:33:06.354Z] [INFO] Inserted/updated section: Skin (ID: 1264)
[2025-03-19T18:33:06.401Z] [INFO] Inserted item: "Jaundice..." (ID: 9111, indent: 0)
[2025-03-19T18:33:06.458Z] [INFO] Inserted item: "Asterixis..." (ID: 9112, indent: 0)
[2025-03-19T18:33:06.515Z] [INFO] Inserted item: "Injection marks..." (ID: 9113, indent: 0)
[2025-03-19T18:33:06.569Z] [INFO] Inserted item: "Skin infections (including sac..." (ID: 9114, indent: 0)
[2025-03-19T18:33:06.619Z] [INFO] Inserted/updated section: Toxidrome Assessment (ID: 1265)
[2025-03-19T18:33:06.678Z] [INFO] Inserted item: "Serotonin syndrome features: _..." (ID: 9115, indent: 0)
[2025-03-19T18:33:06.732Z] [INFO] Inserted item: "Other toxidrome features: ____..." (ID: 9116, indent: 0)
[2025-03-19T18:33:06.732Z] [INFO] Completed processing file: physical-exam.md
[2025-03-19T18:33:06.732Z] [INFO] Processing file: lab-studies.md
[2025-03-19T18:33:06.786Z] [INFO] Inserted/updated section: Point of Care Testing (ID: 1266)
[2025-03-19T18:33:06.835Z] [INFO] Inserted item: "Fingerstick glucose: _____ mg/..." (ID: 9117, indent: 0)
[2025-03-19T18:33:06.883Z] [INFO] Inserted item: "Pulse oximetry: _____ %..." (ID: 9118, indent: 0)
[2025-03-19T18:33:06.934Z] [INFO] Inserted/updated section: Basic Studies (ID: 1267)
[2025-03-19T18:33:06.981Z] [INFO] Inserted item: "Complete blood count..." (ID: 9119, indent: 0)
[2025-03-19T18:33:07.027Z] [INFO] Inserted item: "White blood cell count: _____..." (ID: 9120, indent: 1)
[2025-03-19T18:33:07.075Z] [INFO] Inserted item: "Hemoglobin: _____..." (ID: 9121, indent: 1)
[2025-03-19T18:33:07.124Z] [INFO] Inserted item: "Platelets: _____..." (ID: 9122, indent: 1)
[2025-03-19T18:33:07.182Z] [INFO] Inserted item: "Basic metabolic panel..." (ID: 9123, indent: 0)
[2025-03-19T18:33:07.232Z] [INFO] Inserted item: "Sodium: _____..." (ID: 9124, indent: 1)
[2025-03-19T18:33:07.284Z] [INFO] Inserted item: "Potassium: _____..." (ID: 9125, indent: 1)
[2025-03-19T18:33:07.347Z] [INFO] Inserted item: "Chloride: _____..." (ID: 9126, indent: 1)
[2025-03-19T18:33:07.400Z] [INFO] Inserted item: "Bicarbonate: _____..." (ID: 9127, indent: 1)
[2025-03-19T18:33:07.457Z] [INFO] Inserted item: "BUN: _____..." (ID: 9128, indent: 1)
[2025-03-19T18:33:07.521Z] [INFO] Inserted item: "Creatinine: _____..." (ID: 9129, indent: 1)
[2025-03-19T18:33:07.575Z] [INFO] Inserted item: "Glucose: _____..." (ID: 9130, indent: 1)
[2025-03-19T18:33:07.628Z] [INFO] Inserted item: "Calcium: _____..." (ID: 9131, indent: 1)
[2025-03-19T18:33:07.682Z] [INFO] Inserted/updated section: Extended Studies (ID: 1268)
[2025-03-19T18:33:07.747Z] [INFO] Inserted item: "Liver function tests..." (ID: 9132, indent: 0)
[2025-03-19T18:33:07.807Z] [INFO] Inserted item: "AST: _____..." (ID: 9133, indent: 1)
[2025-03-19T18:33:07.861Z] [INFO] Inserted item: "ALT: _____..." (ID: 9134, indent: 1)
[2025-03-19T18:33:07.923Z] [INFO] Inserted item: "Alkaline phosphatase: _____..." (ID: 9135, indent: 1)
[2025-03-19T18:33:07.983Z] [INFO] Inserted item: "Total bilirubin: _____..." (ID: 9136, indent: 1)
[2025-03-19T18:33:08.034Z] [INFO] Inserted item: "Albumin: _____..." (ID: 9137, indent: 1)
[2025-03-19T18:33:08.101Z] [INFO] Inserted item: "Ammonia level: _____ (not requ..." (ID: 9138, indent: 0)
[2025-03-19T18:33:08.157Z] [INFO] Inserted item: "Thyroid-stimulating hormone (T..." (ID: 9139, indent: 0)
[2025-03-19T18:33:08.216Z] [INFO] Inserted/updated section: Blood Gas Analysis (ID: 1269)
[2025-03-19T18:33:08.275Z] [INFO] Inserted item: "Arterial blood gas..." (ID: 9140, indent: 0)
[2025-03-19T18:33:08.335Z] [INFO] Inserted item: "pH: _____..." (ID: 9141, indent: 1)
[2025-03-19T18:33:08.394Z] [INFO] Inserted item: "pCO2: _____..." (ID: 9142, indent: 1)
[2025-03-19T18:33:08.447Z] [INFO] Inserted item: "pO2: _____..." (ID: 9143, indent: 1)
[2025-03-19T18:33:08.536Z] [INFO] Inserted item: "HCO3: _____..." (ID: 9144, indent: 1)
[2025-03-19T18:33:08.594Z] [INFO] Inserted item: "Venous blood gas..." (ID: 9145, indent: 0)
[2025-03-19T18:33:08.647Z] [INFO] Inserted item: "pH: _____..." (ID: 9146, indent: 1)
[2025-03-19T18:33:08.700Z] [INFO] Inserted item: "pCO2: _____..." (ID: 9147, indent: 1)
[2025-03-19T18:33:08.753Z] [INFO] Inserted item: "HCO3: _____..." (ID: 9148, indent: 1)
[2025-03-19T18:33:08.815Z] [INFO] Inserted/updated section: Microbiology (ID: 1270)
[2025-03-19T18:33:08.875Z] [INFO] Inserted item: "Blood cultures: _____..." (ID: 9149, indent: 0)
[2025-03-19T18:33:08.933Z] [INFO] Inserted item: "Urine culture: _____..." (ID: 9150, indent: 0)
[2025-03-19T18:33:08.985Z] [INFO] Inserted/updated section: Toxicology (ID: 1271)
[2025-03-19T18:33:09.034Z] [INFO] Inserted item: "Urine drug screen: _____..." (ID: 9151, indent: 0)
[2025-03-19T18:33:09.095Z] [INFO] Inserted item: "Blood alcohol level: _____..." (ID: 9152, indent: 0)
[2025-03-19T18:33:09.160Z] [INFO] Inserted item: "Specific drug levels: _____..." (ID: 9153, indent: 0)
[2025-03-19T18:33:09.217Z] [INFO] Inserted/updated section: Cerebrospinal Fluid Analysis (if performed) (ID: 1272)
[2025-03-19T18:33:09.276Z] [INFO] Inserted item: "Opening pressure: _____..." (ID: 9154, indent: 0)
[2025-03-19T18:33:09.382Z] [INFO] Inserted item: "Appearance: _____..." (ID: 9155, indent: 0)
[2025-03-19T18:33:09.436Z] [INFO] Inserted item: "Cell count: _____..." (ID: 9156, indent: 0)
[2025-03-19T18:33:09.493Z] [INFO] Inserted item: "Glucose: _____..." (ID: 9157, indent: 0)
[2025-03-19T18:33:09.565Z] [INFO] Inserted item: "Protein: _____..." (ID: 9158, indent: 0)
[2025-03-19T18:33:09.618Z] [INFO] Inserted item: "Gram stain: _____..." (ID: 9159, indent: 0)
[2025-03-19T18:33:09.670Z] [INFO] Inserted item: "Culture: _____..." (ID: 9160, indent: 0)
[2025-03-19T18:33:09.670Z] [INFO] Completed processing file: lab-studies.md
[2025-03-19T18:33:09.671Z] [INFO] Processing file: imaging.md
[2025-03-19T18:33:09.727Z] [INFO] Inserted/updated section: Cranial Imaging (ID: 1273)
[2025-03-19T18:33:09.786Z] [INFO] Inserted item: "CT head without contrast..." (ID: 9161, indent: 0)
[2025-03-19T18:33:09.848Z] [INFO] Inserted item: "Evidence of mass lesion: _____..." (ID: 9162, indent: 1)
[2025-03-19T18:33:09.913Z] [INFO] Inserted item: "Evidence of stroke: _____..." (ID: 9163, indent: 1)
[2025-03-19T18:33:09.970Z] [INFO] Inserted item: "Evidence of trauma: _____..." (ID: 9164, indent: 1)
[2025-03-19T18:33:10.031Z] [INFO] Inserted item: "Other findings: _____..." (ID: 9165, indent: 1)
[2025-03-19T18:33:10.097Z] [INFO] Inserted item: "MRI brain..." (ID: 9166, indent: 0)
[2025-03-19T18:33:10.160Z] [INFO] Inserted item: "Evidence of stroke: _____..." (ID: 9167, indent: 1)
[2025-03-19T18:33:10.214Z] [INFO] Inserted item: "Other findings: _____..." (ID: 9168, indent: 1)
[2025-03-19T18:33:10.268Z] [INFO] Inserted/updated section: Chest Imaging (ID: 1274)
[2025-03-19T18:33:10.322Z] [INFO] Inserted item: "Chest X-ray..." (ID: 9169, indent: 0)
[2025-03-19T18:33:10.383Z] [INFO] Inserted item: "Evidence of infection: _____..." (ID: 9170, indent: 1)
[2025-03-19T18:33:10.431Z] [INFO] Inserted item: "Other findings: _____..." (ID: 9171, indent: 1)
[2025-03-19T18:33:10.482Z] [INFO] Inserted/updated section: Other Imaging (ID: 1275)
[2025-03-19T18:33:10.547Z] [INFO] Inserted item: "Abdominal imaging: _____..." (ID: 9172, indent: 0)
[2025-03-19T18:33:10.547Z] [INFO] Completed processing file: imaging.md
[2025-03-19T18:33:10.547Z] [INFO] Processing file: special-tests.md
[2025-03-19T18:33:10.597Z] [INFO] Inserted/updated section: Neurological Tests (ID: 1276)
[2025-03-19T18:33:10.647Z] [INFO] Inserted item: "Electroencephalography (EEG)..." (ID: 9173, indent: 0)
[2025-03-19T18:33:10.695Z] [INFO] Inserted item: "Evidence of seizures: _____..." (ID: 9174, indent: 1)
[2025-03-19T18:33:10.744Z] [INFO] Inserted item: "Evidence of nonconvulsive stat..." (ID: 9175, indent: 1)
[2025-03-19T18:33:10.794Z] [INFO] Inserted item: "Other findings: _____..." (ID: 9176, indent: 1)
[2025-03-19T18:33:10.855Z] [INFO] Inserted/updated section: Paracentesis (if applicable) (ID: 1277)
[2025-03-19T18:33:10.907Z] [INFO] Inserted item: "Performed: _____..." (ID: 9177, indent: 0)
[2025-03-19T18:33:10.969Z] [INFO] Inserted item: "Results: _____..." (ID: 9178, indent: 0)
[2025-03-19T18:33:11.029Z] [INFO] Inserted/updated section: Thoracentesis (if applicable) (ID: 1278)
[2025-03-19T18:33:11.077Z] [INFO] Inserted item: "Performed: _____..." (ID: 9179, indent: 0)
[2025-03-19T18:33:11.133Z] [INFO] Inserted item: "Results: _____..." (ID: 9180, indent: 0)
[2025-03-19T18:33:11.187Z] [INFO] Inserted/updated section: Lumbar Puncture (ID: 1279)
[2025-03-19T18:33:11.239Z] [INFO] Inserted item: "Performed: _____..." (ID: 9181, indent: 0)
[2025-03-19T18:33:11.289Z] [INFO] Inserted item: "Results: _____..." (ID: 9182, indent: 0)
[2025-03-19T18:33:11.338Z] [INFO] Inserted/updated section: Cognitive Assessment Tools (ID: 1280)
[2025-03-19T18:33:11.394Z] [INFO] Inserted item: "Delirium Triage Screen (DTS): ..." (ID: 9183, indent: 0)
[2025-03-19T18:33:11.447Z] [INFO] Inserted item: "Brief Confusion Assessment Met..." (ID: 9184, indent: 0)
[2025-03-19T18:33:11.499Z] [INFO] Inserted item: "Quick Confusion Scale (QCS): _..." (ID: 9185, indent: 0)
[2025-03-19T18:33:11.550Z] [INFO] Inserted item: "Mini-Mental State Exam (MMSE):..." (ID: 9186, indent: 0)
[2025-03-19T18:33:11.550Z] [INFO] Completed processing file: special-tests.md
[2025-03-19T18:33:11.550Z] [INFO] Processing file: ecg.md
[2025-03-19T18:33:11.620Z] [INFO] Inserted/updated section: ECG Findings (ID: 1281)
[2025-03-19T18:33:11.693Z] [INFO] Inserted item: "Rate: _____ bpm..." (ID: 9187, indent: 0)
[2025-03-19T18:33:11.750Z] [INFO] Inserted item: "Rhythm: _____..." (ID: 9188, indent: 0)
[2025-03-19T18:33:11.805Z] [INFO] Inserted item: "Evidence of myocardial infarct..." (ID: 9189, indent: 0)
[2025-03-19T18:33:11.864Z] [INFO] Inserted item: "QT prolongation (relevant if u..." (ID: 9190, indent: 0)
[2025-03-19T18:33:11.921Z] [INFO] Inserted item: "Other abnormalities: _____..." (ID: 9191, indent: 0)
[2025-03-19T18:33:11.975Z] [INFO] Inserted/updated section: Interpretation (ID: 1282)
[2025-03-19T18:33:12.034Z] [INFO] Inserted item: "Normal..." (ID: 9192, indent: 0)
[2025-03-19T18:33:12.084Z] [INFO] Inserted item: "Abnormal..." (ID: 9193, indent: 0)
[2025-03-19T18:33:12.139Z] [INFO] Inserted item: "Clinical significance: _____..." (ID: 9194, indent: 0)
[2025-03-19T18:33:12.140Z] [INFO] Completed processing file: ecg.md
[2025-03-19T18:33:12.140Z] [INFO] Processing file: assessment.md
[2025-03-19T18:33:12.193Z] [INFO] Inserted/updated section: Primary Diagnosis (ID: 1283)
[2025-03-19T18:33:12.244Z] [INFO] Inserted item: "Delirium (specify type if know..." (ID: 9195, indent: 0)
[2025-03-19T18:33:12.295Z] [INFO] Inserted item: "Hyperactive delirium..." (ID: 9196, indent: 1)
[2025-03-19T18:33:12.365Z] [INFO] Inserted item: "Hypoactive delirium..." (ID: 9197, indent: 1)
[2025-03-19T18:33:12.422Z] [INFO] Inserted item: "Mixed delirium..." (ID: 9198, indent: 1)
[2025-03-19T18:33:12.477Z] [INFO] Inserted/updated section: Underlying Etiology (if identified) (ID: 1284)
[2025-03-19T18:33:12.546Z] [INFO] Inserted item: "Systemic disease affecting CNS..." (ID: 9199, indent: 0)
[2025-03-19T18:33:12.599Z] [INFO] Inserted item: "Primary intracranial disease: ..." (ID: 9200, indent: 0)
[2025-03-19T18:33:12.650Z] [INFO] Inserted item: "Exogenous toxin: _____..." (ID: 9201, indent: 0)
[2025-03-19T18:33:12.704Z] [INFO] Inserted item: "Drug withdrawal state: _____..." (ID: 9202, indent: 0)
[2025-03-19T18:33:12.754Z] [INFO] Inserted item: "Other: _____..." (ID: 9203, indent: 0)
[2025-03-19T18:33:12.804Z] [INFO] Inserted/updated section: Severity Assessment (ID: 1285)
[2025-03-19T18:33:12.855Z] [INFO] Inserted item: "Critical (immediate interventi..." (ID: 9204, indent: 0)
[2025-03-19T18:33:12.910Z] [INFO] Inserted item: "Emergent..." (ID: 9205, indent: 0)
[2025-03-19T18:33:12.968Z] [INFO] Inserted item: "Urgent..." (ID: 9206, indent: 0)
[2025-03-19T18:33:13.023Z] [INFO] Inserted item: "Non-urgent..." (ID: 9207, indent: 0)
[2025-03-19T18:33:13.076Z] [INFO] Inserted/updated section: Contributing Factors (ID: 1286)
[2025-03-19T18:33:13.128Z] [INFO] Inserted item: "Pre-existing dementia..." (ID: 9208, indent: 0)
[2025-03-19T18:33:13.184Z] [INFO] Inserted item: "Other pre-existing cognitive i..." (ID: 9209, indent: 0)
[2025-03-19T18:33:13.235Z] [INFO] Inserted item: "Age-related vulnerabilities..." (ID: 9210, indent: 0)
[2025-03-19T18:33:13.295Z] [INFO] Inserted item: "Multiple medical comorbidities..." (ID: 9211, indent: 0)
[2025-03-19T18:33:13.346Z] [INFO] Inserted item: "Medication effects..." (ID: 9212, indent: 0)
[2025-03-19T18:33:13.410Z] [INFO] Inserted item: "Other: _____..." (ID: 9213, indent: 0)
[2025-03-19T18:33:13.462Z] [INFO] Inserted/updated section: Prognostic Indicators (ID: 1287)
[2025-03-19T18:33:13.511Z] [INFO] Inserted item: "Elderly patient (higher risk f..." (ID: 9214, indent: 0)
[2025-03-19T18:33:13.566Z] [INFO] Inserted item: "Critically ill patient..." (ID: 9215, indent: 0)
[2025-03-19T18:33:13.621Z] [INFO] Inserted item: "Duration of delirium: _____..." (ID: 9216, indent: 0)
[2025-03-19T18:33:13.622Z] [INFO] Completed processing file: assessment.md
[2025-03-19T18:33:13.622Z] [INFO] Processing file: plan.md
[2025-03-19T18:33:13.673Z] [INFO] Inserted/updated section: Immediate Interventions (ID: 1288)
[2025-03-19T18:33:13.729Z] [INFO] Inserted item: "Oxygen therapy for hypoxia..." (ID: 9217, indent: 0)
[2025-03-19T18:33:13.785Z] [INFO] Inserted item: "Ventilation support for hypove..." (ID: 9218, indent: 0)
[2025-03-19T18:33:13.836Z] [INFO] Inserted item: "Dextrose administration for hy..." (ID: 9219, indent: 0)
[2025-03-19T18:33:13.898Z] [INFO] Inserted item: "One IV dose of dextrose: _____..." (ID: 9220, indent: 1)
[2025-03-19T18:33:13.955Z] [INFO] Inserted item: "Bedside glucose check after ad..." (ID: 9221, indent: 1)
[2025-03-19T18:33:14.006Z] [INFO] Inserted item: "Thiamine 100mg IV..." (ID: 9222, indent: 0)
[2025-03-19T18:33:14.063Z] [INFO] Inserted item: "Medication for agitation..." (ID: 9223, indent: 0)
[2025-03-19T18:33:14.116Z] [INFO] Inserted item: "Haloperidol: _____ mg IV/IM..." (ID: 9224, indent: 1)
[2025-03-19T18:33:14.173Z] [INFO] Inserted item: "Atypical antipsychotic: _____ ..." (ID: 9225, indent: 1)
[2025-03-19T18:33:14.224Z] [INFO] Inserted item: "Benzodiazepines (for alcohol w..." (ID: 9226, indent: 1)
[2025-03-19T18:33:14.273Z] [INFO] Inserted/updated section: Empirical Treatment (ID: 1289)
[2025-03-19T18:33:14.336Z] [INFO] Inserted item: "Age-appropriate empirical anti..." (ID: 9227, indent: 0)
[2025-03-19T18:33:14.391Z] [INFO] Inserted item: "Antiepileptics: _____..." (ID: 9228, indent: 0)
[2025-03-19T18:33:14.450Z] [INFO] Inserted item: "Migraine treatment: _____..." (ID: 9229, indent: 0)
[2025-03-19T18:33:14.505Z] [INFO] Inserted/updated section: Supportive Care (ID: 1290)
[2025-03-19T18:33:14.558Z] [INFO] Inserted item: "Close observation..." (ID: 9230, indent: 0)
[2025-03-19T18:33:14.608Z] [INFO] Inserted item: "Environmental modification..." (ID: 9231, indent: 0)
[2025-03-19T18:33:14.657Z] [INFO] Inserted item: "Dim lighting..." (ID: 9232, indent: 1)
[2025-03-19T18:33:14.712Z] [INFO] Inserted item: "Quiet environment..." (ID: 9233, indent: 1)
[2025-03-19T18:33:14.762Z] [INFO] Inserted item: "Safety measures..." (ID: 9234, indent: 0)
[2025-03-19T18:33:14.821Z] [INFO] Inserted item: "Family assistance with observa..." (ID: 9235, indent: 1)
[2025-03-19T18:33:14.871Z] [INFO] Inserted item: "Physical restraints (if necess..." (ID: 9236, indent: 1)
[2025-03-19T18:33:14.919Z] [INFO] Inserted item: "Avoid bladder catheterization ..." (ID: 9237, indent: 1)
[2025-03-19T18:33:14.969Z] [INFO] Inserted/updated section: Diagnostic Plan (ID: 1291)
[2025-03-19T18:33:15.034Z] [INFO] Inserted item: "Additional laboratory studies:..." (ID: 9238, indent: 0)
[2025-03-19T18:33:15.084Z] [INFO] Inserted item: "Additional imaging: _____..." (ID: 9239, indent: 0)
[2025-03-19T18:33:15.134Z] [INFO] Inserted item: "Consultations: _____..." (ID: 9240, indent: 0)
[2025-03-19T18:33:15.195Z] [INFO] Inserted/updated section: Treatment of Underlying Cause (ID: 1292)
[2025-03-19T18:33:15.250Z] [INFO] Inserted item: "Specific treatment plan for id..." (ID: 9241, indent: 0)
[2025-03-19T18:33:15.250Z] [INFO] Completed processing file: plan.md
[2025-03-19T18:33:15.250Z] [INFO] Processing file: disposition.md
[2025-03-19T18:33:15.301Z] [INFO] Inserted/updated section: Disposition Decision (ID: 1293)
[2025-03-19T18:33:15.353Z] [INFO] Inserted item: "Admission to hospital..." (ID: 9242, indent: 0)
[2025-03-19T18:33:15.414Z] [INFO] Inserted item: "ICU..." (ID: 9243, indent: 1)
[2025-03-19T18:33:15.465Z] [INFO] Inserted item: "Regular medical floor..." (ID: 9244, indent: 1)
[2025-03-19T18:33:15.516Z] [INFO] Inserted item: "Observation unit..." (ID: 9245, indent: 1)
[2025-03-19T18:33:15.568Z] [INFO] Inserted item: "Transfer to another facility..." (ID: 9246, indent: 0)
[2025-03-19T18:33:15.616Z] [INFO] Inserted item: "Discharge (if safe and diagnos..." (ID: 9247, indent: 0)
[2025-03-19T18:33:15.664Z] [INFO] Inserted/updated section: Consults Obtained/Recommended (ID: 1294)
[2025-03-19T18:33:15.716Z] [INFO] Inserted item: "Neurology..." (ID: 9248, indent: 0)
[2025-03-19T18:33:15.765Z] [INFO] Inserted item: "Psychiatry..." (ID: 9249, indent: 0)
[2025-03-19T18:33:15.812Z] [INFO] Inserted item: "Infectious Disease..." (ID: 9250, indent: 0)
[2025-03-19T18:33:15.868Z] [INFO] Inserted item: "Other: _____..." (ID: 9251, indent: 0)
[2025-03-19T18:33:15.920Z] [INFO] Inserted/updated section: Follow-up Recommendations (ID: 1295)
[2025-03-19T18:33:15.971Z] [INFO] Inserted item: "Primary care follow-up: _____..." (ID: 9252, indent: 0)
[2025-03-19T18:33:16.022Z] [INFO] Inserted item: "Specialist follow-up: _____..." (ID: 9253, indent: 0)
[2025-03-19T18:33:16.073Z] [INFO] Inserted item: "Repeat testing: _____..." (ID: 9254, indent: 0)
[2025-03-19T18:33:16.121Z] [INFO] Inserted/updated section: Special Considerations (ID: 1296)
[2025-03-19T18:33:16.169Z] [INFO] Inserted item: "Care coordination with consult..." (ID: 9255, indent: 0)
[2025-03-19T18:33:16.224Z] [INFO] Inserted item: "Care coordination with admitti..." (ID: 9256, indent: 0)
[2025-03-19T18:33:16.224Z] [INFO] Completed processing file: disposition.md
[2025-03-19T18:33:16.225Z] [INFO] Processing file: patient-education.md
[2025-03-19T18:33:16.278Z] [INFO] Inserted/updated section: Explanation to Patient/Family (ID: 1297)
[2025-03-19T18:33:16.327Z] [INFO] Inserted item: "Nature of delirium/confusion..." (ID: 9257, indent: 0)
[2025-03-19T18:33:16.392Z] [INFO] Inserted item: "Underlying causes identified..." (ID: 9258, indent: 0)
[2025-03-19T18:33:16.441Z] [INFO] Inserted item: "Expected course and prognosis..." (ID: 9259, indent: 0)
[2025-03-19T18:33:16.495Z] [INFO] Inserted item: "Importance of treatment adhere..." (ID: 9260, indent: 0)
[2025-03-19T18:33:16.553Z] [INFO] Inserted item: "Warning signs requiring medica..." (ID: 9261, indent: 0)
[2025-03-19T18:33:16.609Z] [INFO] Inserted/updated section: Education Points for Caregivers (ID: 1298)
[2025-03-19T18:33:16.663Z] [INFO] Inserted item: "Delirium is a symptom, not a d..." (ID: 9262, indent: 0)
[2025-03-19T18:33:16.715Z] [INFO] Inserted item: "Confusion has many causes and ..." (ID: 9263, indent: 0)
[2025-03-19T18:33:16.769Z] [INFO] Inserted item: "Delirium carries negative prog..." (ID: 9264, indent: 0)
[2025-03-19T18:33:16.819Z] [INFO] Inserted item: "Higher mortality..." (ID: 9265, indent: 1)
[2025-03-19T18:33:16.871Z] [INFO] Inserted item: "Worse functional outcomes..." (ID: 9266, indent: 1)
[2025-03-19T18:33:16.923Z] [INFO] Inserted item: "Worse cognitive outcomes..." (ID: 9267, indent: 1)
[2025-03-19T18:33:16.971Z] [INFO] Inserted item: "Decreased rates of home discha..." (ID: 9268, indent: 1)
[2025-03-19T18:33:17.021Z] [INFO] Inserted item: "Importance of providing a supp..." (ID: 9269, indent: 0)
[2025-03-19T18:33:17.083Z] [INFO] Inserted item: "Recognition of signs of worsen..." (ID: 9270, indent: 0)
[2025-03-19T18:33:17.134Z] [INFO] Inserted/updated section: Follow-up Instructions (ID: 1299)
[2025-03-19T18:33:17.193Z] [INFO] Inserted item: "Medication instructions: _____..." (ID: 9271, indent: 0)
[2025-03-19T18:33:17.243Z] [INFO] Inserted item: "When to seek emergency care: _..." (ID: 9272, indent: 0)
[2025-03-19T18:33:17.294Z] [INFO] Inserted item: "Follow-up appointment informat..." (ID: 9273, indent: 0)
[2025-03-19T18:33:17.295Z] [INFO] Completed processing file: patient-education.md
[2025-03-19T18:33:17.295Z] [INFO] Completed processing chapter: Ch13_Confusion
[2025-03-19T18:33:17.295Z] [INFO] Migration completed: 1 chapters processed successfully, 0 chapters had errors
[2025-03-19T18:33:17.295Z] [INFO] Migration completed in 28.572 seconds
