[2025-03-15T02:43:18.762Z] [INFO] Starting migration...
[2025-03-15T02:43:18.763Z] [INFO] Inserting categories...
[2025-03-15T02:43:18.903Z] [INFO] All categories already exist, skipping insertion
[2025-03-15T02:43:18.903Z] [INFO] Found 1 chapter directories to process
[2025-03-15T02:43:18.903Z] [INFO] Processing chapter: Ch11_Syncope
[2025-03-15T02:43:18.957Z] [INFO] Inserted/updated chapter: Syncope (ID: 367)
[2025-03-15T02:43:19.052Z] [INFO] Processing file: alarm-features.md
[2025-03-15T02:43:19.102Z] [INFO] Inserted/updated section: High-Risk Features (ID: 1541)
[2025-03-15T02:43:19.103Z] [INFO] Inserting 8 checklist items for section 1541
[2025-03-15T02:43:19.151Z] [INFO] Successfully inserted 8 checklist items
[2025-03-15T02:43:19.197Z] [INFO] Inserted/updated section: Critical Diagnoses To Consider (ID: 1542)
[2025-03-15T02:43:19.198Z] [INFO] Inserting 13 checklist items for section 1542
[2025-03-15T02:43:19.257Z] [INFO] Successfully inserted 13 checklist items
[2025-03-15T02:43:19.303Z] [INFO] Inserted/updated section: Emergent Diagnostic Factors (ID: 1543)
[2025-03-15T02:43:19.304Z] [INFO] Inserting 11 checklist items for section 1543
[2025-03-15T02:43:19.353Z] [INFO] Successfully inserted 11 checklist items
[2025-03-15T02:43:19.404Z] [INFO] Inserted/updated section: Concerning Cardiac Symptoms (ID: 1544)
[2025-03-15T02:43:19.405Z] [INFO] Inserting 4 checklist items for section 1544
[2025-03-15T02:43:19.460Z] [INFO] Successfully inserted 4 checklist items
[2025-03-15T02:43:19.505Z] [INFO] Inserted/updated section: Concerning Neurological Symptoms (ID: 1545)
[2025-03-15T02:43:19.505Z] [INFO] Inserting 4 checklist items for section 1545
[2025-03-15T02:43:19.551Z] [INFO] Successfully inserted 4 checklist items
[2025-03-15T02:43:19.607Z] [INFO] Inserted/updated section: Concerning Abdominal/GI Symptoms (ID: 1546)
[2025-03-15T02:43:19.607Z] [INFO] Inserting 3 checklist items for section 1546
[2025-03-15T02:43:19.651Z] [INFO] Successfully inserted 3 checklist items
[2025-03-15T02:43:19.651Z] [INFO] Completed processing file: alarm-features.md
[2025-03-15T02:43:19.652Z] [INFO] Processing file: assessment.md
[2025-03-15T02:43:19.705Z] [INFO] Inserted/updated section: Syncope Classification (ID: 1547)
[2025-03-15T02:43:19.705Z] [INFO] Inserting 17 checklist items for section 1547
[2025-03-15T02:43:19.800Z] [ERROR] Error inserting checklist items for section 1547: null value in column "display_order" of relation "checklist_items" violates not-null constraint
[2025-03-15T02:43:19.800Z] [ERROR] Error processing file /Users/lucas/Documents/markdown_1-185/1-18/Ch11_Syncope/assessment.md: null value in column "display_order" of relation "checklist_items" violates not-null constraint
[2025-03-15T02:43:19.800Z] [INFO] Processing file: collateral-history.md
[2025-03-15T02:43:19.854Z] [INFO] Inserted/updated section: Witness Account (ID: 1548)
[2025-03-15T02:43:19.854Z] [INFO] Inserting 4 checklist items for section 1548
[2025-03-15T02:43:19.903Z] [INFO] Successfully inserted 4 checklist items
[2025-03-15T02:43:19.949Z] [INFO] Inserted/updated section: Description of Episode (From Observer) (ID: 1549)
[2025-03-15T02:43:19.949Z] [INFO] Inserting 5 checklist items for section 1549
[2025-03-15T02:43:19.995Z] [INFO] Successfully inserted 5 checklist items
[2025-03-15T02:43:20.055Z] [INFO] Inserted/updated section: Pre-Episode Observations (ID: 1550)
[2025-03-15T02:43:20.055Z] [INFO] Inserting 5 checklist items for section 1550
[2025-03-15T02:43:20.110Z] [INFO] Successfully inserted 5 checklist items
[2025-03-15T02:43:20.158Z] [INFO] Inserted/updated section: Episode Characteristics (ID: 1551)
[2025-03-15T02:43:20.158Z] [INFO] Inserting 8 checklist items for section 1551
[2025-03-15T02:43:20.209Z] [INFO] Successfully inserted 8 checklist items
[2025-03-15T02:43:20.259Z] [INFO] Inserted/updated section: Movement During Episode (ID: 1552)
[2025-03-15T02:43:20.259Z] [INFO] Inserting 9 checklist items for section 1552
[2025-03-15T02:43:20.308Z] [INFO] Successfully inserted 9 checklist items
[2025-03-15T02:43:20.359Z] [INFO] Inserted/updated section: Autonomic Features (ID: 1553)
[2025-03-15T02:43:20.359Z] [INFO] Inserting 4 checklist items for section 1553
[2025-03-15T02:43:20.414Z] [INFO] Successfully inserted 4 checklist items
[2025-03-15T02:43:20.459Z] [INFO] Inserted/updated section: Recovery Characteristics (ID: 1554)
[2025-03-15T02:43:20.459Z] [INFO] Inserting 11 checklist items for section 1554
[2025-03-15T02:43:20.505Z] [INFO] Successfully inserted 11 checklist items
[2025-03-15T02:43:20.556Z] [INFO] Inserted/updated section: EMS/First Responder Report (ID: 1555)
[2025-03-15T02:43:20.556Z] [INFO] Inserting 4 checklist items for section 1555
[2025-03-15T02:43:20.608Z] [INFO] Successfully inserted 4 checklist items
[2025-03-15T02:43:20.608Z] [INFO] Completed processing file: collateral-history.md
[2025-03-15T02:43:20.608Z] [INFO] Processing file: diet.md
[2025-03-15T02:43:20.653Z] [INFO] Inserted/updated section: Oral Intake (ID: 1556)
[2025-03-15T02:43:20.653Z] [INFO] Inserting 5 checklist items for section 1556
[2025-03-15T02:43:20.700Z] [INFO] Successfully inserted 5 checklist items
[2025-03-15T02:43:20.746Z] [INFO] Inserted/updated section: Dietary Triggers (ID: 1557)
[2025-03-15T02:43:20.746Z] [INFO] Inserting 4 checklist items for section 1557
[2025-03-15T02:43:20.794Z] [INFO] Successfully inserted 4 checklist items
[2025-03-15T02:43:20.854Z] [INFO] Inserted/updated section: Specialized Diets (ID: 1558)
[2025-03-15T02:43:20.854Z] [INFO] Inserting 5 checklist items for section 1558
[2025-03-15T02:43:20.912Z] [INFO] Successfully inserted 5 checklist items
[2025-03-15T02:43:20.963Z] [INFO] Inserted/updated section: Hydration Status (ID: 1559)
[2025-03-15T02:43:20.963Z] [INFO] Inserting 4 checklist items for section 1559
[2025-03-15T02:43:21.024Z] [INFO] Successfully inserted 4 checklist items
[2025-03-15T02:43:21.074Z] [INFO] Inserted/updated section: Recent Dietary Changes (ID: 1560)
[2025-03-15T02:43:21.075Z] [INFO] Inserting 7 checklist items for section 1560
[2025-03-15T02:43:21.124Z] [INFO] Successfully inserted 7 checklist items
[2025-03-15T02:43:21.168Z] [INFO] Inserted/updated section: Dietary Supplements (ID: 1561)
[2025-03-15T02:43:21.168Z] [INFO] Inserting 6 checklist items for section 1561
[2025-03-15T02:43:21.212Z] [INFO] Successfully inserted 6 checklist items
[2025-03-15T02:43:21.259Z] [INFO] Inserted/updated section: Appetite (ID: 1562)
[2025-03-15T02:43:21.259Z] [INFO] Inserting 4 checklist items for section 1562
[2025-03-15T02:43:21.310Z] [INFO] Successfully inserted 4 checklist items
[2025-03-15T02:43:21.310Z] [INFO] Completed processing file: diet.md
[2025-03-15T02:43:21.310Z] [INFO] Processing file: differential-diagnosis.md
[2025-03-15T02:43:21.354Z] [INFO] Inserted/updated section: Reflex (Neurally Mediated) Syncope (ID: 1563)
[2025-03-15T02:43:21.354Z] [INFO] Inserting 12 checklist items for section 1563
[2025-03-15T02:43:21.447Z] [ERROR] Error inserting checklist items for section 1563: null value in column "display_order" of relation "checklist_items" violates not-null constraint
[2025-03-15T02:43:21.447Z] [ERROR] Error processing file /Users/lucas/Documents/markdown_1-185/1-18/Ch11_Syncope/differential-diagnosis.md: null value in column "display_order" of relation "checklist_items" violates not-null constraint
[2025-03-15T02:43:21.447Z] [INFO] Processing file: disposition.md
[2025-03-15T02:43:21.502Z] [INFO] Inserted/updated section: Primary Disposition Decision (ID: 1564)
[2025-03-15T02:43:21.503Z] [INFO] Inserting 8 checklist items for section 1564
[2025-03-15T02:43:21.593Z] [ERROR] Error inserting checklist items for section 1564: null value in column "display_order" of relation "checklist_items" violates not-null constraint
[2025-03-15T02:43:21.593Z] [ERROR] Error processing file /Users/lucas/Documents/markdown_1-185/1-18/Ch11_Syncope/disposition.md: null value in column "display_order" of relation "checklist_items" violates not-null constraint
[2025-03-15T02:43:21.593Z] [INFO] Processing file: ecg.md
[2025-03-15T02:43:21.637Z] [INFO] Inserted/updated section: Basic ECG Parameters (ID: 1565)
[2025-03-15T02:43:21.637Z] [INFO] Inserting 7 checklist items for section 1565
[2025-03-15T02:43:21.690Z] [INFO] Successfully inserted 7 checklist items
[2025-03-15T02:43:21.738Z] [INFO] Inserted/updated section: Rhythm (ID: 1566)
[2025-03-15T02:43:21.738Z] [INFO] Inserting 9 checklist items for section 1566
[2025-03-15T02:43:21.785Z] [INFO] Successfully inserted 9 checklist items
[2025-03-15T02:43:21.843Z] [INFO] Inserted/updated section: Conduction Abnormalities (ID: 1567)
[2025-03-15T02:43:21.843Z] [INFO] Inserting 11 checklist items for section 1567
[2025-03-15T02:43:21.891Z] [INFO] Successfully inserted 11 checklist items
[2025-03-15T02:43:21.941Z] [INFO] Inserted/updated section: Tachyarrhythmias (ID: 1568)
[2025-03-15T02:43:21.941Z] [INFO] Inserting 7 checklist items for section 1568
[2025-03-15T02:43:21.990Z] [INFO] Successfully inserted 7 checklist items
[2025-03-15T02:43:22.043Z] [INFO] Inserted/updated section: Ischemia/Infarction (ID: 1569)
[2025-03-15T02:43:22.044Z] [INFO] Inserting 6 checklist items for section 1569
[2025-03-15T02:43:22.092Z] [INFO] Successfully inserted 6 checklist items
[2025-03-15T02:43:22.137Z] [INFO] Inserted/updated section: Other ECG Findings (ID: 1570)
[2025-03-15T02:43:22.138Z] [INFO] Inserting 14 checklist items for section 1570
[2025-03-15T02:43:22.187Z] [INFO] Successfully inserted 14 checklist items
[2025-03-15T02:43:22.235Z] [INFO] Inserted/updated section: Serial ECG Changes (ID: 1571)
[2025-03-15T02:43:22.235Z] [INFO] Inserting 4 checklist items for section 1571
[2025-03-15T02:43:22.283Z] [INFO] Successfully inserted 4 checklist items
[2025-03-15T02:43:22.328Z] [INFO] Inserted/updated section: Cardiac Monitor Findings (if available) (ID: 1572)
[2025-03-15T02:43:22.328Z] [INFO] Inserting 2 checklist items for section 1572
[2025-03-15T02:43:22.373Z] [INFO] Successfully inserted 2 checklist items
[2025-03-15T02:43:22.373Z] [INFO] Completed processing file: ecg.md
[2025-03-15T02:43:22.374Z] [INFO] Processing file: history.md
[2025-03-15T02:43:22.422Z] [INFO] Inserted/updated section: Chief Complaint (ID: 1573)
[2025-03-15T02:43:22.423Z] [INFO] Inserting 3 checklist items for section 1573
[2025-03-15T02:43:22.469Z] [INFO] Successfully inserted 3 checklist items
[2025-03-15T02:43:22.515Z] [INFO] Inserted/updated section: Episode Details (ID: 1574)
[2025-03-15T02:43:22.515Z] [INFO] Inserting 4 checklist items for section 1574
[2025-03-15T02:43:22.562Z] [INFO] Successfully inserted 4 checklist items
[2025-03-15T02:43:22.608Z] [INFO] Inserted/updated section: Position During Episode (ID: 1575)
[2025-03-15T02:43:22.608Z] [INFO] Inserting 4 checklist items for section 1575
[2025-03-15T02:43:22.666Z] [INFO] Successfully inserted 4 checklist items
[2025-03-15T02:43:22.713Z] [INFO] Inserted/updated section: Activity During Episode (ID: 1576)
[2025-03-15T02:43:22.713Z] [INFO] Inserting 5 checklist items for section 1576
[2025-03-15T02:43:22.764Z] [INFO] Successfully inserted 5 checklist items
[2025-03-15T02:43:22.815Z] [INFO] Inserted/updated section: Setting (ID: 1577)
[2025-03-15T02:43:22.815Z] [INFO] Inserting 11 checklist items for section 1577
[2025-03-15T02:43:22.873Z] [INFO] Successfully inserted 11 checklist items
[2025-03-15T02:43:22.920Z] [INFO] Inserted/updated section: Precipitating Factors (ID: 1578)
[2025-03-15T02:43:22.920Z] [INFO] Inserting 12 checklist items for section 1578
[2025-03-15T02:43:22.973Z] [INFO] Successfully inserted 12 checklist items
[2025-03-15T02:43:23.023Z] [INFO] Inserted/updated section: Associated Prodromal Symptoms (ID: 1579)
[2025-03-15T02:43:23.024Z] [INFO] Inserting 10 checklist items for section 1579
[2025-03-15T02:43:23.070Z] [INFO] Successfully inserted 10 checklist items
[2025-03-15T02:43:23.116Z] [INFO] Inserted/updated section: Associated Symptoms During/After Episode (ID: 1580)
[2025-03-15T02:43:23.116Z] [INFO] Inserting 13 checklist items for section 1580
[2025-03-15T02:43:23.163Z] [INFO] Successfully inserted 13 checklist items
[2025-03-15T02:43:23.226Z] [INFO] Inserted/updated section: Post-Episode Status (ID: 1581)
[2025-03-15T02:43:23.226Z] [INFO] Inserting 6 checklist items for section 1581
[2025-03-15T02:43:23.272Z] [INFO] Successfully inserted 6 checklist items
[2025-03-15T02:43:23.272Z] [INFO] Completed processing file: history.md
[2025-03-15T02:43:23.273Z] [INFO] Processing file: imaging.md
[2025-03-15T02:43:23.318Z] [INFO] Inserted/updated section: Chest X-ray (ID: 1582)
[2025-03-15T02:43:23.318Z] [INFO] Inserting 11 checklist items for section 1582
[2025-03-15T02:43:23.375Z] [INFO] Successfully inserted 11 checklist items
[2025-03-15T02:43:23.431Z] [INFO] Inserted/updated section: Head CT (ID: 1583)
[2025-03-15T02:43:23.431Z] [INFO] Inserting 9 checklist items for section 1583
[2025-03-15T02:43:23.478Z] [INFO] Successfully inserted 9 checklist items
[2025-03-15T02:43:23.531Z] [INFO] Inserted/updated section: CT Pulmonary Angiogram (ID: 1584)
[2025-03-15T02:43:23.531Z] [INFO] Inserting 10 checklist items for section 1584
[2025-03-15T02:43:23.629Z] [ERROR] Error inserting checklist items for section 1584: null value in column "display_order" of relation "checklist_items" violates not-null constraint
[2025-03-15T02:43:23.629Z] [ERROR] Error processing file /Users/lucas/Documents/markdown_1-185/1-18/Ch11_Syncope/imaging.md: null value in column "display_order" of relation "checklist_items" violates not-null constraint
[2025-03-15T02:43:23.629Z] [INFO] Processing file: lab-studies.md
[2025-03-15T02:43:23.675Z] [INFO] Inserted/updated section: Complete Blood Count (ID: 1585)
[2025-03-15T02:43:23.675Z] [INFO] Inserting 6 checklist items for section 1585
[2025-03-15T02:43:23.722Z] [INFO] Successfully inserted 6 checklist items
[2025-03-15T02:43:23.776Z] [INFO] Inserted/updated section: Basic Metabolic Panel (ID: 1586)
[2025-03-15T02:43:23.776Z] [INFO] Inserting 10 checklist items for section 1586
[2025-03-15T02:43:23.825Z] [INFO] Successfully inserted 10 checklist items
[2025-03-15T02:43:23.899Z] [INFO] Inserted/updated section: Cardiac Biomarkers (ID: 1587)
[2025-03-15T02:43:23.899Z] [INFO] Inserting 7 checklist items for section 1587
[2025-03-15T02:43:23.955Z] [INFO] Successfully inserted 7 checklist items
[2025-03-15T02:43:24.002Z] [INFO] Inserted/updated section: Coagulation Studies (ID: 1588)
[2025-03-15T02:43:24.002Z] [INFO] Inserting 5 checklist items for section 1588
[2025-03-15T02:43:24.050Z] [INFO] Successfully inserted 5 checklist items
[2025-03-15T02:43:24.093Z] [INFO] Inserted/updated section: Additional Electrolytes (ID: 1589)
[2025-03-15T02:43:24.093Z] [INFO] Inserting 2 checklist items for section 1589
[2025-03-15T02:43:24.140Z] [INFO] Successfully inserted 2 checklist items
[2025-03-15T02:43:24.187Z] [INFO] Inserted/updated section: Liver Function Tests (ID: 1590)
[2025-03-15T02:43:24.187Z] [INFO] Inserting 7 checklist items for section 1590
[2025-03-15T02:43:24.234Z] [INFO] Successfully inserted 7 checklist items
[2025-03-15T02:43:24.281Z] [INFO] Inserted/updated section: Toxicology Screen (ID: 1591)
[2025-03-15T02:43:24.281Z] [INFO] Inserting 4 checklist items for section 1591
[2025-03-15T02:43:24.330Z] [INFO] Successfully inserted 4 checklist items
[2025-03-15T02:43:24.377Z] [INFO] Inserted/updated section: Pregnancy Test (ID: 1592)
[2025-03-15T02:43:24.377Z] [INFO] Inserting 3 checklist items for section 1592
[2025-03-15T02:43:24.426Z] [INFO] Successfully inserted 3 checklist items
[2025-03-15T02:43:24.477Z] [INFO] Inserted/updated section: Thyroid Function Tests (ID: 1593)
[2025-03-15T02:43:24.477Z] [INFO] Inserting 4 checklist items for section 1593
[2025-03-15T02:43:24.526Z] [INFO] Successfully inserted 4 checklist items
[2025-03-15T02:43:24.572Z] [INFO] Inserted/updated section: Arterial Blood Gas (ID: 1594)
[2025-03-15T02:43:24.572Z] [INFO] Inserting 8 checklist items for section 1594
[2025-03-15T02:43:24.624Z] [INFO] Successfully inserted 8 checklist items
[2025-03-15T02:43:24.687Z] [INFO] Inserted/updated section: Urinalysis (ID: 1595)
[2025-03-15T02:43:24.687Z] [INFO] Inserting 10 checklist items for section 1595
[2025-03-15T02:43:24.736Z] [INFO] Successfully inserted 10 checklist items
[2025-03-15T02:43:24.790Z] [INFO] Inserted/updated section: Other Laboratory Tests (ID: 1596)
[2025-03-15T02:43:24.790Z] [INFO] Inserting 4 checklist items for section 1596
[2025-03-15T02:43:24.837Z] [INFO] Successfully inserted 4 checklist items
[2025-03-15T02:43:24.837Z] [INFO] Completed processing file: lab-studies.md
[2025-03-15T02:43:24.837Z] [INFO] Processing file: medications.md
[2025-03-15T02:43:24.886Z] [INFO] Inserted/updated section: Vasodilators (ID: 1597)
[2025-03-15T02:43:24.886Z] [INFO] Inserting 8 checklist items for section 1597
[2025-03-15T02:43:24.932Z] [INFO] Successfully inserted 8 checklist items
[2025-03-15T02:43:24.976Z] [INFO] Inserted/updated section: Diuretics (ID: 1598)
[2025-03-15T02:43:24.977Z] [INFO] Inserting 3 checklist items for section 1598
[2025-03-15T02:43:25.023Z] [INFO] Successfully inserted 3 checklist items
[2025-03-15T02:43:25.079Z] [INFO] Inserted/updated section: Central Antihypertensives (ID: 1599)
[2025-03-15T02:43:25.079Z] [INFO] Inserting 2 checklist items for section 1599
[2025-03-15T02:43:25.142Z] [INFO] Successfully inserted 2 checklist items
[2025-03-15T02:43:25.187Z] [INFO] Inserted/updated section: QT-Prolonging Agents (ID: 1600)
[2025-03-15T02:43:25.187Z] [INFO] Inserting 5 checklist items for section 1600
[2025-03-15T02:43:25.246Z] [INFO] Successfully inserted 5 checklist items
[2025-03-15T02:43:25.293Z] [INFO] Inserted/updated section: Psychoactive Agents (ID: 1601)
[2025-03-15T02:43:25.293Z] [INFO] Inserting 12 checklist items for section 1601
[2025-03-15T02:43:25.340Z] [INFO] Successfully inserted 12 checklist items
[2025-03-15T02:43:25.446Z] [INFO] Inserted/updated section: Other Medications (ID: 1602)
[2025-03-15T02:43:25.447Z] [INFO] Inserting 7 checklist items for section 1602
[2025-03-15T02:43:25.520Z] [INFO] Successfully inserted 7 checklist items
[2025-03-15T02:43:25.566Z] [INFO] Inserted/updated section: Recent Medication Changes (ID: 1603)
[2025-03-15T02:43:25.566Z] [INFO] Inserting 5 checklist items for section 1603
[2025-03-15T02:43:25.621Z] [INFO] Successfully inserted 5 checklist items
[2025-03-15T02:43:25.667Z] [INFO] Inserted/updated section: Medication Compliance (ID: 1604)
[2025-03-15T02:43:25.667Z] [INFO] Inserting 5 checklist items for section 1604
[2025-03-15T02:43:25.716Z] [INFO] Successfully inserted 5 checklist items
[2025-03-15T02:43:25.716Z] [INFO] Completed processing file: medications.md
[2025-03-15T02:43:25.716Z] [INFO] Processing file: past-medical.md
[2025-03-15T02:43:25.763Z] [INFO] Inserted/updated section: Cardiac History (ID: 1605)
[2025-03-15T02:43:25.764Z] [INFO] Inserting 28 checklist items for section 1605
[2025-03-15T02:43:25.864Z] [ERROR] Error inserting checklist items for section 1605: null value in column "display_order" of relation "checklist_items" violates not-null constraint
[2025-03-15T02:43:25.864Z] [ERROR] Error processing file /Users/lucas/Documents/markdown_1-185/1-18/Ch11_Syncope/past-medical.md: null value in column "display_order" of relation "checklist_items" violates not-null constraint
[2025-03-15T02:43:25.864Z] [INFO] Processing file: patient-education.md
[2025-03-15T02:43:25.913Z] [INFO] Inserted/updated section: General Syncope Information (ID: 1606)
[2025-03-15T02:43:25.913Z] [INFO] Inserting 6 checklist items for section 1606
[2025-03-15T02:43:25.958Z] [INFO] Successfully inserted 6 checklist items
[2025-03-15T02:43:26.003Z] [INFO] Inserted/updated section: Safety Considerations (ID: 1607)
[2025-03-15T02:43:26.003Z] [INFO] Inserting 8 checklist items for section 1607
[2025-03-15T02:43:26.051Z] [INFO] Successfully inserted 8 checklist items
[2025-03-15T02:43:26.097Z] [INFO] Inserted/updated section: Specific Cause Education (if identified) (ID: 1608)
[2025-03-15T02:43:26.097Z] [INFO] Inserting 7 checklist items for section 1608
[2025-03-15T02:43:26.143Z] [INFO] Successfully inserted 7 checklist items
[2025-03-15T02:43:26.189Z] [INFO] Inserted/updated section: Prodromal Symptom Recognition (ID: 1609)
[2025-03-15T02:43:26.189Z] [INFO] Inserting 5 checklist items for section 1609
[2025-03-15T02:43:26.241Z] [INFO] Successfully inserted 5 checklist items
[2025-03-15T02:43:26.287Z] [INFO] Inserted/updated section: Physical Counterpressure Maneuvers (ID: 1610)
[2025-03-15T02:43:26.287Z] [INFO] Inserting 5 checklist items for section 1610
[2025-03-15T02:43:26.340Z] [INFO] Successfully inserted 5 checklist items
[2025-03-15T02:43:26.385Z] [INFO] Inserted/updated section: Lifestyle Modifications (ID: 1611)
[2025-03-15T02:43:26.385Z] [INFO] Inserting 8 checklist items for section 1611
[2025-03-15T02:43:26.432Z] [INFO] Successfully inserted 8 checklist items
[2025-03-15T02:43:26.478Z] [INFO] Inserted/updated section: Medication Education (ID: 1612)
[2025-03-15T02:43:26.478Z] [INFO] Inserting 6 checklist items for section 1612
[2025-03-15T02:43:26.523Z] [INFO] Successfully inserted 6 checklist items
[2025-03-15T02:43:26.567Z] [INFO] Inserted/updated section: Follow-up Care (ID: 1613)
[2025-03-15T02:43:26.568Z] [INFO] Inserting 7 checklist items for section 1613
[2025-03-15T02:43:26.614Z] [INFO] Successfully inserted 7 checklist items
[2025-03-15T02:43:26.663Z] [INFO] Inserted/updated section: Warning Signs Requiring Immediate Attention (ID: 1614)
[2025-03-15T02:43:26.663Z] [INFO] Inserting 8 checklist items for section 1614
[2025-03-15T02:43:26.708Z] [INFO] Successfully inserted 8 checklist items
[2025-03-15T02:43:26.758Z] [INFO] Inserted/updated section: Family Education (ID: 1615)
[2025-03-15T02:43:26.758Z] [INFO] Inserting 6 checklist items for section 1615
[2025-03-15T02:43:26.806Z] [INFO] Successfully inserted 6 checklist items
[2025-03-15T02:43:26.806Z] [INFO] Completed processing file: patient-education.md
[2025-03-15T02:43:26.806Z] [INFO] Processing file: physical-exam.md
[2025-03-15T02:43:26.855Z] [INFO] Inserted/updated section: Vital Signs (ID: 1616)
[2025-03-15T02:43:26.855Z] [INFO] Inserting 6 checklist items for section 1616
[2025-03-15T02:43:26.922Z] [INFO] Successfully inserted 6 checklist items
[2025-03-15T02:43:26.967Z] [INFO] Inserted/updated section: Orthostatic Vital Signs (ID: 1617)
[2025-03-15T02:43:26.967Z] [INFO] Inserting 13 checklist items for section 1617
[2025-03-15T02:43:27.061Z] [ERROR] Error inserting checklist items for section 1617: null value in column "display_order" of relation "checklist_items" violates not-null constraint
[2025-03-15T02:43:27.061Z] [ERROR] Error processing file /Users/lucas/Documents/markdown_1-185/1-18/Ch11_Syncope/physical-exam.md: null value in column "display_order" of relation "checklist_items" violates not-null constraint
[2025-03-15T02:43:27.061Z] [INFO] Processing file: plan.md
[2025-03-15T02:43:27.106Z] [INFO] Inserted/updated section: Immediate Management (ID: 1618)
[2025-03-15T02:43:27.106Z] [INFO] Inserting 9 checklist items for section 1618
[2025-03-15T02:43:27.157Z] [INFO] Successfully inserted 9 checklist items
[2025-03-15T02:43:27.203Z] [INFO] Inserted/updated section: Additional Testing (ID: 1619)
[2025-03-15T02:43:27.203Z] [INFO] Inserting 12 checklist items for section 1619
[2025-03-15T02:43:27.251Z] [INFO] Successfully inserted 12 checklist items
[2025-03-15T02:43:27.307Z] [INFO] Inserted/updated section: Medication Recommendations (ID: 1620)
[2025-03-15T02:43:27.307Z] [INFO] Inserting 6 checklist items for section 1620
[2025-03-15T02:43:27.363Z] [INFO] Successfully inserted 6 checklist items
[2025-03-15T02:43:27.408Z] [INFO] Inserted/updated section: Lifestyle Modifications (ID: 1621)
[2025-03-15T02:43:27.409Z] [INFO] Inserting 8 checklist items for section 1621
[2025-03-15T02:43:27.456Z] [INFO] Successfully inserted 8 checklist items
[2025-03-15T02:43:27.503Z] [INFO] Inserted/updated section: Cardiac Intervention Considerations (ID: 1622)
[2025-03-15T02:43:27.503Z] [INFO] Inserting 6 checklist items for section 1622
[2025-03-15T02:43:27.555Z] [INFO] Successfully inserted 6 checklist items
[2025-03-15T02:43:27.601Z] [INFO] Inserted/updated section: Follow-up Care (ID: 1623)
[2025-03-15T02:43:27.602Z] [INFO] Inserting 10 checklist items for section 1623
[2025-03-15T02:43:27.647Z] [INFO] Successfully inserted 10 checklist items
[2025-03-15T02:43:27.704Z] [INFO] Inserted/updated section: Preventive Measures (ID: 1624)
[2025-03-15T02:43:27.704Z] [INFO] Inserting 7 checklist items for section 1624
[2025-03-15T02:43:27.754Z] [INFO] Successfully inserted 7 checklist items
[2025-03-15T02:43:27.798Z] [INFO] Inserted/updated section: Special Considerations (ID: 1625)
[2025-03-15T02:43:27.798Z] [INFO] Inserting 5 checklist items for section 1625
[2025-03-15T02:43:27.844Z] [INFO] Successfully inserted 5 checklist items
[2025-03-15T02:43:27.844Z] [INFO] Completed processing file: plan.md
[2025-03-15T02:43:27.844Z] [INFO] Processing file: review-systems.md
[2025-03-15T02:43:27.900Z] [INFO] Inserted/updated section: Constitutional (ID: 1626)
[2025-03-15T02:43:27.900Z] [INFO] Inserting 4 checklist items for section 1626
[2025-03-15T02:43:28.049Z] [INFO] Successfully inserted 4 checklist items
[2025-03-15T02:43:28.102Z] [INFO] Inserted/updated section: Cardiovascular (ID: 1627)
[2025-03-15T02:43:28.102Z] [INFO] Inserting 8 checklist items for section 1627
[2025-03-15T02:43:28.148Z] [INFO] Successfully inserted 8 checklist items
[2025-03-15T02:43:28.193Z] [INFO] Inserted/updated section: Respiratory (ID: 1628)
[2025-03-15T02:43:28.193Z] [INFO] Inserting 5 checklist items for section 1628
[2025-03-15T02:43:28.249Z] [INFO] Successfully inserted 5 checklist items
[2025-03-15T02:43:28.302Z] [INFO] Inserted/updated section: Neurological (ID: 1629)
[2025-03-15T02:43:28.302Z] [INFO] Inserting 11 checklist items for section 1629
[2025-03-15T02:43:28.356Z] [INFO] Successfully inserted 11 checklist items
[2025-03-15T02:43:28.483Z] [INFO] Inserted/updated section: Gastrointestinal (ID: 1630)
[2025-03-15T02:43:28.483Z] [INFO] Inserting 8 checklist items for section 1630
[2025-03-15T02:43:28.530Z] [INFO] Successfully inserted 8 checklist items
[2025-03-15T02:43:28.595Z] [INFO] Inserted/updated section: Genitourinary (ID: 1631)
[2025-03-15T02:43:28.595Z] [INFO] Inserting 7 checklist items for section 1631
[2025-03-15T02:43:28.641Z] [INFO] Successfully inserted 7 checklist items
[2025-03-15T02:43:28.688Z] [INFO] Inserted/updated section: Psychiatric (ID: 1632)
[2025-03-15T02:43:28.688Z] [INFO] Inserting 6 checklist items for section 1632
[2025-03-15T02:43:28.740Z] [INFO] Successfully inserted 6 checklist items
[2025-03-15T02:43:28.788Z] [INFO] Inserted/updated section: Endocrine (ID: 1633)
[2025-03-15T02:43:28.788Z] [INFO] Inserting 4 checklist items for section 1633
[2025-03-15T02:43:28.834Z] [INFO] Successfully inserted 4 checklist items
[2025-03-15T02:43:28.880Z] [INFO] Inserted/updated section: Hematologic (ID: 1634)
[2025-03-15T02:43:28.881Z] [INFO] Inserting 3 checklist items for section 1634
[2025-03-15T02:43:28.928Z] [INFO] Successfully inserted 3 checklist items
[2025-03-15T02:43:28.972Z] [INFO] Inserted/updated section: Musculoskeletal (ID: 1635)
[2025-03-15T02:43:28.972Z] [INFO] Inserting 3 checklist items for section 1635
[2025-03-15T02:43:29.036Z] [INFO] Successfully inserted 3 checklist items
[2025-03-15T02:43:29.085Z] [INFO] Inserted/updated section: Ear, Nose, Throat (ID: 1636)
[2025-03-15T02:43:29.085Z] [INFO] Inserting 4 checklist items for section 1636
[2025-03-15T02:43:29.132Z] [INFO] Successfully inserted 4 checklist items
[2025-03-15T02:43:29.178Z] [INFO] Inserted/updated section: Eyes (ID: 1637)
[2025-03-15T02:43:29.178Z] [INFO] Inserting 4 checklist items for section 1637
[2025-03-15T02:43:29.222Z] [INFO] Successfully inserted 4 checklist items
[2025-03-15T02:43:29.222Z] [INFO] Completed processing file: review-systems.md
[2025-03-15T02:43:29.222Z] [INFO] Processing file: risk-factors.md
[2025-03-15T02:43:29.270Z] [INFO] Inserted/updated section: Demographic Risk Factors (ID: 1638)
[2025-03-15T02:43:29.270Z] [INFO] Inserting 3 checklist items for section 1638
[2025-03-15T02:43:29.320Z] [INFO] Successfully inserted 3 checklist items
[2025-03-15T02:43:29.368Z] [INFO] Inserted/updated section: Cardiac Risk Factors (ID: 1639)
[2025-03-15T02:43:29.368Z] [INFO] Inserting 15 checklist items for section 1639
[2025-03-15T02:43:29.417Z] [INFO] Successfully inserted 15 checklist items
[2025-03-15T02:43:29.463Z] [INFO] Inserted/updated section: Vascular Risk Factors (ID: 1640)
[2025-03-15T02:43:29.463Z] [INFO] Inserting 9 checklist items for section 1640
[2025-03-15T02:43:29.509Z] [INFO] Successfully inserted 9 checklist items
[2025-03-15T02:43:29.556Z] [INFO] Inserted/updated section: Pulmonary Embolism Risk Factors (ID: 1641)
[2025-03-15T02:43:29.556Z] [INFO] Inserting 10 checklist items for section 1641
[2025-03-15T02:43:29.608Z] [INFO] Successfully inserted 10 checklist items
[2025-03-15T02:43:29.654Z] [INFO] Inserted/updated section: Orthostatic Hypotension Risk Factors (ID: 1642)
[2025-03-15T02:43:29.654Z] [INFO] Inserting 7 checklist items for section 1642
[2025-03-15T02:43:29.703Z] [INFO] Successfully inserted 7 checklist items
[2025-03-15T02:43:29.748Z] [INFO] Inserted/updated section: Canadian Syncope Risk Score Factors (ID: 1643)
[2025-03-15T02:43:29.748Z] [INFO] Inserting 9 checklist items for section 1643
[2025-03-15T02:43:29.796Z] [INFO] Successfully inserted 9 checklist items
[2025-03-15T02:43:29.841Z] [INFO] Inserted/updated section: San Francisco Syncope Rule Factors (ID: 1644)
[2025-03-15T02:43:29.841Z] [INFO] Inserting 5 checklist items for section 1644
[2025-03-15T02:43:29.887Z] [INFO] Successfully inserted 5 checklist items
[2025-03-15T02:43:29.943Z] [INFO] Inserted/updated section: FAINT Score Factors (ID: 1645)
[2025-03-15T02:43:29.943Z] [INFO] Inserting 5 checklist items for section 1645
[2025-03-15T02:43:30.008Z] [INFO] Successfully inserted 5 checklist items
[2025-03-15T02:43:30.008Z] [INFO] Completed processing file: risk-factors.md
[2025-03-15T02:43:30.008Z] [INFO] Processing file: special-tests.md
[2025-03-15T02:43:30.054Z] [INFO] Inserted/updated section: Bedside Ultrasonography (ID: 1646)
[2025-03-15T02:43:30.055Z] [INFO] Inserting 19 checklist items for section 1646
[2025-03-15T02:43:30.157Z] [ERROR] Error inserting checklist items for section 1646: null value in column "display_order" of relation "checklist_items" violates not-null constraint
[2025-03-15T02:43:30.157Z] [ERROR] Error processing file /Users/lucas/Documents/markdown_1-185/1-18/Ch11_Syncope/special-tests.md: null value in column "display_order" of relation "checklist_items" violates not-null constraint
[2025-03-15T02:43:30.157Z] [INFO] Completed processing chapter: Ch11_Syncope
[2025-03-15T02:43:30.157Z] [INFO] Migration completed: 1 chapters processed successfully, 0 chapters had errors
