[2025-03-19T18:24:41.616Z] [INFO] Starting migration...
[2025-03-19T18:24:41.617Z] [INFO] Ensuring database schema has required columns...
[2025-03-19T18:24:41.753Z] [WARN] Warning: Could not verify schema columns. If they do not exist, the migration may fail.
[2025-03-19T18:24:41.753Z] [WARN] Error details: Could not find the function public.execute_sql(sql_query) in the schema cache
[2025-03-19T18:24:41.753Z] [INFO] Inserting categories...
[2025-03-19T18:24:41.802Z] [INFO] All categories already exist, skipping insertion
[2025-03-19T18:24:41.803Z] [INFO] Found 1 chapter directories to process
[2025-03-19T18:24:41.803Z] [INFO] Processing chapter: Ch14_Seizures
[2025-03-19T18:24:41.850Z] [INFO] Inserted/updated chapter: Seizures (ID: 569)
[2025-03-19T18:24:41.851Z] [INFO] Processing file: history.md
[2025-03-19T18:24:41.897Z] [INFO] Inserted/updated section: Onset (ID: 1046)
[2025-03-19T18:24:41.948Z] [INFO] Inserted item: "Abrupt onset..." (ID: 7772, indent: 0)
[2025-03-19T18:24:42.007Z] [INFO] Inserted item: "Preceding events..." (ID: 7773, indent: 0)
[2025-03-19T18:24:42.058Z] [INFO] Inserted item: "Sleep deprivation..." (ID: 7774, indent: 1)
[2025-03-19T18:24:42.106Z] [INFO] Inserted item: "Missed medications..." (ID: 7775, indent: 1)
[2025-03-19T18:24:42.164Z] [INFO] Inserted item: "New medications..." (ID: 7776, indent: 1)
[2025-03-19T18:24:42.223Z] [INFO] Inserted item: "Alcohol use..." (ID: 7777, indent: 1)
[2025-03-19T18:24:42.269Z] [INFO] Inserted item: "Substance use..." (ID: 7778, indent: 1)
[2025-03-19T18:24:42.320Z] [INFO] Inserted item: "Infections..." (ID: 7779, indent: 1)
[2025-03-19T18:24:42.372Z] [INFO] Inserted item: "Other inciting events: _____..." (ID: 7780, indent: 1)
[2025-03-19T18:24:42.431Z] [INFO] Inserted/updated section: Aura (Focal Seizures) (ID: 1047)
[2025-03-19T18:24:42.483Z] [INFO] Inserted item: "Perception alterations:..." (ID: 7781, indent: 0)
[2025-03-19T18:24:42.534Z] [INFO] Inserted item: "Visual: _____..." (ID: 7782, indent: 1)
[2025-03-19T18:24:42.584Z] [INFO] Inserted item: "Smell: _____..." (ID: 7783, indent: 1)
[2025-03-19T18:24:42.634Z] [INFO] Inserted item: "Tactile: _____..." (ID: 7784, indent: 1)
[2025-03-19T18:24:42.679Z] [INFO] Inserted item: "Auditory: _____..." (ID: 7785, indent: 1)
[2025-03-19T18:24:42.733Z] [INFO] Inserted item: "Gastric heave: _____..." (ID: 7786, indent: 1)
[2025-03-19T18:24:42.789Z] [INFO] Inserted item: "Impending doom: _____..." (ID: 7787, indent: 1)
[2025-03-19T18:24:42.843Z] [INFO] Inserted item: "Anxiety: _____..." (ID: 7788, indent: 1)
[2025-03-19T18:24:42.892Z] [INFO] Inserted item: "Irrational fear: _____..." (ID: 7789, indent: 1)
[2025-03-19T18:24:42.945Z] [INFO] Inserted/updated section: Duration (ID: 1048)
[2025-03-19T18:24:42.992Z] [INFO] Inserted item: "Duration of seizure: _____ sec..." (ID: 7790, indent: 0)
[2025-03-19T18:24:43.045Z] [INFO] Inserted item: "Self-limited (<60-120 seconds)..." (ID: 7791, indent: 0)
[2025-03-19T18:24:43.091Z] [INFO] Inserted item: "Prolonged (>5 minutes, status ..." (ID: 7792, indent: 0)
[2025-03-19T18:24:43.140Z] [INFO] Inserted/updated section: Characteristics (ID: 1049)
[2025-03-19T18:24:43.190Z] [INFO] Inserted item: "Alteration of consciousness..." (ID: 7793, indent: 0)
[2025-03-19T18:24:43.236Z] [INFO] Inserted item: "Focal aware (consciousness pre..." (ID: 7794, indent: 1)
[2025-03-19T18:24:43.282Z] [INFO] Inserted item: "Focal impaired awareness..." (ID: 7795, indent: 1)
[2025-03-19T18:24:43.331Z] [INFO] Inserted item: "Generalized (consciousness los..." (ID: 7796, indent: 1)
[2025-03-19T18:24:43.387Z] [INFO] Inserted item: "Purposeless, stereotypic movem..." (ID: 7797, indent: 0)
[2025-03-19T18:24:43.444Z] [INFO] Inserted item: "Non-suppressible movements..." (ID: 7798, indent: 0)
[2025-03-19T18:24:43.497Z] [INFO] Inserted item: "Automatisms..." (ID: 7799, indent: 0)
[2025-03-19T18:24:43.545Z] [INFO] Inserted item: "Oral movements (lip smacking, ..." (ID: 7800, indent: 1)
[2025-03-19T18:24:43.595Z] [INFO] Inserted item: "Repetitive vocalizations..." (ID: 7801, indent: 1)
[2025-03-19T18:24:43.643Z] [INFO] Inserted item: "Finger movements..." (ID: 7802, indent: 1)
[2025-03-19T18:24:43.689Z] [INFO] Inserted item: "Picking at sheets/clothing..." (ID: 7803, indent: 1)
[2025-03-19T18:24:43.741Z] [INFO] Inserted/updated section: Postictal State (ID: 1050)
[2025-03-19T18:24:43.786Z] [INFO] Inserted item: "Duration: _____ minutes/hours..." (ID: 7804, indent: 0)
[2025-03-19T18:24:43.834Z] [INFO] Inserted item: "Manifestations:..." (ID: 7805, indent: 0)
[2025-03-19T18:24:43.888Z] [INFO] Inserted item: "Lethargy..." (ID: 7806, indent: 1)
[2025-03-19T18:24:43.937Z] [INFO] Inserted item: "Confusion..." (ID: 7807, indent: 1)
[2025-03-19T18:24:43.990Z] [INFO] Inserted item: "Impaired recollection..." (ID: 7808, indent: 1)
[2025-03-19T18:24:44.034Z] [INFO] Inserted item: "Transient neurologic deficit (..." (ID: 7809, indent: 1)
[2025-03-19T18:24:44.080Z] [INFO] Inserted item: "Sensory deficit..." (ID: 7810, indent: 1)
[2025-03-19T18:24:44.127Z] [INFO] Inserted item: "Motor deficit..." (ID: 7811, indent: 1)
[2025-03-19T18:24:44.171Z] [INFO] Inserted item: "Visual deficit..." (ID: 7812, indent: 1)
[2025-03-19T18:24:44.222Z] [INFO] Inserted item: "Cognitive deficit..." (ID: 7813, indent: 1)
[2025-03-19T18:24:44.281Z] [INFO] Inserted item: "Emotional changes..." (ID: 7814, indent: 1)
[2025-03-19T18:24:44.329Z] [INFO] Inserted/updated section: Recent Events (ID: 1051)
[2025-03-19T18:24:44.375Z] [INFO] Inserted item: "Recent illness..." (ID: 7815, indent: 0)
[2025-03-19T18:24:44.422Z] [INFO] Inserted item: "Recent trauma..." (ID: 7816, indent: 0)
[2025-03-19T18:24:44.471Z] [INFO] Inserted item: "Sleep deprivation..." (ID: 7817, indent: 0)
[2025-03-19T18:24:44.519Z] [INFO] Inserted item: "Missed antiseizure medications..." (ID: 7818, indent: 0)
[2025-03-19T18:24:44.572Z] [INFO] Inserted item: "Change in dosing regimen..." (ID: 7819, indent: 0)
[2025-03-19T18:24:44.618Z] [INFO] Inserted item: "Change in ictal pattern..." (ID: 7820, indent: 0)
[2025-03-19T18:24:44.664Z] [INFO] Inserted item: "In women of reproductive age:..." (ID: 7821, indent: 0)
[2025-03-19T18:24:44.714Z] [INFO] Inserted item: "Catamenial exacerbation (seizu..." (ID: 7822, indent: 1)
[2025-03-19T18:24:44.761Z] [INFO] Inserted item: "Pregnancy (affecting drug clea..." (ID: 7823, indent: 1)
[2025-03-19T18:24:44.762Z] [INFO] Completed processing file: history.md
[2025-03-19T18:24:44.762Z] [INFO] Processing file: alarm-features.md
[2025-03-19T18:24:44.809Z] [INFO] Inserted/updated section: Critical Diagnoses (ID: 1052)
[2025-03-19T18:24:44.859Z] [INFO] Inserted item: "Status epilepticus..." (ID: 7824, indent: 0)
[2025-03-19T18:24:44.908Z] [INFO] Inserted item: "Convulsive..." (ID: 7825, indent: 1)
[2025-03-19T18:24:44.956Z] [INFO] Inserted item: "Nonconvulsive..." (ID: 7826, indent: 1)
[2025-03-19T18:24:45.005Z] [INFO] Inserted item: "Specialized treatment conditio..." (ID: 7827, indent: 0)
[2025-03-19T18:24:45.057Z] [INFO] Inserted item: "Eclampsia (seizures after 20 w..." (ID: 7828, indent: 1)
[2025-03-19T18:24:45.101Z] [INFO] Inserted item: "Toxic ingestion:..." (ID: 7829, indent: 1)
[2025-03-19T18:24:45.146Z] [INFO] Inserted item: "Isoniazid..." (ID: 7830, indent: 2)
[2025-03-19T18:24:45.194Z] [INFO] Inserted item: "Lithium..." (ID: 7831, indent: 2)
[2025-03-19T18:24:45.244Z] [INFO] Inserted item: "Tricyclic antidepressants..." (ID: 7832, indent: 2)
[2025-03-19T18:24:45.295Z] [INFO] Inserted item: "Hypoglycemia..." (ID: 7833, indent: 1)
[2025-03-19T18:24:45.351Z] [INFO] Inserted item: "Hyponatremia..." (ID: 7834, indent: 1)
[2025-03-19T18:24:45.398Z] [INFO] Inserted item: "Hypocalcemia..." (ID: 7835, indent: 1)
[2025-03-19T18:24:45.445Z] [INFO] Inserted item: "Increased intracranial pressur..." (ID: 7836, indent: 1)
[2025-03-19T18:24:45.488Z] [INFO] Inserted/updated section: Emergent Diagnoses (ID: 1053)
[2025-03-19T18:24:45.532Z] [INFO] Inserted item: "Infection..." (ID: 7837, indent: 0)
[2025-03-19T18:24:45.575Z] [INFO] Inserted item: "Acute brain injury:..." (ID: 7838, indent: 0)
[2025-03-19T18:24:45.654Z] [INFO] Inserted item: "Ischemic stroke..." (ID: 7839, indent: 1)
[2025-03-19T18:24:45.700Z] [INFO] Inserted item: "Hemorrhagic stroke..." (ID: 7840, indent: 1)
[2025-03-19T18:24:45.745Z] [INFO] Inserted item: "Traumatic brain injury..." (ID: 7841, indent: 1)
[2025-03-19T18:24:45.797Z] [INFO] Inserted item: "Cerebral venous thrombosis..." (ID: 7842, indent: 1)
[2025-03-19T18:24:45.840Z] [INFO] Inserted/updated section: Warning Signs (ID: 1054)
[2025-03-19T18:24:45.884Z] [INFO] Inserted item: "Persistent altered consciousne..." (ID: 7843, indent: 0)
[2025-03-19T18:24:45.926Z] [INFO] Inserted item: "Evidence of ongoing subtle con..." (ID: 7844, indent: 0)
[2025-03-19T18:24:45.971Z] [INFO] Inserted item: "Abnormal eye movements..." (ID: 7845, indent: 1)
[2025-03-19T18:24:46.016Z] [INFO] Inserted item: "Facial myoclonus..." (ID: 7846, indent: 1)
[2025-03-19T18:24:46.065Z] [INFO] Inserted item: "Persistent focal neurologic de..." (ID: 7847, indent: 0)
[2025-03-19T18:24:46.117Z] [INFO] Inserted item: "Severe headache..." (ID: 7848, indent: 0)
[2025-03-19T18:24:46.163Z] [INFO] Inserted item: "Thunderclap headache (maximum ..." (ID: 7849, indent: 0)
[2025-03-19T18:24:46.209Z] [INFO] Inserted item: "Associated neurologic deficits..." (ID: 7850, indent: 0)
[2025-03-19T18:24:46.266Z] [INFO] Inserted item: "Meningismus..." (ID: 7851, indent: 0)
[2025-03-19T18:24:46.312Z] [INFO] Inserted item: "Fever..." (ID: 7852, indent: 0)
[2025-03-19T18:24:46.364Z] [INFO] Inserted/updated section: High-Risk Populations for Nonconvulsive Status Epilepticus (ID: 1055)
[2025-03-19T18:24:46.413Z] [INFO] Inserted item: "Acute brain injury..." (ID: 7853, indent: 0)
[2025-03-19T18:24:46.462Z] [INFO] Inserted item: "Remote brain injury..." (ID: 7854, indent: 0)
[2025-03-19T18:24:46.507Z] [INFO] Inserted item: "Prior craniotomy..." (ID: 7855, indent: 0)
[2025-03-19T18:24:46.554Z] [INFO] Inserted item: "Toxic exposure..." (ID: 7856, indent: 0)
[2025-03-19T18:24:46.622Z] [INFO] Inserted item: "Sepsis..." (ID: 7857, indent: 0)
[2025-03-19T18:24:46.681Z] [INFO] Inserted item: "Renal failure..." (ID: 7858, indent: 0)
[2025-03-19T18:24:46.729Z] [INFO] Inserted item: "Liver failure..." (ID: 7859, indent: 0)
[2025-03-19T18:24:46.729Z] [INFO] Completed processing file: alarm-features.md
[2025-03-19T18:24:46.729Z] [INFO] Processing file: medications.md
[2025-03-19T18:24:46.775Z] [INFO] Inserted/updated section: Current Antiseizure Medications (ID: 1056)
[2025-03-19T18:24:46.822Z] [INFO] Inserted item: "First-line agents:..." (ID: 7860, indent: 0)
[2025-03-19T18:24:46.867Z] [INFO] Inserted item: "Benzodiazepines:..." (ID: 7861, indent: 1)
[2025-03-19T18:24:46.915Z] [INFO] Inserted item: "Diazepam: _____ mg..." (ID: 7862, indent: 2)
[2025-03-19T18:24:46.962Z] [INFO] Inserted item: "Lorazepam: _____ mg..." (ID: 7863, indent: 2)
[2025-03-19T18:24:47.012Z] [INFO] Inserted item: "Midazolam: _____ mg..." (ID: 7864, indent: 2)
[2025-03-19T18:24:47.054Z] [INFO] Inserted item: "Second-line agents:..." (ID: 7865, indent: 0)
[2025-03-19T18:24:47.097Z] [INFO] Inserted item: "Levetiracetam: _____ mg..." (ID: 7866, indent: 1)
[2025-03-19T18:24:47.145Z] [INFO] Inserted item: "Fosphenytoin: _____ mg..." (ID: 7867, indent: 1)
[2025-03-19T18:24:47.190Z] [INFO] Inserted item: "Lacosamide: _____ mg..." (ID: 7868, indent: 1)
[2025-03-19T18:24:47.235Z] [INFO] Inserted item: "Phenobarbital: _____ mg..." (ID: 7869, indent: 1)
[2025-03-19T18:24:47.278Z] [INFO] Inserted item: "Phenytoin: _____ mg..." (ID: 7870, indent: 1)
[2025-03-19T18:24:47.323Z] [INFO] Inserted item: "Valproic acid: _____ mg..." (ID: 7871, indent: 1)
[2025-03-19T18:24:47.371Z] [INFO] Inserted item: "Other antiseizure drugs:..." (ID: 7872, indent: 0)
[2025-03-19T18:24:47.417Z] [INFO] Inserted item: "Carbamazepine: _____ mg..." (ID: 7873, indent: 1)
[2025-03-19T18:24:47.463Z] [INFO] Inserted item: "Lamotrigine: _____ mg..." (ID: 7874, indent: 1)
[2025-03-19T18:24:47.514Z] [INFO] Inserted item: "Topiramate: _____ mg..." (ID: 7875, indent: 1)
[2025-03-19T18:24:47.565Z] [INFO] Inserted item: "Oxcarbazepine: _____ mg..." (ID: 7876, indent: 1)
[2025-03-19T18:24:47.610Z] [INFO] Inserted item: "Other: _____ mg..." (ID: 7877, indent: 1)
[2025-03-19T18:24:47.661Z] [INFO] Inserted/updated section: Medication Compliance (ID: 1057)
[2025-03-19T18:24:47.709Z] [INFO] Inserted item: "Last dose taken: _____..." (ID: 7878, indent: 0)
[2025-03-19T18:24:47.759Z] [INFO] Inserted item: "Missed doses..." (ID: 7879, indent: 0)
[2025-03-19T18:24:47.807Z] [INFO] Inserted item: "Subtherapeutic level documente..." (ID: 7880, indent: 0)
[2025-03-19T18:24:47.873Z] [INFO] Inserted item: "Dose recently changed..." (ID: 7881, indent: 0)
[2025-03-19T18:24:47.926Z] [INFO] Inserted/updated section: Other Medications (ID: 1058)
[2025-03-19T18:24:47.974Z] [INFO] Inserted item: "Medications with epileptogenic..." (ID: 7882, indent: 0)
[2025-03-19T18:24:48.021Z] [INFO] Inserted item: "Lithium..." (ID: 7883, indent: 1)
[2025-03-19T18:24:48.068Z] [INFO] Inserted item: "Other: _____..." (ID: 7884, indent: 1)
[2025-03-19T18:24:48.113Z] [INFO] Inserted item: "Medications with potential dru..." (ID: 7885, indent: 0)
[2025-03-19T18:24:48.113Z] [INFO] Completed processing file: medications.md
[2025-03-19T18:24:48.113Z] [INFO] Processing file: diet.md
[2025-03-19T18:24:48.165Z] [INFO] Inserted/updated section: Nutritional Status (ID: 1059)
[2025-03-19T18:24:48.213Z] [INFO] Inserted item: "Malnutrition (risk factor for ..." (ID: 7886, indent: 0)
[2025-03-19T18:24:48.261Z] [INFO] Inserted item: "Chronic alcoholism (risk facto..." (ID: 7887, indent: 0)
[2025-03-19T18:24:48.305Z] [INFO] Inserted item: "Water intoxication (risk for h..." (ID: 7888, indent: 0)
[2025-03-19T18:24:48.350Z] [INFO] Inserted item: "Recent dietary changes: _____..." (ID: 7889, indent: 0)
[2025-03-19T18:24:48.399Z] [INFO] Inserted/updated section: Fluid Intake (ID: 1060)
[2025-03-19T18:24:48.443Z] [INFO] Inserted item: "Excessive water intake..." (ID: 7890, indent: 0)
[2025-03-19T18:24:48.486Z] [INFO] Inserted item: "Inadequate intake..." (ID: 7891, indent: 0)
[2025-03-19T18:24:48.563Z] [INFO] Inserted item: "Normal intake..." (ID: 7892, indent: 0)
[2025-03-19T18:24:48.608Z] [INFO] Inserted/updated section: Dietary Restrictions (ID: 1061)
[2025-03-19T18:24:48.654Z] [INFO] Inserted item: "Specific diet related to seizu..." (ID: 7893, indent: 0)
[2025-03-19T18:24:48.697Z] [INFO] Inserted/updated section: Alcohol Consumption (ID: 1062)
[2025-03-19T18:24:48.748Z] [INFO] Inserted item: "Recent alcohol intake..." (ID: 7894, indent: 0)
[2025-03-19T18:24:48.793Z] [INFO] Inserted item: "Chronic alcohol use..." (ID: 7895, indent: 0)
[2025-03-19T18:24:48.793Z] [INFO] Completed processing file: diet.md
[2025-03-19T18:24:48.794Z] [INFO] Processing file: review-systems.md
[2025-03-19T18:24:48.925Z] [INFO] Inserted/updated section: Neurological (ID: 1063)
[2025-03-19T18:24:48.969Z] [INFO] Inserted item: "Headache..." (ID: 7896, indent: 0)
[2025-03-19T18:24:49.016Z] [INFO] Inserted item: "Vision changes..." (ID: 7897, indent: 0)
[2025-03-19T18:24:49.059Z] [INFO] Inserted item: "Confusion..." (ID: 7898, indent: 0)
[2025-03-19T18:24:49.117Z] [INFO] Inserted item: "Altered mental status..." (ID: 7899, indent: 0)
[2025-03-19T18:24:49.160Z] [INFO] Inserted item: "Dizziness/vertigo..." (ID: 7900, indent: 0)
[2025-03-19T18:24:49.207Z] [INFO] Inserted item: "Weakness..." (ID: 7901, indent: 0)
[2025-03-19T18:24:49.251Z] [INFO] Inserted item: "Numbness..." (ID: 7902, indent: 0)
[2025-03-19T18:24:49.302Z] [INFO] Inserted item: "Gait disturbances..." (ID: 7903, indent: 0)
[2025-03-19T18:24:49.352Z] [INFO] Inserted/updated section: Cardiovascular (ID: 1064)
[2025-03-19T18:24:49.400Z] [INFO] Inserted item: "Palpitations..." (ID: 7904, indent: 0)
[2025-03-19T18:24:49.470Z] [INFO] Inserted item: "Chest pain..." (ID: 7905, indent: 0)
[2025-03-19T18:24:49.521Z] [INFO] Inserted item: "Syncope..." (ID: 7906, indent: 0)
[2025-03-19T18:24:49.568Z] [INFO] Inserted item: "Orthostatic symptoms..." (ID: 7907, indent: 0)
[2025-03-19T18:24:49.616Z] [INFO] Inserted/updated section: Respiratory (ID: 1065)
[2025-03-19T18:24:49.665Z] [INFO] Inserted item: "Dyspnea..." (ID: 7908, indent: 0)
[2025-03-19T18:24:49.718Z] [INFO] Inserted item: "Aspiration..." (ID: 7909, indent: 0)
[2025-03-19T18:24:49.767Z] [INFO] Inserted item: "Respiratory changes during eve..." (ID: 7910, indent: 0)
[2025-03-19T18:24:49.818Z] [INFO] Inserted/updated section: Gastrointestinal (ID: 1066)
[2025-03-19T18:24:49.865Z] [INFO] Inserted item: "Nausea..." (ID: 7911, indent: 0)
[2025-03-19T18:24:49.913Z] [INFO] Inserted item: "Vomiting..." (ID: 7912, indent: 0)
[2025-03-19T18:24:49.967Z] [INFO] Inserted item: "Epigastric rising sensation..." (ID: 7913, indent: 0)
[2025-03-19T18:24:50.015Z] [INFO] Inserted/updated section: Genitourinary (ID: 1067)
[2025-03-19T18:24:50.062Z] [INFO] Inserted item: "Urinary incontinence..." (ID: 7914, indent: 0)
[2025-03-19T18:24:50.109Z] [INFO] Inserted/updated section: Musculoskeletal (ID: 1068)
[2025-03-19T18:24:50.164Z] [INFO] Inserted item: "Back pain..." (ID: 7915, indent: 0)
[2025-03-19T18:24:50.212Z] [INFO] Inserted item: "Shoulder pain (potential dislo..." (ID: 7916, indent: 0)
[2025-03-19T18:24:50.260Z] [INFO] Inserted item: "Tongue injury..." (ID: 7917, indent: 0)
[2025-03-19T18:24:50.308Z] [INFO] Inserted item: "Other injury during seizure..." (ID: 7918, indent: 0)
[2025-03-19T18:24:50.357Z] [INFO] Inserted/updated section: Constitutional (ID: 1069)
[2025-03-19T18:24:50.404Z] [INFO] Inserted item: "Fever..." (ID: 7919, indent: 0)
[2025-03-19T18:24:50.455Z] [INFO] Inserted item: "Fatigue..." (ID: 7920, indent: 0)
[2025-03-19T18:24:50.504Z] [INFO] Inserted item: "Recent weight changes..." (ID: 7921, indent: 0)
[2025-03-19T18:24:50.553Z] [INFO] Inserted/updated section: Psychiatric (ID: 1070)
[2025-03-19T18:24:50.602Z] [INFO] Inserted item: "Emotional changes..." (ID: 7922, indent: 0)
[2025-03-19T18:24:50.652Z] [INFO] Inserted item: "Déjà vu..." (ID: 7923, indent: 0)
[2025-03-19T18:24:50.712Z] [INFO] Inserted item: "Hallucinations..." (ID: 7924, indent: 0)
[2025-03-19T18:24:50.761Z] [INFO] Inserted item: "Illusions..." (ID: 7925, indent: 0)
[2025-03-19T18:24:50.810Z] [INFO] Inserted item: "Perceptual distortions..." (ID: 7926, indent: 0)
[2025-03-19T18:24:50.811Z] [INFO] Completed processing file: review-systems.md
[2025-03-19T18:24:50.811Z] [INFO] Processing file: collateral-history.md
[2025-03-19T18:24:50.871Z] [INFO] Inserted/updated section: Bystander Information (ID: 1071)
[2025-03-19T18:24:50.923Z] [INFO] Inserted item: "Event witnessed..." (ID: 7927, indent: 0)
[2025-03-19T18:24:50.974Z] [INFO] Inserted item: "Name of witness: _____..." (ID: 7928, indent: 1)
[2025-03-19T18:24:51.022Z] [INFO] Inserted item: "Relationship to patient: _____..." (ID: 7929, indent: 1)
[2025-03-19T18:24:51.072Z] [INFO] Inserted item: "Detailed description of event ..." (ID: 7930, indent: 0)
[2025-03-19T18:24:51.119Z] [INFO] Inserted item: "Duration of seizure activity o..." (ID: 7931, indent: 0)
[2025-03-19T18:24:51.164Z] [INFO] Inserted item: "Description of movements..." (ID: 7932, indent: 0)
[2025-03-19T18:24:51.210Z] [INFO] Inserted item: "Tonic phase (stiffening)..." (ID: 7933, indent: 1)
[2025-03-19T18:24:51.267Z] [INFO] Inserted item: "Clonic phase (rhythmic jerking..." (ID: 7934, indent: 1)
[2025-03-19T18:24:51.326Z] [INFO] Inserted item: "Automatisms observed..." (ID: 7935, indent: 1)
[2025-03-19T18:24:51.370Z] [INFO] Inserted item: "Loss of consciousness observed..." (ID: 7936, indent: 0)
[2025-03-19T18:24:51.417Z] [INFO] Inserted item: "Preceding aura reported by pat..." (ID: 7937, indent: 0)
[2025-03-19T18:24:51.465Z] [INFO] Inserted item: "Postictal behavior observed..." (ID: 7938, indent: 0)
[2025-03-19T18:24:51.513Z] [INFO] Inserted/updated section: EMS Report (ID: 1072)
[2025-03-19T18:24:51.558Z] [INFO] Inserted item: "Seizure ongoing at arrival..." (ID: 7939, indent: 0)
[2025-03-19T18:24:51.607Z] [INFO] Inserted item: "Seizure terminated before arri..." (ID: 7940, indent: 0)
[2025-03-19T18:24:51.652Z] [INFO] Inserted item: "Interventions performed:..." (ID: 7941, indent: 0)
[2025-03-19T18:24:51.699Z] [INFO] Inserted item: "Airway management..." (ID: 7942, indent: 1)
[2025-03-19T18:24:51.751Z] [INFO] Inserted item: "Medications administered: ____..." (ID: 7943, indent: 1)
[2025-03-19T18:24:51.803Z] [INFO] Inserted item: "Vital signs documented: _____..." (ID: 7944, indent: 1)
[2025-03-19T18:24:51.847Z] [INFO] Inserted/updated section: Previous Medical Records (ID: 1073)
[2025-03-19T18:24:51.893Z] [INFO] Inserted item: "Previous similar events..." (ID: 7945, indent: 0)
[2025-03-19T18:24:51.940Z] [INFO] Inserted item: "Known epilepsy diagnosis..." (ID: 7946, indent: 0)
[2025-03-19T18:24:51.988Z] [INFO] Inserted item: "Prior EEG findings: _____..." (ID: 7947, indent: 0)
[2025-03-19T18:24:52.034Z] [INFO] Inserted item: "Prior imaging findings: _____..." (ID: 7948, indent: 0)
[2025-03-19T18:24:52.080Z] [INFO] Inserted item: "Previous antiseizure drug regi..." (ID: 7949, indent: 0)
[2025-03-19T18:24:52.080Z] [INFO] Completed processing file: collateral-history.md
[2025-03-19T18:24:52.081Z] [INFO] Processing file: risk-factors.md
[2025-03-19T18:24:52.124Z] [INFO] Inserted/updated section: Demographic Factors (ID: 1074)
[2025-03-19T18:24:52.169Z] [INFO] Inserted item: "Age:..." (ID: 7950, indent: 0)
[2025-03-19T18:24:52.213Z] [INFO] Inserted item: "Infant (high risk for febrile ..." (ID: 7951, indent: 1)
[2025-03-19T18:24:52.256Z] [INFO] Inserted item: ">75 years (high risk for struc..." (ID: 7952, indent: 1)
[2025-03-19T18:24:52.303Z] [INFO] Inserted item: "Gender..." (ID: 7953, indent: 0)
[2025-03-19T18:24:52.360Z] [INFO] Inserted/updated section: Neurological Factors (ID: 1075)
[2025-03-19T18:24:52.408Z] [INFO] Inserted item: "Known brain lesions..." (ID: 7954, indent: 0)
[2025-03-19T18:24:52.454Z] [INFO] Inserted item: "Structural brain disease..." (ID: 7955, indent: 0)
[2025-03-19T18:24:52.503Z] [INFO] Inserted item: "Neurodegenerative disease..." (ID: 7956, indent: 0)
[2025-03-19T18:24:52.555Z] [INFO] Inserted item: "Previous brain injury..." (ID: 7957, indent: 0)
[2025-03-19T18:24:52.607Z] [INFO] Inserted item: "Prior neuroimaging abnormaliti..." (ID: 7958, indent: 0)
[2025-03-19T18:24:52.657Z] [INFO] Inserted item: "Prior EEG abnormalities..." (ID: 7959, indent: 0)
[2025-03-19T18:24:52.703Z] [INFO] Inserted item: "History of epilepsy..." (ID: 7960, indent: 0)
[2025-03-19T18:24:52.749Z] [INFO] Inserted item: "Nocturnal seizures..." (ID: 7961, indent: 0)
[2025-03-19T18:24:52.795Z] [INFO] Inserted/updated section: Medical Conditions (ID: 1076)
[2025-03-19T18:24:52.843Z] [INFO] Inserted item: "HIV-positive status..." (ID: 7962, indent: 0)
[2025-03-19T18:24:52.888Z] [INFO] Inserted item: "Renal disease..." (ID: 7963, indent: 0)
[2025-03-19T18:24:52.931Z] [INFO] Inserted item: "Hepatic disease..." (ID: 7964, indent: 0)
[2025-03-19T18:24:52.989Z] [INFO] Inserted item: "Pregnancy (>20 weeks or <8 wee..." (ID: 7965, indent: 0)
[2025-03-19T18:24:53.043Z] [INFO] Inserted/updated section: Modifiable Factors (ID: 1077)
[2025-03-19T18:24:53.096Z] [INFO] Inserted item: "Sleep deprivation..." (ID: 7966, indent: 0)
[2025-03-19T18:24:53.145Z] [INFO] Inserted item: "Alcohol use..." (ID: 7967, indent: 0)
[2025-03-19T18:24:53.191Z] [INFO] Inserted item: "Substance use..." (ID: 7968, indent: 0)
[2025-03-19T18:24:53.242Z] [INFO] Inserted item: "Medication non-compliance..." (ID: 7969, indent: 0)
[2025-03-19T18:24:53.287Z] [INFO] Inserted item: "Recent medication changes with..." (ID: 7970, indent: 0)
[2025-03-19T18:24:53.343Z] [INFO] Inserted/updated section: Exposure Risk (ID: 1078)
[2025-03-19T18:24:53.394Z] [INFO] Inserted item: "Toxin exposure..." (ID: 7971, indent: 0)
[2025-03-19T18:24:53.441Z] [INFO] Inserted item: "Medication with seizure-loweri..." (ID: 7972, indent: 0)
[2025-03-19T18:24:53.441Z] [INFO] Completed processing file: risk-factors.md
[2025-03-19T18:24:53.442Z] [INFO] Processing file: differential-diagnosis.md
[2025-03-19T18:24:53.486Z] [INFO] Inserted/updated section: Cardiac (ID: 1079)
[2025-03-19T18:24:53.536Z] [INFO] Inserted item: "Vasodepressive (vagal) syncope..." (ID: 7973, indent: 0)
[2025-03-19T18:24:53.586Z] [INFO] Inserted item: "Orthostatic syncope..." (ID: 7974, indent: 0)
[2025-03-19T18:24:53.636Z] [INFO] Inserted item: "Cardiogenic syncope..." (ID: 7975, indent: 0)
[2025-03-19T18:24:53.681Z] [INFO] Inserted/updated section: Neurologic (ID: 1080)
[2025-03-19T18:24:53.724Z] [INFO] Inserted item: "Stroke..." (ID: 7976, indent: 0)
[2025-03-19T18:24:53.765Z] [INFO] Inserted item: "Transient ischemic attack..." (ID: 7977, indent: 0)
[2025-03-19T18:24:53.817Z] [INFO] Inserted item: "Limb-shaking TIA..." (ID: 7978, indent: 1)
[2025-03-19T18:24:53.864Z] [INFO] Inserted item: "Complicated migraine..." (ID: 7979, indent: 0)
[2025-03-19T18:24:53.909Z] [INFO] Inserted item: "Movement disorders:..." (ID: 7980, indent: 0)
[2025-03-19T18:24:53.955Z] [INFO] Inserted item: "Chorea..." (ID: 7981, indent: 1)
[2025-03-19T18:24:53.999Z] [INFO] Inserted item: "Dystonia..." (ID: 7982, indent: 1)
[2025-03-19T18:24:54.049Z] [INFO] Inserted item: "Subcortical myoclonus..." (ID: 7983, indent: 1)
[2025-03-19T18:24:54.090Z] [INFO] Inserted item: "Tremors..." (ID: 7984, indent: 1)
[2025-03-19T18:24:54.135Z] [INFO] Inserted item: "Parasomnias..." (ID: 7985, indent: 0)
[2025-03-19T18:24:54.191Z] [INFO] Inserted item: "Extensor or flexor posturing f..." (ID: 7986, indent: 0)
[2025-03-19T18:24:54.236Z] [INFO] Inserted/updated section: Toxicologic (ID: 1081)
[2025-03-19T18:24:54.285Z] [INFO] Inserted item: "Intoxication/inebriation..." (ID: 7987, indent: 0)
[2025-03-19T18:24:54.330Z] [INFO] Inserted item: "Over sedation/over analgesia..." (ID: 7988, indent: 0)
[2025-03-19T18:24:54.387Z] [INFO] Inserted item: "Extrapyramidal symptoms..." (ID: 7989, indent: 0)
[2025-03-19T18:24:54.454Z] [INFO] Inserted/updated section: Metabolic (ID: 1082)
[2025-03-19T18:24:54.508Z] [INFO] Inserted item: "Hypoglycemia..." (ID: 7990, indent: 0)
[2025-03-19T18:24:54.555Z] [INFO] Inserted item: "Hyperglycemia..." (ID: 7991, indent: 0)
[2025-03-19T18:24:54.605Z] [INFO] Inserted item: "Thyrotoxicosis..." (ID: 7992, indent: 0)
[2025-03-19T18:24:54.653Z] [INFO] Inserted item: "Delirium tremens..." (ID: 7993, indent: 0)
[2025-03-19T18:24:54.700Z] [INFO] Inserted/updated section: Infectious (ID: 1083)
[2025-03-19T18:24:54.753Z] [INFO] Inserted item: "Meningoencephalitis..." (ID: 7994, indent: 0)
[2025-03-19T18:24:54.796Z] [INFO] Inserted item: "Tetanus..." (ID: 7995, indent: 0)
[2025-03-19T18:24:54.848Z] [INFO] Inserted/updated section: Psychiatric (ID: 1084)
[2025-03-19T18:24:54.893Z] [INFO] Inserted item: "Nonepileptic spells/pseudoseiz..." (ID: 7996, indent: 0)
[2025-03-19T18:24:54.941Z] [INFO] Inserted item: "Prolonged duration (>20 minute..." (ID: 7997, indent: 1)
[2025-03-19T18:24:54.987Z] [INFO] Inserted item: ""Stop-and-go" pattern..." (ID: 7998, indent: 1)
[2025-03-19T18:24:55.034Z] [INFO] Inserted item: "Forward pelvic thrusting..." (ID: 7999, indent: 1)
[2025-03-19T18:24:55.084Z] [INFO] Inserted item: "Horizontal head shaking..." (ID: 8000, indent: 1)
[2025-03-19T18:24:55.130Z] [INFO] Inserted item: "Bilateral asynchronous convuls..." (ID: 8001, indent: 1)
[2025-03-19T18:24:55.176Z] [INFO] Inserted item: "Shorter postictal period relat..." (ID: 8002, indent: 1)
[2025-03-19T18:24:55.222Z] [INFO] Inserted item: "Avoidance of noxious stimuli..." (ID: 8003, indent: 1)
[2025-03-19T18:24:55.267Z] [INFO] Inserted item: "Preserved recollection of even..." (ID: 8004, indent: 1)
[2025-03-19T18:24:55.320Z] [INFO] Inserted item: "Lack of reactive leukocytosis..." (ID: 8005, indent: 1)
[2025-03-19T18:24:55.368Z] [INFO] Inserted item: "Lack of lactic acidosis..." (ID: 8006, indent: 1)
[2025-03-19T18:24:55.424Z] [INFO] Inserted item: "Conversion disorder..." (ID: 8007, indent: 0)
[2025-03-19T18:24:55.472Z] [INFO] Inserted item: "Panic attacks..." (ID: 8008, indent: 0)
[2025-03-19T18:24:55.520Z] [INFO] Inserted item: "Cataplexy..." (ID: 8009, indent: 0)
[2025-03-19T18:24:55.521Z] [INFO] Completed processing file: differential-diagnosis.md
[2025-03-19T18:24:55.521Z] [INFO] Processing file: past-medical.md
[2025-03-19T18:24:55.572Z] [INFO] Inserted/updated section: Neurologic History (ID: 1085)
[2025-03-19T18:24:55.620Z] [INFO] Inserted item: "Epilepsy..." (ID: 8010, indent: 0)
[2025-03-19T18:24:55.666Z] [INFO] Inserted item: "Type: _____..." (ID: 8011, indent: 1)
[2025-03-19T18:24:55.715Z] [INFO] Inserted item: "Age of onset: _____..." (ID: 8012, indent: 1)
[2025-03-19T18:24:55.765Z] [INFO] Inserted item: "Seizure frequency: _____..." (ID: 8013, indent: 1)
[2025-03-19T18:24:55.809Z] [INFO] Inserted item: "Previous seizures..." (ID: 8014, indent: 0)
[2025-03-19T18:24:55.864Z] [INFO] Inserted item: "First seizure within past 2 ye..." (ID: 8015, indent: 1)
[2025-03-19T18:24:55.919Z] [INFO] Inserted item: "Prior brain injury:..." (ID: 8016, indent: 0)
[2025-03-19T18:24:55.965Z] [INFO] Inserted item: "Traumatic..." (ID: 8017, indent: 1)
[2025-03-19T18:24:56.011Z] [INFO] Inserted item: "Vascular..." (ID: 8018, indent: 1)
[2025-03-19T18:24:56.056Z] [INFO] Inserted item: "Infectious..." (ID: 8019, indent: 1)
[2025-03-19T18:24:56.103Z] [INFO] Inserted item: "Neoplastic..." (ID: 8020, indent: 1)
[2025-03-19T18:24:56.153Z] [INFO] Inserted item: "Neurodegenerative disease..." (ID: 8021, indent: 0)
[2025-03-19T18:24:56.204Z] [INFO] Inserted item: "Previous intracranial hemorrha..." (ID: 8022, indent: 0)
[2025-03-19T18:24:56.252Z] [INFO] Inserted item: "History of malignancy..." (ID: 8023, indent: 0)
[2025-03-19T18:24:56.298Z] [INFO] Inserted item: "History of neurosurgical proce..." (ID: 8024, indent: 0)
[2025-03-19T18:24:56.345Z] [INFO] Inserted item: "Prior EEG abnormalities..." (ID: 8025, indent: 0)
[2025-03-19T18:24:56.390Z] [INFO] Inserted item: "Prior neuroimaging abnormaliti..." (ID: 8026, indent: 0)
[2025-03-19T18:24:56.436Z] [INFO] Inserted/updated section: Medical Comorbidities (ID: 1086)
[2025-03-19T18:24:56.484Z] [INFO] Inserted item: "Renal disease..." (ID: 8027, indent: 0)
[2025-03-19T18:24:56.534Z] [INFO] Inserted item: "Hepatic disease..." (ID: 8028, indent: 0)
[2025-03-19T18:24:56.581Z] [INFO] Inserted item: "HIV/AIDS..." (ID: 8029, indent: 0)
[2025-03-19T18:24:56.626Z] [INFO] Inserted item: "Cardiac disease..." (ID: 8030, indent: 0)
[2025-03-19T18:24:56.681Z] [INFO] Inserted item: "Hypertension (I10)..." (ID: 8031, indent: 0)
[2025-03-19T18:24:56.732Z] [INFO] Inserted item: "Diabetes mellitus (E11.9)..." (ID: 8032, indent: 0)
[2025-03-19T18:24:56.781Z] [INFO] Inserted item: "Clotting disorder..." (ID: 8033, indent: 0)
[2025-03-19T18:24:56.829Z] [INFO] Inserted item: "Hypercoagulability..." (ID: 8034, indent: 1)
[2025-03-19T18:24:56.875Z] [INFO] Inserted item: "Hypocoagulability..." (ID: 8035, indent: 1)
[2025-03-19T18:24:56.923Z] [INFO] Inserted item: "Immunocompromised state..." (ID: 8036, indent: 0)
[2025-03-19T18:24:56.968Z] [INFO] Inserted item: "Pregnancy..." (ID: 8037, indent: 0)
[2025-03-19T18:24:56.969Z] [INFO] Completed processing file: past-medical.md
[2025-03-19T18:24:56.970Z] [INFO] Processing file: physical-exam.md
[2025-03-19T18:24:57.017Z] [INFO] Inserted/updated section: Vital Signs (ID: 1087)
[2025-03-19T18:24:57.064Z] [INFO] Inserted item: "Temperature: _____ °F/°C..." (ID: 8038, indent: 0)
[2025-03-19T18:24:57.118Z] [INFO] Inserted item: "Fever..." (ID: 8039, indent: 1)
[2025-03-19T18:24:57.164Z] [INFO] Inserted item: "Post-ictal low-grade temperatu..." (ID: 8040, indent: 1)
[2025-03-19T18:24:57.215Z] [INFO] Inserted item: "Blood pressure: _____ mmHg..." (ID: 8041, indent: 0)
[2025-03-19T18:24:57.267Z] [INFO] Inserted item: "Heart rate: _____ bpm..." (ID: 8042, indent: 0)
[2025-03-19T18:24:57.310Z] [INFO] Inserted item: "Respiratory rate: _____ breath..." (ID: 8043, indent: 0)
[2025-03-19T18:24:57.363Z] [INFO] Inserted item: "Oxygen saturation: _____ %..." (ID: 8044, indent: 0)
[2025-03-19T18:24:57.409Z] [INFO] Inserted item: "Orthostatic vitals:..." (ID: 8045, indent: 0)
[2025-03-19T18:24:57.456Z] [INFO] Inserted item: "Supine position:..." (ID: 8046, indent: 1)
[2025-03-19T18:24:57.503Z] [INFO] Inserted item: "BP: _____ mmHg..." (ID: 8047, indent: 2)
[2025-03-19T18:24:57.550Z] [INFO] Inserted item: "HR: _____ bpm..." (ID: 8048, indent: 2)
[2025-03-19T18:24:57.621Z] [INFO] Inserted item: "Standing position:..." (ID: 8049, indent: 1)
[2025-03-19T18:24:57.670Z] [INFO] Inserted item: "BP: _____ mmHg..." (ID: 8050, indent: 2)
[2025-03-19T18:24:57.724Z] [INFO] Inserted item: "HR: _____ bpm..." (ID: 8051, indent: 2)
[2025-03-19T18:24:57.773Z] [INFO] Inserted/updated section: General (ID: 1088)
[2025-03-19T18:24:57.817Z] [INFO] Inserted item: "Level of consciousness..." (ID: 8052, indent: 0)
[2025-03-19T18:24:57.870Z] [INFO] Inserted item: "Alert..." (ID: 8053, indent: 1)
[2025-03-19T18:24:57.921Z] [INFO] Inserted item: "Confused..." (ID: 8054, indent: 1)
[2025-03-19T18:24:57.967Z] [INFO] Inserted item: "Lethargic..." (ID: 8055, indent: 1)
[2025-03-19T18:24:58.013Z] [INFO] Inserted item: "Obtunded..." (ID: 8056, indent: 1)
[2025-03-19T18:24:58.060Z] [INFO] Inserted item: "Comatose..." (ID: 8057, indent: 1)
[2025-03-19T18:24:58.108Z] [INFO] Inserted item: "Glasgow Coma Scale: _____..." (ID: 8058, indent: 0)
[2025-03-19T18:24:58.163Z] [INFO] Inserted/updated section: HEENT (ID: 1089)
[2025-03-19T18:24:58.211Z] [INFO] Inserted item: "Pupils:..." (ID: 8059, indent: 0)
[2025-03-19T18:24:58.257Z] [INFO] Inserted item: "Size: _____..." (ID: 8060, indent: 1)
[2025-03-19T18:24:58.307Z] [INFO] Inserted item: "Reactivity: _____..." (ID: 8061, indent: 1)
[2025-03-19T18:24:58.350Z] [INFO] Inserted item: "Symmetry: _____..." (ID: 8062, indent: 1)
[2025-03-19T18:24:58.396Z] [INFO] Inserted item: "Nystagmus..." (ID: 8063, indent: 0)
[2025-03-19T18:24:58.441Z] [INFO] Inserted item: "Tongue injury..." (ID: 8064, indent: 0)
[2025-03-19T18:24:58.488Z] [INFO] Inserted item: "Oral trauma..." (ID: 8065, indent: 0)
[2025-03-19T18:24:58.535Z] [INFO] Inserted item: "Facial trauma..." (ID: 8066, indent: 0)
[2025-03-19T18:24:58.589Z] [INFO] Inserted item: "Nuchal rigidity..." (ID: 8067, indent: 0)
[2025-03-19T18:24:58.641Z] [INFO] Inserted/updated section: Cardiovascular (ID: 1090)
[2025-03-19T18:24:58.687Z] [INFO] Inserted item: "Heart rhythm:..." (ID: 8068, indent: 0)
[2025-03-19T18:24:58.737Z] [INFO] Inserted item: "Regular..." (ID: 8069, indent: 1)
[2025-03-19T18:24:58.782Z] [INFO] Inserted item: "Irregular..." (ID: 8070, indent: 1)
[2025-03-19T18:24:58.839Z] [INFO] Inserted item: "Murmurs/gallops/rubs..." (ID: 8071, indent: 0)
[2025-03-19T18:24:58.891Z] [INFO] Inserted/updated section: Respiratory (ID: 1091)
[2025-03-19T18:24:58.938Z] [INFO] Inserted item: "Airway patency..." (ID: 8072, indent: 0)
[2025-03-19T18:24:58.988Z] [INFO] Inserted item: "Breathing pattern..." (ID: 8073, indent: 0)
[2025-03-19T18:24:59.030Z] [INFO] Inserted item: "Adventitious sounds..." (ID: 8074, indent: 0)
[2025-03-19T18:24:59.073Z] [INFO] Inserted/updated section: Neurological (ID: 1092)
[2025-03-19T18:24:59.123Z] [INFO] Inserted item: "Mental status:..." (ID: 8075, indent: 0)
[2025-03-19T18:24:59.166Z] [INFO] Inserted item: "Orientation: _____..." (ID: 8076, indent: 1)
[2025-03-19T18:24:59.213Z] [INFO] Inserted item: "Attention: _____..." (ID: 8077, indent: 1)
[2025-03-19T18:24:59.259Z] [INFO] Inserted item: "Memory: _____..." (ID: 8078, indent: 1)
[2025-03-19T18:24:59.305Z] [INFO] Inserted item: "Cranial nerves: _____..." (ID: 8079, indent: 0)
[2025-03-19T18:24:59.350Z] [INFO] Inserted item: "Motor:..." (ID: 8080, indent: 0)
[2025-03-19T18:24:59.395Z] [INFO] Inserted item: "Strength:..." (ID: 8081, indent: 1)
[2025-03-19T18:24:59.446Z] [INFO] Inserted item: "Upper extremities:..." (ID: 8082, indent: 2)
[2025-03-19T18:24:59.493Z] [INFO] Inserted item: "Right: _____..." (ID: 8083, indent: 3)
[2025-03-19T18:24:59.544Z] [INFO] Inserted item: "Left: _____..." (ID: 8084, indent: 3)
[2025-03-19T18:24:59.595Z] [INFO] Inserted item: "Lower extremities:..." (ID: 8085, indent: 2)
[2025-03-19T18:24:59.638Z] [INFO] Inserted item: "Right: _____..." (ID: 8086, indent: 3)
[2025-03-19T18:24:59.681Z] [INFO] Inserted item: "Left: _____..." (ID: 8087, indent: 3)
[2025-03-19T18:24:59.726Z] [INFO] Inserted item: "Tone:..." (ID: 8088, indent: 1)
[2025-03-19T18:24:59.779Z] [INFO] Inserted item: "Normal..." (ID: 8089, indent: 2)
[2025-03-19T18:24:59.825Z] [INFO] Inserted item: "Increased..." (ID: 8090, indent: 2)
[2025-03-19T18:24:59.872Z] [INFO] Inserted item: "Decreased..." (ID: 8091, indent: 2)
[2025-03-19T18:24:59.923Z] [INFO] Inserted item: "Sensory exam:..." (ID: 8092, indent: 0)
[2025-03-19T18:24:59.982Z] [INFO] Inserted item: "Upper extremities:..." (ID: 8093, indent: 1)
[2025-03-19T18:25:00.049Z] [INFO] Inserted item: "Right: _____..." (ID: 8094, indent: 2)
[2025-03-19T18:25:00.105Z] [INFO] Inserted item: "Left: _____..." (ID: 8095, indent: 2)
[2025-03-19T18:25:00.164Z] [INFO] Inserted item: "Lower extremities:..." (ID: 8096, indent: 1)
[2025-03-19T18:25:00.219Z] [INFO] Inserted item: "Right: _____..." (ID: 8097, indent: 2)
[2025-03-19T18:25:00.262Z] [INFO] Inserted item: "Left: _____..." (ID: 8098, indent: 2)
[2025-03-19T18:25:00.308Z] [INFO] Inserted item: "Reflexes (0-4+):..." (ID: 8099, indent: 0)
[2025-03-19T18:25:00.360Z] [INFO] Inserted item: "Biceps:..." (ID: 8100, indent: 1)
[2025-03-19T18:25:00.411Z] [INFO] Inserted item: "Right: _____..." (ID: 8101, indent: 2)
[2025-03-19T18:25:00.465Z] [INFO] Inserted item: "Left: _____..." (ID: 8102, indent: 2)
[2025-03-19T18:25:00.519Z] [INFO] Inserted item: "Triceps:..." (ID: 8103, indent: 1)
[2025-03-19T18:25:00.570Z] [INFO] Inserted item: "Right: _____..." (ID: 8104, indent: 2)
[2025-03-19T18:25:00.615Z] [INFO] Inserted item: "Left: _____..." (ID: 8105, indent: 2)
[2025-03-19T18:25:00.661Z] [INFO] Inserted item: "Brachioradialis:..." (ID: 8106, indent: 1)
[2025-03-19T18:25:00.710Z] [INFO] Inserted item: "Right: _____..." (ID: 8107, indent: 2)
[2025-03-19T18:25:00.758Z] [INFO] Inserted item: "Left: _____..." (ID: 8108, indent: 2)
[2025-03-19T18:25:00.802Z] [INFO] Inserted item: "Patellar:..." (ID: 8109, indent: 1)
[2025-03-19T18:25:00.853Z] [INFO] Inserted item: "Right: _____..." (ID: 8110, indent: 2)
[2025-03-19T18:25:00.899Z] [INFO] Inserted item: "Left: _____..." (ID: 8111, indent: 2)
[2025-03-19T18:25:00.944Z] [INFO] Inserted item: "Achilles:..." (ID: 8112, indent: 1)
[2025-03-19T18:25:00.989Z] [INFO] Inserted item: "Right: _____..." (ID: 8113, indent: 2)
[2025-03-19T18:25:01.041Z] [INFO] Inserted item: "Left: _____..." (ID: 8114, indent: 2)
[2025-03-19T18:25:01.088Z] [INFO] Inserted item: "Plantar reflex:..." (ID: 8115, indent: 0)
[2025-03-19T18:25:01.141Z] [INFO] Inserted item: "Right: _____..." (ID: 8116, indent: 1)
[2025-03-19T18:25:01.187Z] [INFO] Inserted item: "Left: _____..." (ID: 8117, indent: 1)
[2025-03-19T18:25:01.236Z] [INFO] Inserted item: "Coordination: _____..." (ID: 8118, indent: 0)
[2025-03-19T18:25:01.284Z] [INFO] Inserted item: "Gait: _____..." (ID: 8119, indent: 0)
[2025-03-19T18:25:01.330Z] [INFO] Inserted item: "Persistent focal deficit (Todd..." (ID: 8120, indent: 0)
[2025-03-19T18:25:01.379Z] [INFO] Inserted/updated section: Skin (ID: 1093)
[2025-03-19T18:25:01.433Z] [INFO] Inserted item: "Evidence of trauma..." (ID: 8121, indent: 0)
[2025-03-19T18:25:01.478Z] [INFO] Inserted item: "Stigmata of substance abuse..." (ID: 8122, indent: 0)
[2025-03-19T18:25:01.524Z] [INFO] Inserted item: "Neurocutaneous syndromes..." (ID: 8123, indent: 0)
[2025-03-19T18:25:01.575Z] [INFO] Inserted item: "Rash..." (ID: 8124, indent: 0)
[2025-03-19T18:25:01.622Z] [INFO] Inserted/updated section: Evidence of Seizure Complications (ID: 1094)
[2025-03-19T18:25:01.666Z] [INFO] Inserted item: "Head trauma..." (ID: 8125, indent: 0)
[2025-03-19T18:25:01.713Z] [INFO] Inserted item: "Tongue/oral injury..." (ID: 8126, indent: 0)
[2025-03-19T18:25:01.773Z] [INFO] Inserted item: "Posterior shoulder dislocation..." (ID: 8127, indent: 0)
[2025-03-19T18:25:01.820Z] [INFO] Inserted item: "Back pain..." (ID: 8128, indent: 0)
[2025-03-19T18:25:01.870Z] [INFO] Inserted item: "Other injuries: _____..." (ID: 8129, indent: 0)
[2025-03-19T18:25:01.870Z] [INFO] Completed processing file: physical-exam.md
[2025-03-19T18:25:01.870Z] [INFO] Processing file: lab-studies.md
[2025-03-19T18:25:01.915Z] [INFO] Inserted/updated section: Essential Studies (ID: 1095)
[2025-03-19T18:25:01.965Z] [INFO] Inserted item: "Serum glucose: _____ mg/dL..." (ID: 8130, indent: 0)
[2025-03-19T18:25:02.018Z] [INFO] Inserted item: "Hypoglycemia (<45 mg/dL)..." (ID: 8131, indent: 1)
[2025-03-19T18:25:02.065Z] [INFO] Inserted item: "Sodium: _____ mmol/L..." (ID: 8132, indent: 0)
[2025-03-19T18:25:02.109Z] [INFO] Inserted item: "Pregnancy test (in women of re..." (ID: 8133, indent: 0)
[2025-03-19T18:25:02.155Z] [INFO] Inserted/updated section: Extended Metabolic Assessment (ID: 1096)
[2025-03-19T18:25:02.212Z] [INFO] Inserted item: "Basic metabolic panel:..." (ID: 8134, indent: 0)
[2025-03-19T18:25:02.255Z] [INFO] Inserted item: "Potassium: _____ mmol/L..." (ID: 8135, indent: 1)
[2025-03-19T18:25:02.305Z] [INFO] Inserted item: "Chloride: _____ mmol/L..." (ID: 8136, indent: 1)
[2025-03-19T18:25:02.356Z] [INFO] Inserted item: "Bicarbonate: _____ mmol/L..." (ID: 8137, indent: 1)
[2025-03-19T18:25:02.403Z] [INFO] Inserted item: "BUN: _____ mg/dL..." (ID: 8138, indent: 1)
[2025-03-19T18:25:02.447Z] [INFO] Inserted item: "Creatinine: _____ mg/dL..." (ID: 8139, indent: 1)
[2025-03-19T18:25:02.493Z] [INFO] Inserted item: "Calcium: _____ mg/dL..." (ID: 8140, indent: 0)
[2025-03-19T18:25:02.540Z] [INFO] Inserted item: "Magnesium: _____ mg/dL..." (ID: 8141, indent: 0)
[2025-03-19T18:25:02.588Z] [INFO] Inserted item: "Phosphorus: _____ mg/dL..." (ID: 8142, indent: 0)
[2025-03-19T18:25:02.637Z] [INFO] Inserted item: "Liver function tests:..." (ID: 8143, indent: 0)
[2025-03-19T18:25:02.681Z] [INFO] Inserted item: "AST: _____ U/L..." (ID: 8144, indent: 1)
[2025-03-19T18:25:02.729Z] [INFO] Inserted item: "ALT: _____ U/L..." (ID: 8145, indent: 1)
[2025-03-19T18:25:02.775Z] [INFO] Inserted item: "Ammonia: _____ μmol/L..." (ID: 8146, indent: 0)
[2025-03-19T18:25:02.822Z] [INFO] Inserted/updated section: Post-Convulsion Studies (ID: 1097)
[2025-03-19T18:25:02.871Z] [INFO] Inserted item: "Creatine kinase: _____ U/L..." (ID: 8147, indent: 0)
[2025-03-19T18:25:02.952Z] [INFO] Inserted item: "Lactic acid: _____ mmol/L..." (ID: 8148, indent: 0)
[2025-03-19T18:25:03.005Z] [INFO] Inserted item: "Blood gas analysis:..." (ID: 8149, indent: 0)
[2025-03-19T18:25:03.049Z] [INFO] Inserted item: "pH: _____..." (ID: 8150, indent: 1)
[2025-03-19T18:25:03.098Z] [INFO] Inserted item: "pCO₂: _____ mmHg..." (ID: 8151, indent: 1)
[2025-03-19T18:25:03.151Z] [INFO] Inserted item: "pO₂: _____ mmHg..." (ID: 8152, indent: 1)
[2025-03-19T18:25:03.200Z] [INFO] Inserted item: "HCO₃: _____ mmol/L..." (ID: 8153, indent: 1)
[2025-03-19T18:25:03.245Z] [INFO] Inserted item: "Base excess: _____ mmol/L..." (ID: 8154, indent: 1)
[2025-03-19T18:25:03.290Z] [INFO] Inserted item: "Anion gap: _____ mmol/L..." (ID: 8155, indent: 0)
[2025-03-19T18:25:03.342Z] [INFO] Inserted/updated section: Hematology (ID: 1098)
[2025-03-19T18:25:03.397Z] [INFO] Inserted item: "Complete blood count:..." (ID: 8156, indent: 0)
[2025-03-19T18:25:03.442Z] [INFO] Inserted item: "WBC: _____ K/μL..." (ID: 8157, indent: 1)
[2025-03-19T18:25:03.496Z] [INFO] Inserted item: "Reactive leukocytosis (common ..." (ID: 8158, indent: 2)
[2025-03-19T18:25:03.540Z] [INFO] Inserted item: "Hemoglobin: _____ g/dL..." (ID: 8159, indent: 1)
[2025-03-19T18:25:03.589Z] [INFO] Inserted item: "Hematocrit: _____ %..." (ID: 8160, indent: 1)
[2025-03-19T18:25:03.633Z] [INFO] Inserted item: "Platelets: _____ K/μL..." (ID: 8161, indent: 1)
[2025-03-19T18:25:03.681Z] [INFO] Inserted/updated section: Infectious Disease Workup (ID: 1099)
[2025-03-19T18:25:03.728Z] [INFO] Inserted item: "Lumbar puncture (if indicated)..." (ID: 8162, indent: 0)
[2025-03-19T18:25:03.773Z] [INFO] Inserted item: "Opening pressure: _____ cmH₂O..." (ID: 8163, indent: 1)
[2025-03-19T18:25:03.828Z] [INFO] Inserted item: "Cell count: _____..." (ID: 8164, indent: 1)
[2025-03-19T18:25:03.874Z] [INFO] Inserted item: "Protein: _____ mg/dL..." (ID: 8165, indent: 1)
[2025-03-19T18:25:03.917Z] [INFO] Inserted item: "Glucose: _____ mg/dL..." (ID: 8166, indent: 1)
[2025-03-19T18:25:03.974Z] [INFO] Inserted item: "Culture results: _____..." (ID: 8167, indent: 1)
[2025-03-19T18:25:04.016Z] [INFO] Inserted item: "Respiratory viral testing:..." (ID: 8168, indent: 0)
[2025-03-19T18:25:04.060Z] [INFO] Inserted item: "Influenza: _____..." (ID: 8169, indent: 1)
[2025-03-19T18:25:04.103Z] [INFO] Inserted item: "RSV: _____..." (ID: 8170, indent: 1)
[2025-03-19T18:25:04.162Z] [INFO] Inserted/updated section: Toxicology (ID: 1100)
[2025-03-19T18:25:04.208Z] [INFO] Inserted item: "Blood alcohol level: _____ mg/..." (ID: 8171, indent: 0)
[2025-03-19T18:25:04.266Z] [INFO] Inserted item: "Urine drug screen: _____..." (ID: 8172, indent: 0)
[2025-03-19T18:25:04.312Z] [INFO] Inserted item: "Specific drug levels (if indic..." (ID: 8173, indent: 0)
[2025-03-19T18:25:04.359Z] [INFO] Inserted item: "Salicylates: _____ mg/dL..." (ID: 8174, indent: 1)
[2025-03-19T18:25:04.410Z] [INFO] Inserted item: "Acetaminophen: _____ μg/mL..." (ID: 8175, indent: 1)
[2025-03-19T18:25:04.455Z] [INFO] Inserted item: "Lithium: _____ mmol/L..." (ID: 8176, indent: 1)
[2025-03-19T18:25:04.505Z] [INFO] Inserted/updated section: Antiseizure Drug Levels (ID: 1101)
[2025-03-19T18:25:04.551Z] [INFO] Inserted item: "Phenytoin: _____ μg/mL..." (ID: 8177, indent: 0)
[2025-03-19T18:25:04.608Z] [INFO] Inserted item: "Carbamazepine: _____ μg/mL..." (ID: 8178, indent: 0)
[2025-03-19T18:25:04.656Z] [INFO] Inserted item: "Valproic acid: _____ μg/mL..." (ID: 8179, indent: 0)
[2025-03-19T18:25:04.703Z] [INFO] Inserted item: "Phenobarbital: _____ μg/mL..." (ID: 8180, indent: 0)
[2025-03-19T18:25:04.752Z] [INFO] Inserted item: "Lamotrigine: _____ μg/mL..." (ID: 8181, indent: 0)
[2025-03-19T18:25:04.800Z] [INFO] Inserted item: "Levetiracetam: _____ μg/mL..." (ID: 8182, indent: 0)
[2025-03-19T18:25:04.846Z] [INFO] Inserted item: "Topiramate: _____ μg/mL..." (ID: 8183, indent: 0)
[2025-03-19T18:25:04.895Z] [INFO] Inserted item: "Oxcarbazepine: _____ μg/mL..." (ID: 8184, indent: 0)
[2025-03-19T18:25:04.896Z] [INFO] Completed processing file: lab-studies.md
[2025-03-19T18:25:04.896Z] [INFO] Processing file: imaging.md
[2025-03-19T18:25:04.944Z] [INFO] Inserted/updated section: Head CT (ID: 1102)
[2025-03-19T18:25:04.995Z] [INFO] Inserted item: "Non-contrast head CT..." (ID: 8185, indent: 0)
[2025-03-19T18:25:05.041Z] [INFO] Inserted item: "Indicated for:..." (ID: 8186, indent: 1)
[2025-03-19T18:25:05.086Z] [INFO] Inserted item: "New-onset seizure..." (ID: 8187, indent: 2)
[2025-03-19T18:25:05.135Z] [INFO] Inserted item: "Age >40 years..." (ID: 8188, indent: 2)
[2025-03-19T18:25:05.184Z] [INFO] Inserted item: "Coma..." (ID: 8189, indent: 2)
[2025-03-19T18:25:05.231Z] [INFO] Inserted item: "Immunocompromised state..." (ID: 8190, indent: 2)
[2025-03-19T18:25:05.281Z] [INFO] Inserted item: "Clotting disorder..." (ID: 8191, indent: 2)
[2025-03-19T18:25:05.327Z] [INFO] Inserted item: "History of intracranial hemorr..." (ID: 8192, indent: 2)
[2025-03-19T18:25:05.373Z] [INFO] Inserted item: "History of malignancy..." (ID: 8193, indent: 2)
[2025-03-19T18:25:05.420Z] [INFO] Inserted item: "Severe/thunderclap headache..." (ID: 8194, indent: 2)
[2025-03-19T18:25:05.464Z] [INFO] Inserted item: "Status epilepticus of unclear ..." (ID: 8195, indent: 2)
[2025-03-19T18:25:05.509Z] [INFO] Inserted item: "Suspected trauma..." (ID: 8196, indent: 2)
[2025-03-19T18:25:05.552Z] [INFO] Inserted item: "Persistent altered mental stat..." (ID: 8197, indent: 2)
[2025-03-19T18:25:05.604Z] [INFO] Inserted item: "CT perfusion..." (ID: 8198, indent: 0)
[2025-03-19T18:25:05.649Z] [INFO] Inserted item: "Indicated for:..." (ID: 8199, indent: 1)
[2025-03-19T18:25:05.694Z] [INFO] Inserted item: "Evaluation of transient neurol..." (ID: 8200, indent: 2)
[2025-03-19T18:25:05.740Z] [INFO] Inserted item: "Suspected acute ischemic strok..." (ID: 8201, indent: 2)
[2025-03-19T18:25:05.797Z] [INFO] Inserted/updated section: MRI (ID: 1103)
[2025-03-19T18:25:05.851Z] [INFO] Inserted item: "Brain MRI..." (ID: 8202, indent: 0)
[2025-03-19T18:25:05.897Z] [INFO] Inserted item: "Higher sensitivity for subtle ..." (ID: 8203, indent: 1)
[2025-03-19T18:25:05.943Z] [INFO] Inserted item: "Increased diagnostic yield in ..." (ID: 8204, indent: 1)
[2025-03-19T18:25:05.993Z] [INFO] Inserted item: "Indicated for patients with:..." (ID: 8205, indent: 1)
[2025-03-19T18:25:06.041Z] [INFO] Inserted item: "Focal abnormal EEG..." (ID: 8206, indent: 2)
[2025-03-19T18:25:06.086Z] [INFO] Inserted item: "Persistent neurologic deficits..." (ID: 8207, indent: 2)
[2025-03-19T18:25:06.132Z] [INFO] Inserted item: "MRI with gadolinium..." (ID: 8208, indent: 0)
[2025-03-19T18:25:06.179Z] [INFO] Inserted item: "T2 thin coronal views (through..." (ID: 8209, indent: 0)
[2025-03-19T18:25:06.225Z] [INFO] Inserted/updated section: Other Imaging (ID: 1104)
[2025-03-19T18:25:06.273Z] [INFO] Inserted item: "Chest X-ray: _____..." (ID: 8210, indent: 0)
[2025-03-19T18:25:06.274Z] [INFO] Completed processing file: imaging.md
[2025-03-19T18:25:06.274Z] [INFO] Processing file: special-tests.md
[2025-03-19T18:25:06.322Z] [INFO] Inserted/updated section: Electroencephalography (EEG) (ID: 1105)
[2025-03-19T18:25:06.374Z] [INFO] Inserted item: "Standard EEG..." (ID: 8211, indent: 0)
[2025-03-19T18:25:06.421Z] [INFO] Inserted item: "Diagnosis of epilepsy in new-o..." (ID: 8212, indent: 1)
[2025-03-19T18:25:06.466Z] [INFO] Inserted item: "Guiding decision on secondary ..." (ID: 8213, indent: 1)
[2025-03-19T18:25:06.519Z] [INFO] Inserted item: "Continuous EEG monitoring..." (ID: 8214, indent: 0)
[2025-03-19T18:25:06.571Z] [INFO] Inserted item: "Indicated for:..." (ID: 8215, indent: 1)
[2025-03-19T18:25:06.617Z] [INFO] Inserted item: "Suspected nonconvulsive status..." (ID: 8216, indent: 2)
[2025-03-19T18:25:06.667Z] [INFO] Inserted item: "Monitoring seizure activity..." (ID: 8217, indent: 2)
[2025-03-19T18:25:06.714Z] [INFO] Inserted item: "Guiding third-line therapies a..." (ID: 8218, indent: 2)
[2025-03-19T18:25:06.766Z] [INFO] Inserted item: "Differentiating seizures from ..." (ID: 8219, indent: 2)
[2025-03-19T18:25:06.814Z] [INFO] Inserted item: "Limited montage or point-of-ca..." (ID: 8220, indent: 0)
[2025-03-19T18:25:06.861Z] [INFO] Inserted item: "EEG findings:..." (ID: 8221, indent: 0)
[2025-03-19T18:25:06.908Z] [INFO] Inserted item: "Normal..." (ID: 8222, indent: 1)
[2025-03-19T18:25:06.952Z] [INFO] Inserted item: "Focal abnormalities..." (ID: 8223, indent: 1)
[2025-03-19T18:25:07.000Z] [INFO] Inserted item: "Generalized abnormalities..." (ID: 8224, indent: 1)
[2025-03-19T18:25:07.044Z] [INFO] Inserted item: "Epileptiform discharges..." (ID: 8225, indent: 1)
[2025-03-19T18:25:07.093Z] [INFO] Inserted item: "Status epilepticus pattern..." (ID: 8226, indent: 1)
[2025-03-19T18:25:07.140Z] [INFO] Inserted/updated section: Cerebrospinal Fluid Analysis (ID: 1106)
[2025-03-19T18:25:07.187Z] [INFO] Inserted item: "Indicated for:..." (ID: 8227, indent: 0)
[2025-03-19T18:25:07.239Z] [INFO] Inserted item: "Immunocompromised patients..." (ID: 8228, indent: 1)
[2025-03-19T18:25:07.284Z] [INFO] Inserted item: "Acute headache concerning for ..." (ID: 8229, indent: 1)
[2025-03-19T18:25:07.335Z] [INFO] Inserted item: "Meningismus..." (ID: 8230, indent: 1)
[2025-03-19T18:25:07.383Z] [INFO] Inserted item: "Persistent altered mental stat..." (ID: 8231, indent: 1)
[2025-03-19T18:25:07.430Z] [INFO] Inserted item: "Fever without obvious source..." (ID: 8232, indent: 1)
[2025-03-19T18:25:07.475Z] [INFO] Inserted/updated section: Other Neurophysiologic Testing (ID: 1107)
[2025-03-19T18:25:07.517Z] [INFO] Inserted item: "Video EEG monitoring..." (ID: 8233, indent: 0)
[2025-03-19T18:25:07.557Z] [INFO] Inserted item: "Evoked potentials..." (ID: 8234, indent: 0)
[2025-03-19T18:25:07.557Z] [INFO] Completed processing file: special-tests.md
[2025-03-19T18:25:07.557Z] [INFO] Processing file: ecg.md
[2025-03-19T18:25:07.598Z] [INFO] Inserted/updated section: ECG Findings (ID: 1108)
[2025-03-19T18:25:07.644Z] [INFO] Inserted item: "Rate: _____ bpm..." (ID: 8235, indent: 0)
[2025-03-19T18:25:07.688Z] [INFO] Inserted item: "Rhythm:..." (ID: 8236, indent: 0)
[2025-03-19T18:25:07.734Z] [INFO] Inserted item: "Sinus rhythm..." (ID: 8237, indent: 1)
[2025-03-19T18:25:07.789Z] [INFO] Inserted item: "Sinus tachycardia (common in p..." (ID: 8238, indent: 1)
[2025-03-19T18:25:07.844Z] [INFO] Inserted item: "Other: _____..." (ID: 8239, indent: 1)
[2025-03-19T18:25:07.890Z] [INFO] Inserted item: "QRS duration: _____ ms..." (ID: 8240, indent: 0)
[2025-03-19T18:25:07.938Z] [INFO] Inserted item: "QRS >0.1 second (possible tric..." (ID: 8241, indent: 1)
[2025-03-19T18:25:07.988Z] [INFO] Inserted item: "QT interval: _____ ms..." (ID: 8242, indent: 0)
[2025-03-19T18:25:08.036Z] [INFO] Inserted item: "Prolonged QT (common in peri-i..." (ID: 8243, indent: 1)
[2025-03-19T18:25:08.080Z] [INFO] Inserted item: "PR interval: _____ ms..." (ID: 8244, indent: 0)
[2025-03-19T18:25:08.131Z] [INFO] Inserted item: "Prolonged PR (common in peri-i..." (ID: 8245, indent: 1)
[2025-03-19T18:25:08.182Z] [INFO] Inserted item: "ST segment:..." (ID: 8246, indent: 0)
[2025-03-19T18:25:08.229Z] [INFO] Inserted item: "Normal..." (ID: 8247, indent: 1)
[2025-03-19T18:25:08.273Z] [INFO] Inserted item: "Depression (can occur in peri-..." (ID: 8248, indent: 1)
[2025-03-19T18:25:08.318Z] [INFO] Inserted item: "T wave:..." (ID: 8249, indent: 0)
[2025-03-19T18:25:08.367Z] [INFO] Inserted item: "Normal..." (ID: 8250, indent: 1)
[2025-03-19T18:25:08.412Z] [INFO] Inserted item: "Inversion (can occur in peri-i..." (ID: 8251, indent: 1)
[2025-03-19T18:25:08.463Z] [INFO] Inserted item: "Rightward shift of terminal 40..." (ID: 8252, indent: 0)
[2025-03-19T18:25:08.509Z] [INFO] Inserted item: "Prominent R wave in lead aVR (..." (ID: 8253, indent: 1)
[2025-03-19T18:25:08.562Z] [INFO] Inserted item: "Delta wave..." (ID: 8254, indent: 0)
[2025-03-19T18:25:08.608Z] [INFO] Inserted item: "Brugada pattern..." (ID: 8255, indent: 0)
[2025-03-19T18:25:08.657Z] [INFO] Inserted item: "Heart block..." (ID: 8256, indent: 0)
[2025-03-19T18:25:08.704Z] [INFO] Inserted/updated section: Cardiac Monitoring (ID: 1109)
[2025-03-19T18:25:08.750Z] [INFO] Inserted item: "Indicated for:..." (ID: 8257, indent: 0)
[2025-03-19T18:25:08.825Z] [INFO] Inserted item: "History of cardiac disease..." (ID: 8258, indent: 1)
[2025-03-19T18:25:08.873Z] [INFO] Inserted item: "Preceding/ongoing cardiac symp..." (ID: 8259, indent: 1)
[2025-03-19T18:25:08.917Z] [INFO] Inserted item: "Ongoing seizures..." (ID: 8260, indent: 1)
[2025-03-19T18:25:08.960Z] [INFO] Inserted item: "Suspected overdose..." (ID: 8261, indent: 1)
[2025-03-19T18:25:08.960Z] [INFO] Completed processing file: ecg.md
[2025-03-19T18:25:08.961Z] [INFO] Processing file: assessment.md
[2025-03-19T18:25:09.007Z] [INFO] Inserted/updated section: Seizure Classification (ID: 1110)
[2025-03-19T18:25:09.055Z] [INFO] Inserted item: "Focal onset:..." (ID: 8262, indent: 0)
[2025-03-19T18:25:09.106Z] [INFO] Inserted item: "Aware:..." (ID: 8263, indent: 1)
[2025-03-19T18:25:09.153Z] [INFO] Inserted item: "Motor onset:..." (ID: 8264, indent: 2)
[2025-03-19T18:25:09.203Z] [INFO] Inserted item: "Atonic..." (ID: 8265, indent: 3)
[2025-03-19T18:25:09.248Z] [INFO] Inserted item: "Automatisms..." (ID: 8266, indent: 3)
[2025-03-19T18:25:09.292Z] [INFO] Inserted item: "Clonic..." (ID: 8267, indent: 3)
[2025-03-19T18:25:09.348Z] [INFO] Inserted item: "Epileptic spasms..." (ID: 8268, indent: 3)
[2025-03-19T18:25:09.400Z] [INFO] Inserted item: "Hyperkinetic..." (ID: 8269, indent: 3)
[2025-03-19T18:25:09.447Z] [INFO] Inserted item: "Myoclonic..." (ID: 8270, indent: 3)
[2025-03-19T18:25:09.504Z] [INFO] Inserted item: "Tonic..." (ID: 8271, indent: 3)
[2025-03-19T18:25:09.550Z] [INFO] Inserted item: "Non-motor onset:..." (ID: 8272, indent: 2)
[2025-03-19T18:25:09.597Z] [INFO] Inserted item: "Automatisms..." (ID: 8273, indent: 3)
[2025-03-19T18:25:09.652Z] [INFO] Inserted item: "Behavior arrest..." (ID: 8274, indent: 3)
[2025-03-19T18:25:09.695Z] [INFO] Inserted item: "Cognitive..." (ID: 8275, indent: 3)
[2025-03-19T18:25:09.744Z] [INFO] Inserted item: "Emotional..." (ID: 8276, indent: 3)
[2025-03-19T18:25:09.790Z] [INFO] Inserted item: "Sensory..." (ID: 8277, indent: 3)
[2025-03-19T18:25:09.837Z] [INFO] Inserted item: "Impaired awareness..." (ID: 8278, indent: 1)
[2025-03-19T18:25:09.898Z] [INFO] Inserted item: "Focal to bilateral tonic-cloni..." (ID: 8279, indent: 1)
[2025-03-19T18:25:09.945Z] [INFO] Inserted item: "Generalized onset:..." (ID: 8280, indent: 0)
[2025-03-19T18:25:09.991Z] [INFO] Inserted item: "Motor:..." (ID: 8281, indent: 1)
[2025-03-19T18:25:10.035Z] [INFO] Inserted item: "Atonic..." (ID: 8282, indent: 2)
[2025-03-19T18:25:10.080Z] [INFO] Inserted item: "Clonic..." (ID: 8283, indent: 2)
[2025-03-19T18:25:10.130Z] [INFO] Inserted item: "Epileptic spasms..." (ID: 8284, indent: 2)
[2025-03-19T18:25:10.247Z] [INFO] Inserted item: "Myoclonic-atonic..." (ID: 8285, indent: 2)
[2025-03-19T18:25:10.314Z] [INFO] Inserted item: "Myoclonic..." (ID: 8286, indent: 2)
[2025-03-19T18:25:10.362Z] [INFO] Inserted item: "Myoclonic-tonic-clonic..." (ID: 8287, indent: 2)
[2025-03-19T18:25:10.412Z] [INFO] Inserted item: "Tonic-clonic..." (ID: 8288, indent: 2)
[2025-03-19T18:25:10.466Z] [INFO] Inserted item: "Tonic..." (ID: 8289, indent: 2)
[2025-03-19T18:25:10.512Z] [INFO] Inserted item: "Non-motor (absence):..." (ID: 8290, indent: 1)
[2025-03-19T18:25:10.557Z] [INFO] Inserted item: "Typical..." (ID: 8291, indent: 2)
[2025-03-19T18:25:10.602Z] [INFO] Inserted item: "Atypical..." (ID: 8292, indent: 2)
[2025-03-19T18:25:10.649Z] [INFO] Inserted item: "Myoclonic..." (ID: 8293, indent: 2)
[2025-03-19T18:25:10.698Z] [INFO] Inserted item: "Eyelid myoclonia..." (ID: 8294, indent: 2)
[2025-03-19T18:25:10.768Z] [INFO] Inserted item: "Unknown onset:..." (ID: 8295, indent: 0)
[2025-03-19T18:25:10.816Z] [INFO] Inserted item: "Motor:..." (ID: 8296, indent: 1)
[2025-03-19T18:25:10.881Z] [INFO] Inserted item: "Tonic-clonic..." (ID: 8297, indent: 2)
[2025-03-19T18:25:10.926Z] [INFO] Inserted item: "Epileptic spasms..." (ID: 8298, indent: 2)
[2025-03-19T18:25:10.976Z] [INFO] Inserted item: "Non-motor (absence)..." (ID: 8299, indent: 1)
[2025-03-19T18:25:11.025Z] [INFO] Inserted item: "Unclassified..." (ID: 8300, indent: 1)
[2025-03-19T18:25:11.075Z] [INFO] Inserted/updated section: Status Epilepticus Classification (ID: 1111)
[2025-03-19T18:25:11.137Z] [INFO] Inserted item: "Tonic-clonic status epilepticu..." (ID: 8301, indent: 0)
[2025-03-19T18:25:11.186Z] [INFO] Inserted item: "Focal status epilepticus with ..." (ID: 8302, indent: 0)
[2025-03-19T18:25:11.231Z] [INFO] Inserted item: "Absence status epilepticus (>1..." (ID: 8303, indent: 0)
[2025-03-19T18:25:11.282Z] [INFO] Inserted/updated section: Etiology (ID: 1112)
[2025-03-19T18:25:11.327Z] [INFO] Inserted item: "Unprovoked seizure..." (ID: 8304, indent: 0)
[2025-03-19T18:25:11.372Z] [INFO] Inserted item: "Acute symptomatic seizure..." (ID: 8305, indent: 0)
[2025-03-19T18:25:11.418Z] [INFO] Inserted item: "Metabolic:..." (ID: 8306, indent: 1)
[2025-03-19T18:25:11.464Z] [INFO] Inserted item: "Hypoglycemia..." (ID: 8307, indent: 2)
[2025-03-19T18:25:11.515Z] [INFO] Inserted item: "Hyponatremia..." (ID: 8308, indent: 2)
[2025-03-19T18:25:11.561Z] [INFO] Inserted item: "Hypocalcemia..." (ID: 8309, indent: 2)
[2025-03-19T18:25:11.608Z] [INFO] Inserted item: "Hypomagnesemia..." (ID: 8310, indent: 2)
[2025-03-19T18:25:11.658Z] [INFO] Inserted item: "Uremia..." (ID: 8311, indent: 2)
[2025-03-19T18:25:11.707Z] [INFO] Inserted item: "Hepatic encephalopathy..." (ID: 8312, indent: 2)
[2025-03-19T18:25:11.763Z] [INFO] Inserted item: "Toxic:..." (ID: 8313, indent: 1)
[2025-03-19T18:25:11.814Z] [INFO] Inserted item: "Alcohol-related..." (ID: 8314, indent: 2)
[2025-03-19T18:25:11.864Z] [INFO] Inserted item: "Drug toxicity..." (ID: 8315, indent: 2)
[2025-03-19T18:25:11.911Z] [INFO] Inserted item: "Medication adverse effect..." (ID: 8316, indent: 2)
[2025-03-19T18:25:11.960Z] [INFO] Inserted item: "Structural:..." (ID: 8317, indent: 1)
[2025-03-19T18:25:12.018Z] [INFO] Inserted item: "Stroke..." (ID: 8318, indent: 2)
[2025-03-19T18:25:12.064Z] [INFO] Inserted item: "Tumor..." (ID: 8319, indent: 2)
[2025-03-19T18:25:12.111Z] [INFO] Inserted item: "Traumatic brain injury..." (ID: 8320, indent: 2)
[2025-03-19T18:25:12.159Z] [INFO] Inserted item: "Infectious:..." (ID: 8321, indent: 1)
[2025-03-19T18:25:12.213Z] [INFO] Inserted item: "Meningitis..." (ID: 8322, indent: 2)
[2025-03-19T18:25:12.261Z] [INFO] Inserted item: "Encephalitis..." (ID: 8323, indent: 2)
[2025-03-19T18:25:12.314Z] [INFO] Inserted item: "Abscess..." (ID: 8324, indent: 2)
[2025-03-19T18:25:12.359Z] [INFO] Inserted item: "Eclampsia (in pregnant patient..." (ID: 8325, indent: 1)
[2025-03-19T18:25:12.407Z] [INFO] Inserted item: "Febrile (in infants)..." (ID: 8326, indent: 1)
[2025-03-19T18:25:12.457Z] [INFO] Inserted/updated section: Risk Assessment (ID: 1113)
[2025-03-19T18:25:12.507Z] [INFO] Inserted item: "Risk for seizure recurrence..." (ID: 8327, indent: 0)
[2025-03-19T18:25:12.553Z] [INFO] Inserted item: "High risk (brain lesion, EEG a..." (ID: 8328, indent: 1)
[2025-03-19T18:25:12.601Z] [INFO] Inserted item: "Low risk..." (ID: 8329, indent: 1)
[2025-03-19T18:25:12.654Z] [INFO] Inserted item: "Need for secondary prophylaxis..." (ID: 8330, indent: 0)
[2025-03-19T18:25:12.654Z] [INFO] Completed processing file: assessment.md
[2025-03-19T18:25:12.655Z] [INFO] Processing file: plan.md
[2025-03-19T18:25:12.712Z] [INFO] Inserted/updated section: Initial Management (ID: 1114)
[2025-03-19T18:25:12.756Z] [INFO] Inserted item: "Airway management:..." (ID: 8331, indent: 0)
[2025-03-19T18:25:12.800Z] [INFO] Inserted item: "Lateral decubitus positioning..." (ID: 8332, indent: 1)
[2025-03-19T18:25:12.847Z] [INFO] Inserted item: "Suction of oral secretions..." (ID: 8333, indent: 1)
[2025-03-19T18:25:12.893Z] [INFO] Inserted item: "Nasopharyngeal airway..." (ID: 8334, indent: 1)
[2025-03-19T18:25:12.944Z] [INFO] Inserted item: "Oxygen administration..." (ID: 8335, indent: 1)
[2025-03-19T18:25:12.988Z] [INFO] Inserted item: "Endotracheal intubation (if ne..." (ID: 8336, indent: 1)
[2025-03-19T18:25:13.034Z] [INFO] Inserted item: "Vitals monitoring:..." (ID: 8337, indent: 0)
[2025-03-19T18:25:13.082Z] [INFO] Inserted item: "Continuous pulse oximetry..." (ID: 8338, indent: 1)
[2025-03-19T18:25:13.129Z] [INFO] Inserted item: "Cardiac monitoring..." (ID: 8339, indent: 1)
[2025-03-19T18:25:13.181Z] [INFO] Inserted item: "Blood pressure monitoring..." (ID: 8340, indent: 1)
[2025-03-19T18:25:13.227Z] [INFO] Inserted item: "Protection from injury..." (ID: 8341, indent: 0)
[2025-03-19T18:25:13.275Z] [INFO] Inserted item: "IV access..." (ID: 8342, indent: 0)
[2025-03-19T18:25:13.318Z] [INFO] Inserted/updated section: Abortive Therapy for Active Seizures (ID: 1115)
[2025-03-19T18:25:13.366Z] [INFO] Inserted item: "First-line therapy (for seizur..." (ID: 8343, indent: 0)
[2025-03-19T18:25:13.411Z] [INFO] Inserted item: "Benzodiazepines:..." (ID: 8344, indent: 1)
[2025-03-19T18:25:13.463Z] [INFO] Inserted item: "Lorazepam IV 0.1 mg/kg (max 4 ..." (ID: 8345, indent: 2)
[2025-03-19T18:25:13.510Z] [INFO] Inserted item: "Midazolam IM/IV/IN 0.2 mg/kg (..." (ID: 8346, indent: 2)
[2025-03-19T18:25:13.557Z] [INFO] Inserted item: "Diazepam IV 0.15-0.2 mg/kg (ma..." (ID: 8347, indent: 2)
[2025-03-19T18:25:13.602Z] [INFO] Inserted item: "Second-line therapy (if seizur..." (ID: 8348, indent: 0)
[2025-03-19T18:25:13.650Z] [INFO] Inserted item: "Levetiracetam IV 1000-4500 mg ..." (ID: 8349, indent: 1)
[2025-03-19T18:25:13.699Z] [INFO] Inserted item: "Fosphenytoin IV 10-20 mg PE/kg..." (ID: 8350, indent: 1)
[2025-03-19T18:25:13.742Z] [INFO] Inserted item: "Valproic acid IV 20-40 mg/kg..." (ID: 8351, indent: 1)
[2025-03-19T18:25:13.785Z] [INFO] Inserted item: "Phenobarbital IV 15-20 mg/kg..." (ID: 8352, indent: 1)
[2025-03-19T18:25:13.830Z] [INFO] Inserted item: "Phenytoin IV 15-20 mg/kg..." (ID: 8353, indent: 1)
[2025-03-19T18:25:13.876Z] [INFO] Inserted item: "Lacosamide IV 200-400 mg..." (ID: 8354, indent: 1)
[2025-03-19T18:25:13.920Z] [INFO] Inserted item: "Third-line therapy (for refrac..." (ID: 8355, indent: 0)
[2025-03-19T18:25:13.964Z] [INFO] Inserted item: "Ketamine..." (ID: 8356, indent: 1)
[2025-03-19T18:25:14.014Z] [INFO] Inserted item: "Midazolam infusion..." (ID: 8357, indent: 1)
[2025-03-19T18:25:14.058Z] [INFO] Inserted item: "Pentobarbital..." (ID: 8358, indent: 1)
[2025-03-19T18:25:14.103Z] [INFO] Inserted item: "Propofol infusion..." (ID: 8359, indent: 1)
[2025-03-19T18:25:14.151Z] [INFO] Inserted/updated section: Special Considerations (ID: 1116)
[2025-03-19T18:25:14.198Z] [INFO] Inserted item: "Eclampsia:..." (ID: 8360, indent: 0)
[2025-03-19T18:25:14.244Z] [INFO] Inserted item: "IV magnesium 4-6 g..." (ID: 8361, indent: 1)
[2025-03-19T18:25:14.291Z] [INFO] Inserted item: "Isoniazid overdose:..." (ID: 8362, indent: 0)
[2025-03-19T18:25:14.344Z] [INFO] Inserted item: "Pyridoxine..." (ID: 8363, indent: 1)
[2025-03-19T18:25:14.390Z] [INFO] Inserted item: "Hyponatremia:..." (ID: 8364, indent: 0)
[2025-03-19T18:25:14.439Z] [INFO] Inserted item: "Hypertonic saline..." (ID: 8365, indent: 1)
[2025-03-19T18:25:14.485Z] [INFO] Inserted/updated section: Treatment of Underlying Causes (ID: 1117)
[2025-03-19T18:25:14.529Z] [INFO] Inserted item: "Correction of metabolic abnorm..." (ID: 8366, indent: 0)
[2025-03-19T18:25:14.577Z] [INFO] Inserted item: "Glucose for hypoglycemia..." (ID: 8367, indent: 1)
[2025-03-19T18:25:14.624Z] [INFO] Inserted item: "Electrolyte correction..." (ID: 8368, indent: 1)
[2025-03-19T18:25:14.671Z] [INFO] Inserted item: "Treatment of infections..." (ID: 8369, indent: 0)
[2025-03-19T18:25:14.713Z] [INFO] Inserted item: "Management of toxin exposure..." (ID: 8370, indent: 0)
[2025-03-19T18:25:14.763Z] [INFO] Inserted item: "Control of increased intracran..." (ID: 8371, indent: 0)
[2025-03-19T18:25:14.808Z] [INFO] Inserted/updated section: Secondary Prophylaxis Considerations (ID: 1118)
[2025-03-19T18:25:14.852Z] [INFO] Inserted item: "For patients with high recurre..." (ID: 8372, indent: 0)
[2025-03-19T18:25:14.896Z] [INFO] Inserted item: "Antiseizure medication initiat..." (ID: 8373, indent: 1)
[2025-03-19T18:25:14.951Z] [INFO] Inserted item: "Dose adjustment of current reg..." (ID: 8374, indent: 1)
[2025-03-19T18:25:15.001Z] [INFO] Inserted item: "Loading dose for subtherapeuti..." (ID: 8375, indent: 0)
[2025-03-19T18:25:15.049Z] [INFO] Inserted item: "Phenytoin: _____..." (ID: 8376, indent: 1)
[2025-03-19T18:25:15.110Z] [INFO] Inserted item: "Valproic acid: _____..." (ID: 8377, indent: 1)
[2025-03-19T18:25:15.156Z] [INFO] Inserted item: "Other: _____..." (ID: 8378, indent: 1)
[2025-03-19T18:25:15.156Z] [INFO] Completed processing file: plan.md
[2025-03-19T18:25:15.156Z] [INFO] Processing file: disposition.md
[2025-03-19T18:25:15.200Z] [INFO] Inserted/updated section: Discharge Criteria (ID: 1119)
[2025-03-19T18:25:15.251Z] [INFO] Inserted item: "Normal neurologic examination..." (ID: 8379, indent: 0)
[2025-03-19T18:25:15.297Z] [INFO] Inserted item: "No significant medical comorbi..." (ID: 8380, indent: 0)
[2025-03-19T18:25:15.347Z] [INFO] Inserted item: "No known structural brain dise..." (ID: 8381, indent: 0)
[2025-03-19T18:25:15.390Z] [INFO] Inserted item: "Required no more than one dose..." (ID: 8382, indent: 0)
[2025-03-19T18:25:15.441Z] [INFO] Inserted item: "Sufficient resources for follo..." (ID: 8383, indent: 0)
[2025-03-19T18:25:15.488Z] [INFO] Inserted item: "Return to baseline mental stat..." (ID: 8384, indent: 0)
[2025-03-19T18:25:15.532Z] [INFO] Inserted/updated section: Admission Criteria (ID: 1120)
[2025-03-19T18:25:15.580Z] [INFO] Inserted item: "Abnormal neurologic examinatio..." (ID: 8385, indent: 0)
[2025-03-19T18:25:15.625Z] [INFO] Inserted item: "Medical or neurologic comorbid..." (ID: 8386, indent: 0)
[2025-03-19T18:25:15.677Z] [INFO] Inserted item: "First-time seizure with diagno..." (ID: 8387, indent: 0)
[2025-03-19T18:25:15.724Z] [INFO] Inserted item: "Status epilepticus..." (ID: 8388, indent: 0)
[2025-03-19T18:25:15.772Z] [INFO] Inserted item: "Required multiple doses of ant..." (ID: 8389, indent: 0)
[2025-03-19T18:25:15.818Z] [INFO] Inserted item: "Inability to comply with follo..." (ID: 8390, indent: 0)
[2025-03-19T18:25:15.861Z] [INFO] Inserted item: "Persistent altered mental stat..." (ID: 8391, indent: 0)
[2025-03-19T18:25:15.909Z] [INFO] Inserted item: "Lack of adequate home resource..." (ID: 8392, indent: 0)
[2025-03-19T18:25:15.957Z] [INFO] Inserted/updated section: Follow-up Requirements (ID: 1121)
[2025-03-19T18:25:16.001Z] [INFO] Inserted item: "Neurology consultation..." (ID: 8393, indent: 0)
[2025-03-19T18:25:16.048Z] [INFO] Inserted item: "Urgent (within 24-48 hours)..." (ID: 8394, indent: 1)
[2025-03-19T18:25:16.097Z] [INFO] Inserted item: "Non-urgent (within 1-2 weeks)..." (ID: 8395, indent: 1)
[2025-03-19T18:25:16.145Z] [INFO] Inserted item: "Primary care follow-up..." (ID: 8396, indent: 0)
[2025-03-19T18:25:16.192Z] [INFO] Inserted item: "Outpatient EEG..." (ID: 8397, indent: 0)
[2025-03-19T18:25:16.251Z] [INFO] Inserted item: "Outpatient neuroimaging..." (ID: 8398, indent: 0)
[2025-03-19T18:25:16.299Z] [INFO] Inserted/updated section: Special Considerations (ID: 1122)
[2025-03-19T18:25:16.347Z] [INFO] Inserted item: "Immunocompromised patients..." (ID: 8399, indent: 0)
[2025-03-19T18:25:16.394Z] [INFO] Inserted item: "Pregnant patients..." (ID: 8400, indent: 0)
[2025-03-19T18:25:16.438Z] [INFO] Inserted item: "Pediatric patients..." (ID: 8401, indent: 0)
[2025-03-19T18:25:16.488Z] [INFO] Inserted item: "Elderly patients..." (ID: 8402, indent: 0)
[2025-03-19T18:25:16.530Z] [INFO] Inserted item: "Patients with known epilepsy w..." (ID: 8403, indent: 0)
[2025-03-19T18:25:16.530Z] [INFO] Completed processing file: disposition.md
[2025-03-19T18:25:16.530Z] [INFO] Processing file: patient-education.md
[2025-03-19T18:25:16.577Z] [INFO] Inserted/updated section: Activity Restrictions (ID: 1123)
[2025-03-19T18:25:16.619Z] [INFO] Inserted item: "Driving restrictions..." (ID: 8404, indent: 0)
[2025-03-19T18:25:16.675Z] [INFO] Inserted item: "State-specific guidance regard..." (ID: 8405, indent: 1)
[2025-03-19T18:25:16.726Z] [INFO] Inserted item: "Avoidance of potentially dange..." (ID: 8406, indent: 0)
[2025-03-19T18:25:16.775Z] [INFO] Inserted item: "Swimming..." (ID: 8407, indent: 1)
[2025-03-19T18:25:16.822Z] [INFO] Inserted item: "Climbing ladders/heights..." (ID: 8408, indent: 1)
[2025-03-19T18:25:16.868Z] [INFO] Inserted item: "Operating machinery..." (ID: 8409, indent: 1)
[2025-03-19T18:25:16.916Z] [INFO] Inserted item: "Bathing unsupervised..." (ID: 8410, indent: 1)
[2025-03-19T18:25:16.959Z] [INFO] Inserted/updated section: Seizure Precautions (ID: 1124)
[2025-03-19T18:25:17.006Z] [INFO] Inserted item: "Safety measures in home enviro..." (ID: 8411, indent: 0)
[2025-03-19T18:25:17.054Z] [INFO] Inserted item: "Seizure first aid for family m..." (ID: 8412, indent: 0)
[2025-03-19T18:25:17.101Z] [INFO] Inserted item: "Recognition of warning signs f..." (ID: 8413, indent: 0)
[2025-03-19T18:25:17.147Z] [INFO] Inserted/updated section: Medication Education (ID: 1125)
[2025-03-19T18:25:17.193Z] [INFO] Inserted item: "Importance of medication compl..." (ID: 8414, indent: 0)
[2025-03-19T18:25:17.242Z] [INFO] Inserted item: "Potential side effects of anti..." (ID: 8415, indent: 0)
[2025-03-19T18:25:17.292Z] [INFO] Inserted item: "Drug-drug interactions..." (ID: 8416, indent: 0)
[2025-03-19T18:25:17.344Z] [INFO] Inserted item: "Need for regular monitoring of..." (ID: 8417, indent: 0)
[2025-03-19T18:25:17.389Z] [INFO] Inserted/updated section: Lifestyle Modifications (ID: 1126)
[2025-03-19T18:25:17.435Z] [INFO] Inserted item: "Sleep hygiene..." (ID: 8418, indent: 0)
[2025-03-19T18:25:17.484Z] [INFO] Inserted item: "Stress management..." (ID: 8419, indent: 0)
[2025-03-19T18:25:17.530Z] [INFO] Inserted item: "Alcohol limitation..." (ID: 8420, indent: 0)
[2025-03-19T18:25:17.576Z] [INFO] Inserted item: "Avoidance of seizure triggers..." (ID: 8421, indent: 0)
[2025-03-19T18:25:17.626Z] [INFO] Inserted/updated section: Follow-up Instructions (ID: 1127)
[2025-03-19T18:25:17.679Z] [INFO] Inserted item: "When to seek emergency care:..." (ID: 8422, indent: 0)
[2025-03-19T18:25:17.723Z] [INFO] Inserted item: "Seizure lasting >5 minutes..." (ID: 8423, indent: 1)
[2025-03-19T18:25:17.772Z] [INFO] Inserted item: "Repeated seizures without retu..." (ID: 8424, indent: 1)
[2025-03-19T18:25:17.821Z] [INFO] Inserted item: "Injury during seizure..." (ID: 8425, indent: 1)
[2025-03-19T18:25:17.869Z] [INFO] Inserted item: "Prolonged postictal state..." (ID: 8426, indent: 1)
[2025-03-19T18:25:17.929Z] [INFO] Inserted item: "New neurologic deficits..." (ID: 8427, indent: 1)
[2025-03-19T18:25:17.975Z] [INFO] Inserted item: "Importance of neurologist foll..." (ID: 8428, indent: 0)
[2025-03-19T18:25:18.044Z] [INFO] Inserted item: "Information on how to track se..." (ID: 8429, indent: 0)
[2025-03-19T18:25:18.089Z] [INFO] Inserted/updated section: Resources (ID: 1128)
[2025-03-19T18:25:18.136Z] [INFO] Inserted item: "Local epilepsy support groups..." (ID: 8430, indent: 0)
[2025-03-19T18:25:18.181Z] [INFO] Inserted item: "Educational materials..." (ID: 8431, indent: 0)
[2025-03-19T18:25:18.181Z] [INFO] Completed processing file: patient-education.md
[2025-03-19T18:25:18.182Z] [INFO] Completed processing chapter: Ch14_Seizures
[2025-03-19T18:25:18.182Z] [INFO] Migration completed: 1 chapters processed successfully, 0 chapters had errors
[2025-03-19T18:25:18.183Z] [INFO] Migration completed in 36.568 seconds
