[2025-03-20T00:21:59.515Z] [INFO] Starting migration...
[2025-03-20T00:21:59.516Z] [INFO] Ensuring database schema has required columns...
[2025-03-20T00:21:59.669Z] [WARN] Warning: Could not verify schema columns. If they do not exist, the migration may fail.
[2025-03-20T00:21:59.669Z] [WARN] Error details: Could not find the function public.execute_sql(sql_query) in the schema cache
[2025-03-20T00:21:59.669Z] [INFO] Inserting categories...
[2025-03-20T00:21:59.721Z] [INFO] All categories already exist, skipping insertion
[2025-03-20T00:21:59.721Z] [INFO] Found 1 chapter directories to process
[2025-03-20T00:21:59.722Z] [INFO] Processing chapter: Ch13_Confusion
[2025-03-20T00:21:59.722Z] [INFO] Checking if chapter 13 exists...
[2025-03-20T00:21:59.991Z] [INFO] Inserted new chapter: Confusion (ID: 12)
[2025-03-20T00:21:59.992Z] [INFO] Processing file: history.md
[2025-03-20T00:21:59.993Z] [INFO] Preprocessing file: history.md
[2025-03-20T00:21:59.994Z] [INFO] Using title as initial section: "Main" at line 0
[2025-03-20T00:21:59.994Z] [INFO] Found section: "Chief Complaint" at line 2
[2025-03-20T00:21:59.995Z] [INFO] Found section: "Duration/Onset" at line 8
[2025-03-20T00:21:59.996Z] [INFO] Found section: "Onset" at line 14
[2025-03-20T00:21:59.997Z] [INFO] Found section: "Provocation/Palliation" at line 18
[2025-03-20T00:21:59.997Z] [INFO] Found section: "Quality" at line 23
[2025-03-20T00:21:59.997Z] [INFO] Found section: "Region/Radiation" at line 30
[2025-03-20T00:21:59.997Z] [INFO] Found section: "Severity" at line 36
[2025-03-20T00:21:59.997Z] [INFO] Found section: "Timing" at line 41
[2025-03-20T00:21:59.997Z] [INFO] Found section: "Associated Symptoms" at line 45
[2025-03-20T00:21:59.998Z] [INFO] Found 9 sections in file: Chief Complaint, Duration/Onset, Onset, Provocation/Palliation, Quality, Region/Radiation, Severity, Timing, Associated Symptoms
[2025-03-20T00:21:59.998Z] [INFO] Post-processing items to fix known hierarchy issues...
[2025-03-20T00:21:59.998Z] [INFO] Detected sections: ["Chief Complaint","Duration/Onset","Onset","Provocation/Palliation","Quality","Region/Radiation","Severity","Timing","Associated Symptoms"]
[2025-03-20T00:21:59.998Z] [INFO] Attempting to insert section: "Chief Complaint"
[2025-03-20T00:22:00.123Z] [INFO] Inserted/updated section: Chief Complaint (ID: 617)
[2025-03-20T00:22:00.124Z] [INFO] Attempting to insert section: "Duration/Onset"
[2025-03-20T00:22:00.188Z] [INFO] Inserted/updated section: Duration/Onset (ID: 618)
[2025-03-20T00:22:00.189Z] [INFO] Attempting to insert section: "Onset"
[2025-03-20T00:22:00.255Z] [INFO] Inserted/updated section: Onset (ID: 619)
[2025-03-20T00:22:00.257Z] [INFO] Attempting to insert section: "Provocation/Palliation"
[2025-03-20T00:22:00.315Z] [INFO] Inserted/updated section: Provocation/Palliation (ID: 620)
[2025-03-20T00:22:00.316Z] [INFO] Attempting to insert section: "Quality"
[2025-03-20T00:22:00.386Z] [INFO] Inserted/updated section: Quality (ID: 621)
[2025-03-20T00:22:00.386Z] [INFO] Attempting to insert section: "Region/Radiation"
[2025-03-20T00:22:00.459Z] [INFO] Inserted/updated section: Region/Radiation (ID: 622)
[2025-03-20T00:22:00.460Z] [INFO] Attempting to insert section: "Severity"
[2025-03-20T00:22:00.521Z] [INFO] Inserted/updated section: Severity (ID: 623)
[2025-03-20T00:22:00.521Z] [INFO] Attempting to insert section: "Timing"
[2025-03-20T00:22:00.577Z] [INFO] Inserted/updated section: Timing (ID: 624)
[2025-03-20T00:22:00.577Z] [INFO] Attempting to insert section: "Associated Symptoms"
[2025-03-20T00:22:00.630Z] [INFO] Inserted/updated section: Associated Symptoms (ID: 625)
[2025-03-20T00:22:00.630Z] [INFO] Section ID map: {"Chief Complaint":617,"Duration/Onset":618,"Onset":619,"Provocation/Palliation":620,"Quality":621,"Region/Radiation":622,"Severity":623,"Timing":624,"Associated Symptoms":625}
[2025-03-20T00:22:00.631Z] [INFO] Prepared 34 items for insertion (filtered from 34 total items)
[2025-03-20T00:22:00.693Z] [INFO] Inserted batch of 34 items (total: 34/34)
[2025-03-20T00:22:00.694Z] [INFO] Updating parent-child relationships...
[2025-03-20T00:22:00.694Z] [INFO] Path structure (first 10 paths): 1, 2, 3, 4, 5, 5.6, 5.7
[2025-03-20T00:22:00.694Z] [INFO] Hierarchical structure (first 20 sorted paths):
[2025-03-20T00:22:00.694Z] [INFO] 1 -> 2972
[2025-03-20T00:22:00.695Z] [INFO] 2 -> 2973
[2025-03-20T00:22:00.695Z] [INFO] 3 -> 2974
[2025-03-20T00:22:00.695Z] [INFO] 4 -> 2975
[2025-03-20T00:22:00.695Z] [INFO] 5 -> 2976
[2025-03-20T00:22:00.695Z] [INFO]   5.6 -> 2977
[2025-03-20T00:22:00.695Z] [INFO]   5.7 -> 2978
[2025-03-20T00:22:01.309Z] [INFO] Completed parent-child relationship updates: 2 successful (including 0 special fixes), 0 failed
[2025-03-20T00:22:01.310Z] [INFO] Successfully processed file history.md: inserted 34 items
[2025-03-20T00:22:01.310Z] [INFO] Processing file: alarm-features.md
[2025-03-20T00:22:01.311Z] [INFO] Preprocessing file: alarm-features.md
[2025-03-20T00:22:01.311Z] [INFO] Using title as initial section: "Main" at line 0
[2025-03-20T00:22:01.312Z] [INFO] Found section: "Critical Causes (Require Immediate Intervention)" at line 2
[2025-03-20T00:22:01.312Z] [INFO] Found section: "Emergent Causes (Primary Intracranial Disease)" at line 8
[2025-03-20T00:22:01.312Z] [INFO] Found section: "Emergent Causes (Systemic Diseases)" at line 14
[2025-03-20T00:22:01.312Z] [INFO] Found section: "Emergent Causes (Exogenous Toxins)" at line 23
[2025-03-20T00:22:01.313Z] [INFO] Found section: "Emergent Causes (Drug Withdrawal)" at line 29
[2025-03-20T00:22:01.313Z] [INFO] Found section: "Neurological Red Flags" at line 33
[2025-03-20T00:22:01.313Z] [INFO] Found 6 sections in file: Critical Causes (Require Immediate Intervention), Emergent Causes (Primary Intracranial Disease), Emergent Causes (Systemic Diseases), Emergent Causes (Exogenous Toxins), Emergent Causes (Drug Withdrawal), Neurological Red Flags
[2025-03-20T00:22:01.313Z] [INFO] Post-processing items to fix known hierarchy issues...
[2025-03-20T00:22:01.314Z] [INFO] Detected sections: ["Critical Causes (Require Immediate Intervention)","Emergent Causes (Primary Intracranial Disease)","Emergent Causes (Systemic Diseases)","Emergent Causes (Exogenous Toxins)","Emergent Causes (Drug Withdrawal)","Neurological Red Flags"]
[2025-03-20T00:22:01.314Z] [INFO] Attempting to insert section: "Critical Causes (Require Immediate Intervention)"
[2025-03-20T00:22:01.369Z] [INFO] Inserted/updated section: Critical Causes (Require Immediate Intervention) (ID: 626)
[2025-03-20T00:22:01.370Z] [INFO] Attempting to insert section: "Emergent Causes (Primary Intracranial Disease)"
[2025-03-20T00:22:01.423Z] [INFO] Inserted/updated section: Emergent Causes (Primary Intracranial Disease) (ID: 627)
[2025-03-20T00:22:01.423Z] [INFO] Attempting to insert section: "Emergent Causes (Systemic Diseases)"
[2025-03-20T00:22:01.484Z] [INFO] Inserted/updated section: Emergent Causes (Systemic Diseases) (ID: 628)
[2025-03-20T00:22:01.485Z] [INFO] Attempting to insert section: "Emergent Causes (Exogenous Toxins)"
[2025-03-20T00:22:01.539Z] [INFO] Inserted/updated section: Emergent Causes (Exogenous Toxins) (ID: 629)
[2025-03-20T00:22:01.540Z] [INFO] Attempting to insert section: "Emergent Causes (Drug Withdrawal)"
[2025-03-20T00:22:01.593Z] [INFO] Inserted/updated section: Emergent Causes (Drug Withdrawal) (ID: 630)
[2025-03-20T00:22:01.594Z] [INFO] Attempting to insert section: "Neurological Red Flags"
[2025-03-20T00:22:01.651Z] [INFO] Inserted/updated section: Neurological Red Flags (ID: 631)
[2025-03-20T00:22:01.651Z] [INFO] Section ID map: {"Critical Causes (Require Immediate Intervention)":626,"Emergent Causes (Primary Intracranial Disease)":627,"Emergent Causes (Systemic Diseases)":628,"Emergent Causes (Exogenous Toxins)":629,"Emergent Causes (Drug Withdrawal)":630,"Neurological Red Flags":631}
[2025-03-20T00:22:01.652Z] [INFO] Prepared 24 items for insertion (filtered from 24 total items)
[2025-03-20T00:22:01.718Z] [INFO] Inserted batch of 24 items (total: 24/24)
[2025-03-20T00:22:01.719Z] [INFO] Updating parent-child relationships...
[2025-03-20T00:22:01.719Z] [INFO] Path structure (first 10 paths): 1, 2, 3, 4, 5, 6, 7
[2025-03-20T00:22:01.720Z] [INFO] Hierarchical structure (first 20 sorted paths):
[2025-03-20T00:22:01.720Z] [INFO] 1 -> 3000
[2025-03-20T00:22:01.720Z] [INFO] 2 -> 3001
[2025-03-20T00:22:01.720Z] [INFO] 3 -> 3002
[2025-03-20T00:22:01.721Z] [INFO] 4 -> 2997
[2025-03-20T00:22:01.721Z] [INFO] 5 -> 2991
[2025-03-20T00:22:01.721Z] [INFO] 6 -> 2992
[2025-03-20T00:22:01.721Z] [INFO] 7 -> 2993
[2025-03-20T00:22:02.178Z] [INFO] Completed parent-child relationship updates: 0 successful (including 0 special fixes), 0 failed
[2025-03-20T00:22:02.179Z] [INFO] Successfully processed file alarm-features.md: inserted 24 items
[2025-03-20T00:22:02.180Z] [INFO] Processing file: medications.md
[2025-03-20T00:22:02.180Z] [INFO] Preprocessing file: medications.md
[2025-03-20T00:22:02.181Z] [INFO] Using title as initial section: "Main" at line 0
[2025-03-20T00:22:02.181Z] [INFO] Found section: "Medication History" at line 2
[2025-03-20T00:22:02.182Z] [INFO] Found section: "Medications Potentially Causing Confusion" at line 7
[2025-03-20T00:22:02.182Z] [INFO] Found section: "Medication For Management" at line 14
[2025-03-20T00:22:02.183Z] [INFO] Found section: "Other Treatment Medications" at line 26
[2025-03-20T00:22:02.184Z] [INFO] Found 4 sections in file: Medication History, Medications Potentially Causing Confusion, Medication For Management, Other Treatment Medications
[2025-03-20T00:22:02.185Z] [INFO] Post-processing items to fix known hierarchy issues...
[2025-03-20T00:22:02.185Z] [INFO] Detected sections: ["Medication History","Medications Potentially Causing Confusion","Medication For Management","Other Treatment Medications"]
[2025-03-20T00:22:02.185Z] [INFO] Attempting to insert section: "Medication History"
[2025-03-20T00:22:02.245Z] [INFO] Inserted/updated section: Medication History (ID: 632)
[2025-03-20T00:22:02.246Z] [INFO] Attempting to insert section: "Medications Potentially Causing Confusion"
[2025-03-20T00:22:02.300Z] [INFO] Inserted/updated section: Medications Potentially Causing Confusion (ID: 633)
[2025-03-20T00:22:02.304Z] [INFO] Attempting to insert section: "Medication For Management"
[2025-03-20T00:22:02.363Z] [INFO] Inserted/updated section: Medication For Management (ID: 634)
[2025-03-20T00:22:02.364Z] [INFO] Attempting to insert section: "Other Treatment Medications"
[2025-03-20T00:22:02.421Z] [INFO] Inserted/updated section: Other Treatment Medications (ID: 635)
[2025-03-20T00:22:02.422Z] [INFO] Section ID map: {"Medication History":632,"Medications Potentially Causing Confusion":633,"Medication For Management":634,"Other Treatment Medications":635}
[2025-03-20T00:22:02.423Z] [INFO] Prepared 33 items for insertion (filtered from 33 total items)
[2025-03-20T00:22:02.487Z] [INFO] Inserted batch of 33 items (total: 33/33)
[2025-03-20T00:22:02.487Z] [INFO] Updating parent-child relationships...
[2025-03-20T00:22:02.488Z] [INFO] Path structure (first 10 paths): 1, 2, 3, 4, 5, 6, 9, 12, 14, 1.2
[2025-03-20T00:22:02.488Z] [INFO] Hierarchical structure (first 20 sorted paths):
[2025-03-20T00:22:02.488Z] [INFO] 1 -> 3021
[2025-03-20T00:22:02.488Z] [INFO]   1.2 -> 3022
[2025-03-20T00:22:02.488Z] [INFO]   1.3 -> 3023
[2025-03-20T00:22:02.488Z] [INFO]   1.4 -> 3014
[2025-03-20T00:22:02.488Z] [INFO] 12 -> 3032
[2025-03-20T00:22:02.488Z] [INFO]   12.13 -> 3033
[2025-03-20T00:22:02.488Z] [INFO] 14 -> 3034
[2025-03-20T00:22:02.488Z] [INFO]   14.15 -> 3035
[2025-03-20T00:22:02.488Z] [INFO] 2 -> 3007
[2025-03-20T00:22:02.488Z] [INFO] 3 -> 3008
[2025-03-20T00:22:02.488Z] [INFO] 4 -> 3024
[2025-03-20T00:22:02.488Z] [INFO]   4.5 -> 3025
[2025-03-20T00:22:02.488Z] [INFO] 5 -> 3015
[2025-03-20T00:22:02.489Z] [INFO]   5.10 -> 3020
[2025-03-20T00:22:02.489Z] [INFO]   5.6 -> 3016
[2025-03-20T00:22:02.489Z] [INFO]   5.7 -> 3017
[2025-03-20T00:22:02.489Z] [INFO]   5.8 -> 3018
[2025-03-20T00:22:02.489Z] [INFO]   5.9 -> 3019
[2025-03-20T00:22:02.489Z] [INFO] 6 -> 3026
[2025-03-20T00:22:02.489Z] [INFO]   6.7 -> 3027
[2025-03-20T00:22:04.940Z] [INFO] Completed parent-child relationship updates: 15 successful (including 0 special fixes), 0 failed
[2025-03-20T00:22:04.941Z] [INFO] Successfully processed file medications.md: inserted 33 items
[2025-03-20T00:22:04.941Z] [INFO] Processing file: diet.md
[2025-03-20T00:22:04.942Z] [INFO] Preprocessing file: diet.md
[2025-03-20T00:22:04.942Z] [INFO] Using title as initial section: "Main" at line 0
[2025-03-20T00:22:04.942Z] [INFO] Found section: "Nutrition Status" at line 2
[2025-03-20T00:22:04.942Z] [INFO] Found section: "Dietary Considerations" at line 7
[2025-03-20T00:22:04.942Z] [INFO] Found 2 sections in file: Nutrition Status, Dietary Considerations
[2025-03-20T00:22:04.942Z] [INFO] Post-processing items to fix known hierarchy issues...
[2025-03-20T00:22:04.943Z] [INFO] Detected sections: ["Nutrition Status","Dietary Considerations"]
[2025-03-20T00:22:04.943Z] [INFO] Attempting to insert section: "Nutrition Status"
[2025-03-20T00:22:05.003Z] [INFO] Inserted/updated section: Nutrition Status (ID: 636)
[2025-03-20T00:22:05.003Z] [INFO] Attempting to insert section: "Dietary Considerations"
[2025-03-20T00:22:05.070Z] [INFO] Inserted/updated section: Dietary Considerations (ID: 637)
[2025-03-20T00:22:05.071Z] [INFO] Section ID map: {"Nutrition Status":636,"Dietary Considerations":637}
[2025-03-20T00:22:05.072Z] [INFO] Prepared 6 items for insertion (filtered from 6 total items)
[2025-03-20T00:22:05.129Z] [INFO] Inserted batch of 6 items (total: 6/6)
[2025-03-20T00:22:05.130Z] [INFO] Updating parent-child relationships...
[2025-03-20T00:22:05.130Z] [INFO] Path structure (first 10 paths): 1, 2, 3
[2025-03-20T00:22:05.130Z] [INFO] Hierarchical structure (first 20 sorted paths):
[2025-03-20T00:22:05.130Z] [INFO] 1 -> 3039
[2025-03-20T00:22:05.130Z] [INFO] 2 -> 3040
[2025-03-20T00:22:05.131Z] [INFO] 3 -> 3041
[2025-03-20T00:22:05.313Z] [INFO] Completed parent-child relationship updates: 0 successful (including 0 special fixes), 0 failed
[2025-03-20T00:22:05.314Z] [INFO] Successfully processed file diet.md: inserted 6 items
[2025-03-20T00:22:05.314Z] [INFO] Processing file: review-systems.md
[2025-03-20T00:22:05.314Z] [INFO] Preprocessing file: review-systems.md
[2025-03-20T00:22:05.315Z] [INFO] Using title as initial section: "Main" at line 0
[2025-03-20T00:22:05.315Z] [INFO] Found section: "Neurological" at line 2
[2025-03-20T00:22:05.315Z] [INFO] Found section: "Psychiatric" at line 15
[2025-03-20T00:22:05.316Z] [INFO] Found section: "Respiratory" at line 22
[2025-03-20T00:22:05.316Z] [INFO] Found section: "Cardiovascular" at line 27
[2025-03-20T00:22:05.316Z] [INFO] Found section: "Gastrointestinal" at line 31
[2025-03-20T00:22:05.316Z] [INFO] Found section: "Genitourinary" at line 36
[2025-03-20T00:22:05.317Z] [INFO] Found section: "Infectious" at line 40
[2025-03-20T00:22:05.317Z] [INFO] Found 7 sections in file: Neurological, Psychiatric, Respiratory, Cardiovascular, Gastrointestinal, Genitourinary, Infectious
[2025-03-20T00:22:05.317Z] [INFO] Post-processing items to fix known hierarchy issues...
[2025-03-20T00:22:05.317Z] [INFO] Detected sections: ["Neurological","Psychiatric","Respiratory","Cardiovascular","Gastrointestinal","Genitourinary","Infectious"]
[2025-03-20T00:22:05.318Z] [INFO] Attempting to insert section: "Neurological"
[2025-03-20T00:22:05.371Z] [INFO] Inserted/updated section: Neurological (ID: 638)
[2025-03-20T00:22:05.372Z] [INFO] Attempting to insert section: "Psychiatric"
[2025-03-20T00:22:05.427Z] [INFO] Inserted/updated section: Psychiatric (ID: 639)
[2025-03-20T00:22:05.427Z] [INFO] Attempting to insert section: "Respiratory"
[2025-03-20T00:22:05.482Z] [INFO] Inserted/updated section: Respiratory (ID: 640)
[2025-03-20T00:22:05.485Z] [INFO] Attempting to insert section: "Cardiovascular"
[2025-03-20T00:22:05.542Z] [INFO] Inserted/updated section: Cardiovascular (ID: 641)
[2025-03-20T00:22:05.542Z] [INFO] Attempting to insert section: "Gastrointestinal"
[2025-03-20T00:22:05.596Z] [INFO] Inserted/updated section: Gastrointestinal (ID: 642)
[2025-03-20T00:22:05.597Z] [INFO] Attempting to insert section: "Genitourinary"
[2025-03-20T00:22:05.659Z] [INFO] Inserted/updated section: Genitourinary (ID: 643)
[2025-03-20T00:22:05.660Z] [INFO] Attempting to insert section: "Infectious"
[2025-03-20T00:22:05.722Z] [INFO] Inserted/updated section: Infectious (ID: 644)
[2025-03-20T00:22:05.723Z] [INFO] Section ID map: {"Neurological":638,"Psychiatric":639,"Respiratory":640,"Cardiovascular":641,"Gastrointestinal":642,"Genitourinary":643,"Infectious":644}
[2025-03-20T00:22:05.724Z] [INFO] Prepared 28 items for insertion (filtered from 28 total items)
[2025-03-20T00:22:05.786Z] [INFO] Inserted batch of 28 items (total: 28/28)
[2025-03-20T00:22:05.787Z] [INFO] Updating parent-child relationships...
[2025-03-20T00:22:05.787Z] [INFO] Path structure (first 10 paths): 1, 2, 3, 4, 5, 6, 7, 8, 9, 10
[2025-03-20T00:22:05.787Z] [INFO] Hierarchical structure (first 20 sorted paths):
[2025-03-20T00:22:05.787Z] [INFO] 1 -> 3068
[2025-03-20T00:22:05.787Z] [INFO]   1.2 -> 3054
[2025-03-20T00:22:05.787Z] [INFO]   1.3 -> 3055
[2025-03-20T00:22:05.787Z] [INFO]   1.4 -> 3056
[2025-03-20T00:22:05.787Z] [INFO] 10 -> 3051
[2025-03-20T00:22:05.788Z] [INFO] 11 -> 3052
[2025-03-20T00:22:05.788Z] [INFO] 2 -> 3069
[2025-03-20T00:22:05.788Z] [INFO] 3 -> 3065
[2025-03-20T00:22:05.788Z] [INFO] 4 -> 3045
[2025-03-20T00:22:05.788Z] [INFO] 5 -> 3057
[2025-03-20T00:22:05.788Z] [INFO] 6 -> 3047
[2025-03-20T00:22:05.788Z] [INFO] 7 -> 3048
[2025-03-20T00:22:05.788Z] [INFO] 8 -> 3049
[2025-03-20T00:22:05.788Z] [INFO] 9 -> 3050
[2025-03-20T00:22:06.692Z] [INFO] Completed parent-child relationship updates: 3 successful (including 0 special fixes), 0 failed
[2025-03-20T00:22:06.693Z] [INFO] Successfully processed file review-systems.md: inserted 28 items
[2025-03-20T00:22:06.693Z] [INFO] Processing file: collateral-history.md
[2025-03-20T00:22:06.693Z] [INFO] Preprocessing file: collateral-history.md
[2025-03-20T00:22:06.694Z] [INFO] Using title as initial section: "Main" at line 0
[2025-03-20T00:22:06.694Z] [INFO] Found section: "Sources of Collateral Information" at line 2
[2025-03-20T00:22:06.694Z] [INFO] Found section: "Key Collateral Information" at line 8
[2025-03-20T00:22:06.694Z] [INFO] Found section: "Behavior Patterns Reported" at line 20
[2025-03-20T00:22:06.694Z] [INFO] Found 3 sections in file: Sources of Collateral Information, Key Collateral Information, Behavior Patterns Reported
[2025-03-20T00:22:06.694Z] [INFO] Post-processing items to fix known hierarchy issues...
[2025-03-20T00:22:06.694Z] [INFO] Detected sections: ["Sources of Collateral Information","Key Collateral Information","Behavior Patterns Reported"]
[2025-03-20T00:22:06.694Z] [INFO] Attempting to insert section: "Sources of Collateral Information"
[2025-03-20T00:22:06.747Z] [INFO] Inserted/updated section: Sources of Collateral Information (ID: 645)
[2025-03-20T00:22:06.748Z] [INFO] Attempting to insert section: "Key Collateral Information"
[2025-03-20T00:22:06.800Z] [INFO] Inserted/updated section: Key Collateral Information (ID: 646)
[2025-03-20T00:22:06.801Z] [INFO] Attempting to insert section: "Behavior Patterns Reported"
[2025-03-20T00:22:06.854Z] [INFO] Inserted/updated section: Behavior Patterns Reported (ID: 647)
[2025-03-20T00:22:06.855Z] [INFO] Section ID map: {"Sources of Collateral Information":645,"Key Collateral Information":646,"Behavior Patterns Reported":647}
[2025-03-20T00:22:06.855Z] [INFO] Prepared 21 items for insertion (filtered from 21 total items)
[2025-03-20T00:22:06.915Z] [INFO] Inserted batch of 21 items (total: 21/21)
[2025-03-20T00:22:06.915Z] [INFO] Updating parent-child relationships...
[2025-03-20T00:22:06.916Z] [INFO] Path structure (first 10 paths): 1, 2, 3, 4, 5, 6, 7, 8, 9, 10
[2025-03-20T00:22:06.917Z] [INFO] Hierarchical structure (first 20 sorted paths):
[2025-03-20T00:22:06.917Z] [INFO] 1 -> 3084
[2025-03-20T00:22:06.918Z] [INFO] 10 -> 3083
[2025-03-20T00:22:06.918Z] [INFO] 2 -> 3085
[2025-03-20T00:22:06.918Z] [INFO] 3 -> 3086
[2025-03-20T00:22:06.918Z] [INFO] 4 -> 3087
[2025-03-20T00:22:06.919Z] [INFO] 5 -> 3088
[2025-03-20T00:22:06.919Z] [INFO] 6 -> 3089
[2025-03-20T00:22:06.919Z] [INFO] 7 -> 3090
[2025-03-20T00:22:06.919Z] [INFO] 8 -> 3081
[2025-03-20T00:22:06.919Z] [INFO] 9 -> 3082
[2025-03-20T00:22:07.443Z] [INFO] Completed parent-child relationship updates: 0 successful (including 0 special fixes), 0 failed
[2025-03-20T00:22:07.444Z] [INFO] Successfully processed file collateral-history.md: inserted 21 items
[2025-03-20T00:22:07.444Z] [INFO] Processing file: risk-factors.md
[2025-03-20T00:22:07.445Z] [INFO] Preprocessing file: risk-factors.md
[2025-03-20T00:22:07.445Z] [INFO] Using title as initial section: "Main" at line 0
[2025-03-20T00:22:07.446Z] [INFO] Found section: "Patient Characteristics" at line 2
[2025-03-20T00:22:07.446Z] [INFO] Found section: "Medication and Substance Related" at line 9
[2025-03-20T00:22:07.446Z] [INFO] Found section: "Medical Conditions" at line 19
[2025-03-20T00:22:07.447Z] [INFO] Found 3 sections in file: Patient Characteristics, Medication and Substance Related, Medical Conditions
[2025-03-20T00:22:07.447Z] [INFO] Post-processing items to fix known hierarchy issues...
[2025-03-20T00:22:07.447Z] [INFO] Detected sections: ["Patient Characteristics","Medication and Substance Related","Medical Conditions"]
[2025-03-20T00:22:07.448Z] [INFO] Attempting to insert section: "Patient Characteristics"
[2025-03-20T00:22:07.500Z] [INFO] Inserted/updated section: Patient Characteristics (ID: 648)
[2025-03-20T00:22:07.502Z] [INFO] Attempting to insert section: "Medication and Substance Related"
[2025-03-20T00:22:07.553Z] [INFO] Inserted/updated section: Medication and Substance Related (ID: 649)
[2025-03-20T00:22:07.554Z] [INFO] Attempting to insert section: "Medical Conditions"
[2025-03-20T00:22:07.602Z] [INFO] Inserted/updated section: Medical Conditions (ID: 650)
[2025-03-20T00:22:07.602Z] [INFO] Section ID map: {"Patient Characteristics":648,"Medication and Substance Related":649,"Medical Conditions":650}
[2025-03-20T00:22:07.603Z] [INFO] Prepared 16 items for insertion (filtered from 16 total items)
[2025-03-20T00:22:07.659Z] [INFO] Inserted batch of 16 items (total: 16/16)
[2025-03-20T00:22:07.660Z] [INFO] Updating parent-child relationships...
[2025-03-20T00:22:07.660Z] [INFO] Path structure (first 10 paths): 1, 2, 3, 4, 5, 6, 7, 8
[2025-03-20T00:22:07.661Z] [INFO] Hierarchical structure (first 20 sorted paths):
[2025-03-20T00:22:07.661Z] [INFO] 1 -> 3104
[2025-03-20T00:22:07.661Z] [INFO] 2 -> 3105
[2025-03-20T00:22:07.661Z] [INFO] 3 -> 3106
[2025-03-20T00:22:07.661Z] [INFO] 4 -> 3099
[2025-03-20T00:22:07.662Z] [INFO] 5 -> 3100
[2025-03-20T00:22:07.662Z] [INFO] 6 -> 3101
[2025-03-20T00:22:07.662Z] [INFO] 7 -> 3102
[2025-03-20T00:22:07.662Z] [INFO] 8 -> 3103
[2025-03-20T00:22:08.099Z] [INFO] Completed parent-child relationship updates: 0 successful (including 0 special fixes), 0 failed
[2025-03-20T00:22:08.099Z] [INFO] Successfully processed file risk-factors.md: inserted 16 items
[2025-03-20T00:22:08.099Z] [INFO] Processing file: differential-diagnosis.md
[2025-03-20T00:22:08.099Z] [INFO] Preprocessing file: differential-diagnosis.md
[2025-03-20T00:22:08.099Z] [INFO] Using title as initial section: "Main" at line 0
[2025-03-20T00:22:08.100Z] [INFO] Found section: "Systemic Diseases Secondarily Affecting CNS" at line 2
[2025-03-20T00:22:08.100Z] [INFO] Found section: "Primary Intracranial Disease" at line 16
[2025-03-20T00:22:08.100Z] [INFO] Found section: "Exogenous Toxins" at line 27
[2025-03-20T00:22:08.100Z] [INFO] Found section: "Drug Withdrawal States" at line 33
[2025-03-20T00:22:08.100Z] [INFO] Found section: "Psychiatric Considerations" at line 38
[2025-03-20T00:22:08.100Z] [INFO] Found section: "Other Causes" at line 43
[2025-03-20T00:22:08.100Z] [INFO] Found 6 sections in file: Systemic Diseases Secondarily Affecting CNS, Primary Intracranial Disease, Exogenous Toxins, Drug Withdrawal States, Psychiatric Considerations, Other Causes
[2025-03-20T00:22:08.100Z] [INFO] Post-processing items to fix known hierarchy issues...
[2025-03-20T00:22:08.100Z] [INFO] Detected sections: ["Systemic Diseases Secondarily Affecting CNS","Primary Intracranial Disease","Exogenous Toxins","Drug Withdrawal States","Psychiatric Considerations","Other Causes"]
[2025-03-20T00:22:08.100Z] [INFO] Attempting to insert section: "Systemic Diseases Secondarily Affecting CNS"
[2025-03-20T00:22:08.148Z] [INFO] Inserted/updated section: Systemic Diseases Secondarily Affecting CNS (ID: 651)
[2025-03-20T00:22:08.148Z] [INFO] Attempting to insert section: "Primary Intracranial Disease"
[2025-03-20T00:22:08.205Z] [INFO] Inserted/updated section: Primary Intracranial Disease (ID: 652)
[2025-03-20T00:22:08.206Z] [INFO] Attempting to insert section: "Exogenous Toxins"
[2025-03-20T00:22:08.263Z] [INFO] Inserted/updated section: Exogenous Toxins (ID: 653)
[2025-03-20T00:22:08.264Z] [INFO] Attempting to insert section: "Drug Withdrawal States"
[2025-03-20T00:22:08.315Z] [INFO] Inserted/updated section: Drug Withdrawal States (ID: 654)
[2025-03-20T00:22:08.316Z] [INFO] Attempting to insert section: "Psychiatric Considerations"
[2025-03-20T00:22:08.367Z] [INFO] Inserted/updated section: Psychiatric Considerations (ID: 655)
[2025-03-20T00:22:08.368Z] [INFO] Attempting to insert section: "Other Causes"
[2025-03-20T00:22:08.428Z] [INFO] Inserted/updated section: Other Causes (ID: 656)
[2025-03-20T00:22:08.429Z] [INFO] Section ID map: {"Systemic Diseases Secondarily Affecting CNS":651,"Primary Intracranial Disease":652,"Exogenous Toxins":653,"Drug Withdrawal States":654,"Psychiatric Considerations":655,"Other Causes":656}
[2025-03-20T00:22:08.429Z] [INFO] Prepared 33 items for insertion (filtered from 33 total items)
[2025-03-20T00:22:08.486Z] [INFO] Inserted batch of 33 items (total: 33/33)
[2025-03-20T00:22:08.487Z] [INFO] Updating parent-child relationships...
[2025-03-20T00:22:08.487Z] [INFO] Path structure (first 10 paths): 1, 2, 3, 4, 5, 6, 7, 8, 9, 10
[2025-03-20T00:22:08.488Z] [INFO] Hierarchical structure (first 20 sorted paths):
[2025-03-20T00:22:08.488Z] [INFO] 1 -> 3138
[2025-03-20T00:22:08.488Z] [INFO] 10 -> 3116
[2025-03-20T00:22:08.488Z] [INFO] 11 -> 3117
[2025-03-20T00:22:08.489Z] [INFO] 12 -> 3118
[2025-03-20T00:22:08.489Z] [INFO] 2 -> 3139
[2025-03-20T00:22:08.489Z] [INFO] 3 -> 3137
[2025-03-20T00:22:08.489Z] [INFO] 4 -> 3131
[2025-03-20T00:22:08.489Z] [INFO] 5 -> 3123
[2025-03-20T00:22:08.489Z] [INFO] 6 -> 3124
[2025-03-20T00:22:08.489Z] [INFO] 7 -> 3125
[2025-03-20T00:22:08.489Z] [INFO] 8 -> 3126
[2025-03-20T00:22:08.489Z] [INFO] 9 -> 3127
[2025-03-20T00:22:09.114Z] [INFO] Completed parent-child relationship updates: 0 successful (including 0 special fixes), 0 failed
[2025-03-20T00:22:09.115Z] [INFO] Successfully processed file differential-diagnosis.md: inserted 33 items
[2025-03-20T00:22:09.115Z] [INFO] Processing file: past-medical.md
[2025-03-20T00:22:09.115Z] [INFO] Preprocessing file: past-medical.md
[2025-03-20T00:22:09.116Z] [INFO] Using title as initial section: "Main" at line 0
[2025-03-20T00:22:09.116Z] [INFO] Found section: "Neurological History" at line 2
[2025-03-20T00:22:09.116Z] [INFO] Found section: "Psychiatric History" at line 11
[2025-03-20T00:22:09.116Z] [INFO] Found section: "Medical Conditions" at line 16
[2025-03-20T00:22:09.116Z] [INFO] Found section: "Substance Use History" at line 25
[2025-03-20T00:22:09.117Z] [INFO] Found 4 sections in file: Neurological History, Psychiatric History, Medical Conditions, Substance Use History
[2025-03-20T00:22:09.117Z] [INFO] Post-processing items to fix known hierarchy issues...
[2025-03-20T00:22:09.117Z] [INFO] Detected sections: ["Neurological History","Psychiatric History","Medical Conditions","Substance Use History"]
[2025-03-20T00:22:09.117Z] [INFO] Attempting to insert section: "Neurological History"
[2025-03-20T00:22:09.173Z] [INFO] Inserted/updated section: Neurological History (ID: 657)
[2025-03-20T00:22:09.175Z] [INFO] Attempting to insert section: "Psychiatric History"
[2025-03-20T00:22:09.223Z] [INFO] Inserted/updated section: Psychiatric History (ID: 658)
[2025-03-20T00:22:09.223Z] [INFO] Attempting to insert section: "Medical Conditions"
[2025-03-20T00:22:09.275Z] [INFO] Inserted/updated section: Medical Conditions (ID: 659)
[2025-03-20T00:22:09.275Z] [INFO] Attempting to insert section: "Substance Use History"
[2025-03-20T00:22:09.330Z] [INFO] Inserted/updated section: Substance Use History (ID: 660)
[2025-03-20T00:22:09.330Z] [INFO] Section ID map: {"Neurological History":657,"Psychiatric History":658,"Medical Conditions":659,"Substance Use History":660}
[2025-03-20T00:22:09.330Z] [INFO] Prepared 20 items for insertion (filtered from 20 total items)
[2025-03-20T00:22:09.388Z] [INFO] Inserted batch of 20 items (total: 20/20)
[2025-03-20T00:22:09.389Z] [INFO] Updating parent-child relationships...
[2025-03-20T00:22:09.389Z] [INFO] Path structure (first 10 paths): 1, 2, 3, 4, 5, 6, 7
[2025-03-20T00:22:09.389Z] [INFO] Hierarchical structure (first 20 sorted paths):
[2025-03-20T00:22:09.389Z] [INFO] 1 -> 3157
[2025-03-20T00:22:09.389Z] [INFO] 2 -> 3158
[2025-03-20T00:22:09.389Z] [INFO] 3 -> 3159
[2025-03-20T00:22:09.389Z] [INFO] 4 -> 3153
[2025-03-20T00:22:09.389Z] [INFO] 5 -> 3154
[2025-03-20T00:22:09.389Z] [INFO] 6 -> 3155
[2025-03-20T00:22:09.389Z] [INFO] 7 -> 3156
[2025-03-20T00:22:09.755Z] [INFO] Completed parent-child relationship updates: 0 successful (including 0 special fixes), 0 failed
[2025-03-20T00:22:09.756Z] [INFO] Successfully processed file past-medical.md: inserted 20 items
[2025-03-20T00:22:09.757Z] [INFO] Processing file: physical-exam.md
[2025-03-20T00:22:09.757Z] [INFO] SPECIAL HANDLING: Detected physical-exam.md file with Orientation assessment section
[2025-03-20T00:22:09.758Z] [INFO] Preprocessing file: physical-exam.md
[2025-03-20T00:22:09.759Z] [INFO] Using title as initial section: "Main" at line 0
[2025-03-20T00:22:09.759Z] [INFO] Found section: "Vital Signs" at line 2
[2025-03-20T00:22:09.759Z] [INFO] Found section: "General Appearance" at line 9
[2025-03-20T00:22:09.760Z] [INFO] Found section: "Neurological Exam" at line 14
[2025-03-20T00:22:09.760Z] [INFO] ORIENTATION DEBUG: Processing "Orientation assessment:"
[2025-03-20T00:22:09.761Z] [INFO]   - Line 16, Indent level: 0, Spaces: 0, Raw spaces: ""
[2025-03-20T00:22:09.761Z] [INFO]   - Current hierarchy stack before adjustment: [1]
[2025-03-20T00:22:09.762Z] [INFO]   - PARENT ITEM DETECTED: Will become a parent for the Person/Place/Time/Situation items
[2025-03-20T00:22:09.762Z] [INFO]   - Resetting hierarchy stack for top-level Orientation assessment item
[2025-03-20T00:22:09.763Z] [INFO]   - ORIENTATION PATH: Item "Orientation assessment:" with path 2, parent: , stack: []
[2025-03-20T00:22:09.763Z] [INFO] Building item "Orientation assessment:" with path 2, parent: , level: 0
[2025-03-20T00:22:09.763Z] [INFO] ORIENTATION DEBUG: Processing "Person: _____"
[2025-03-20T00:22:09.763Z] [INFO]   - Line 17, Indent level: 1, Spaces: 2, Raw spaces: "··"
[2025-03-20T00:22:09.763Z] [INFO]   - Current hierarchy stack before adjustment: [2]
[2025-03-20T00:22:09.764Z] [INFO]   - CHILD ITEM DETECTED: Person child should have Orientation assessment as parent
[2025-03-20T00:22:09.764Z] [INFO]   - Child item hierarchy adjustment:
[2025-03-20T00:22:09.764Z] [INFO]     - Old stack: [2]
[2025-03-20T00:22:09.764Z] [INFO]     - New stack after slice(0, 1): [2]
[2025-03-20T00:22:09.764Z] [INFO]     - Is previous item Orientation assessment? true
[2025-03-20T00:22:09.764Z] [INFO]   - ORIENTATION PATH: Item "Person: _____" with path 2.3, parent: 2, stack: [2]
[2025-03-20T00:22:09.764Z] [INFO] Building item "Person: _____" with path 2.3, parent: 2, level: 1
[2025-03-20T00:22:09.764Z] [INFO] ORIENTATION DEBUG: Processing "Place: _____"
[2025-03-20T00:22:09.765Z] [INFO]   - Line 18, Indent level: 1, Spaces: 2, Raw spaces: "··"
[2025-03-20T00:22:09.765Z] [INFO]   - Current hierarchy stack before adjustment: [2, 3]
[2025-03-20T00:22:09.765Z] [INFO]   - CHILD ITEM DETECTED: Place child should have Orientation assessment as parent
[2025-03-20T00:22:09.765Z] [INFO]   - Child item hierarchy adjustment:
[2025-03-20T00:22:09.765Z] [INFO]     - Old stack: [2, 3]
[2025-03-20T00:22:09.765Z] [INFO]     - New stack after slice(0, 1): [2]
[2025-03-20T00:22:09.765Z] [INFO]     - Is previous item Orientation assessment? false
[2025-03-20T00:22:09.765Z] [INFO]   - ORIENTATION PATH: Item "Place: _____" with path 2.4, parent: 2, stack: [2]
[2025-03-20T00:22:09.765Z] [INFO] Building item "Place: _____" with path 2.4, parent: 2, level: 1
[2025-03-20T00:22:09.765Z] [INFO] ORIENTATION DEBUG: Processing "Time: _____"
[2025-03-20T00:22:09.766Z] [INFO]   - Line 19, Indent level: 1, Spaces: 2, Raw spaces: "··"
[2025-03-20T00:22:09.766Z] [INFO]   - Current hierarchy stack before adjustment: [2, 4]
[2025-03-20T00:22:09.766Z] [INFO]   - CHILD ITEM DETECTED: Time child should have Orientation assessment as parent
[2025-03-20T00:22:09.766Z] [INFO]   - Child item hierarchy adjustment:
[2025-03-20T00:22:09.766Z] [INFO]     - Old stack: [2, 4]
[2025-03-20T00:22:09.766Z] [INFO]     - New stack after slice(0, 1): [2]
[2025-03-20T00:22:09.766Z] [INFO]     - Is previous item Orientation assessment? false
[2025-03-20T00:22:09.766Z] [INFO]   - ORIENTATION PATH: Item "Time: _____" with path 2.5, parent: 2, stack: [2]
[2025-03-20T00:22:09.766Z] [INFO] Building item "Time: _____" with path 2.5, parent: 2, level: 1
[2025-03-20T00:22:09.766Z] [INFO] ORIENTATION DEBUG: Processing "Situation: _____"
[2025-03-20T00:22:09.766Z] [INFO]   - Line 20, Indent level: 1, Spaces: 2, Raw spaces: "··"
[2025-03-20T00:22:09.766Z] [INFO]   - Current hierarchy stack before adjustment: [2, 5]
[2025-03-20T00:22:09.766Z] [INFO]   - CHILD ITEM DETECTED: Situation child should have Orientation assessment as parent
[2025-03-20T00:22:09.766Z] [INFO]   - Child item hierarchy adjustment:
[2025-03-20T00:22:09.766Z] [INFO]     - Old stack: [2, 5]
[2025-03-20T00:22:09.766Z] [INFO]     - New stack after slice(0, 1): [2]
[2025-03-20T00:22:09.766Z] [INFO]     - Is previous item Orientation assessment? false
[2025-03-20T00:22:09.767Z] [INFO]   - ORIENTATION PATH: Item "Situation: _____" with path 2.6, parent: 2, stack: [2]
[2025-03-20T00:22:09.767Z] [INFO] Building item "Situation: _____" with path 2.6, parent: 2, level: 1
[2025-03-20T00:22:09.767Z] [INFO] Found section: "Delirium Assessment Tools" at line 38
[2025-03-20T00:22:09.767Z] [INFO] Found section: "HEENT" at line 42
[2025-03-20T00:22:09.767Z] [INFO] Found section: "Cardiovascular" at line 45
[2025-03-20T00:22:09.767Z] [INFO] Found section: "Respiratory" at line 49
[2025-03-20T00:22:09.767Z] [INFO] Found section: "Abdominal" at line 53
[2025-03-20T00:22:09.767Z] [INFO] Found section: "Skin" at line 58
[2025-03-20T00:22:09.767Z] [INFO] Found section: "Toxidrome Assessment" at line 64
[2025-03-20T00:22:09.767Z] [INFO] Found 10 sections in file: Vital Signs, General Appearance, Neurological Exam, Delirium Assessment Tools, HEENT, Cardiovascular, Respiratory, Abdominal, Skin, Toxidrome Assessment
[2025-03-20T00:22:09.767Z] [INFO] Post-processing items to fix known hierarchy issues...
[2025-03-20T00:22:09.767Z] [INFO] Found Orientation assessment item with path 2
[2025-03-20T00:22:09.767Z] [INFO] Found child item "Person: _____" with path 2.3
[2025-03-20T00:22:09.767Z] [INFO] Found child item "Place: _____" with path 2.4
[2025-03-20T00:22:09.767Z] [INFO] Found child item "Time: _____" with path 2.5
[2025-03-20T00:22:09.767Z] [INFO] Found child item "Situation: _____" with path 2.6
[2025-03-20T00:22:09.767Z] [INFO] Fixing paths for 4 orientation children
[2025-03-20T00:22:09.767Z] [INFO] Applying additional fixes for physical-exam.md...
[2025-03-20T00:22:09.767Z] [INFO] Found Orientation assessment at index 9 with path 2
[2025-03-20T00:22:09.767Z] [INFO] Found child item "Person: _____" at index 10
[2025-03-20T00:22:09.768Z] [INFO] Found child item "Place: _____" at index 11
[2025-03-20T00:22:09.768Z] [INFO] Found child item "Time: _____" at index 12
[2025-03-20T00:22:09.768Z] [INFO] Found child item "Situation: _____" at index 13
[2025-03-20T00:22:09.768Z] [INFO] Fixing paths for 4 orientation children
[2025-03-20T00:22:09.768Z] [INFO] Manual fix: "Person: _____" path 2.3 -> 2.1
[2025-03-20T00:22:09.768Z] [INFO] Manual fix: "Place: _____" path 2.4 -> 2.2
[2025-03-20T00:22:09.768Z] [INFO] Manual fix: "Time: _____" path 2.5 -> 2.3
[2025-03-20T00:22:09.768Z] [INFO] Manual fix: "Situation: _____" path 2.6 -> 2.4
[2025-03-20T00:22:09.768Z] [INFO] Detected sections: ["Vital Signs","General Appearance","Neurological Exam","Delirium Assessment Tools","HEENT","Cardiovascular","Respiratory","Abdominal","Skin","Toxidrome Assessment"]
[2025-03-20T00:22:09.768Z] [INFO] Attempting to insert section: "Vital Signs"
[2025-03-20T00:22:09.827Z] [INFO] Inserted/updated section: Vital Signs (ID: 661)
[2025-03-20T00:22:09.827Z] [INFO] Attempting to insert section: "General Appearance"
[2025-03-20T00:22:09.886Z] [INFO] Inserted/updated section: General Appearance (ID: 662)
[2025-03-20T00:22:09.887Z] [INFO] Attempting to insert section: "Neurological Exam"
[2025-03-20T00:22:09.939Z] [INFO] Inserted/updated section: Neurological Exam (ID: 663)
[2025-03-20T00:22:09.940Z] [INFO] Attempting to insert section: "Delirium Assessment Tools"
[2025-03-20T00:22:10.012Z] [INFO] Inserted/updated section: Delirium Assessment Tools (ID: 664)
[2025-03-20T00:22:10.013Z] [INFO] Attempting to insert section: "HEENT"
[2025-03-20T00:22:10.068Z] [INFO] Inserted/updated section: HEENT (ID: 665)
[2025-03-20T00:22:10.071Z] [INFO] Attempting to insert section: "Cardiovascular"
[2025-03-20T00:22:10.150Z] [INFO] Inserted/updated section: Cardiovascular (ID: 666)
[2025-03-20T00:22:10.151Z] [INFO] Attempting to insert section: "Respiratory"
[2025-03-20T00:22:10.201Z] [INFO] Inserted/updated section: Respiratory (ID: 667)
[2025-03-20T00:22:10.201Z] [INFO] Attempting to insert section: "Abdominal"
[2025-03-20T00:22:10.258Z] [INFO] Inserted/updated section: Abdominal (ID: 668)
[2025-03-20T00:22:10.259Z] [INFO] Attempting to insert section: "Skin"
[2025-03-20T00:22:10.321Z] [INFO] Inserted/updated section: Skin (ID: 669)
[2025-03-20T00:22:10.322Z] [INFO] Attempting to insert section: "Toxidrome Assessment"
[2025-03-20T00:22:10.381Z] [INFO] Inserted/updated section: Toxidrome Assessment (ID: 670)
[2025-03-20T00:22:10.381Z] [INFO] Section ID map: {"Vital Signs":661,"General Appearance":662,"Neurological Exam":663,"Delirium Assessment Tools":664,"HEENT":665,"Cardiovascular":666,"Respiratory":667,"Abdominal":668,"Skin":669,"Toxidrome Assessment":670}
[2025-03-20T00:22:10.382Z] [INFO] Prepared 46 items for insertion (filtered from 46 total items)
[2025-03-20T00:22:10.470Z] [INFO] Inserted batch of 46 items (total: 46/46)
[2025-03-20T00:22:10.470Z] [INFO] Updating parent-child relationships...
[2025-03-20T00:22:10.471Z] [INFO] Path structure (first 10 paths): 1, 2, 3, 4, 5, 7, 10, 14, 19, 22
[2025-03-20T00:22:10.471Z] [INFO] Hierarchical structure (first 20 sorted paths):
[2025-03-20T00:22:10.471Z] [INFO] 1 -> 3204
[2025-03-20T00:22:10.471Z] [INFO] 10 -> 3177
[2025-03-20T00:22:10.471Z] [INFO]   10.11 -> 3178
[2025-03-20T00:22:10.471Z] [INFO]   10.12 -> 3179
[2025-03-20T00:22:10.471Z] [INFO]   10.13 -> 3180
[2025-03-20T00:22:10.471Z] [INFO] 14 -> 3181
[2025-03-20T00:22:10.471Z] [INFO]   14.15 -> 3182
[2025-03-20T00:22:10.471Z] [INFO]   14.16 -> 3183
[2025-03-20T00:22:10.471Z] [INFO]   14.17 -> 3184
[2025-03-20T00:22:10.471Z] [INFO]   14.18 -> 3185
[2025-03-20T00:22:10.471Z] [INFO] 19 -> 3186
[2025-03-20T00:22:10.471Z] [INFO]   19.20 -> 3187
[2025-03-20T00:22:10.471Z] [INFO]   19.21 -> 3188
[2025-03-20T00:22:10.472Z] [INFO] 2 -> 3205
[2025-03-20T00:22:10.472Z] [INFO]   2.1 -> 3170
[2025-03-20T00:22:10.472Z] [INFO]   2.2 -> 3171
[2025-03-20T00:22:10.472Z] [INFO]   2.3 -> 3172
[2025-03-20T00:22:10.472Z] [INFO]   2.4 -> 3173
[2025-03-20T00:22:10.472Z] [INFO] 22 -> 3189
[2025-03-20T00:22:10.472Z] [INFO] 3 -> 3202
[2025-03-20T00:22:11.097Z] [INFO] Found orientation child path: 2.1 -> ID: 3170 (Person: _____)
[2025-03-20T00:22:11.157Z] [INFO] Found orientation child path: 2.2 -> ID: 3171 (Place: _____)
[2025-03-20T00:22:11.217Z] [INFO] Found orientation child path: 2.3 -> ID: 3172 (Time: _____)
[2025-03-20T00:22:11.271Z] [INFO] Found orientation child path: 2.4 -> ID: 3173 (Situation: _____)
[2025-03-20T00:22:12.772Z] [INFO] Completed parent-child relationship updates: 15 successful (including 0 special fixes), 0 failed
[2025-03-20T00:22:12.773Z] [INFO] Successfully processed file physical-exam.md: inserted 46 items
[2025-03-20T00:22:12.774Z] [INFO] Processing file: lab-studies.md
[2025-03-20T00:22:12.775Z] [INFO] Preprocessing file: lab-studies.md
[2025-03-20T00:22:12.776Z] [INFO] Using title as initial section: "Main" at line 0
[2025-03-20T00:22:12.776Z] [INFO] Found section: "Point of Care Testing" at line 2
[2025-03-20T00:22:12.777Z] [INFO] Found section: "Basic Studies" at line 6
[2025-03-20T00:22:12.777Z] [INFO] Found section: "Extended Studies" at line 21
[2025-03-20T00:22:12.778Z] [INFO] Found section: "Blood Gas Analysis" at line 31
[2025-03-20T00:22:12.778Z] [INFO] Found section: "Microbiology" at line 42
[2025-03-20T00:22:12.779Z] [INFO] Found section: "Toxicology" at line 46
[2025-03-20T00:22:12.779Z] [INFO] Found section: "Cerebrospinal Fluid Analysis (if performed)" at line 51
[2025-03-20T00:22:12.779Z] [INFO] Found 7 sections in file: Point of Care Testing, Basic Studies, Extended Studies, Blood Gas Analysis, Microbiology, Toxicology, Cerebrospinal Fluid Analysis (if performed)
[2025-03-20T00:22:12.780Z] [INFO] Post-processing items to fix known hierarchy issues...
[2025-03-20T00:22:12.780Z] [INFO] Detected sections: ["Point of Care Testing","Basic Studies","Extended Studies","Blood Gas Analysis","Microbiology","Toxicology","Cerebrospinal Fluid Analysis (if performed)"]
[2025-03-20T00:22:12.780Z] [INFO] Attempting to insert section: "Point of Care Testing"
[2025-03-20T00:22:12.833Z] [INFO] Inserted/updated section: Point of Care Testing (ID: 671)
[2025-03-20T00:22:12.834Z] [INFO] Attempting to insert section: "Basic Studies"
[2025-03-20T00:22:12.884Z] [INFO] Inserted/updated section: Basic Studies (ID: 672)
[2025-03-20T00:22:12.885Z] [INFO] Attempting to insert section: "Extended Studies"
[2025-03-20T00:22:12.948Z] [INFO] Inserted/updated section: Extended Studies (ID: 673)
[2025-03-20T00:22:12.949Z] [INFO] Attempting to insert section: "Blood Gas Analysis"
[2025-03-20T00:22:13.018Z] [INFO] Inserted/updated section: Blood Gas Analysis (ID: 674)
[2025-03-20T00:22:13.019Z] [INFO] Attempting to insert section: "Microbiology"
[2025-03-20T00:22:13.074Z] [INFO] Inserted/updated section: Microbiology (ID: 675)
[2025-03-20T00:22:13.074Z] [INFO] Attempting to insert section: "Toxicology"
[2025-03-20T00:22:13.132Z] [INFO] Inserted/updated section: Toxicology (ID: 676)
[2025-03-20T00:22:13.132Z] [INFO] Attempting to insert section: "Cerebrospinal Fluid Analysis (if performed)"
[2025-03-20T00:22:13.194Z] [INFO] Inserted/updated section: Cerebrospinal Fluid Analysis (if performed) (ID: 677)
[2025-03-20T00:22:13.195Z] [INFO] Section ID map: {"Point of Care Testing":671,"Basic Studies":672,"Extended Studies":673,"Blood Gas Analysis":674,"Microbiology":675,"Toxicology":676,"Cerebrospinal Fluid Analysis (if performed)":677}
[2025-03-20T00:22:13.195Z] [INFO] Prepared 44 items for insertion (filtered from 44 total items)
[2025-03-20T00:22:13.262Z] [INFO] Inserted batch of 44 items (total: 44/44)
[2025-03-20T00:22:13.262Z] [INFO] Updating parent-child relationships...
[2025-03-20T00:22:13.263Z] [INFO] Path structure (first 10 paths): 1, 2, 3, 4, 5, 6, 7, 8, 1.2, 1.3
[2025-03-20T00:22:13.263Z] [INFO] Hierarchical structure (first 20 sorted paths):
[2025-03-20T00:22:13.263Z] [INFO] 1 -> 3243
[2025-03-20T00:22:13.263Z] [INFO]   1.2 -> 3230
[2025-03-20T00:22:13.263Z] [INFO]   1.3 -> 3231
[2025-03-20T00:22:13.263Z] [INFO]   1.4 -> 3232
[2025-03-20T00:22:13.264Z] [INFO]   1.5 -> 3233
[2025-03-20T00:22:13.264Z] [INFO]   1.6 -> 3226
[2025-03-20T00:22:13.264Z] [INFO] 2 -> 3244
[2025-03-20T00:22:13.264Z] [INFO] 3 -> 3245
[2025-03-20T00:22:13.264Z] [INFO] 4 -> 3246
[2025-03-20T00:22:13.264Z] [INFO] 5 -> 3247
[2025-03-20T00:22:13.264Z] [INFO]   5.10 -> 3217
[2025-03-20T00:22:13.264Z] [INFO]   5.11 -> 3218
[2025-03-20T00:22:13.264Z] [INFO]   5.12 -> 3219
[2025-03-20T00:22:13.264Z] [INFO]   5.13 -> 3220
[2025-03-20T00:22:13.264Z] [INFO]   5.6 -> 3213
[2025-03-20T00:22:13.264Z] [INFO]   5.7 -> 3214
[2025-03-20T00:22:13.264Z] [INFO]   5.8 -> 3215
[2025-03-20T00:22:13.264Z] [INFO]   5.9 -> 3216
[2025-03-20T00:22:13.265Z] [INFO] 6 -> 3248
[2025-03-20T00:22:13.265Z] [INFO]   6.7 -> 3235
[2025-03-20T00:22:15.445Z] [INFO] Completed parent-child relationship updates: 16 successful (including 0 special fixes), 0 failed
[2025-03-20T00:22:15.445Z] [INFO] Successfully processed file lab-studies.md: inserted 44 items
[2025-03-20T00:22:15.446Z] [INFO] Processing file: imaging.md
[2025-03-20T00:22:15.446Z] [INFO] Preprocessing file: imaging.md
[2025-03-20T00:22:15.447Z] [INFO] Using title as initial section: "Main" at line 0
[2025-03-20T00:22:15.447Z] [INFO] Found section: "Cranial Imaging" at line 2
[2025-03-20T00:22:15.447Z] [INFO] Found section: "Chest Imaging" at line 12
[2025-03-20T00:22:15.447Z] [INFO] Found section: "Other Imaging" at line 17
[2025-03-20T00:22:15.447Z] [INFO] Found 3 sections in file: Cranial Imaging, Chest Imaging, Other Imaging
[2025-03-20T00:22:15.448Z] [INFO] Post-processing items to fix known hierarchy issues...
[2025-03-20T00:22:15.448Z] [INFO] Detected sections: ["Cranial Imaging","Chest Imaging","Other Imaging"]
[2025-03-20T00:22:15.448Z] [INFO] Attempting to insert section: "Cranial Imaging"
[2025-03-20T00:22:15.501Z] [INFO] Inserted/updated section: Cranial Imaging (ID: 678)
[2025-03-20T00:22:15.501Z] [INFO] Attempting to insert section: "Chest Imaging"
[2025-03-20T00:22:15.569Z] [INFO] Inserted/updated section: Chest Imaging (ID: 679)
[2025-03-20T00:22:15.570Z] [INFO] Attempting to insert section: "Other Imaging"
[2025-03-20T00:22:15.636Z] [INFO] Inserted/updated section: Other Imaging (ID: 680)
[2025-03-20T00:22:15.637Z] [INFO] Section ID map: {"Cranial Imaging":678,"Chest Imaging":679,"Other Imaging":680}
[2025-03-20T00:22:15.638Z] [INFO] Prepared 12 items for insertion (filtered from 12 total items)
[2025-03-20T00:22:15.697Z] [INFO] Inserted batch of 12 items (total: 12/12)
[2025-03-20T00:22:15.697Z] [INFO] Updating parent-child relationships...
[2025-03-20T00:22:15.698Z] [INFO] Path structure (first 10 paths): 1, 6, 1.2, 1.3, 1.4, 1.5, 6.7, 6.8
[2025-03-20T00:22:15.698Z] [INFO] Hierarchical structure (first 20 sorted paths):
[2025-03-20T00:22:15.698Z] [INFO] 1 -> 3261
[2025-03-20T00:22:15.698Z] [INFO]   1.2 -> 3259
[2025-03-20T00:22:15.698Z] [INFO]   1.3 -> 3260
[2025-03-20T00:22:15.698Z] [INFO]   1.4 -> 3253
[2025-03-20T00:22:15.699Z] [INFO]   1.5 -> 3254
[2025-03-20T00:22:15.699Z] [INFO] 6 -> 3255
[2025-03-20T00:22:15.699Z] [INFO]   6.7 -> 3256
[2025-03-20T00:22:15.699Z] [INFO]   6.8 -> 3257
[2025-03-20T00:22:16.475Z] [INFO] Completed parent-child relationship updates: 6 successful (including 0 special fixes), 0 failed
[2025-03-20T00:22:16.476Z] [INFO] Successfully processed file imaging.md: inserted 12 items
[2025-03-20T00:22:16.476Z] [INFO] Processing file: special-tests.md
[2025-03-20T00:22:16.476Z] [INFO] Preprocessing file: special-tests.md
[2025-03-20T00:22:16.477Z] [INFO] Using title as initial section: "Main" at line 0
[2025-03-20T00:22:16.477Z] [INFO] Found section: "Neurological Tests" at line 2
[2025-03-20T00:22:16.477Z] [INFO] Found section: "Paracentesis (if applicable)" at line 8
[2025-03-20T00:22:16.478Z] [INFO] Found section: "Thoracentesis (if applicable)" at line 12
[2025-03-20T00:22:16.478Z] [INFO] Found section: "Lumbar Puncture" at line 16
[2025-03-20T00:22:16.478Z] [INFO] Found section: "Cognitive Assessment Tools" at line 20
[2025-03-20T00:22:16.478Z] [INFO] Found 5 sections in file: Neurological Tests, Paracentesis (if applicable), Thoracentesis (if applicable), Lumbar Puncture, Cognitive Assessment Tools
[2025-03-20T00:22:16.478Z] [INFO] Post-processing items to fix known hierarchy issues...
[2025-03-20T00:22:16.478Z] [INFO] Detected sections: ["Neurological Tests","Paracentesis (if applicable)","Thoracentesis (if applicable)","Lumbar Puncture","Cognitive Assessment Tools"]
[2025-03-20T00:22:16.478Z] [INFO] Attempting to insert section: "Neurological Tests"
[2025-03-20T00:22:16.532Z] [INFO] Inserted/updated section: Neurological Tests (ID: 681)
[2025-03-20T00:22:16.533Z] [INFO] Attempting to insert section: "Paracentesis (if applicable)"
[2025-03-20T00:22:16.585Z] [INFO] Inserted/updated section: Paracentesis (if applicable) (ID: 682)
[2025-03-20T00:22:16.586Z] [INFO] Attempting to insert section: "Thoracentesis (if applicable)"
[2025-03-20T00:22:16.646Z] [INFO] Inserted/updated section: Thoracentesis (if applicable) (ID: 683)
[2025-03-20T00:22:16.647Z] [INFO] Attempting to insert section: "Lumbar Puncture"
[2025-03-20T00:22:16.701Z] [INFO] Inserted/updated section: Lumbar Puncture (ID: 684)
[2025-03-20T00:22:16.702Z] [INFO] Attempting to insert section: "Cognitive Assessment Tools"
[2025-03-20T00:22:16.755Z] [INFO] Inserted/updated section: Cognitive Assessment Tools (ID: 685)
[2025-03-20T00:22:16.756Z] [INFO] Section ID map: {"Neurological Tests":681,"Paracentesis (if applicable)":682,"Thoracentesis (if applicable)":683,"Lumbar Puncture":684,"Cognitive Assessment Tools":685}
[2025-03-20T00:22:16.757Z] [INFO] Prepared 14 items for insertion (filtered from 14 total items)
[2025-03-20T00:22:16.816Z] [INFO] Inserted batch of 14 items (total: 14/14)
[2025-03-20T00:22:16.817Z] [INFO] Updating parent-child relationships...
[2025-03-20T00:22:16.817Z] [INFO] Path structure (first 10 paths): 1, 2, 3, 4, 1.2, 1.3, 1.4
[2025-03-20T00:22:16.817Z] [INFO] Hierarchical structure (first 20 sorted paths):
[2025-03-20T00:22:16.817Z] [INFO] 1 -> 3272
[2025-03-20T00:22:16.818Z] [INFO]   1.2 -> 3263
[2025-03-20T00:22:16.818Z] [INFO]   1.3 -> 3264
[2025-03-20T00:22:16.818Z] [INFO]   1.4 -> 3265
[2025-03-20T00:22:16.818Z] [INFO] 2 -> 3273
[2025-03-20T00:22:16.818Z] [INFO] 3 -> 3274
[2025-03-20T00:22:16.818Z] [INFO] 4 -> 3275
[2025-03-20T00:22:17.414Z] [INFO] Completed parent-child relationship updates: 3 successful (including 0 special fixes), 0 failed
[2025-03-20T00:22:17.414Z] [INFO] Successfully processed file special-tests.md: inserted 14 items
[2025-03-20T00:22:17.414Z] [INFO] Processing file: ecg.md
[2025-03-20T00:22:17.414Z] [INFO] Preprocessing file: ecg.md
[2025-03-20T00:22:17.415Z] [INFO] Using title as initial section: "Main" at line 0
[2025-03-20T00:22:17.415Z] [INFO] Found section: "ECG Findings" at line 2
[2025-03-20T00:22:17.415Z] [INFO] Found section: "Interpretation" at line 9
[2025-03-20T00:22:17.415Z] [INFO] Found 2 sections in file: ECG Findings, Interpretation
[2025-03-20T00:22:17.415Z] [INFO] Post-processing items to fix known hierarchy issues...
[2025-03-20T00:22:17.415Z] [INFO] Detected sections: ["ECG Findings","Interpretation"]
[2025-03-20T00:22:17.416Z] [INFO] Attempting to insert section: "ECG Findings"
[2025-03-20T00:22:17.471Z] [INFO] Inserted/updated section: ECG Findings (ID: 686)
[2025-03-20T00:22:17.472Z] [INFO] Attempting to insert section: "Interpretation"
[2025-03-20T00:22:17.530Z] [INFO] Inserted/updated section: Interpretation (ID: 687)
[2025-03-20T00:22:17.530Z] [INFO] Section ID map: {"ECG Findings":686,"Interpretation":687}
[2025-03-20T00:22:17.531Z] [INFO] Prepared 8 items for insertion (filtered from 8 total items)
[2025-03-20T00:22:17.595Z] [INFO] Inserted batch of 8 items (total: 8/8)
[2025-03-20T00:22:17.596Z] [INFO] Updating parent-child relationships...
[2025-03-20T00:22:17.596Z] [INFO] Path structure (first 10 paths): 1, 2, 3, 4, 5
[2025-03-20T00:22:17.596Z] [INFO] Hierarchical structure (first 20 sorted paths):
[2025-03-20T00:22:17.596Z] [INFO] 1 -> 3281
[2025-03-20T00:22:17.596Z] [INFO] 2 -> 3282
[2025-03-20T00:22:17.596Z] [INFO] 3 -> 3283
[2025-03-20T00:22:17.596Z] [INFO] 4 -> 3279
[2025-03-20T00:22:17.596Z] [INFO] 5 -> 3280
[2025-03-20T00:22:17.916Z] [INFO] Completed parent-child relationship updates: 0 successful (including 0 special fixes), 0 failed
[2025-03-20T00:22:17.916Z] [INFO] Successfully processed file ecg.md: inserted 8 items
[2025-03-20T00:22:17.916Z] [INFO] Processing file: assessment.md
[2025-03-20T00:22:17.916Z] [INFO] Preprocessing file: assessment.md
[2025-03-20T00:22:17.917Z] [INFO] Using title as initial section: "Main" at line 0
[2025-03-20T00:22:17.917Z] [INFO] Found section: "Primary Diagnosis" at line 2
[2025-03-20T00:22:17.917Z] [INFO] Found section: "Underlying Etiology (if identified)" at line 8
[2025-03-20T00:22:17.917Z] [INFO] Found section: "Severity Assessment" at line 15
[2025-03-20T00:22:17.917Z] [INFO] Found section: "Contributing Factors" at line 21
[2025-03-20T00:22:17.917Z] [INFO] Found section: "Prognostic Indicators" at line 29
[2025-03-20T00:22:17.917Z] [INFO] Found 5 sections in file: Primary Diagnosis, Underlying Etiology (if identified), Severity Assessment, Contributing Factors, Prognostic Indicators
[2025-03-20T00:22:17.917Z] [INFO] Post-processing items to fix known hierarchy issues...
[2025-03-20T00:22:17.918Z] [INFO] Detected sections: ["Primary Diagnosis","Underlying Etiology (if identified)","Severity Assessment","Contributing Factors","Prognostic Indicators"]
[2025-03-20T00:22:17.918Z] [INFO] Attempting to insert section: "Primary Diagnosis"
[2025-03-20T00:22:17.971Z] [INFO] Inserted/updated section: Primary Diagnosis (ID: 688)
[2025-03-20T00:22:17.972Z] [INFO] Attempting to insert section: "Underlying Etiology (if identified)"
[2025-03-20T00:22:18.030Z] [INFO] Inserted/updated section: Underlying Etiology (if identified) (ID: 689)
[2025-03-20T00:22:18.030Z] [INFO] Attempting to insert section: "Severity Assessment"
[2025-03-20T00:22:18.082Z] [INFO] Inserted/updated section: Severity Assessment (ID: 690)
[2025-03-20T00:22:18.083Z] [INFO] Attempting to insert section: "Contributing Factors"
[2025-03-20T00:22:18.136Z] [INFO] Inserted/updated section: Contributing Factors (ID: 691)
[2025-03-20T00:22:18.137Z] [INFO] Attempting to insert section: "Prognostic Indicators"
[2025-03-20T00:22:18.187Z] [INFO] Inserted/updated section: Prognostic Indicators (ID: 692)
[2025-03-20T00:22:18.188Z] [INFO] Section ID map: {"Primary Diagnosis":688,"Underlying Etiology (if identified)":689,"Severity Assessment":690,"Contributing Factors":691,"Prognostic Indicators":692}
[2025-03-20T00:22:18.188Z] [INFO] Prepared 22 items for insertion (filtered from 22 total items)
[2025-03-20T00:22:18.247Z] [INFO] Inserted batch of 22 items (total: 22/22)
[2025-03-20T00:22:18.247Z] [INFO] Updating parent-child relationships...
[2025-03-20T00:22:18.248Z] [INFO] Path structure (first 10 paths): 1, 2, 3, 4, 5, 6, 1.2, 1.3, 1.4
[2025-03-20T00:22:18.248Z] [INFO] Hierarchical structure (first 20 sorted paths):
[2025-03-20T00:22:18.249Z] [INFO] 1 -> 3303
[2025-03-20T00:22:18.249Z] [INFO]   1.2 -> 3285
[2025-03-20T00:22:18.249Z] [INFO]   1.3 -> 3286
[2025-03-20T00:22:18.250Z] [INFO]   1.4 -> 3287
[2025-03-20T00:22:18.250Z] [INFO] 2 -> 3304
[2025-03-20T00:22:18.250Z] [INFO] 3 -> 3305
[2025-03-20T00:22:18.251Z] [INFO] 4 -> 3300
[2025-03-20T00:22:18.251Z] [INFO] 5 -> 3301
[2025-03-20T00:22:18.252Z] [INFO] 6 -> 3302
[2025-03-20T00:22:18.925Z] [INFO] Completed parent-child relationship updates: 3 successful (including 0 special fixes), 0 failed
[2025-03-20T00:22:18.926Z] [INFO] Successfully processed file assessment.md: inserted 22 items
[2025-03-20T00:22:18.926Z] [INFO] Processing file: plan.md
[2025-03-20T00:22:18.927Z] [INFO] Preprocessing file: plan.md
[2025-03-20T00:22:18.927Z] [INFO] Using title as initial section: "Main" at line 0
[2025-03-20T00:22:18.927Z] [INFO] Found section: "Immediate Interventions" at line 2
[2025-03-20T00:22:18.927Z] [INFO] Found section: "Empirical Treatment" at line 14
[2025-03-20T00:22:18.927Z] [INFO] Found section: "Supportive Care" at line 19
[2025-03-20T00:22:18.928Z] [INFO] Found section: "Diagnostic Plan" at line 29
[2025-03-20T00:22:18.928Z] [INFO] Found section: "Treatment of Underlying Cause" at line 34
[2025-03-20T00:22:18.928Z] [INFO] Found 5 sections in file: Immediate Interventions, Empirical Treatment, Supportive Care, Diagnostic Plan, Treatment of Underlying Cause
[2025-03-20T00:22:18.928Z] [INFO] Post-processing items to fix known hierarchy issues...
[2025-03-20T00:22:18.928Z] [INFO] Detected sections: ["Immediate Interventions","Empirical Treatment","Supportive Care","Diagnostic Plan","Treatment of Underlying Cause"]
[2025-03-20T00:22:18.928Z] [INFO] Attempting to insert section: "Immediate Interventions"
[2025-03-20T00:22:18.985Z] [INFO] Inserted/updated section: Immediate Interventions (ID: 693)
[2025-03-20T00:22:18.985Z] [INFO] Attempting to insert section: "Empirical Treatment"
[2025-03-20T00:22:19.056Z] [INFO] Inserted/updated section: Empirical Treatment (ID: 694)
[2025-03-20T00:22:19.057Z] [INFO] Attempting to insert section: "Supportive Care"
[2025-03-20T00:22:19.125Z] [INFO] Inserted/updated section: Supportive Care (ID: 695)
[2025-03-20T00:22:19.125Z] [INFO] Attempting to insert section: "Diagnostic Plan"
[2025-03-20T00:22:19.176Z] [INFO] Inserted/updated section: Diagnostic Plan (ID: 696)
[2025-03-20T00:22:19.176Z] [INFO] Attempting to insert section: "Treatment of Underlying Cause"
[2025-03-20T00:22:19.231Z] [INFO] Inserted/updated section: Treatment of Underlying Cause (ID: 697)
[2025-03-20T00:22:19.231Z] [INFO] Section ID map: {"Immediate Interventions":693,"Empirical Treatment":694,"Supportive Care":695,"Diagnostic Plan":696,"Treatment of Underlying Cause":697}
[2025-03-20T00:22:19.232Z] [INFO] Prepared 25 items for insertion (filtered from 25 total items)
[2025-03-20T00:22:19.294Z] [INFO] Inserted batch of 25 items (total: 25/25)
[2025-03-20T00:22:19.294Z] [INFO] Updating parent-child relationships...
[2025-03-20T00:22:19.295Z] [INFO] Path structure (first 10 paths): 1, 2, 3, 5, 6, 7, 3.4, 3.5, 7.8, 7.9
[2025-03-20T00:22:19.295Z] [INFO] Hierarchical structure (first 20 sorted paths):
[2025-03-20T00:22:19.295Z] [INFO] 1 -> 3330
[2025-03-20T00:22:19.295Z] [INFO] 2 -> 3328
[2025-03-20T00:22:19.295Z] [INFO]   2.3 -> 3321
[2025-03-20T00:22:19.295Z] [INFO]   2.4 -> 3322
[2025-03-20T00:22:19.295Z] [INFO] 3 -> 3329
[2025-03-20T00:22:19.295Z] [INFO]   3.4 -> 3309
[2025-03-20T00:22:19.295Z] [INFO]   3.5 -> 3310
[2025-03-20T00:22:19.295Z] [INFO] 5 -> 3323
[2025-03-20T00:22:19.296Z] [INFO]   5.6 -> 3324
[2025-03-20T00:22:19.296Z] [INFO]   5.7 -> 3325
[2025-03-20T00:22:19.296Z] [INFO]   5.8 -> 3326
[2025-03-20T00:22:19.296Z] [INFO] 6 -> 3311
[2025-03-20T00:22:19.296Z] [INFO] 7 -> 3312
[2025-03-20T00:22:19.296Z] [INFO]   7.10 -> 3315
[2025-03-20T00:22:19.296Z] [INFO]   7.8 -> 3313
[2025-03-20T00:22:19.296Z] [INFO]   7.9 -> 3314
[2025-03-20T00:22:20.749Z] [INFO] Completed parent-child relationship updates: 10 successful (including 0 special fixes), 0 failed
[2025-03-20T00:22:20.749Z] [INFO] Successfully processed file plan.md: inserted 25 items
[2025-03-20T00:22:20.750Z] [INFO] Processing file: disposition.md
[2025-03-20T00:22:20.750Z] [INFO] Preprocessing file: disposition.md
[2025-03-20T00:22:20.750Z] [INFO] Using title as initial section: "Main" at line 0
[2025-03-20T00:22:20.750Z] [INFO] Found section: "Disposition Decision" at line 2
[2025-03-20T00:22:20.751Z] [INFO] Found section: "Consults Obtained/Recommended" at line 10
[2025-03-20T00:22:20.751Z] [INFO] Found section: "Follow-up Recommendations" at line 16
[2025-03-20T00:22:20.751Z] [INFO] Found section: "Special Considerations" at line 21
[2025-03-20T00:22:20.752Z] [INFO] Found 4 sections in file: Disposition Decision, Consults Obtained/Recommended, Follow-up Recommendations, Special Considerations
[2025-03-20T00:22:20.752Z] [INFO] Post-processing items to fix known hierarchy issues...
[2025-03-20T00:22:20.752Z] [INFO] Detected sections: ["Disposition Decision","Consults Obtained/Recommended","Follow-up Recommendations","Special Considerations"]
[2025-03-20T00:22:20.752Z] [INFO] Attempting to insert section: "Disposition Decision"
[2025-03-20T00:22:20.808Z] [INFO] Inserted/updated section: Disposition Decision (ID: 698)
[2025-03-20T00:22:20.808Z] [INFO] Attempting to insert section: "Consults Obtained/Recommended"
[2025-03-20T00:22:20.861Z] [INFO] Inserted/updated section: Consults Obtained/Recommended (ID: 699)
[2025-03-20T00:22:20.861Z] [INFO] Attempting to insert section: "Follow-up Recommendations"
[2025-03-20T00:22:20.911Z] [INFO] Inserted/updated section: Follow-up Recommendations (ID: 700)
[2025-03-20T00:22:20.912Z] [INFO] Attempting to insert section: "Special Considerations"
[2025-03-20T00:22:20.961Z] [INFO] Inserted/updated section: Special Considerations (ID: 701)
[2025-03-20T00:22:20.962Z] [INFO] Section ID map: {"Disposition Decision":698,"Consults Obtained/Recommended":699,"Follow-up Recommendations":700,"Special Considerations":701}
[2025-03-20T00:22:20.962Z] [INFO] Prepared 15 items for insertion (filtered from 15 total items)
[2025-03-20T00:22:21.018Z] [INFO] Inserted batch of 15 items (total: 15/15)
[2025-03-20T00:22:21.019Z] [INFO] Updating parent-child relationships...
[2025-03-20T00:22:21.019Z] [INFO] Path structure (first 10 paths): 1, 2, 3, 4, 5, 6, 1.2, 1.3, 1.4
[2025-03-20T00:22:21.019Z] [INFO] Hierarchical structure (first 20 sorted paths):
[2025-03-20T00:22:21.019Z] [INFO] 1 -> 3344
[2025-03-20T00:22:21.020Z] [INFO]   1.2 -> 3332
[2025-03-20T00:22:21.020Z] [INFO]   1.3 -> 3333
[2025-03-20T00:22:21.020Z] [INFO]   1.4 -> 3334
[2025-03-20T00:22:21.020Z] [INFO] 2 -> 3345
[2025-03-20T00:22:21.020Z] [INFO] 3 -> 3343
[2025-03-20T00:22:21.020Z] [INFO] 4 -> 3340
[2025-03-20T00:22:21.020Z] [INFO] 5 -> 3335
[2025-03-20T00:22:21.020Z] [INFO] 6 -> 3336
[2025-03-20T00:22:21.689Z] [INFO] Completed parent-child relationship updates: 3 successful (including 0 special fixes), 0 failed
[2025-03-20T00:22:21.690Z] [INFO] Successfully processed file disposition.md: inserted 15 items
[2025-03-20T00:22:21.691Z] [INFO] Processing file: patient-education.md
[2025-03-20T00:22:21.691Z] [INFO] Preprocessing file: patient-education.md
[2025-03-20T00:22:21.692Z] [INFO] Using title as initial section: "Main" at line 0
[2025-03-20T00:22:21.692Z] [INFO] Found section: "Explanation to Patient/Family" at line 2
[2025-03-20T00:22:21.692Z] [INFO] Found section: "Education Points for Caregivers" at line 9
[2025-03-20T00:22:21.693Z] [INFO] Found section: "Follow-up Instructions" at line 20
[2025-03-20T00:22:21.693Z] [INFO] Found 3 sections in file: Explanation to Patient/Family, Education Points for Caregivers, Follow-up Instructions
[2025-03-20T00:22:21.693Z] [INFO] Post-processing items to fix known hierarchy issues...
[2025-03-20T00:22:21.693Z] [INFO] Detected sections: ["Explanation to Patient/Family","Education Points for Caregivers","Follow-up Instructions"]
[2025-03-20T00:22:21.694Z] [INFO] Attempting to insert section: "Explanation to Patient/Family"
[2025-03-20T00:22:21.752Z] [INFO] Inserted/updated section: Explanation to Patient/Family (ID: 702)
[2025-03-20T00:22:21.752Z] [INFO] Attempting to insert section: "Education Points for Caregivers"
[2025-03-20T00:22:21.804Z] [INFO] Inserted/updated section: Education Points for Caregivers (ID: 703)
[2025-03-20T00:22:21.805Z] [INFO] Attempting to insert section: "Follow-up Instructions"
[2025-03-20T00:22:21.866Z] [INFO] Inserted/updated section: Follow-up Instructions (ID: 704)
[2025-03-20T00:22:21.867Z] [INFO] Section ID map: {"Explanation to Patient/Family":702,"Education Points for Caregivers":703,"Follow-up Instructions":704}
[2025-03-20T00:22:21.867Z] [INFO] Prepared 17 items for insertion (filtered from 17 total items)
[2025-03-20T00:22:21.994Z] [INFO] Inserted batch of 17 items (total: 17/17)
[2025-03-20T00:22:21.995Z] [INFO] Updating parent-child relationships...
[2025-03-20T00:22:21.995Z] [INFO] Path structure (first 10 paths): 1, 2, 3, 4, 5, 8, 9, 3.4, 3.5, 3.6
[2025-03-20T00:22:21.996Z] [INFO] Hierarchical structure (first 20 sorted paths):
[2025-03-20T00:22:21.996Z] [INFO] 1 -> 3360
[2025-03-20T00:22:21.996Z] [INFO] 2 -> 3361
[2025-03-20T00:22:21.996Z] [INFO] 3 -> 3362
[2025-03-20T00:22:21.996Z] [INFO]   3.4 -> 3354
[2025-03-20T00:22:21.996Z] [INFO]   3.5 -> 3355
[2025-03-20T00:22:21.996Z] [INFO]   3.6 -> 3356
[2025-03-20T00:22:21.996Z] [INFO]   3.7 -> 3357
[2025-03-20T00:22:21.996Z] [INFO] 4 -> 3349
[2025-03-20T00:22:21.997Z] [INFO] 5 -> 3350
[2025-03-20T00:22:21.997Z] [INFO] 8 -> 3358
[2025-03-20T00:22:21.997Z] [INFO] 9 -> 3359
[2025-03-20T00:22:22.902Z] [INFO] Completed parent-child relationship updates: 4 successful (including 0 special fixes), 0 failed
[2025-03-20T00:22:22.903Z] [INFO] Successfully processed file patient-education.md: inserted 17 items
[2025-03-20T00:22:22.903Z] [INFO] Completed processing chapter Ch13_Confusion: 18 files processed, 0 files had errors
[2025-03-20T00:22:22.903Z] [INFO] Migration completed: 1 chapters processed successfully, 0 chapters had errors
[2025-03-20T00:22:22.903Z] [INFO] Migration completed in 23.389 seconds
