[2025-03-15T02:00:28.651Z] [INFO] Starting migration...
[2025-03-15T02:00:28.652Z] [INFO] Inserting categories...
[2025-03-15T02:00:28.752Z] [INFO] All categories already exist, skipping insertion
[2025-03-15T02:00:28.752Z] [INFO] Found 1 chapter directories to process
[2025-03-15T02:00:28.752Z] [INFO] Processing chapter: Ch11_Syncope
[2025-03-15T02:00:28.752Z] [INFO] Cleaning up existing data for chapter 11...
[2025-03-15T02:00:28.812Z] [INFO] No existing data found for chapter 11
[2025-03-15T02:00:28.875Z] [INFO] Inserted chapter: Syncope (ID: 186)
[2025-03-15T02:00:28.926Z] [INFO] Processing file: alarm-features.md
[2025-03-15T02:00:29.003Z] [INFO] Inserted section: High-Risk Features (ID: 1011)
[2025-03-15T02:00:29.058Z] [INFO] Inserted section: Critical Diagnoses To Consider (ID: 1012)
[2025-03-15T02:00:29.114Z] [INFO] Inserted section: Emergent Diagnostic Factors (ID: 1013)
[2025-03-15T02:00:29.169Z] [INFO] Inserted section: Concerning Cardiac Symptoms (ID: 1014)
[2025-03-15T02:00:29.224Z] [INFO] Inserted section: Concerning Neurological Symptoms (ID: 1015)
[2025-03-15T02:00:29.274Z] [INFO] Inserted section: Concerning Abdominal/GI Symptoms (ID: 1016)
[2025-03-15T02:00:29.274Z] [INFO] Inserting 43 items for section 1016
[2025-03-15T02:00:29.274Z] [INFO] Inserting 8 items for section 1011
[2025-03-15T02:00:29.331Z] [ERROR] Error processing file /Users/lucas/Documents/markdown_1-185/1-18/Ch11_Syncope/alarm-features.md: Could not find the 'indent_level' column of 'checklist_items' in the schema cache
[2025-03-15T02:00:29.331Z] [INFO] Processing file: assessment.md
[2025-03-15T02:00:29.389Z] [INFO] Inserted section: Syncope Classification (ID: 1017)
[2025-03-15T02:00:29.456Z] [INFO] Inserted section: Diagnostic Certainty (ID: 1018)
[2025-03-15T02:00:29.518Z] [INFO] Inserted section: Risk Stratification (ID: 1019)
[2025-03-15T02:00:29.575Z] [INFO] Inserted section: Canadian Syncope Risk Score Calculation (ID: 1020)
[2025-03-15T02:00:29.628Z] [INFO] Inserted section: FAINT Score Calculation (ID: 1021)
[2025-03-15T02:00:29.684Z] [INFO] Inserted section: San Francisco Syncope Rule Assessment (ID: 1022)
[2025-03-15T02:00:29.737Z] [INFO] Inserted section: Clinical Impression (ID: 1023)
[2025-03-15T02:00:29.803Z] [INFO] Inserted section: Degree of Functional Impairment (ID: 1024)
[2025-03-15T02:00:29.859Z] [INFO] Inserted section: Injury Assessment (ID: 1025)
[2025-03-15T02:00:29.859Z] [INFO] Inserting 61 items for section 1025
[2025-03-15T02:00:29.859Z] [INFO] Inserting 17 items for section 1017
[2025-03-15T02:00:29.911Z] [ERROR] Error processing file /Users/lucas/Documents/markdown_1-185/1-18/Ch11_Syncope/assessment.md: Could not find the 'indent_level' column of 'checklist_items' in the schema cache
[2025-03-15T02:00:29.912Z] [INFO] Processing file: collateral-history.md
[2025-03-15T02:00:29.958Z] [INFO] Inserted section: Witness Account (ID: 1026)
[2025-03-15T02:00:30.022Z] [INFO] Inserted section: Description of Episode (From Observer) (ID: 1027)
[2025-03-15T02:00:30.070Z] [INFO] Inserted section: Pre-Episode Observations (ID: 1028)
[2025-03-15T02:00:30.125Z] [INFO] Inserted section: Episode Characteristics (ID: 1029)
[2025-03-15T02:00:30.204Z] [INFO] Inserted section: Movement During Episode (ID: 1030)
[2025-03-15T02:00:30.251Z] [INFO] Inserted section: Autonomic Features (ID: 1031)
[2025-03-15T02:00:30.316Z] [INFO] Inserted section: Recovery Characteristics (ID: 1032)
[2025-03-15T02:00:30.367Z] [INFO] Inserted section: EMS/First Responder Report (ID: 1033)
[2025-03-15T02:00:30.367Z] [INFO] Inserting 50 items for section 1033
[2025-03-15T02:00:30.368Z] [INFO] Inserting 4 items for section 1026
[2025-03-15T02:00:30.422Z] [ERROR] Error processing file /Users/lucas/Documents/markdown_1-185/1-18/Ch11_Syncope/collateral-history.md: Could not find the 'indent_level' column of 'checklist_items' in the schema cache
[2025-03-15T02:00:30.422Z] [INFO] Processing file: diet.md
[2025-03-15T02:00:30.473Z] [INFO] Inserted section: Oral Intake (ID: 1034)
[2025-03-15T02:00:30.523Z] [INFO] Inserted section: Dietary Triggers (ID: 1035)
[2025-03-15T02:00:30.579Z] [INFO] Inserted section: Specialized Diets (ID: 1036)
[2025-03-15T02:00:30.629Z] [INFO] Inserted section: Hydration Status (ID: 1037)
[2025-03-15T02:00:30.693Z] [INFO] Inserted section: Recent Dietary Changes (ID: 1038)
[2025-03-15T02:00:30.763Z] [INFO] Inserted section: Dietary Supplements (ID: 1039)
[2025-03-15T02:00:30.812Z] [INFO] Inserted section: Appetite (ID: 1040)
[2025-03-15T02:00:30.812Z] [INFO] Inserting 35 items for section 1040
[2025-03-15T02:00:30.812Z] [INFO] Inserting 5 items for section 1034
[2025-03-15T02:00:30.913Z] [ERROR] Error processing file /Users/lucas/Documents/markdown_1-185/1-18/Ch11_Syncope/diet.md: Could not find the 'indent_level' column of 'checklist_items' in the schema cache
[2025-03-15T02:00:30.913Z] [INFO] Processing file: differential-diagnosis.md
[2025-03-15T02:00:30.963Z] [INFO] Inserted section: Reflex (Neurally Mediated) Syncope (ID: 1041)
[2025-03-15T02:00:31.014Z] [INFO] Inserted section: Orthostatic Syncope (ID: 1042)
[2025-03-15T02:00:31.064Z] [INFO] Inserted section: Cardiac Syncope (ID: 1043)
[2025-03-15T02:00:31.119Z] [INFO] Inserted section: Cerebrovascular Causes (ID: 1044)
[2025-03-15T02:00:31.174Z] [INFO] Inserted section: Metabolic/Toxic Causes (ID: 1045)
[2025-03-15T02:00:31.226Z] [INFO] Inserted section: Other Medical Causes (ID: 1046)
[2025-03-15T02:00:31.273Z] [INFO] Inserted section: Syncope Mimics (ID: 1047)
[2025-03-15T02:00:31.273Z] [INFO] Inserting 75 items for section 1047
[2025-03-15T02:00:31.273Z] [INFO] Inserting 12 items for section 1041
[2025-03-15T02:00:31.329Z] [ERROR] Error processing file /Users/lucas/Documents/markdown_1-185/1-18/Ch11_Syncope/differential-diagnosis.md: Could not find the 'indent_level' column of 'checklist_items' in the schema cache
[2025-03-15T02:00:31.329Z] [INFO] Processing file: disposition.md
[2025-03-15T02:00:31.384Z] [INFO] Inserted section: Primary Disposition Decision (ID: 1048)
[2025-03-15T02:00:31.432Z] [INFO] Inserted section: Disposition Rationale (ID: 1049)
[2025-03-15T02:00:31.485Z] [INFO] Inserted section: Discharge Considerations (ID: 1050)
[2025-03-15T02:00:31.537Z] [INFO] Inserted section: Observation Unit Considerations (ID: 1051)
[2025-03-15T02:00:31.590Z] [INFO] Inserted section: Hospital Admission Considerations (ID: 1052)
[2025-03-15T02:00:31.635Z] [INFO] Inserted section: Telemetry Monitoring Indications (ID: 1053)
[2025-03-15T02:00:31.682Z] [INFO] Inserted section: Intensive Care Unit Indications (ID: 1054)
[2025-03-15T02:00:31.738Z] [INFO] Inserted section: Transfer Considerations (ID: 1055)
[2025-03-15T02:00:31.738Z] [INFO] Inserting 56 items for section 1055
[2025-03-15T02:00:31.738Z] [INFO] Inserting 8 items for section 1048
[2025-03-15T02:00:31.785Z] [ERROR] Error processing file /Users/lucas/Documents/markdown_1-185/1-18/Ch11_Syncope/disposition.md: Could not find the 'indent_level' column of 'checklist_items' in the schema cache
[2025-03-15T02:00:31.785Z] [INFO] Processing file: ecg.md
[2025-03-15T02:00:31.841Z] [INFO] Inserted section: Basic ECG Parameters (ID: 1056)
[2025-03-15T02:00:31.892Z] [INFO] Inserted section: Rhythm (ID: 1057)
[2025-03-15T02:00:31.943Z] [INFO] Inserted section: Conduction Abnormalities (ID: 1058)
[2025-03-15T02:00:32.009Z] [INFO] Inserted section: Tachyarrhythmias (ID: 1059)
[2025-03-15T02:00:32.063Z] [INFO] Inserted section: Ischemia/Infarction (ID: 1060)
[2025-03-15T02:00:32.117Z] [INFO] Inserted section: Other ECG Findings (ID: 1061)
[2025-03-15T02:00:32.175Z] [INFO] Inserted section: Serial ECG Changes (ID: 1062)
[2025-03-15T02:00:32.228Z] [INFO] Inserted section: Cardiac Monitor Findings (if available) (ID: 1063)
[2025-03-15T02:00:32.228Z] [INFO] Inserting 60 items for section 1063
[2025-03-15T02:00:32.228Z] [INFO] Inserting 7 items for section 1056
[2025-03-15T02:00:32.273Z] [ERROR] Error processing file /Users/lucas/Documents/markdown_1-185/1-18/Ch11_Syncope/ecg.md: Could not find the 'indent_level' column of 'checklist_items' in the schema cache
[2025-03-15T02:00:32.273Z] [INFO] Processing file: history.md
[2025-03-15T02:00:32.320Z] [INFO] Inserted section: Chief Complaint (ID: 1064)
[2025-03-15T02:00:32.370Z] [INFO] Inserted section: Episode Details (ID: 1065)
[2025-03-15T02:00:32.418Z] [INFO] Inserted section: Position During Episode (ID: 1066)
[2025-03-15T02:00:32.593Z] [INFO] Inserted section: Activity During Episode (ID: 1067)
[2025-03-15T02:00:32.643Z] [INFO] Inserted section: Setting (ID: 1068)
[2025-03-15T02:00:32.700Z] [INFO] Inserted section: Precipitating Factors (ID: 1069)
[2025-03-15T02:00:32.750Z] [INFO] Inserted section: Associated Prodromal Symptoms (ID: 1070)
[2025-03-15T02:00:32.798Z] [INFO] Inserted section: Associated Symptoms During/After Episode (ID: 1071)
[2025-03-15T02:00:32.850Z] [INFO] Inserted section: Post-Episode Status (ID: 1072)
[2025-03-15T02:00:32.850Z] [INFO] Inserting 68 items for section 1072
[2025-03-15T02:00:32.850Z] [INFO] Inserting 3 items for section 1064
[2025-03-15T02:00:32.911Z] [ERROR] Error processing file /Users/lucas/Documents/markdown_1-185/1-18/Ch11_Syncope/history.md: Could not find the 'indent_level' column of 'checklist_items' in the schema cache
[2025-03-15T02:00:32.911Z] [INFO] Processing file: imaging.md
[2025-03-15T02:00:32.961Z] [INFO] Inserted section: Chest X-ray (ID: 1073)
[2025-03-15T02:00:33.006Z] [INFO] Inserted section: Head CT (ID: 1074)
[2025-03-15T02:00:33.054Z] [INFO] Inserted section: CT Pulmonary Angiogram (ID: 1075)
[2025-03-15T02:00:33.108Z] [INFO] Inserted section: CT Abdomen/Pelvis (ID: 1076)
[2025-03-15T02:00:33.154Z] [INFO] Inserted section: CT Angiogram of Chest (ID: 1077)
[2025-03-15T02:00:33.202Z] [INFO] Inserted section: MRI Brain (ID: 1078)
[2025-03-15T02:00:33.251Z] [INFO] Inserted section: MR Angiography (ID: 1079)
[2025-03-15T02:00:33.304Z] [INFO] Inserted section: Carotid Ultrasound (ID: 1080)
[2025-03-15T02:00:33.370Z] [INFO] Inserted section: Abdominal Ultrasound (ID: 1081)
[2025-03-15T02:00:33.420Z] [INFO] Inserted section: Pelvic Ultrasound (if applicable) (ID: 1082)
[2025-03-15T02:00:33.420Z] [INFO] Inserting 81 items for section 1082
[2025-03-15T02:00:33.420Z] [INFO] Inserting 11 items for section 1073
[2025-03-15T02:00:33.470Z] [ERROR] Error processing file /Users/lucas/Documents/markdown_1-185/1-18/Ch11_Syncope/imaging.md: Could not find the 'indent_level' column of 'checklist_items' in the schema cache
[2025-03-15T02:00:33.470Z] [INFO] Processing file: lab-studies.md
[2025-03-15T02:00:33.524Z] [INFO] Inserted section: Complete Blood Count (ID: 1083)
[2025-03-15T02:00:33.575Z] [INFO] Inserted section: Basic Metabolic Panel (ID: 1084)
[2025-03-15T02:00:33.622Z] [INFO] Inserted section: Cardiac Biomarkers (ID: 1085)
[2025-03-15T02:00:33.671Z] [INFO] Inserted section: Coagulation Studies (ID: 1086)
[2025-03-15T02:00:33.724Z] [INFO] Inserted section: Additional Electrolytes (ID: 1087)
[2025-03-15T02:00:33.775Z] [INFO] Inserted section: Liver Function Tests (ID: 1088)
[2025-03-15T02:00:33.836Z] [INFO] Inserted section: Toxicology Screen (ID: 1089)
[2025-03-15T02:00:33.888Z] [INFO] Inserted section: Pregnancy Test (ID: 1090)
[2025-03-15T02:00:33.935Z] [INFO] Inserted section: Thyroid Function Tests (ID: 1091)
[2025-03-15T02:00:33.988Z] [INFO] Inserted section: Arterial Blood Gas (ID: 1092)
[2025-03-15T02:00:34.036Z] [INFO] Inserted section: Urinalysis (ID: 1093)
[2025-03-15T02:00:34.088Z] [INFO] Inserted section: Other Laboratory Tests (ID: 1094)
[2025-03-15T02:00:34.088Z] [INFO] Inserting 70 items for section 1094
[2025-03-15T02:00:34.088Z] [INFO] Inserting 6 items for section 1083
[2025-03-15T02:00:34.137Z] [ERROR] Error processing file /Users/lucas/Documents/markdown_1-185/1-18/Ch11_Syncope/lab-studies.md: Could not find the 'indent_level' column of 'checklist_items' in the schema cache
[2025-03-15T02:00:34.137Z] [INFO] Processing file: medications.md
[2025-03-15T02:00:34.189Z] [INFO] Inserted section: Vasodilators (ID: 1095)
[2025-03-15T02:00:34.240Z] [INFO] Inserted section: Diuretics (ID: 1096)
[2025-03-15T02:00:34.286Z] [INFO] Inserted section: Central Antihypertensives (ID: 1097)
[2025-03-15T02:00:34.335Z] [INFO] Inserted section: QT-Prolonging Agents (ID: 1098)
[2025-03-15T02:00:34.383Z] [INFO] Inserted section: Psychoactive Agents (ID: 1099)
[2025-03-15T02:00:34.433Z] [INFO] Inserted section: Other Medications (ID: 1100)
[2025-03-15T02:00:34.483Z] [INFO] Inserted section: Recent Medication Changes (ID: 1101)
[2025-03-15T02:00:34.535Z] [INFO] Inserted section: Medication Compliance (ID: 1102)
[2025-03-15T02:00:34.535Z] [INFO] Inserting 47 items for section 1102
[2025-03-15T02:00:34.535Z] [INFO] Inserting 8 items for section 1095
[2025-03-15T02:00:34.595Z] [ERROR] Error processing file /Users/lucas/Documents/markdown_1-185/1-18/Ch11_Syncope/medications.md: Could not find the 'indent_level' column of 'checklist_items' in the schema cache
[2025-03-15T02:00:34.595Z] [INFO] Processing file: past-medical.md
[2025-03-15T02:00:34.644Z] [INFO] Inserted section: Cardiac History (ID: 1103)
[2025-03-15T02:00:34.694Z] [INFO] Inserted section: Vascular History (ID: 1104)
[2025-03-15T02:00:34.746Z] [INFO] Inserted section: Pulmonary History (ID: 1105)
[2025-03-15T02:00:34.802Z] [INFO] Inserted section: Neurological History (ID: 1106)
[2025-03-15T02:00:34.849Z] [INFO] Inserted section: Endocrine History (ID: 1107)
[2025-03-15T02:00:34.898Z] [INFO] Inserted section: Hematologic History (ID: 1108)
[2025-03-15T02:00:34.951Z] [INFO] Inserted section: Gastrointestinal History (ID: 1109)
[2025-03-15T02:00:35.002Z] [INFO] Inserted section: Genitourinary History (ID: 1110)
[2025-03-15T02:00:35.055Z] [INFO] Inserted section: Psychiatric History (ID: 1111)
[2025-03-15T02:00:35.112Z] [INFO] Inserted section: Previous Episodes (ID: 1112)
[2025-03-15T02:00:35.112Z] [INFO] Inserting 74 items for section 1112
[2025-03-15T02:00:35.112Z] [INFO] Inserting 28 items for section 1103
[2025-03-15T02:00:35.163Z] [ERROR] Error processing file /Users/lucas/Documents/markdown_1-185/1-18/Ch11_Syncope/past-medical.md: Could not find the 'indent_level' column of 'checklist_items' in the schema cache
[2025-03-15T02:00:35.164Z] [INFO] Processing file: patient-education.md
[2025-03-15T02:00:35.232Z] [INFO] Inserted section: General Syncope Information (ID: 1113)
[2025-03-15T02:00:35.290Z] [INFO] Inserted section: Safety Considerations (ID: 1114)
[2025-03-15T02:00:35.344Z] [INFO] Inserted section: Specific Cause Education (if identified) (ID: 1115)
[2025-03-15T02:00:35.396Z] [INFO] Inserted section: Prodromal Symptom Recognition (ID: 1116)
[2025-03-15T02:00:35.451Z] [INFO] Inserted section: Physical Counterpressure Maneuvers (ID: 1117)
[2025-03-15T02:00:35.507Z] [INFO] Inserted section: Lifestyle Modifications (ID: 1118)
[2025-03-15T02:00:35.559Z] [INFO] Inserted section: Medication Education (ID: 1119)
[2025-03-15T02:00:35.606Z] [INFO] Inserted section: Follow-up Care (ID: 1120)
[2025-03-15T02:00:35.664Z] [INFO] Inserted section: Warning Signs Requiring Immediate Attention (ID: 1121)
[2025-03-15T02:00:35.717Z] [INFO] Inserted section: Family Education (ID: 1122)
[2025-03-15T02:00:35.717Z] [INFO] Inserting 66 items for section 1122
[2025-03-15T02:00:35.717Z] [INFO] Inserting 6 items for section 1113
[2025-03-15T02:00:35.768Z] [ERROR] Error processing file /Users/lucas/Documents/markdown_1-185/1-18/Ch11_Syncope/patient-education.md: Could not find the 'indent_level' column of 'checklist_items' in the schema cache
[2025-03-15T02:00:35.768Z] [INFO] Processing file: physical-exam.md
[2025-03-15T02:00:35.817Z] [INFO] Inserted section: Vital Signs (ID: 1123)
[2025-03-15T02:00:35.864Z] [INFO] Inserted section: Orthostatic Vital Signs (ID: 1124)
[2025-03-15T02:00:35.913Z] [INFO] Inserted section: General Appearance (ID: 1125)
[2025-03-15T02:00:35.960Z] [INFO] Inserted section: Head, Eyes, Ears, Nose, Throat (ID: 1126)
[2025-03-15T02:00:36.009Z] [INFO] Inserted section: Cardiovascular (ID: 1127)
[2025-03-15T02:00:36.055Z] [INFO] Inserted section: Pulmonary (ID: 1128)
[2025-03-15T02:00:36.105Z] [INFO] Inserted section: Abdominal (ID: 1129)
[2025-03-15T02:00:36.151Z] [INFO] Inserted section: Neurological (ID: 1130)
[2025-03-15T02:00:36.200Z] [INFO] Inserted section: Extremities (ID: 1131)
[2025-03-15T02:00:36.252Z] [INFO] Inserted section: Skin (ID: 1132)
[2025-03-15T02:00:36.301Z] [INFO] Inserted section: Rectal Examination (if indicated) (ID: 1133)
[2025-03-15T02:00:36.302Z] [INFO] Inserting 107 items for section 1133
[2025-03-15T02:00:36.302Z] [INFO] Inserting 6 items for section 1123
[2025-03-15T02:00:36.349Z] [ERROR] Error processing file /Users/lucas/Documents/markdown_1-185/1-18/Ch11_Syncope/physical-exam.md: Could not find the 'indent_level' column of 'checklist_items' in the schema cache
[2025-03-15T02:00:36.349Z] [INFO] Processing file: plan.md
[2025-03-15T02:00:36.398Z] [INFO] Inserted section: Immediate Management (ID: 1134)
[2025-03-15T02:00:36.452Z] [INFO] Inserted section: Additional Testing (ID: 1135)
[2025-03-15T02:00:36.498Z] [INFO] Inserted section: Medication Recommendations (ID: 1136)
[2025-03-15T02:00:36.555Z] [INFO] Inserted section: Lifestyle Modifications (ID: 1137)
[2025-03-15T02:00:36.608Z] [INFO] Inserted section: Cardiac Intervention Considerations (ID: 1138)
[2025-03-15T02:00:36.654Z] [INFO] Inserted section: Follow-up Care (ID: 1139)
[2025-03-15T02:00:36.702Z] [INFO] Inserted section: Preventive Measures (ID: 1140)
[2025-03-15T02:00:36.752Z] [INFO] Inserted section: Special Considerations (ID: 1141)
[2025-03-15T02:00:36.752Z] [INFO] Inserting 63 items for section 1141
[2025-03-15T02:00:36.752Z] [INFO] Inserting 9 items for section 1134
[2025-03-15T02:00:36.796Z] [ERROR] Error processing file /Users/lucas/Documents/markdown_1-185/1-18/Ch11_Syncope/plan.md: Could not find the 'indent_level' column of 'checklist_items' in the schema cache
[2025-03-15T02:00:36.796Z] [INFO] Processing file: review-systems.md
[2025-03-15T02:00:36.843Z] [INFO] Inserted section: Constitutional (ID: 1142)
[2025-03-15T02:00:36.889Z] [INFO] Inserted section: Cardiovascular (ID: 1143)
[2025-03-15T02:00:36.940Z] [INFO] Inserted section: Respiratory (ID: 1144)
[2025-03-15T02:00:36.991Z] [INFO] Inserted section: Neurological (ID: 1145)
[2025-03-15T02:00:37.039Z] [INFO] Inserted section: Gastrointestinal (ID: 1146)
[2025-03-15T02:00:37.086Z] [INFO] Inserted section: Genitourinary (ID: 1147)
[2025-03-15T02:00:37.137Z] [INFO] Inserted section: Psychiatric (ID: 1148)
[2025-03-15T02:00:37.192Z] [INFO] Inserted section: Endocrine (ID: 1149)
[2025-03-15T02:00:37.240Z] [INFO] Inserted section: Hematologic (ID: 1150)
[2025-03-15T02:00:37.287Z] [INFO] Inserted section: Musculoskeletal (ID: 1151)
[2025-03-15T02:00:37.340Z] [INFO] Inserted section: Ear, Nose, Throat (ID: 1152)
[2025-03-15T02:00:37.386Z] [INFO] Inserted section: Eyes (ID: 1153)
[2025-03-15T02:00:37.386Z] [INFO] Inserting 67 items for section 1153
[2025-03-15T02:00:37.386Z] [INFO] Inserting 4 items for section 1142
[2025-03-15T02:00:37.437Z] [ERROR] Error processing file /Users/lucas/Documents/markdown_1-185/1-18/Ch11_Syncope/review-systems.md: Could not find the 'indent_level' column of 'checklist_items' in the schema cache
[2025-03-15T02:00:37.438Z] [INFO] Processing file: risk-factors.md
[2025-03-15T02:00:37.486Z] [INFO] Inserted section: Demographic Risk Factors (ID: 1154)
[2025-03-15T02:00:37.533Z] [INFO] Inserted section: Cardiac Risk Factors (ID: 1155)
[2025-03-15T02:00:37.579Z] [INFO] Inserted section: Vascular Risk Factors (ID: 1156)
[2025-03-15T02:00:37.629Z] [INFO] Inserted section: Pulmonary Embolism Risk Factors (ID: 1157)
[2025-03-15T02:00:37.679Z] [INFO] Inserted section: Orthostatic Hypotension Risk Factors (ID: 1158)
[2025-03-15T02:00:37.726Z] [INFO] Inserted section: Canadian Syncope Risk Score Factors (ID: 1159)
[2025-03-15T02:00:37.776Z] [INFO] Inserted section: San Francisco Syncope Rule Factors (ID: 1160)
[2025-03-15T02:00:37.821Z] [INFO] Inserted section: FAINT Score Factors (ID: 1161)
[2025-03-15T02:00:37.822Z] [INFO] Inserting 63 items for section 1161
[2025-03-15T02:00:37.822Z] [INFO] Inserting 3 items for section 1154
[2025-03-15T02:00:37.887Z] [ERROR] Error processing file /Users/lucas/Documents/markdown_1-185/1-18/Ch11_Syncope/risk-factors.md: Could not find the 'indent_level' column of 'checklist_items' in the schema cache
[2025-03-15T02:00:37.887Z] [INFO] Processing file: special-tests.md
[2025-03-15T02:00:37.934Z] [INFO] Inserted section: Bedside Ultrasonography (ID: 1162)
[2025-03-15T02:00:37.981Z] [INFO] Inserted section: Tilt Table Test (ID: 1163)
[2025-03-15T02:00:38.026Z] [INFO] Inserted section: Carotid Sinus Massage (ID: 1164)
[2025-03-15T02:00:38.075Z] [INFO] Inserted section: Stress Test (ID: 1165)
[2025-03-15T02:00:38.126Z] [INFO] Inserted section: Ambulatory Cardiac Monitoring (ID: 1166)
[2025-03-15T02:00:38.174Z] [INFO] Inserted section: Electroencephalogram (EEG) (ID: 1167)
[2025-03-15T02:00:38.222Z] [INFO] Inserted section: Cardiac Catheterization (ID: 1168)
[2025-03-15T02:00:38.270Z] [INFO] Inserted section: Electrophysiology Study (ID: 1169)
[2025-03-15T02:00:38.270Z] [INFO] Inserting 90 items for section 1169
[2025-03-15T02:00:38.270Z] [INFO] Inserting 19 items for section 1162
[2025-03-15T02:00:38.322Z] [ERROR] Error processing file /Users/lucas/Documents/markdown_1-185/1-18/Ch11_Syncope/special-tests.md: Could not find the 'indent_level' column of 'checklist_items' in the schema cache
[2025-03-15T02:00:38.322Z] [INFO] Completed processing chapter: Ch11_Syncope
[2025-03-15T02:00:38.322Z] [INFO] Migration completed: 1 chapters processed successfully, 0 chapters had errors
